2026-01-17 17:21:53 | INFO     | === LOG INICIADO: /home/runner/work/lotus-2026/lotus-2026/engine/models/../../logs/bot_dreamer_20260117_172153.log ===
2026-01-17 17:21:54 | DEBUG    | OraculoNeural importado correctamente
2026-01-17 17:21:54 | DEBUG    | LotoForense importado correctamente
2026-01-17 17:21:54 | DEBUG    | MetaLearner importado correctamente
2026-01-17 17:21:54 | INFO     | ============================================================
2026-01-17 17:21:54 | INFO     | INICIANDO BOT SOÑADOR: LÓBULOS ESPECIALIZADOS v12.4
2026-01-17 17:21:54 | INFO     | ============================================================
2026-01-17 17:21:54 | DEBUG    | MetaLearner activo: True
2026-01-17 17:21:54 | INFO     | Hora Chile: 2026-01-17 14:21:54 | Día: 5 | Hora: 14
2026-01-17 17:21:54 | INFO     | Cortex cargado: Rankings y Morfología segmentados por juego.
2026-01-17 17:21:54 | DEBUG    | Juegos en genoma: ['LOTO', 'LOTO3', 'LOTO4', 'RACHA']
2026-01-17 17:21:54 | INFO     | ----------------------------------------
2026-01-17 17:21:54 | INFO     | UNIVERSO: LOTO
2026-01-17 17:21:54 | DEBUG    | Pesos de confianza: {'consenso_meritocratico_v2': 0.6931471805599453, 'consenso_v1': 0.7929925155296614, 'delta_tactico_v1': 0.6931471805599453, 'forense_biometrico_v1': 0.6931471805599453, 'gaussiano_tactico_v1': 0.6931471805599453, 'markov_chain_v1': 0.6931471805599453, 'oraculo_neural_v3': 0.6931471805599453, 'oraculo_neural_v4': 0.6931471805599453}
2026-01-17 17:21:54 | INFO     | Objetivo Crononauta: #5375 | Fecha: 18/01/2026 21:00
2026-01-17 17:21:54 | INFO     |   forense_biometrico: [2, 11, 21, 22, 31, 38] [Score ADN: 5.95]
2026-01-17 17:21:54 | INFO     |   gaussiano_inteligente: [8, 23, 29, 30, 34, 37] [Score ADN: 5.95]
2026-01-17 17:21:54 | INFO     |   delta_dna: [2, 14, 15, 22, 33, 37] [Score ADN: 6.35]
2026-01-17 17:21:54 | INFO     |   markov_chain: [8, 21, 27, 29, 37, 39] [Score ADN: 14.05]
2026-01-17 17:23:18 | INFO     |   oraculo_neural_v3 (Pool: 90): [2, 6, 17, 21, 22, 37] [OK] [Confianza: 1.83x]
2026-01-17 17:23:34 | INFO     |   oraculo_neural_v4 (Pool: 100): [1, 13, 15, 29, 33, 35] [OK] [Confianza: 2.11x]
2026-01-17 17:23:34 | INFO     | Consenso Determinista validado (Score ADN: 18.65)
2026-01-17 17:23:34 | INFO     | TICKET FINAL: [15, 17, 21, 29, 33, 37] | 🔥 ALTA CONFIANZA (34.09%)
2026-01-17 17:23:34 | INFO     | ----------------------------------------
2026-01-17 17:23:34 | INFO     | UNIVERSO: LOTO3
2026-01-17 17:23:34 | DEBUG    | Pesos de confianza: {'consenso_meritocratico_v2': 3.150596984114906, 'forense_biometrico_v1': 2.990719731730447, 'oraculo_neural_v3': 2.9349201341572337, 'oraculo_neural_v4': 3.2280337626529665}
2026-01-17 17:23:34 | INFO     | Objetivo Crononauta: #23999 | Fecha: 17/01/2026 18:00
2026-01-17 17:23:34 | INFO     |   forense_biometrico: [1, 3, 4] [Score ADN: 5.0]
2026-01-17 17:23:42 | WARNING  | v3 SILENCIADO. Motivos: {'OK': 100}
2026-01-17 17:23:49 | INFO     |   oraculo_neural_v4 (Pool: 100): [0, 7, 9] [OK] [Confianza: 1.84x]
2026-01-17 17:23:49 | INFO     | Consenso Determinista validado (Score ADN: 6.1)
2026-01-17 17:23:49 | INFO     | TICKET FINAL: [0, 7, 9] | 🔥 ALTA CONFIANZA (76.26%)
2026-01-17 17:23:49 | INFO     | ----------------------------------------
2026-01-17 17:23:49 | INFO     | UNIVERSO: LOTO4
2026-01-17 17:23:49 | DEBUG    | Pesos de confianza: {'consenso_meritocratico_v2': 0.6931471805599453, 'forense_biometrico_v1': 0.6931471805599453, 'oraculo_neural_v3': 0.8919980393051105, 'oraculo_neural_v4': 0.6931471805599453}
2026-01-17 17:23:49 | INFO     | Objetivo Crononauta: #11569 | Fecha: 17/01/2026 21:00
2026-01-17 17:23:49 | INFO     |   forense_biometrico: [5, 12, 13, 15] [Score ADN: 3.25]
2026-01-17 17:24:41 | INFO     |   oraculo_neural_v3 (Pool: 84): [3, 4, 11, 15] [OK] [Confianza: 2.22x]
2026-01-17 17:24:50 | INFO     |   oraculo_neural_v4 (Pool: 100): [1, 5, 9, 16] [OK] [Confianza: 2.38x]
2026-01-17 17:24:50 | INFO     | Consenso Determinista validado (Score ADN: 3.25)
2026-01-17 17:24:50 | INFO     | TICKET FINAL: [3, 4, 11, 15] | 🔥 ALTA CONFIANZA (47.36%)
2026-01-17 17:24:50 | INFO     | ----------------------------------------
2026-01-17 17:24:50 | INFO     | UNIVERSO: RACHA
2026-01-17 17:24:50 | DEBUG    | Pesos de confianza: {'oraculo_neural_v3': 1.3862943611198906, 'oraculo_neural_v4': 1.308332819650179}
2026-01-17 17:24:50 | INFO     | Objetivo Crononauta: #10301 | Fecha: 17/01/2026 15:00
2026-01-17 17:24:51 | INFO     |   forense_biometrico: [1, 2, 3, 6, 12, 13, 14, 17, 19, 20] [Score ADN: 5.9]
2026-01-17 17:25:34 | INFO     |   oraculo_neural_v3 (Pool: 76): [1, 2, 6, 8, 9, 11, 12, 13, 18, 19] [OK] [Confianza: 2.24x]
2026-01-17 17:26:15 | INFO     |   oraculo_neural_v4 (Pool: 100): [1, 2, 3, 4, 8, 13, 15, 17, 18, 19] [OK] [Confianza: 2.21x]
2026-01-17 17:26:15 | INFO     | Consenso Determinista validado (Score ADN: 14.1)
2026-01-17 17:26:15 | INFO     | TICKET FINAL: [1, 2, 6, 8, 9, 11, 13, 15, 18, 19] | 🔥 ALTA CONFIANZA (76.1%)
2026-01-17 17:26:15 | INFO     | Forzando sincronización del laboratorio...
2026-01-17 17:26:15 | INFO     | Dashboard sincronizado correctamente.
2026-01-17 17:26:15 | INFO     | ============================================================
2026-01-17 17:26:15 | INFO     | PROCESO DEL SOÑADOR TERMINADO
2026-01-17 17:26:15 | INFO     | Total predicciones generadas: 18
2026-01-17 17:26:15 | INFO     | Log guardado en: /home/runner/work/lotus-2026/lotus-2026/engine/models/../../logs/bot_dreamer_20260117_172153.log
2026-01-17 17:26:15 | INFO     | ============================================================
