2026-01-18 04:39:42 | INFO     | === LOG INICIADO: /home/runner/work/lotus-2026/lotus-2026/engine/models/../../logs/bot_dreamer_20260118_043942.log ===
2026-01-18 04:39:43 | DEBUG    | OraculoNeural importado correctamente
2026-01-18 04:39:43 | DEBUG    | LotoForense importado correctamente
2026-01-18 04:39:43 | DEBUG    | MetaLearner importado correctamente
2026-01-18 04:39:43 | DEBUG    | Loto3Ultra importado correctamente
2026-01-18 04:39:43 | INFO     | ============================================================
2026-01-18 04:39:43 | INFO     | INICIANDO BOT SOÑADOR: LÓBULOS ESPECIALIZADOS v12.4
2026-01-18 04:39:43 | INFO     | ============================================================
2026-01-18 04:39:43 | DEBUG    | MetaLearner activo: True
2026-01-18 04:39:43 | INFO     | Hora Chile: 2026-01-18 01:39:43 | Día: 6 | Hora: 1
2026-01-18 04:39:43 | INFO     | Cortex cargado: Rankings y Morfología segmentados por juego.
2026-01-18 04:39:43 | DEBUG    | Juegos en genoma: ['LOTO', 'LOTO3', 'LOTO4', 'RACHA']
2026-01-18 04:39:43 | INFO     | ----------------------------------------
2026-01-18 04:39:43 | INFO     | UNIVERSO: LOTO
2026-01-18 04:39:43 | DEBUG    | Pesos de confianza: {'consenso_meritocratico_v2': 0.6931471805599453, 'consenso_v1': 0.7929925155296614, 'delta_tactico_v1': 0.6931471805599453, 'forense_biometrico_v1': 0.6931471805599453, 'gaussiano_tactico_v1': 0.6931471805599453, 'markov_chain_v1': 0.6931471805599453, 'oraculo_neural_v3': 0.6931471805599453, 'oraculo_neural_v4': 0.6931471805599453}
2026-01-18 04:39:43 | INFO     | Objetivo Crononauta: #5375 | Fecha: 18/01/2026 21:00
2026-01-18 04:39:43 | INFO     |   forense_biometrico: [5, 7, 20, 28, 36, 37] [Score ADN: 5.95]
2026-01-18 04:39:43 | INFO     |   gaussiano_inteligente: [4, 9, 14, 31, 40, 41] [Score ADN: 6.35]
2026-01-18 04:39:43 | INFO     |   delta_dna: [18, 19, 24, 26, 37, 41] [Score ADN: 5.95]
2026-01-18 04:39:43 | INFO     |   markov_chain: [12, 14, 18, 22, 28, 32] [Score ADN: 33.05]
2026-01-18 04:41:10 | INFO     |   oraculo_neural_v3 (Pool: 83): [8, 17, 18, 26, 29, 41] [OK] [Confianza: 1.83x]
2026-01-18 04:41:26 | INFO     |   oraculo_neural_v4 (Pool: 100): [1, 13, 15, 29, 33, 35] [OK] [Confianza: 2.11x]
2026-01-18 04:41:26 | INFO     | Consenso Determinista validado (Score ADN: 14.05)
2026-01-18 04:41:26 | INFO     | TICKET FINAL: [13, 15, 18, 29, 33, 35] | 🔥 ALTA CONFIANZA (38.03%)
2026-01-18 04:41:26 | INFO     | ----------------------------------------
2026-01-18 04:41:26 | INFO     | UNIVERSO: LOTO3
2026-01-18 04:41:26 | INFO     | Activando LOTO3 ULTRA (Ensemble Avanzado)...
2026-01-18 04:41:27 | INFO     | LOTO3 ULTRA: 10 predicciones generadas
2026-01-18 04:41:27 | INFO     | ----------------------------------------
2026-01-18 04:41:27 | INFO     | UNIVERSO: LOTO4
2026-01-18 04:41:27 | DEBUG    | Pesos de confianza: {'consenso_meritocratico_v2': 0.6931471805599453, 'forense_biometrico_v1': 0.6931471805599453, 'oraculo_neural_v3': 0.8919980393051105, 'oraculo_neural_v4': 0.7929925155296614}
2026-01-18 04:41:27 | INFO     | Objetivo Crononauta: #11570 | Fecha: 18/01/2026 14:00
2026-01-18 04:41:27 | INFO     |   forense_biometrico: [9, 11, 12, 23] [Score ADN: 3.25]
2026-01-18 04:42:20 | INFO     |   oraculo_neural_v3 (Pool: 93): [1, 3, 17, 18] [OK] [Confianza: 2.22x]
2026-01-18 04:42:38 | INFO     |   oraculo_neural_v4 (Pool: 100): [1, 6, 14, 15] [OK] [Confianza: 2.38x]
2026-01-18 04:42:38 | INFO     | Consenso Determinista validado (Score ADN: 6.55)
2026-01-18 04:42:38 | INFO     | TICKET FINAL: [1, 3, 14, 15] | 🔥 ALTA CONFIANZA (55.77%)
2026-01-18 04:42:38 | INFO     | ----------------------------------------
2026-01-18 04:42:38 | INFO     | UNIVERSO: RACHA
2026-01-18 04:42:38 | DEBUG    | Pesos de confianza: {'consenso_meritocratico_v2': 2.900871992530031, 'forense_biometrico_v1': 2.8148097376737438, 'oraculo_neural_v3': 2.853015971352396, 'oraculo_neural_v4': 2.7806808921371178}
2026-01-18 04:42:38 | INFO     | Objetivo Crononauta: #10303 | Fecha: 18/01/2026 15:00
2026-01-18 04:42:38 | INFO     |   forense_biometrico: [2, 3, 8, 9, 11, 13, 14, 15, 16, 20] [Score ADN: 4.9]
2026-01-18 04:43:21 | INFO     |   oraculo_neural_v3 (Pool: 75): [4, 5, 7, 8, 9, 10, 12, 13, 17, 20] [OK] [Confianza: 2.21x]
2026-01-18 04:44:03 | INFO     |   oraculo_neural_v4 (Pool: 100): [1, 2, 3, 6, 7, 8, 9, 11, 13, 15] [OK] [Confianza: 1.86x]
2026-01-18 04:44:03 | INFO     | Consenso Determinista validado (Score ADN: 12.7)
2026-01-18 04:44:03 | INFO     | TICKET FINAL: [1, 4, 7, 8, 9, 10, 12, 13, 17, 20] | 🔥 ALTA CONFIANZA (67.38%)
2026-01-18 04:44:03 | INFO     | Forzando sincronización del laboratorio...
2026-01-18 04:44:03 | INFO     | Dashboard sincronizado correctamente.
2026-01-18 04:44:03 | INFO     | ============================================================
2026-01-18 04:44:03 | INFO     | PROCESO DEL SOÑADOR TERMINADO
2026-01-18 04:44:03 | INFO     | Total predicciones generadas: 20
2026-01-18 04:44:03 | INFO     | Log guardado en: /home/runner/work/lotus-2026/lotus-2026/engine/models/../../logs/bot_dreamer_20260118_043942.log
2026-01-18 04:44:03 | INFO     | ============================================================
