2026-01-18 22:53:35 | INFO     | === LOG INICIADO: /home/runner/work/lotus-2026/lotus-2026/engine/models/../../logs/bot_dreamer_20260118_225335.log ===
2026-01-18 22:53:36 | DEBUG    | OraculoNeural importado correctamente
2026-01-18 22:53:36 | DEBUG    | LotoForense importado correctamente
2026-01-18 22:53:36 | DEBUG    | MetaLearner importado correctamente
2026-01-18 22:53:36 | DEBUG    | Loto3Ultra importado correctamente
2026-01-18 22:53:36 | INFO     | ============================================================
2026-01-18 22:53:36 | INFO     | INICIANDO BOT SOÑADOR: LÓBULOS ESPECIALIZADOS v12.4
2026-01-18 22:53:36 | INFO     | ============================================================
2026-01-18 22:53:36 | DEBUG    | MetaLearner activo: True
2026-01-18 22:53:36 | INFO     | Hora Chile: 2026-01-18 19:53:36 | Día: 6 | Hora: 19
2026-01-18 22:53:36 | INFO     | Cortex cargado: Rankings y Morfología segmentados por juego.
2026-01-18 22:53:36 | DEBUG    | Juegos en genoma: ['LOTO', 'LOTO3', 'LOTO4', 'RACHA']
2026-01-18 22:53:36 | INFO     | ----------------------------------------
2026-01-18 22:53:36 | INFO     | UNIVERSO: LOTO
2026-01-18 22:53:36 | DEBUG    | Pesos de confianza: {'consenso_meritocratico_v2': 0.6931471805599453, 'consenso_v1': 0.7929925155296614, 'delta_tactico_v1': 0.6931471805599453, 'forense_biometrico_v1': 0.6931471805599453, 'gaussiano_tactico_v1': 0.6931471805599453, 'markov_chain_v1': 0.6931471805599453, 'oraculo_neural_v3': 0.6931471805599453, 'oraculo_neural_v4': 0.6931471805599453}
2026-01-18 22:53:36 | INFO     | Objetivo Crononauta: #5375 | Fecha: 18/01/2026 21:00
2026-01-18 22:53:36 | INFO     |   forense_biometrico: [13, 14, 18, 22, 29, 33] [Score ADN: 6.35]
2026-01-18 22:53:36 | INFO     |   gaussiano_inteligente: [8, 11, 13, 28, 33, 34] [Score ADN: 6.35]
2026-01-18 22:53:36 | INFO     |   delta_dna: [3, 5, 17, 18, 28, 30] [Score ADN: 5.95]
2026-01-18 22:53:36 | INFO     |   markov_chain: [12, 14, 18, 22, 28, 32] [Score ADN: 33.05]
2026-01-18 22:55:00 | INFO     |   oraculo_neural_v3 (Pool: 82): [2, 13, 34, 35, 38, 41] [OK] [Confianza: 1.83x]
2026-01-18 22:55:16 | INFO     |   oraculo_neural_v4 (Pool: 100): [1, 13, 15, 29, 33, 35] [OK] [Confianza: 2.11x]
2026-01-18 22:55:16 | DEBUG    | Consenso Top-N rechazado por morfología. Iniciando Muestreo Estocástico...
2026-01-18 22:55:16 | INFO     | Muestreo exitoso tras 0 intentos (Score ADN: 17.35)
2026-01-18 22:55:16 | INFO     | TICKET FINAL: [14, 15, 27, 29, 34, 35] | 🔥 ALTA CONFIANZA (35.35%)
2026-01-18 22:55:16 | INFO     | ----------------------------------------
2026-01-18 22:55:16 | INFO     | UNIVERSO: LOTO3
2026-01-18 22:55:16 | INFO     | Activando LOTO3 ULTRA (Ensemble Avanzado)...
2026-01-18 22:55:17 | INFO     | LOTO3 ULTRA: 10 predicciones generadas
2026-01-18 22:55:17 | INFO     | ----------------------------------------
2026-01-18 22:55:17 | INFO     | UNIVERSO: LOTO4
2026-01-18 22:55:17 | DEBUG    | Pesos de confianza: {'consenso_meritocratico_v2': 0.6931471805599453, 'forense_biometrico_v1': 0.6931471805599453, 'oraculo_neural_v3': 0.8919980393051105, 'oraculo_neural_v4': 0.7929925155296614}
2026-01-18 22:55:17 | INFO     | Objetivo Crononauta: #11571 | Fecha: 18/01/2026 21:00
2026-01-18 22:55:17 | INFO     |   forense_biometrico: [4, 5, 21, 23] [Score ADN: 3.25]
2026-01-18 22:56:10 | INFO     |   oraculo_neural_v3 (Pool: 86): [5, 11, 12, 21] [OK] [Confianza: 2.22x]
2026-01-18 22:56:19 | INFO     |   oraculo_neural_v4 (Pool: 100): [4, 6, 17, 18] [OK] [Confianza: 2.4x]
2026-01-18 22:56:19 | INFO     | Consenso Determinista validado (Score ADN: 7.85)
2026-01-18 22:56:19 | INFO     | TICKET FINAL: [6, 11, 12, 21] | 🔥 ALTA CONFIANZA (47.44%)
2026-01-18 22:56:19 | INFO     | ----------------------------------------
2026-01-18 22:56:19 | INFO     | UNIVERSO: RACHA
2026-01-18 22:56:19 | DEBUG    | Pesos de confianza: {'consenso_meritocratico_v2': 2.900871992530031, 'forense_biometrico_v1': 2.8148097376737438, 'oraculo_neural_v3': 2.853015971352396, 'oraculo_neural_v4': 2.7806808921371178}
2026-01-18 22:56:19 | INFO     | Objetivo Crononauta: #10304 | Fecha: 18/01/2026 22:00
2026-01-18 22:56:19 | INFO     |   forense_biometrico: [3, 4, 5, 7, 10, 11, 12, 14, 15, 20] [Score ADN: 4.9]
2026-01-18 22:57:03 | INFO     |   oraculo_neural_v3 (Pool: 89): [1, 2, 3, 9, 10, 12, 16, 17, 19, 20] [OK] [Confianza: 2.23x]
2026-01-18 22:57:46 | INFO     |   oraculo_neural_v4 (Pool: 100): [1, 2, 3, 6, 7, 8, 9, 11, 13, 15] [OK] [Confianza: 2.04x]
2026-01-18 22:57:46 | INFO     | Consenso Determinista validado (Score ADN: 7.7)
2026-01-18 22:57:46 | INFO     | TICKET FINAL: [1, 2, 3, 6, 7, 9, 12, 13, 16, 20] | 🔥 ALTA CONFIANZA (69.51%)
2026-01-18 22:57:46 | INFO     | Forzando sincronización del laboratorio...
2026-01-18 22:57:46 | INFO     | Dashboard sincronizado correctamente.
2026-01-18 22:57:46 | INFO     | ============================================================
2026-01-18 22:57:46 | INFO     | PROCESO DEL SOÑADOR TERMINADO
2026-01-18 22:57:46 | INFO     | Total predicciones generadas: 20
2026-01-18 22:57:46 | INFO     | Log guardado en: /home/runner/work/lotus-2026/lotus-2026/engine/models/../../logs/bot_dreamer_20260118_225335.log
2026-01-18 22:57:46 | INFO     | ============================================================
