2026-01-17 22:51:45 | INFO     | === LOG INICIADO: /home/runner/work/lotus-2026/lotus-2026/engine/models/../../logs/bot_dreamer_20260117_225145.log ===
2026-01-17 22:51:46 | DEBUG    | OraculoNeural importado correctamente
2026-01-17 22:51:46 | DEBUG    | LotoForense importado correctamente
2026-01-17 22:51:46 | DEBUG    | MetaLearner importado correctamente
2026-01-17 22:51:46 | DEBUG    | Loto3Ultra importado correctamente
2026-01-17 22:51:46 | INFO     | ============================================================
2026-01-17 22:51:46 | INFO     | INICIANDO BOT SOÑADOR: LÓBULOS ESPECIALIZADOS v12.4
2026-01-17 22:51:46 | INFO     | ============================================================
2026-01-17 22:51:46 | DEBUG    | MetaLearner activo: True
2026-01-17 22:51:46 | INFO     | Hora Chile: 2026-01-17 19:51:46 | Día: 5 | Hora: 19
2026-01-17 22:51:46 | INFO     | Cortex cargado: Rankings y Morfología segmentados por juego.
2026-01-17 22:51:46 | DEBUG    | Juegos en genoma: ['LOTO', 'LOTO3', 'LOTO4', 'RACHA']
2026-01-17 22:51:46 | INFO     | ----------------------------------------
2026-01-17 22:51:46 | INFO     | UNIVERSO: LOTO
2026-01-17 22:51:46 | DEBUG    | Pesos de confianza: {'consenso_meritocratico_v2': 0.6931471805599453, 'consenso_v1': 0.7929925155296614, 'delta_tactico_v1': 0.6931471805599453, 'forense_biometrico_v1': 0.6931471805599453, 'gaussiano_tactico_v1': 0.6931471805599453, 'markov_chain_v1': 0.6931471805599453, 'oraculo_neural_v3': 0.6931471805599453, 'oraculo_neural_v4': 0.6931471805599453}
2026-01-17 22:51:46 | INFO     | Objetivo Crononauta: #5375 | Fecha: 18/01/2026 21:00
2026-01-17 22:51:46 | INFO     |   forense_biometrico: [6, 11, 19, 20, 29, 34] [Score ADN: 5.95]
2026-01-17 22:51:46 | INFO     |   gaussiano_inteligente: [17, 19, 20, 26, 29, 38] [Score ADN: 5.95]
2026-01-17 22:51:46 | INFO     |   delta_dna: [5, 14, 24, 33, 40, 41] [Score ADN: 6.35]
2026-01-17 22:51:46 | INFO     |   markov_chain: [8, 21, 27, 29, 37, 39] [Score ADN: 14.05]
2026-01-17 22:53:13 | INFO     |   oraculo_neural_v3 (Pool: 85): [8, 13, 14, 29, 34, 37] [OK] [Confianza: 1.83x]
2026-01-17 22:53:29 | INFO     |   oraculo_neural_v4 (Pool: 100): [1, 13, 15, 29, 33, 35] [OK] [Confianza: 2.11x]
2026-01-17 22:53:29 | INFO     | Consenso Determinista validado (Score ADN: 13.65)
2026-01-17 22:53:29 | INFO     | TICKET FINAL: [8, 13, 29, 33, 35, 37] | 🔥 ALTA CONFIANZA (39.52%)
2026-01-17 22:53:29 | INFO     | ----------------------------------------
2026-01-17 22:53:29 | INFO     | UNIVERSO: LOTO3
2026-01-17 22:53:29 | INFO     | Activando LOTO3 ULTRA (Ensemble Avanzado)...
2026-01-17 22:53:30 | INFO     | LOTO3 ULTRA: 10 predicciones generadas
2026-01-17 22:53:30 | INFO     | ----------------------------------------
2026-01-17 22:53:30 | INFO     | UNIVERSO: LOTO4
2026-01-17 22:53:30 | DEBUG    | Pesos de confianza: {'consenso_meritocratico_v2': 0.6931471805599453, 'forense_biometrico_v1': 0.6931471805599453, 'oraculo_neural_v3': 0.8919980393051105, 'oraculo_neural_v4': 0.7178397931503168}
2026-01-17 22:53:30 | INFO     | Objetivo Crononauta: #11569 | Fecha: 17/01/2026 21:00
2026-01-17 22:53:30 | INFO     |   forense_biometrico: [5, 17, 20, 21] [Score ADN: 3.25]
2026-01-17 22:54:23 | INFO     |   oraculo_neural_v3 (Pool: 83): [5, 7, 14, 15] [OK] [Confianza: 2.22x]
2026-01-17 22:54:33 | INFO     |   oraculo_neural_v4 (Pool: 100): [6, 7, 15, 18] [OK] [Confianza: 2.22x]
2026-01-17 22:54:33 | INFO     | Consenso Determinista validado (Score ADN: 3.25)
2026-01-17 22:54:33 | INFO     | TICKET FINAL: [5, 7, 14, 15] | 🔥 ALTA CONFIANZA (65.47%)
2026-01-17 22:54:33 | INFO     | ----------------------------------------
2026-01-17 22:54:33 | INFO     | UNIVERSO: RACHA
2026-01-17 22:54:33 | DEBUG    | Pesos de confianza: {'consenso_meritocratico_v2': 2.900871992530031, 'forense_biometrico_v1': 2.8148097376737438, 'oraculo_neural_v3': 2.853015971352396, 'oraculo_neural_v4': 2.7806808921371178}
2026-01-17 22:54:33 | INFO     | Objetivo Crononauta: #10302 | Fecha: 17/01/2026 22:00
2026-01-17 22:54:33 | INFO     |   forense_biometrico: [3, 4, 8, 10, 11, 13, 14, 15, 17, 18] [Score ADN: 4.9]
2026-01-17 22:55:18 | INFO     |   oraculo_neural_v3 (Pool: 79): [1, 4, 6, 7, 11, 12, 13, 18, 19, 20] [OK] [Confianza: 2.23x]
2026-01-17 22:56:02 | INFO     |   oraculo_neural_v4 (Pool: 100): [1, 2, 3, 4, 8, 9, 10, 15, 18, 19] [OK] [Confianza: 2.26x]
2026-01-17 22:56:02 | INFO     | Consenso Determinista validado (Score ADN: 19.1)
2026-01-17 22:56:02 | INFO     | TICKET FINAL: [1, 4, 6, 7, 9, 13, 15, 18, 19, 20] | 🔥 ALTA CONFIANZA (68.15%)
2026-01-17 22:56:02 | INFO     | Forzando sincronización del laboratorio...
2026-01-17 22:56:02 | INFO     | Dashboard sincronizado correctamente.
2026-01-17 22:56:02 | INFO     | ============================================================
2026-01-17 22:56:02 | INFO     | PROCESO DEL SOÑADOR TERMINADO
2026-01-17 22:56:02 | INFO     | Total predicciones generadas: 20
2026-01-17 22:56:02 | INFO     | Log guardado en: /home/runner/work/lotus-2026/lotus-2026/engine/models/../../logs/bot_dreamer_20260117_225145.log
2026-01-17 22:56:02 | INFO     | ============================================================
