2026-01-18 05:53:06 | INFO     | === LOG INICIADO: /home/runner/work/lotus-2026/lotus-2026/engine/models/../../logs/bot_dreamer_20260118_055306.log ===
2026-01-18 05:53:07 | DEBUG    | OraculoNeural importado correctamente
2026-01-18 05:53:07 | DEBUG    | LotoForense importado correctamente
2026-01-18 05:53:07 | DEBUG    | MetaLearner importado correctamente
2026-01-18 05:53:07 | DEBUG    | Loto3Ultra importado correctamente
2026-01-18 05:53:07 | INFO     | ============================================================
2026-01-18 05:53:07 | INFO     | INICIANDO BOT SOÑADOR: LÓBULOS ESPECIALIZADOS v12.4
2026-01-18 05:53:07 | INFO     | ============================================================
2026-01-18 05:53:08 | DEBUG    | MetaLearner activo: True
2026-01-18 05:53:08 | INFO     | Hora Chile: 2026-01-18 02:53:08 | Día: 6 | Hora: 2
2026-01-18 05:53:08 | INFO     | Cortex cargado: Rankings y Morfología segmentados por juego.
2026-01-18 05:53:08 | DEBUG    | Juegos en genoma: ['LOTO', 'LOTO3', 'LOTO4', 'RACHA']
2026-01-18 05:53:08 | INFO     | ----------------------------------------
2026-01-18 05:53:08 | INFO     | UNIVERSO: LOTO
2026-01-18 05:53:08 | DEBUG    | Pesos de confianza: {'consenso_meritocratico_v2': 0.6931471805599453, 'consenso_v1': 0.7929925155296614, 'delta_tactico_v1': 0.6931471805599453, 'forense_biometrico_v1': 0.6931471805599453, 'gaussiano_tactico_v1': 0.6931471805599453, 'markov_chain_v1': 0.6931471805599453, 'oraculo_neural_v3': 0.6931471805599453, 'oraculo_neural_v4': 0.6931471805599453}
2026-01-18 05:53:08 | INFO     | Objetivo Crononauta: #5375 | Fecha: 18/01/2026 21:00
2026-01-18 05:53:08 | INFO     |   forense_biometrico: [3, 4, 10, 12, 35, 37] [Score ADN: 6.35]
2026-01-18 05:53:08 | INFO     |   gaussiano_inteligente: [6, 13, 14, 18, 23, 37] [Score ADN: 5.95]
2026-01-18 05:53:08 | INFO     |   delta_dna: [14, 19, 20, 23, 28, 31] [Score ADN: 5.95]
2026-01-18 05:53:08 | INFO     |   markov_chain: [12, 14, 18, 22, 28, 32] [Score ADN: 33.05]
2026-01-18 05:54:34 | INFO     |   oraculo_neural_v3 (Pool: 85): [2, 11, 13, 22, 34, 35] [OK] [Confianza: 1.83x]
2026-01-18 05:54:50 | INFO     |   oraculo_neural_v4 (Pool: 100): [1, 13, 15, 29, 33, 35] [OK] [Confianza: 2.11x]
2026-01-18 05:54:50 | INFO     | Consenso Determinista validado (Score ADN: 9.35)
2026-01-18 05:54:50 | INFO     | TICKET FINAL: [2, 12, 13, 15, 22, 35] | 🔥 ALTA CONFIANZA (36.77%)
2026-01-18 05:54:50 | INFO     | ----------------------------------------
2026-01-18 05:54:50 | INFO     | UNIVERSO: LOTO3
2026-01-18 05:54:50 | INFO     | Activando LOTO3 ULTRA (Ensemble Avanzado)...
2026-01-18 05:54:51 | INFO     | LOTO3 ULTRA: 10 predicciones generadas
2026-01-18 05:54:51 | INFO     | ----------------------------------------
2026-01-18 05:54:51 | INFO     | UNIVERSO: LOTO4
2026-01-18 05:54:51 | DEBUG    | Pesos de confianza: {'consenso_meritocratico_v2': 0.6931471805599453, 'forense_biometrico_v1': 0.6931471805599453, 'oraculo_neural_v3': 0.8919980393051105, 'oraculo_neural_v4': 0.7929925155296614}
2026-01-18 05:54:51 | INFO     | Objetivo Crononauta: #11570 | Fecha: 18/01/2026 14:00
2026-01-18 05:54:51 | INFO     |   forense_biometrico: [1, 7, 22, 23] [Score ADN: 3.25]
2026-01-18 05:55:44 | INFO     |   oraculo_neural_v3 (Pool: 86): [3, 9, 10, 19] [OK] [Confianza: 2.22x]
2026-01-18 05:56:02 | INFO     |   oraculo_neural_v4 (Pool: 100): [1, 6, 14, 15] [OK] [Confianza: 2.38x]
2026-01-18 05:56:02 | INFO     | Consenso Determinista validado (Score ADN: 11.75)
2026-01-18 05:56:02 | INFO     | TICKET FINAL: [6, 10, 15, 19] | 🔥 ALTA CONFIANZA (47.01%)
2026-01-18 05:56:02 | INFO     | ----------------------------------------
2026-01-18 05:56:02 | INFO     | UNIVERSO: RACHA
2026-01-18 05:56:02 | DEBUG    | Pesos de confianza: {'consenso_meritocratico_v2': 2.900871992530031, 'forense_biometrico_v1': 2.8148097376737438, 'oraculo_neural_v3': 2.853015971352396, 'oraculo_neural_v4': 2.7806808921371178}
2026-01-18 05:56:02 | INFO     | Objetivo Crononauta: #10303 | Fecha: 18/01/2026 15:00
2026-01-18 05:56:02 | INFO     |   forense_biometrico: [2, 5, 6, 7, 8, 9, 10, 13, 15, 20] [Score ADN: 4.9]
2026-01-18 05:56:46 | INFO     |   oraculo_neural_v3 (Pool: 78): [1, 2, 3, 4, 6, 11, 15, 16, 18, 19] [OK] [Confianza: 2.21x]
2026-01-18 05:57:29 | INFO     |   oraculo_neural_v4 (Pool: 100): [1, 2, 3, 6, 7, 8, 9, 11, 13, 15] [OK] [Confianza: 1.85x]
2026-01-18 05:57:29 | INFO     | Consenso Determinista validado (Score ADN: 4.9)
2026-01-18 05:57:29 | INFO     | TICKET FINAL: [1, 2, 3, 4, 6, 11, 15, 16, 18, 19] | 🔥 ALTA CONFIANZA (74.35%)
2026-01-18 05:57:29 | INFO     | Forzando sincronización del laboratorio...
2026-01-18 05:57:29 | INFO     | Dashboard sincronizado correctamente.
2026-01-18 05:57:29 | INFO     | ============================================================
2026-01-18 05:57:29 | INFO     | PROCESO DEL SOÑADOR TERMINADO
2026-01-18 05:57:29 | INFO     | Total predicciones generadas: 20
2026-01-18 05:57:29 | INFO     | Log guardado en: /home/runner/work/lotus-2026/lotus-2026/engine/models/../../logs/bot_dreamer_20260118_055306.log
2026-01-18 05:57:29 | INFO     | ============================================================
