2026-01-17 21:46:40 | INFO     | === LOG INICIADO: /home/runner/work/lotus-2026/lotus-2026/engine/models/../../logs/bot_dreamer_20260117_214640.log ===
2026-01-17 21:46:41 | DEBUG    | OraculoNeural importado correctamente
2026-01-17 21:46:41 | DEBUG    | LotoForense importado correctamente
2026-01-17 21:46:41 | DEBUG    | MetaLearner importado correctamente
2026-01-17 21:46:41 | DEBUG    | Loto3Ultra importado correctamente
2026-01-17 21:46:41 | INFO     | ============================================================
2026-01-17 21:46:41 | INFO     | INICIANDO BOT SOÑADOR: LÓBULOS ESPECIALIZADOS v12.4
2026-01-17 21:46:41 | INFO     | ============================================================
2026-01-17 21:46:41 | DEBUG    | MetaLearner activo: True
2026-01-17 21:46:41 | INFO     | Hora Chile: 2026-01-17 18:46:41 | Día: 5 | Hora: 18
2026-01-17 21:46:41 | INFO     | Cortex cargado: Rankings y Morfología segmentados por juego.
2026-01-17 21:46:41 | DEBUG    | Juegos en genoma: ['LOTO', 'LOTO3', 'LOTO4', 'RACHA']
2026-01-17 21:46:41 | INFO     | ----------------------------------------
2026-01-17 21:46:41 | INFO     | UNIVERSO: LOTO
2026-01-17 21:46:41 | DEBUG    | Pesos de confianza: {'consenso_meritocratico_v2': 0.6931471805599453, 'consenso_v1': 0.7929925155296614, 'delta_tactico_v1': 0.6931471805599453, 'forense_biometrico_v1': 0.6931471805599453, 'gaussiano_tactico_v1': 0.6931471805599453, 'markov_chain_v1': 0.6931471805599453, 'oraculo_neural_v3': 0.6931471805599453, 'oraculo_neural_v4': 0.6931471805599453}
2026-01-17 21:46:41 | INFO     | Objetivo Crononauta: #5375 | Fecha: 18/01/2026 21:00
2026-01-17 21:46:41 | INFO     |   forense_biometrico: [2, 23, 28, 31, 32, 39] [Score ADN: 5.95]
2026-01-17 21:46:41 | INFO     |   gaussiano_inteligente: [4, 5, 14, 17, 20, 41] [Score ADN: 5.95]
2026-01-17 21:46:41 | INFO     |   delta_dna: [2, 19, 23, 32, 35, 36] [Score ADN: 5.95]
2026-01-17 21:46:41 | INFO     |   markov_chain: [8, 21, 27, 29, 37, 39] [Score ADN: 14.05]
2026-01-17 21:48:02 | INFO     |   oraculo_neural_v3 (Pool: 87): [2, 7, 14, 25, 36, 37] [OK] [Confianza: 1.83x]
2026-01-17 21:48:18 | INFO     |   oraculo_neural_v4 (Pool: 100): [1, 13, 15, 29, 33, 35] [OK] [Confianza: 2.11x]
2026-01-17 21:48:18 | INFO     | Consenso Determinista validado (Score ADN: 15.35)
2026-01-17 21:48:18 | INFO     | TICKET FINAL: [15, 21, 29, 33, 36, 37] | 🔥 ALTA CONFIANZA (33.44%)
2026-01-17 21:48:18 | INFO     | ----------------------------------------
2026-01-17 21:48:18 | INFO     | UNIVERSO: LOTO3
2026-01-17 21:48:18 | INFO     | Activando LOTO3 ULTRA (Ensemble Avanzado)...
2026-01-17 21:48:19 | INFO     | LOTO3 ULTRA: 10 predicciones generadas
2026-01-17 21:48:19 | INFO     | ----------------------------------------
2026-01-17 21:48:19 | INFO     | UNIVERSO: LOTO4
2026-01-17 21:48:19 | DEBUG    | Pesos de confianza: {'consenso_meritocratico_v2': 0.6931471805599453, 'forense_biometrico_v1': 0.6931471805599453, 'oraculo_neural_v3': 0.8919980393051105, 'oraculo_neural_v4': 0.6931471805599453}
2026-01-17 21:48:19 | INFO     | Objetivo Crononauta: #11569 | Fecha: 17/01/2026 21:00
2026-01-17 21:48:19 | INFO     |   forense_biometrico: [3, 10, 11, 14] [Score ADN: 4.55]
2026-01-17 21:49:09 | INFO     |   oraculo_neural_v3 (Pool: 86): [6, 7, 13, 21] [OK] [Confianza: 2.22x]
2026-01-17 21:49:18 | INFO     |   oraculo_neural_v4 (Pool: 100): [6, 7, 15, 18] [OK] [Confianza: 2.22x]
2026-01-17 21:49:18 | INFO     | Consenso Determinista validado (Score ADN: 3.25)
2026-01-17 21:49:18 | INFO     | TICKET FINAL: [6, 7, 13, 21] | 🔥 ALTA CONFIANZA (65.66%)
2026-01-17 21:49:18 | INFO     | ----------------------------------------
2026-01-17 21:49:18 | INFO     | UNIVERSO: RACHA
2026-01-17 21:49:18 | DEBUG    | Pesos de confianza: {'consenso_meritocratico_v2': 2.900871992530031, 'forense_biometrico_v1': 2.8148097376737438, 'oraculo_neural_v3': 2.853015971352396, 'oraculo_neural_v4': 2.7806808921371178}
2026-01-17 21:49:18 | INFO     | Objetivo Crononauta: #10302 | Fecha: 17/01/2026 22:00
2026-01-17 21:49:18 | INFO     |   forense_biometrico: [1, 2, 4, 7, 9, 10, 11, 18, 19, 20] [Score ADN: 4.9]
2026-01-17 21:50:00 | INFO     |   oraculo_neural_v3 (Pool: 75): [1, 4, 5, 7, 8, 9, 13, 14, 16, 17] [OK] [Confianza: 2.23x]
2026-01-17 21:50:41 | INFO     |   oraculo_neural_v4 (Pool: 100): [1, 2, 3, 4, 8, 9, 10, 15, 18, 19] [OK] [Confianza: 2.25x]
2026-01-17 21:50:41 | INFO     | Consenso Determinista validado (Score ADN: 14.1)
2026-01-17 21:50:41 | INFO     | TICKET FINAL: [1, 4, 5, 7, 8, 9, 13, 15, 16, 19] | 🔥 ALTA CONFIANZA (68.65%)
2026-01-17 21:50:41 | INFO     | Forzando sincronización del laboratorio...
2026-01-17 21:50:41 | INFO     | Dashboard sincronizado correctamente.
2026-01-17 21:50:41 | INFO     | ============================================================
2026-01-17 21:50:41 | INFO     | PROCESO DEL SOÑADOR TERMINADO
2026-01-17 21:50:41 | INFO     | Total predicciones generadas: 20
2026-01-17 21:50:41 | INFO     | Log guardado en: /home/runner/work/lotus-2026/lotus-2026/engine/models/../../logs/bot_dreamer_20260117_214640.log
2026-01-17 21:50:41 | INFO     | ============================================================
