2026-01-18 14:51:21 | INFO     | === LOG INICIADO: /home/runner/work/lotus-2026/lotus-2026/engine/models/../../logs/bot_dreamer_20260118_145121.log ===
2026-01-18 14:51:23 | DEBUG    | OraculoNeural importado correctamente
2026-01-18 14:51:23 | DEBUG    | LotoForense importado correctamente
2026-01-18 14:51:23 | DEBUG    | MetaLearner importado correctamente
2026-01-18 14:51:23 | DEBUG    | Loto3Ultra importado correctamente
2026-01-18 14:51:23 | INFO     | ============================================================
2026-01-18 14:51:23 | INFO     | INICIANDO BOT SOÑADOR: LÓBULOS ESPECIALIZADOS v12.4
2026-01-18 14:51:23 | INFO     | ============================================================
2026-01-18 14:51:23 | DEBUG    | MetaLearner activo: True
2026-01-18 14:51:23 | INFO     | Hora Chile: 2026-01-18 11:51:23 | Día: 6 | Hora: 11
2026-01-18 14:51:23 | INFO     | Cortex cargado: Rankings y Morfología segmentados por juego.
2026-01-18 14:51:23 | DEBUG    | Juegos en genoma: ['LOTO', 'LOTO3', 'LOTO4', 'RACHA']
2026-01-18 14:51:23 | INFO     | ----------------------------------------
2026-01-18 14:51:23 | INFO     | UNIVERSO: LOTO
2026-01-18 14:51:23 | DEBUG    | Pesos de confianza: {'consenso_meritocratico_v2': 0.6931471805599453, 'consenso_v1': 0.7929925155296614, 'delta_tactico_v1': 0.6931471805599453, 'forense_biometrico_v1': 0.6931471805599453, 'gaussiano_tactico_v1': 0.6931471805599453, 'markov_chain_v1': 0.6931471805599453, 'oraculo_neural_v3': 0.6931471805599453, 'oraculo_neural_v4': 0.6931471805599453}
2026-01-18 14:51:23 | INFO     | Objetivo Crononauta: #5375 | Fecha: 18/01/2026 21:00
2026-01-18 14:51:23 | INFO     |   forense_biometrico: [6, 7, 11, 23, 30, 32] [Score ADN: 5.95]
2026-01-18 14:51:23 | INFO     |   gaussiano_inteligente: [6, 17, 18, 26, 31, 37] [Score ADN: 5.95]
2026-01-18 14:51:23 | INFO     |   delta_dna: [4, 17, 21, 24, 29, 30] [Score ADN: 6.35]
2026-01-18 14:51:23 | INFO     |   markov_chain: [12, 14, 18, 22, 28, 32] [Score ADN: 33.05]
2026-01-18 14:52:37 | INFO     |   oraculo_neural_v3 (Pool: 87): [5, 16, 17, 24, 26, 41] [OK] [Confianza: 1.83x]
2026-01-18 14:52:52 | INFO     |   oraculo_neural_v4 (Pool: 100): [1, 13, 15, 29, 33, 35] [OK] [Confianza: 2.11x]
2026-01-18 14:52:52 | INFO     | Consenso Determinista validado (Score ADN: 12.35)
2026-01-18 14:52:52 | INFO     | TICKET FINAL: [15, 24, 28, 29, 33, 35] | 🔥 ALTA CONFIANZA (31.89%)
2026-01-18 14:52:52 | INFO     | ----------------------------------------
2026-01-18 14:52:52 | INFO     | UNIVERSO: LOTO3
2026-01-18 14:52:52 | INFO     | Activando LOTO3 ULTRA (Ensemble Avanzado)...
2026-01-18 14:52:53 | INFO     | LOTO3 ULTRA: 10 predicciones generadas
2026-01-18 14:52:53 | INFO     | ----------------------------------------
2026-01-18 14:52:53 | INFO     | UNIVERSO: LOTO4
2026-01-18 14:52:53 | DEBUG    | Pesos de confianza: {'consenso_meritocratico_v2': 0.6931471805599453, 'forense_biometrico_v1': 0.6931471805599453, 'oraculo_neural_v3': 0.8919980393051105, 'oraculo_neural_v4': 0.7929925155296614}
2026-01-18 14:52:53 | INFO     | Objetivo Crononauta: #11570 | Fecha: 18/01/2026 14:00
2026-01-18 14:52:53 | INFO     |   forense_biometrico: [7, 15, 17, 18] [Score ADN: 3.25]
2026-01-18 14:53:37 | INFO     |   oraculo_neural_v3 (Pool: 81): [5, 7, 8, 21] [OK] [Confianza: 2.22x]
2026-01-18 14:53:52 | INFO     |   oraculo_neural_v4 (Pool: 100): [1, 6, 14, 15] [OK] [Confianza: 2.38x]
2026-01-18 14:53:52 | DEBUG    | Consenso Top-N rechazado por morfología. Iniciando Muestreo Estocástico...
2026-01-18 14:53:52 | INFO     | Muestreo exitoso tras 0 intentos (Score ADN: 6.55)
2026-01-18 14:53:52 | INFO     | TICKET FINAL: [1, 7, 14, 15] | 🔥 ALTA CONFIANZA (44.53%)
2026-01-18 14:53:52 | INFO     | ----------------------------------------
2026-01-18 14:53:52 | INFO     | UNIVERSO: RACHA
2026-01-18 14:53:52 | DEBUG    | Pesos de confianza: {'consenso_meritocratico_v2': 2.900871992530031, 'forense_biometrico_v1': 2.8148097376737438, 'oraculo_neural_v3': 2.853015971352396, 'oraculo_neural_v4': 2.7806808921371178}
2026-01-18 14:53:52 | INFO     | Objetivo Crononauta: #10303 | Fecha: 18/01/2026 15:00
2026-01-18 14:53:52 | INFO     |   forense_biometrico: [3, 4, 6, 7, 11, 14, 15, 16, 19, 20] [Score ADN: 4.9]
2026-01-18 14:54:30 | INFO     |   oraculo_neural_v3 (Pool: 78): [3, 6, 7, 8, 11, 12, 13, 15, 16, 20] [OK] [Confianza: 2.22x]
2026-01-18 14:55:07 | INFO     |   oraculo_neural_v4 (Pool: 100): [1, 2, 3, 6, 7, 8, 9, 11, 13, 15] [OK] [Confianza: 1.85x]
2026-01-18 14:55:07 | INFO     | Consenso Determinista validado (Score ADN: 14.1)
2026-01-18 14:55:07 | INFO     | TICKET FINAL: [1, 3, 6, 7, 8, 11, 13, 15, 16, 20] | 🔥 ALTA CONFIANZA (78.51%)
2026-01-18 14:55:07 | INFO     | Forzando sincronización del laboratorio...
2026-01-18 14:55:07 | INFO     | Dashboard sincronizado correctamente.
2026-01-18 14:55:07 | INFO     | ============================================================
2026-01-18 14:55:07 | INFO     | PROCESO DEL SOÑADOR TERMINADO
2026-01-18 14:55:07 | INFO     | Total predicciones generadas: 20
2026-01-18 14:55:07 | INFO     | Log guardado en: /home/runner/work/lotus-2026/lotus-2026/engine/models/../../logs/bot_dreamer_20260118_145121.log
2026-01-18 14:55:07 | INFO     | ============================================================
