2026-01-21 06:33:51 | INFO     | === LOG INICIADO: /home/runner/work/lotus-2026/lotus-2026/engine/models/../../logs/bot_dreamer_20260121_063351.log ===
2026-01-21 06:33:52 | DEBUG    | OraculoNeural importado correctamente
2026-01-21 06:33:52 | DEBUG    | LotoForense importado correctamente
2026-01-21 06:33:52 | DEBUG    | MetaLearner importado correctamente
2026-01-21 06:33:52 | DEBUG    | Loto3Ultra importado correctamente
2026-01-21 06:33:52 | INFO     | ============================================================
2026-01-21 06:33:52 | INFO     | INICIANDO BOT SOÑADOR: LÓBULOS ESPECIALIZADOS v12.4
2026-01-21 06:33:52 | INFO     | ============================================================
2026-01-21 06:33:52 | DEBUG    | MetaLearner activo: True
2026-01-21 06:33:52 | INFO     | Hora Chile: 2026-01-21 03:33:52 | Día: 2 | Hora: 3
2026-01-21 06:33:52 | INFO     | Cortex cargado: Rankings y Morfología segmentados por juego.
2026-01-21 06:33:52 | DEBUG    | Juegos en genoma: ['LOTO', 'LOTO3', 'LOTO4', 'RACHA']
2026-01-21 06:33:52 | INFO     | ----------------------------------------
2026-01-21 06:33:52 | INFO     | UNIVERSO: LOTO
2026-01-21 06:33:52 | DEBUG    | Pesos de confianza: {'consenso_meritocratico_v2': 0.6931471805599453, 'consenso_v1': 0.7929925155296614, 'delta_tactico_v1': 0.6931471805599453, 'forense_biometrico_v1': 0.6931471805599453, 'gaussiano_tactico_v1': 0.6931471805599453, 'markov_chain_v1': 0.6931471805599453, 'oraculo_neural_v3': 1.0612565021243408, 'oraculo_neural_v4': 0.6931471805599453}
2026-01-21 06:33:52 | INFO     | Objetivo Crononauta: #5377 | Fecha: 22/01/2026 21:00
2026-01-21 06:33:52 | INFO     |   forense_biometrico: [4, 5, 23, 30, 34, 41] [Score ADN: 5.95]
2026-01-21 06:33:52 | INFO     |   gaussiano_inteligente: [2, 7, 24, 31, 34, 35] [Score ADN: 5.95]
2026-01-21 06:33:52 | INFO     |   delta_dna: [3, 7, 12, 22, 37, 38] [Score ADN: 5.95]
2026-01-21 06:33:52 | INFO     |   markov_chain: [11, 12, 20, 28, 34, 41] [Score ADN: 11.35]
2026-01-21 06:34:46 | INFO     |   oraculo_neural_v3 (Pool: 86): [2, 8, 13, 31, 32, 35] [OK] [Confianza: 1.83x]
2026-01-21 06:34:55 | INFO     |   oraculo_neural_v4 (Pool: 100): [2, 5, 15, 29, 30, 41] [OK] [Confianza: 1.84x]
2026-01-21 06:34:55 | INFO     | Consenso Determinista validado (Score ADN: 7.65)
2026-01-21 06:34:55 | INFO     | TICKET FINAL: [2, 13, 30, 32, 35, 41] | 🔥 ALTA CONFIANZA (36.72%)
2026-01-21 06:34:55 | INFO     | ----------------------------------------
2026-01-21 06:34:55 | INFO     | UNIVERSO: LOTO3
2026-01-21 06:34:55 | INFO     | Activando LOTO3 ULTRA (Ensemble Avanzado)...
2026-01-21 06:34:56 | INFO     | LOTO3 ULTRA: 10 predicciones generadas
2026-01-21 06:34:56 | INFO     | ----------------------------------------
2026-01-21 06:34:56 | INFO     | UNIVERSO: LOTO4
2026-01-21 06:34:56 | DEBUG    | Pesos de confianza: {'consenso_meritocratico_v2': 0.6931471805599453, 'forense_biometrico_v1': 0.6931471805599453, 'oraculo_neural_v3': 0.8919980393051105, 'oraculo_neural_v4': 0.7929925155296614}
2026-01-21 06:34:56 | INFO     | Objetivo Crononauta: #11576 | Fecha: 21/01/2026 14:00
2026-01-21 06:34:56 | INFO     |   forense_biometrico: [3, 11, 15, 16] [Score ADN: 3.25]
2026-01-21 06:36:01 | INFO     |   oraculo_neural_v3 (Pool: 90): [4, 5, 13, 15] [OK] [Confianza: 2.22x]
2026-01-21 06:36:07 | INFO     |   oraculo_neural_v4 (Pool: 100): [5, 9, 15, 20] [OK] [Confianza: 2.23x]
2026-01-21 06:36:07 | INFO     | Consenso Determinista validado (Score ADN: 3.25)
2026-01-21 06:36:07 | INFO     | TICKET FINAL: [4, 5, 13, 15] | 🔥 ALTA CONFIANZA (65.92%)
2026-01-21 06:36:07 | INFO     | ----------------------------------------
2026-01-21 06:36:07 | INFO     | UNIVERSO: RACHA
2026-01-21 06:36:07 | DEBUG    | Pesos de confianza: {'consenso_meritocratico_v2': 2.900871992530031, 'forense_biometrico_v1': 2.8148097376737438, 'oraculo_neural_v3': 2.853015971352396, 'oraculo_neural_v4': 2.7806808921371178}
2026-01-21 06:36:07 | INFO     | Objetivo Crononauta: #10309 | Fecha: 21/01/2026 15:00
2026-01-21 06:36:07 | INFO     |   forense_biometrico: [1, 6, 7, 8, 11, 12, 13, 16, 17, 20] [Score ADN: 4.9]
2026-01-21 06:36:35 | INFO     |   oraculo_neural_v3 (Pool: 77): [2, 4, 5, 8, 9, 10, 13, 15, 16, 17] [OK] [Confianza: 2.21x]
2026-01-21 06:37:01 | INFO     |   oraculo_neural_v4 (Pool: 100): [1, 2, 3, 4, 8, 11, 12, 16, 19, 20] [OK] [Confianza: 2.15x]
2026-01-21 06:37:01 | INFO     | Consenso Determinista validado (Score ADN: 17.7)
2026-01-21 06:37:01 | INFO     | TICKET FINAL: [1, 2, 4, 5, 8, 9, 12, 13, 16, 20] | 🔥 ALTA CONFIANZA (66.15%)
2026-01-21 06:37:01 | INFO     | Forzando sincronización del laboratorio...
2026-01-21 06:37:01 | INFO     | Dashboard sincronizado correctamente.
2026-01-21 06:37:01 | INFO     | ============================================================
2026-01-21 06:37:01 | INFO     | PROCESO DEL SOÑADOR TERMINADO
2026-01-21 06:37:01 | INFO     | Total predicciones generadas: 20
2026-01-21 06:37:01 | INFO     | Log guardado en: /home/runner/work/lotus-2026/lotus-2026/engine/models/../../logs/bot_dreamer_20260121_063351.log
2026-01-21 06:37:01 | INFO     | ============================================================
