2026-01-18 08:48:13 | INFO     | === LOG INICIADO: /home/runner/work/lotus-2026/lotus-2026/engine/models/../../logs/bot_dreamer_20260118_084813.log ===
2026-01-18 08:48:13 | DEBUG    | OraculoNeural importado correctamente
2026-01-18 08:48:13 | DEBUG    | LotoForense importado correctamente
2026-01-18 08:48:13 | DEBUG    | MetaLearner importado correctamente
2026-01-18 08:48:14 | DEBUG    | Loto3Ultra importado correctamente
2026-01-18 08:48:14 | INFO     | ============================================================
2026-01-18 08:48:14 | INFO     | INICIANDO BOT SOÑADOR: LÓBULOS ESPECIALIZADOS v12.4
2026-01-18 08:48:14 | INFO     | ============================================================
2026-01-18 08:48:14 | DEBUG    | MetaLearner activo: True
2026-01-18 08:48:14 | INFO     | Hora Chile: 2026-01-18 05:48:14 | Día: 6 | Hora: 5
2026-01-18 08:48:14 | INFO     | Cortex cargado: Rankings y Morfología segmentados por juego.
2026-01-18 08:48:14 | DEBUG    | Juegos en genoma: ['LOTO', 'LOTO3', 'LOTO4', 'RACHA']
2026-01-18 08:48:14 | INFO     | ----------------------------------------
2026-01-18 08:48:14 | INFO     | UNIVERSO: LOTO
2026-01-18 08:48:14 | DEBUG    | Pesos de confianza: {'consenso_meritocratico_v2': 0.6931471805599453, 'consenso_v1': 0.7929925155296614, 'delta_tactico_v1': 0.6931471805599453, 'forense_biometrico_v1': 0.6931471805599453, 'gaussiano_tactico_v1': 0.6931471805599453, 'markov_chain_v1': 0.6931471805599453, 'oraculo_neural_v3': 0.6931471805599453, 'oraculo_neural_v4': 0.6931471805599453}
2026-01-18 08:48:14 | INFO     | Objetivo Crononauta: #5375 | Fecha: 18/01/2026 21:00
2026-01-18 08:48:14 | INFO     |   forense_biometrico: [7, 11, 29, 30, 32, 34] [Score ADN: 5.95]
2026-01-18 08:48:14 | INFO     |   gaussiano_inteligente: [3, 7, 18, 19, 34, 36] [Score ADN: 5.95]
2026-01-18 08:48:14 | INFO     |   delta_dna: [8, 11, 19, 28, 36, 37] [Score ADN: 5.95]
2026-01-18 08:48:14 | INFO     |   markov_chain: [12, 14, 18, 22, 28, 32] [Score ADN: 33.05]
2026-01-18 08:49:29 | INFO     |   oraculo_neural_v3 (Pool: 84): [17, 20, 21, 26, 36, 41] [OK] [Confianza: 1.83x]
2026-01-18 08:49:45 | INFO     |   oraculo_neural_v4 (Pool: 100): [1, 13, 15, 29, 33, 35] [OK] [Confianza: 2.11x]
2026-01-18 08:49:45 | INFO     | Consenso Determinista validado (Score ADN: 7.35)
2026-01-18 08:49:45 | INFO     | TICKET FINAL: [12, 13, 15, 21, 26, 29] | 🔥 ALTA CONFIANZA (29.68%)
2026-01-18 08:49:45 | INFO     | ----------------------------------------
2026-01-18 08:49:45 | INFO     | UNIVERSO: LOTO3
2026-01-18 08:49:45 | INFO     | Activando LOTO3 ULTRA (Ensemble Avanzado)...
2026-01-18 08:49:45 | INFO     | LOTO3 ULTRA: 10 predicciones generadas
2026-01-18 08:49:45 | INFO     | ----------------------------------------
2026-01-18 08:49:45 | INFO     | UNIVERSO: LOTO4
2026-01-18 08:49:45 | DEBUG    | Pesos de confianza: {'consenso_meritocratico_v2': 0.6931471805599453, 'forense_biometrico_v1': 0.6931471805599453, 'oraculo_neural_v3': 0.8919980393051105, 'oraculo_neural_v4': 0.7929925155296614}
2026-01-18 08:49:45 | INFO     | Objetivo Crononauta: #11570 | Fecha: 18/01/2026 14:00
2026-01-18 08:49:46 | INFO     |   forense_biometrico: [8, 9, 17, 23] [Score ADN: 3.25]
2026-01-18 08:50:32 | INFO     |   oraculo_neural_v3 (Pool: 86): [3, 4, 19, 21] [OK] [Confianza: 2.22x]
2026-01-18 08:50:46 | INFO     |   oraculo_neural_v4 (Pool: 100): [1, 6, 14, 15] [OK] [Confianza: 2.38x]
2026-01-18 08:50:46 | INFO     | Consenso Determinista validado (Score ADN: 10.45)
2026-01-18 08:50:46 | INFO     | TICKET FINAL: [1, 6, 15, 19] | 🔥 ALTA CONFIANZA (47.5%)
2026-01-18 08:50:46 | INFO     | ----------------------------------------
2026-01-18 08:50:46 | INFO     | UNIVERSO: RACHA
2026-01-18 08:50:46 | DEBUG    | Pesos de confianza: {'consenso_meritocratico_v2': 2.900871992530031, 'forense_biometrico_v1': 2.8148097376737438, 'oraculo_neural_v3': 2.853015971352396, 'oraculo_neural_v4': 2.7806808921371178}
2026-01-18 08:50:46 | INFO     | Objetivo Crononauta: #10303 | Fecha: 18/01/2026 15:00
2026-01-18 08:50:46 | INFO     |   forense_biometrico: [1, 2, 3, 9, 10, 12, 13, 14, 17, 20] [Score ADN: 4.9]
2026-01-18 08:51:24 | INFO     |   oraculo_neural_v3 (Pool: 77): [2, 3, 4, 7, 8, 9, 10, 13, 15, 18] [OK] [Confianza: 2.21x]
2026-01-18 08:52:01 | INFO     |   oraculo_neural_v4 (Pool: 100): [1, 2, 3, 6, 7, 8, 9, 11, 13, 15] [OK] [Confianza: 1.8x]
2026-01-18 08:52:01 | INFO     | Consenso Determinista validado (Score ADN: 4.9)
2026-01-18 08:52:01 | INFO     | TICKET FINAL: [2, 3, 4, 7, 8, 9, 10, 13, 15, 18] | 🔥 ALTA CONFIANZA (78.8%)
2026-01-18 08:52:01 | INFO     | Forzando sincronización del laboratorio...
2026-01-18 08:52:01 | INFO     | Dashboard sincronizado correctamente.
2026-01-18 08:52:01 | INFO     | ============================================================
2026-01-18 08:52:01 | INFO     | PROCESO DEL SOÑADOR TERMINADO
2026-01-18 08:52:01 | INFO     | Total predicciones generadas: 20
2026-01-18 08:52:01 | INFO     | Log guardado en: /home/runner/work/lotus-2026/lotus-2026/engine/models/../../logs/bot_dreamer_20260118_084813.log
2026-01-18 08:52:01 | INFO     | ============================================================
