2026-01-18 10:19:04 | INFO     | === LOG INICIADO: /home/runner/work/lotus-2026/lotus-2026/engine/models/../../logs/bot_dreamer_20260118_101904.log ===
2026-01-18 10:19:05 | DEBUG    | OraculoNeural importado correctamente
2026-01-18 10:19:05 | DEBUG    | LotoForense importado correctamente
2026-01-18 10:19:05 | DEBUG    | MetaLearner importado correctamente
2026-01-18 10:19:05 | DEBUG    | Loto3Ultra importado correctamente
2026-01-18 10:19:05 | INFO     | ============================================================
2026-01-18 10:19:05 | INFO     | INICIANDO BOT SOÑADOR: LÓBULOS ESPECIALIZADOS v12.4
2026-01-18 10:19:05 | INFO     | ============================================================
2026-01-18 10:19:05 | DEBUG    | MetaLearner activo: True
2026-01-18 10:19:05 | INFO     | Hora Chile: 2026-01-18 07:19:05 | Día: 6 | Hora: 7
2026-01-18 10:19:05 | INFO     | Cortex cargado: Rankings y Morfología segmentados por juego.
2026-01-18 10:19:05 | DEBUG    | Juegos en genoma: ['LOTO', 'LOTO3', 'LOTO4', 'RACHA']
2026-01-18 10:19:05 | INFO     | ----------------------------------------
2026-01-18 10:19:05 | INFO     | UNIVERSO: LOTO
2026-01-18 10:19:05 | DEBUG    | Pesos de confianza: {'consenso_meritocratico_v2': 0.6931471805599453, 'consenso_v1': 0.7929925155296614, 'delta_tactico_v1': 0.6931471805599453, 'forense_biometrico_v1': 0.6931471805599453, 'gaussiano_tactico_v1': 0.6931471805599453, 'markov_chain_v1': 0.6931471805599453, 'oraculo_neural_v3': 0.6931471805599453, 'oraculo_neural_v4': 0.6931471805599453}
2026-01-18 10:19:05 | INFO     | Objetivo Crononauta: #5375 | Fecha: 18/01/2026 21:00
2026-01-18 10:19:05 | INFO     |   forense_biometrico: [6, 7, 16, 20, 31, 41] [Score ADN: 5.95]
2026-01-18 10:19:05 | INFO     |   gaussiano_inteligente: [3, 10, 11, 24, 38, 41] [Score ADN: 5.95]
2026-01-18 10:19:05 | INFO     |   delta_dna: [5, 10, 15, 24, 30, 31] [Score ADN: 6.35]
2026-01-18 10:19:05 | INFO     |   markov_chain: [12, 14, 18, 22, 28, 32] [Score ADN: 33.05]
2026-01-18 10:20:29 | INFO     |   oraculo_neural_v3 (Pool: 90): [3, 5, 6, 23, 28, 40] [OK] [Confianza: 1.83x]
2026-01-18 10:20:45 | INFO     |   oraculo_neural_v4 (Pool: 100): [1, 13, 15, 29, 33, 35] [OK] [Confianza: 2.11x]
2026-01-18 10:20:45 | INFO     | Consenso Determinista validado (Score ADN: 14.05)
2026-01-18 10:20:45 | INFO     | TICKET FINAL: [3, 15, 23, 28, 33, 35] | 🔥 ALTA CONFIANZA (33.21%)
2026-01-18 10:20:45 | INFO     | ----------------------------------------
2026-01-18 10:20:45 | INFO     | UNIVERSO: LOTO3
2026-01-18 10:20:45 | INFO     | Activando LOTO3 ULTRA (Ensemble Avanzado)...
2026-01-18 10:20:45 | INFO     | LOTO3 ULTRA: 10 predicciones generadas
2026-01-18 10:20:45 | INFO     | ----------------------------------------
2026-01-18 10:20:45 | INFO     | UNIVERSO: LOTO4
2026-01-18 10:20:45 | DEBUG    | Pesos de confianza: {'consenso_meritocratico_v2': 0.6931471805599453, 'forense_biometrico_v1': 0.6931471805599453, 'oraculo_neural_v3': 0.8919980393051105, 'oraculo_neural_v4': 0.7929925155296614}
2026-01-18 10:20:45 | INFO     | Objetivo Crononauta: #11570 | Fecha: 18/01/2026 14:00
2026-01-18 10:20:45 | INFO     |   forense_biometrico: [7, 12, 13, 15] [Score ADN: 3.25]
2026-01-18 10:21:37 | INFO     |   oraculo_neural_v3 (Pool: 87): [3, 13, 20, 21] [OK] [Confianza: 2.22x]
2026-01-18 10:21:55 | INFO     |   oraculo_neural_v4 (Pool: 100): [1, 6, 14, 15] [OK] [Confianza: 2.38x]
2026-01-18 10:21:55 | INFO     | Consenso Determinista validado (Score ADN: 12.15)
2026-01-18 10:21:55 | INFO     | TICKET FINAL: [3, 13, 15, 21] | 🔥 ALTA CONFIANZA (45.52%)
2026-01-18 10:21:55 | INFO     | ----------------------------------------
2026-01-18 10:21:55 | INFO     | UNIVERSO: RACHA
2026-01-18 10:21:55 | DEBUG    | Pesos de confianza: {'consenso_meritocratico_v2': 2.900871992530031, 'forense_biometrico_v1': 2.8148097376737438, 'oraculo_neural_v3': 2.853015971352396, 'oraculo_neural_v4': 2.7806808921371178}
2026-01-18 10:21:55 | INFO     | Objetivo Crononauta: #10303 | Fecha: 18/01/2026 15:00
2026-01-18 10:21:55 | INFO     |   forense_biometrico: [1, 2, 5, 6, 7, 12, 15, 16, 17, 20] [Score ADN: 4.9]
2026-01-18 10:22:38 | INFO     |   oraculo_neural_v3 (Pool: 88): [3, 6, 7, 9, 10, 11, 12, 14, 19, 20] [OK] [Confianza: 2.21x]
2026-01-18 10:23:21 | INFO     |   oraculo_neural_v4 (Pool: 100): [1, 2, 3, 6, 7, 8, 9, 11, 13, 15] [OK] [Confianza: 2.05x]
2026-01-18 10:23:21 | INFO     | Consenso Determinista validado (Score ADN: 14.1)
2026-01-18 10:23:21 | INFO     | TICKET FINAL: [1, 3, 6, 7, 8, 9, 11, 12, 15, 20] | 🔥 ALTA CONFIANZA (72.6%)
2026-01-18 10:23:21 | INFO     | Forzando sincronización del laboratorio...
2026-01-18 10:23:21 | INFO     | Dashboard sincronizado correctamente.
2026-01-18 10:23:21 | INFO     | ============================================================
2026-01-18 10:23:21 | INFO     | PROCESO DEL SOÑADOR TERMINADO
2026-01-18 10:23:21 | INFO     | Total predicciones generadas: 20
2026-01-18 10:23:21 | INFO     | Log guardado en: /home/runner/work/lotus-2026/lotus-2026/engine/models/../../logs/bot_dreamer_20260118_101904.log
2026-01-18 10:23:21 | INFO     | ============================================================
