2026-01-18 20:42:53 | INFO     | === LOG INICIADO: /home/runner/work/lotus-2026/lotus-2026/engine/models/../../logs/bot_dreamer_20260118_204253.log ===
2026-01-18 20:42:54 | DEBUG    | OraculoNeural importado correctamente
2026-01-18 20:42:54 | DEBUG    | LotoForense importado correctamente
2026-01-18 20:42:54 | DEBUG    | MetaLearner importado correctamente
2026-01-18 20:42:54 | DEBUG    | Loto3Ultra importado correctamente
2026-01-18 20:42:54 | INFO     | ============================================================
2026-01-18 20:42:54 | INFO     | INICIANDO BOT SOÑADOR: LÓBULOS ESPECIALIZADOS v12.4
2026-01-18 20:42:54 | INFO     | ============================================================
2026-01-18 20:42:54 | DEBUG    | MetaLearner activo: True
2026-01-18 20:42:54 | INFO     | Hora Chile: 2026-01-18 17:42:54 | Día: 6 | Hora: 17
2026-01-18 20:42:54 | INFO     | Cortex cargado: Rankings y Morfología segmentados por juego.
2026-01-18 20:42:54 | DEBUG    | Juegos en genoma: ['LOTO', 'LOTO3', 'LOTO4', 'RACHA']
2026-01-18 20:42:54 | INFO     | ----------------------------------------
2026-01-18 20:42:54 | INFO     | UNIVERSO: LOTO
2026-01-18 20:42:54 | DEBUG    | Pesos de confianza: {'consenso_meritocratico_v2': 0.6931471805599453, 'consenso_v1': 0.7929925155296614, 'delta_tactico_v1': 0.6931471805599453, 'forense_biometrico_v1': 0.6931471805599453, 'gaussiano_tactico_v1': 0.6931471805599453, 'markov_chain_v1': 0.6931471805599453, 'oraculo_neural_v3': 0.6931471805599453, 'oraculo_neural_v4': 0.6931471805599453}
2026-01-18 20:42:54 | INFO     | Objetivo Crononauta: #5375 | Fecha: 18/01/2026 21:00
2026-01-18 20:42:54 | INFO     |   forense_biometrico: [3, 8, 16, 17, 26, 37] [Score ADN: 5.95]
2026-01-18 20:42:54 | INFO     |   gaussiano_inteligente: [9, 13, 23, 24, 36, 38] [Score ADN: 6.35]
2026-01-18 20:42:54 | INFO     |   delta_dna: [19, 22, 26, 27, 29, 34] [Score ADN: 6.35]
2026-01-18 20:42:54 | INFO     |   markov_chain: [12, 14, 18, 22, 28, 32] [Score ADN: 33.05]
2026-01-18 20:44:19 | INFO     |   oraculo_neural_v3 (Pool: 86): [5, 6, 13, 26, 38, 41] [OK] [Confianza: 1.83x]
2026-01-18 20:44:34 | INFO     |   oraculo_neural_v4 (Pool: 100): [1, 13, 15, 29, 33, 35] [OK] [Confianza: 2.11x]
2026-01-18 20:44:34 | INFO     | Consenso Determinista validado (Score ADN: 7.35)
2026-01-18 20:44:34 | INFO     | TICKET FINAL: [5, 13, 14, 26, 33, 35] | 🔥 ALTA CONFIANZA (35.43%)
2026-01-18 20:44:34 | INFO     | ----------------------------------------
2026-01-18 20:44:34 | INFO     | UNIVERSO: LOTO3
2026-01-18 20:44:34 | INFO     | Activando LOTO3 ULTRA (Ensemble Avanzado)...
2026-01-18 20:44:35 | INFO     | LOTO3 ULTRA: 10 predicciones generadas
2026-01-18 20:44:35 | INFO     | ----------------------------------------
2026-01-18 20:44:35 | INFO     | UNIVERSO: LOTO4
2026-01-18 20:44:35 | DEBUG    | Pesos de confianza: {'consenso_meritocratico_v2': 0.6931471805599453, 'forense_biometrico_v1': 0.6931471805599453, 'oraculo_neural_v3': 0.8919980393051105, 'oraculo_neural_v4': 0.7929925155296614}
2026-01-18 20:44:35 | INFO     | Objetivo Crononauta: #11571 | Fecha: 18/01/2026 21:00
2026-01-18 20:44:35 | INFO     |   forense_biometrico: [1, 3, 19, 20] [Score ADN: 3.25]
2026-01-18 20:45:29 | INFO     |   oraculo_neural_v3 (Pool: 91): [3, 15, 17, 18] [OK] [Confianza: 2.22x]
2026-01-18 20:45:38 | INFO     |   oraculo_neural_v4 (Pool: 100): [4, 6, 17, 18] [OK] [Confianza: 2.38x]
2026-01-18 20:45:38 | INFO     | Consenso Determinista validado (Score ADN: 3.25)
2026-01-18 20:45:38 | INFO     | TICKET FINAL: [3, 15, 17, 18] | 🔥 ALTA CONFIANZA (64.54%)
2026-01-18 20:45:38 | INFO     | ----------------------------------------
2026-01-18 20:45:38 | INFO     | UNIVERSO: RACHA
2026-01-18 20:45:38 | DEBUG    | Pesos de confianza: {'consenso_meritocratico_v2': 2.900871992530031, 'forense_biometrico_v1': 2.8148097376737438, 'oraculo_neural_v3': 2.853015971352396, 'oraculo_neural_v4': 2.7806808921371178}
2026-01-18 20:45:38 | INFO     | Objetivo Crononauta: #10304 | Fecha: 18/01/2026 22:00
2026-01-18 20:45:38 | INFO     |   forense_biometrico: [1, 2, 6, 9, 10, 11, 12, 16, 17, 19] [Score ADN: 4.9]
2026-01-18 20:46:22 | INFO     |   oraculo_neural_v3 (Pool: 81): [1, 2, 3, 4, 8, 12, 13, 15, 18, 19] [OK] [Confianza: 2.22x]
2026-01-18 20:47:04 | INFO     |   oraculo_neural_v4 (Pool: 100): [1, 2, 3, 6, 7, 8, 9, 11, 13, 15] [OK] [Confianza: 1.89x]
2026-01-18 20:47:04 | INFO     | Consenso Determinista validado (Score ADN: 19.9)
2026-01-18 20:47:04 | INFO     | TICKET FINAL: [1, 2, 3, 4, 7, 8, 12, 13, 15, 18] | 🔥 ALTA CONFIANZA (74.69%)
2026-01-18 20:47:04 | INFO     | Forzando sincronización del laboratorio...
2026-01-18 20:47:04 | INFO     | Dashboard sincronizado correctamente.
2026-01-18 20:47:04 | INFO     | ============================================================
2026-01-18 20:47:04 | INFO     | PROCESO DEL SOÑADOR TERMINADO
2026-01-18 20:47:04 | INFO     | Total predicciones generadas: 20
2026-01-18 20:47:04 | INFO     | Log guardado en: /home/runner/work/lotus-2026/lotus-2026/engine/models/../../logs/bot_dreamer_20260118_204253.log
2026-01-18 20:47:04 | INFO     | ============================================================
