2026-01-19 08:53:51 | INFO     | === LOG INICIADO: /home/runner/work/lotus-2026/lotus-2026/engine/models/../../logs/bot_dreamer_20260119_085351.log ===
2026-01-19 08:53:52 | DEBUG    | OraculoNeural importado correctamente
2026-01-19 08:53:52 | DEBUG    | LotoForense importado correctamente
2026-01-19 08:53:52 | DEBUG    | MetaLearner importado correctamente
2026-01-19 08:53:52 | DEBUG    | Loto3Ultra importado correctamente
2026-01-19 08:53:52 | INFO     | ============================================================
2026-01-19 08:53:52 | INFO     | INICIANDO BOT SOÑADOR: LÓBULOS ESPECIALIZADOS v12.4
2026-01-19 08:53:52 | INFO     | ============================================================
2026-01-19 08:53:52 | DEBUG    | MetaLearner activo: True
2026-01-19 08:53:52 | INFO     | Hora Chile: 2026-01-19 05:53:52 | Día: 0 | Hora: 5
2026-01-19 08:53:52 | INFO     | Cortex cargado: Rankings y Morfología segmentados por juego.
2026-01-19 08:53:52 | DEBUG    | Juegos en genoma: ['LOTO', 'LOTO3', 'LOTO4', 'RACHA']
2026-01-19 08:53:52 | INFO     | ----------------------------------------
2026-01-19 08:53:52 | INFO     | UNIVERSO: LOTO
2026-01-19 08:53:52 | DEBUG    | Pesos de confianza: {'consenso_meritocratico_v2': 0.6931471805599453, 'consenso_v1': 0.7929925155296614, 'delta_tactico_v1': 0.6931471805599453, 'forense_biometrico_v1': 0.6931471805599453, 'gaussiano_tactico_v1': 0.6931471805599453, 'markov_chain_v1': 0.6931471805599453, 'oraculo_neural_v3': 0.6931471805599453, 'oraculo_neural_v4': 0.6931471805599453}
2026-01-19 08:53:52 | INFO     | Objetivo Crononauta: #5376 | Fecha: 20/01/2026 21:00
2026-01-19 08:53:52 | INFO     |   forense_biometrico: [2, 19, 22, 27, 30, 31] [Score ADN: 5.95]
2026-01-19 08:53:52 | INFO     |   gaussiano_inteligente: [4, 17, 23, 32, 37, 38] [Score ADN: 5.95]
2026-01-19 08:53:52 | INFO     |   delta_dna: [5, 12, 19, 25, 26, 30] [Score ADN: 6.35]
2026-01-19 08:53:52 | INFO     |   markov_chain: [1, 16, 21, 24, 30, 34] [Score ADN: 23.05]
2026-01-19 08:55:11 | INFO     |   oraculo_neural_v3 (Pool: 89): [5, 13, 20, 29, 30, 36] [OK] [Confianza: 1.83x]
2026-01-19 08:55:27 | INFO     |   oraculo_neural_v4 (Pool: 100): [4, 18, 20, 27, 29, 35] [OK] [Confianza: 2.22x]
2026-01-19 08:55:27 | INFO     | Consenso Determinista validado (Score ADN: 21.35)
2026-01-19 08:55:27 | INFO     | TICKET FINAL: [4, 18, 20, 29, 30, 36] | 🔥 ALTA CONFIANZA (38.58%)
2026-01-19 08:55:27 | INFO     | ----------------------------------------
2026-01-19 08:55:27 | INFO     | UNIVERSO: LOTO3
2026-01-19 08:55:27 | INFO     | Activando LOTO3 ULTRA (Ensemble Avanzado)...
2026-01-19 08:55:28 | INFO     | LOTO3 ULTRA: 10 predicciones generadas
2026-01-19 08:55:28 | INFO     | ----------------------------------------
2026-01-19 08:55:28 | INFO     | UNIVERSO: LOTO4
2026-01-19 08:55:28 | DEBUG    | Pesos de confianza: {'consenso_meritocratico_v2': 0.6931471805599453, 'forense_biometrico_v1': 0.6931471805599453, 'oraculo_neural_v3': 0.8919980393051105, 'oraculo_neural_v4': 0.7929925155296614}
2026-01-19 08:55:28 | INFO     | Objetivo Crononauta: #11572 | Fecha: 19/01/2026 14:00
2026-01-19 08:55:28 | INFO     |   forense_biometrico: [3, 17, 18, 21] [Score ADN: 3.25]
2026-01-19 08:56:17 | INFO     |   oraculo_neural_v3 (Pool: 89): [3, 4, 9, 23] [OK] [Confianza: 2.22x]
2026-01-19 08:56:25 | INFO     |   oraculo_neural_v4 (Pool: 100): [5, 9, 10, 19] [OK] [Confianza: 2.22x]
2026-01-19 08:56:25 | INFO     | Consenso Determinista validado (Score ADN: 3.25)
2026-01-19 08:56:25 | INFO     | TICKET FINAL: [3, 4, 9, 23] | 🔥 ALTA CONFIANZA (54.54%)
2026-01-19 08:56:25 | INFO     | ----------------------------------------
2026-01-19 08:56:25 | INFO     | UNIVERSO: RACHA
2026-01-19 08:56:25 | DEBUG    | Pesos de confianza: {'consenso_meritocratico_v2': 2.900871992530031, 'forense_biometrico_v1': 2.8148097376737438, 'oraculo_neural_v3': 2.853015971352396, 'oraculo_neural_v4': 2.7806808921371178}
2026-01-19 08:56:25 | INFO     | Objetivo Crononauta: #10305 | Fecha: 19/01/2026 15:00
2026-01-19 08:56:25 | INFO     |   forense_biometrico: [2, 4, 7, 8, 9, 11, 13, 14, 15, 16] [Score ADN: 4.9]
2026-01-19 08:57:06 | INFO     |   oraculo_neural_v3 (Pool: 80): [2, 3, 4, 5, 7, 9, 10, 15, 16, 20] [OK] [Confianza: 2.21x]
2026-01-19 08:57:45 | INFO     |   oraculo_neural_v4 (Pool: 100): [1, 2, 3, 4, 8, 9, 14, 16, 17, 19] [OK] [Confianza: 2.14x]
2026-01-19 08:57:45 | INFO     | Consenso Determinista validado (Score ADN: 12.3)
2026-01-19 08:57:45 | INFO     | TICKET FINAL: [2, 3, 4, 5, 8, 9, 15, 16, 17, 19] | 🔥 ALTA CONFIANZA (69.81%)
2026-01-19 08:57:45 | INFO     | Forzando sincronización del laboratorio...
2026-01-19 08:57:45 | INFO     | Dashboard sincronizado correctamente.
2026-01-19 08:57:45 | INFO     | ============================================================
2026-01-19 08:57:45 | INFO     | PROCESO DEL SOÑADOR TERMINADO
2026-01-19 08:57:45 | INFO     | Total predicciones generadas: 20
2026-01-19 08:57:45 | INFO     | Log guardado en: /home/runner/work/lotus-2026/lotus-2026/engine/models/../../logs/bot_dreamer_20260119_085351.log
2026-01-19 08:57:45 | INFO     | ============================================================
