2026-01-19 12:22:35 | INFO     | === LOG INICIADO: /home/runner/work/lotus-2026/lotus-2026/engine/models/../../logs/bot_dreamer_20260119_122235.log ===
2026-01-19 12:22:36 | DEBUG    | OraculoNeural importado correctamente
2026-01-19 12:22:36 | DEBUG    | LotoForense importado correctamente
2026-01-19 12:22:36 | DEBUG    | MetaLearner importado correctamente
2026-01-19 12:22:36 | DEBUG    | Loto3Ultra importado correctamente
2026-01-19 12:22:36 | INFO     | ============================================================
2026-01-19 12:22:36 | INFO     | INICIANDO BOT SOÑADOR: LÓBULOS ESPECIALIZADOS v12.4
2026-01-19 12:22:36 | INFO     | ============================================================
2026-01-19 12:22:36 | DEBUG    | MetaLearner activo: True
2026-01-19 12:22:36 | INFO     | Hora Chile: 2026-01-19 09:22:36 | Día: 0 | Hora: 9
2026-01-19 12:22:36 | INFO     | Cortex cargado: Rankings y Morfología segmentados por juego.
2026-01-19 12:22:36 | DEBUG    | Juegos en genoma: ['LOTO', 'LOTO3', 'LOTO4', 'RACHA']
2026-01-19 12:22:36 | INFO     | ----------------------------------------
2026-01-19 12:22:36 | INFO     | UNIVERSO: LOTO
2026-01-19 12:22:36 | DEBUG    | Pesos de confianza: {'consenso_meritocratico_v2': 0.6931471805599453, 'consenso_v1': 0.7929925155296614, 'delta_tactico_v1': 0.6931471805599453, 'forense_biometrico_v1': 0.6931471805599453, 'gaussiano_tactico_v1': 0.6931471805599453, 'markov_chain_v1': 0.6931471805599453, 'oraculo_neural_v3': 0.6931471805599453, 'oraculo_neural_v4': 0.6931471805599453}
2026-01-19 12:22:36 | INFO     | Objetivo Crononauta: #5376 | Fecha: 20/01/2026 21:00
2026-01-19 12:22:36 | INFO     |   forense_biometrico: [11, 13, 22, 32, 36, 37] [Score ADN: 5.95]
2026-01-19 12:22:36 | INFO     |   gaussiano_inteligente: [3, 5, 22, 23, 28, 30] [Score ADN: 5.95]
2026-01-19 12:22:36 | INFO     |   delta_dna: [7, 18, 23, 26, 29, 30] [Score ADN: 5.95]
2026-01-19 12:22:36 | INFO     |   markov_chain: [1, 16, 21, 24, 30, 34] [Score ADN: 23.05]
2026-01-19 12:23:57 | INFO     |   oraculo_neural_v3 (Pool: 82): [2, 11, 15, 26, 27, 40] [OK] [Confianza: 1.83x]
2026-01-19 12:24:13 | INFO     |   oraculo_neural_v4 (Pool: 100): [4, 18, 20, 27, 29, 35] [OK] [Confianza: 2.22x]
2026-01-19 12:24:13 | INFO     | Consenso Determinista validado (Score ADN: 8.05)
2026-01-19 12:24:13 | INFO     | TICKET FINAL: [2, 11, 18, 27, 30, 35] | 🔥 ALTA CONFIANZA (36.2%)
2026-01-19 12:24:13 | INFO     | ----------------------------------------
2026-01-19 12:24:13 | INFO     | UNIVERSO: LOTO3
2026-01-19 12:24:13 | INFO     | Activando LOTO3 ULTRA (Ensemble Avanzado)...
2026-01-19 12:24:14 | INFO     | LOTO3 ULTRA: 10 predicciones generadas
2026-01-19 12:24:14 | INFO     | ----------------------------------------
2026-01-19 12:24:14 | INFO     | UNIVERSO: LOTO4
2026-01-19 12:24:14 | DEBUG    | Pesos de confianza: {'consenso_meritocratico_v2': 0.6931471805599453, 'forense_biometrico_v1': 0.6931471805599453, 'oraculo_neural_v3': 0.8919980393051105, 'oraculo_neural_v4': 0.7929925155296614}
2026-01-19 12:24:14 | INFO     | Objetivo Crononauta: #11572 | Fecha: 19/01/2026 14:00
2026-01-19 12:24:14 | INFO     |   forense_biometrico: [7, 14, 15, 23] [Score ADN: 3.25]
2026-01-19 12:25:03 | INFO     |   oraculo_neural_v3 (Pool: 84): [13, 15, 17, 18] [OK] [Confianza: 2.22x]
2026-01-19 12:25:12 | INFO     |   oraculo_neural_v4 (Pool: 100): [5, 9, 10, 19] [OK] [Confianza: 2.22x]
2026-01-19 12:25:12 | INFO     | Consenso Determinista validado (Score ADN: 8.25)
2026-01-19 12:25:12 | INFO     | TICKET FINAL: [5, 13, 17, 18] | 🔥 ALTA CONFIANZA (45.03%)
2026-01-19 12:25:12 | INFO     | ----------------------------------------
2026-01-19 12:25:12 | INFO     | UNIVERSO: RACHA
2026-01-19 12:25:12 | DEBUG    | Pesos de confianza: {'consenso_meritocratico_v2': 2.900871992530031, 'forense_biometrico_v1': 2.8148097376737438, 'oraculo_neural_v3': 2.853015971352396, 'oraculo_neural_v4': 2.7806808921371178}
2026-01-19 12:25:12 | INFO     | Objetivo Crononauta: #10305 | Fecha: 19/01/2026 15:00
2026-01-19 12:25:12 | INFO     |   forense_biometrico: [4, 6, 7, 8, 9, 11, 13, 18, 19, 20] [Score ADN: 4.9]
2026-01-19 12:25:53 | INFO     |   oraculo_neural_v3 (Pool: 78): [1, 2, 4, 7, 8, 9, 11, 12, 18, 19] [OK] [Confianza: 2.21x]
2026-01-19 12:26:33 | INFO     |   oraculo_neural_v4 (Pool: 100): [1, 2, 3, 4, 8, 9, 14, 16, 17, 19] [OK] [Confianza: 2.13x]
2026-01-19 12:26:33 | INFO     | Consenso Determinista validado (Score ADN: 14.9)
2026-01-19 12:26:33 | INFO     | TICKET FINAL: [1, 2, 3, 4, 8, 9, 16, 17, 18, 19] | 🔥 ALTA CONFIANZA (75.88%)
2026-01-19 12:26:33 | INFO     | Forzando sincronización del laboratorio...
2026-01-19 12:26:33 | INFO     | Dashboard sincronizado correctamente.
2026-01-19 12:26:33 | INFO     | ============================================================
2026-01-19 12:26:33 | INFO     | PROCESO DEL SOÑADOR TERMINADO
2026-01-19 12:26:33 | INFO     | Total predicciones generadas: 20
2026-01-19 12:26:33 | INFO     | Log guardado en: /home/runner/work/lotus-2026/lotus-2026/engine/models/../../logs/bot_dreamer_20260119_122235.log
2026-01-19 12:26:33 | INFO     | ============================================================
