2026-01-19 22:55:46 | INFO     | === LOG INICIADO: /home/runner/work/lotus-2026/lotus-2026/engine/models/../../logs/bot_dreamer_20260119_225546.log ===
2026-01-19 22:55:47 | DEBUG    | OraculoNeural importado correctamente
2026-01-19 22:55:47 | DEBUG    | LotoForense importado correctamente
2026-01-19 22:55:47 | DEBUG    | MetaLearner importado correctamente
2026-01-19 22:55:47 | DEBUG    | Loto3Ultra importado correctamente
2026-01-19 22:55:47 | INFO     | ============================================================
2026-01-19 22:55:47 | INFO     | INICIANDO BOT SOÑADOR: LÓBULOS ESPECIALIZADOS v12.4
2026-01-19 22:55:47 | INFO     | ============================================================
2026-01-19 22:55:47 | DEBUG    | MetaLearner activo: True
2026-01-19 22:55:47 | INFO     | Hora Chile: 2026-01-19 19:55:47 | Día: 0 | Hora: 19
2026-01-19 22:55:47 | INFO     | Cortex cargado: Rankings y Morfología segmentados por juego.
2026-01-19 22:55:47 | DEBUG    | Juegos en genoma: ['LOTO', 'LOTO3', 'LOTO4', 'RACHA']
2026-01-19 22:55:47 | INFO     | ----------------------------------------
2026-01-19 22:55:47 | INFO     | UNIVERSO: LOTO
2026-01-19 22:55:47 | DEBUG    | Pesos de confianza: {'consenso_meritocratico_v2': 0.6931471805599453, 'consenso_v1': 0.7929925155296614, 'delta_tactico_v1': 0.6931471805599453, 'forense_biometrico_v1': 0.6931471805599453, 'gaussiano_tactico_v1': 0.6931471805599453, 'markov_chain_v1': 0.6931471805599453, 'oraculo_neural_v3': 0.7323678937132266, 'oraculo_neural_v4': 0.6931471805599453}
2026-01-19 22:55:47 | INFO     | Objetivo Crononauta: #5376 | Fecha: 20/01/2026 21:00
2026-01-19 22:55:47 | INFO     |   forense_biometrico: [7, 13, 14, 26, 31, 38] [Score ADN: 5.95]
2026-01-19 22:55:47 | INFO     |   gaussiano_inteligente: [7, 14, 28, 29, 37, 40] [Score ADN: 5.95]
2026-01-19 22:55:47 | INFO     |   delta_dna: [10, 14, 23, 28, 29, 41] [Score ADN: 5.95]
2026-01-19 22:55:47 | INFO     |   markov_chain: [1, 16, 21, 24, 30, 34] [Score ADN: 23.05]
2026-01-19 22:56:39 | INFO     |   oraculo_neural_v3 (Pool: 90): [3, 16, 22, 23, 31, 34] [OK] [Confianza: 1.83x]
2026-01-19 22:56:54 | INFO     |   oraculo_neural_v4 (Pool: 100): [4, 18, 20, 27, 29, 35] [OK] [Confianza: 2.22x]
2026-01-19 22:56:54 | INFO     | Consenso Determinista validado (Score ADN: 28.05)
2026-01-19 22:56:54 | INFO     | TICKET FINAL: [4, 16, 20, 27, 30, 34] | 🔥 ALTA CONFIANZA (34.45%)
2026-01-19 22:56:54 | INFO     | ----------------------------------------
2026-01-19 22:56:54 | INFO     | UNIVERSO: LOTO3
2026-01-19 22:56:54 | INFO     | Activando LOTO3 ULTRA (Ensemble Avanzado)...
2026-01-19 22:56:54 | INFO     | LOTO3 ULTRA: 10 predicciones generadas
2026-01-19 22:56:54 | INFO     | ----------------------------------------
2026-01-19 22:56:54 | INFO     | UNIVERSO: LOTO4
2026-01-19 22:56:54 | DEBUG    | Pesos de confianza: {'consenso_meritocratico_v2': 0.6931471805599453, 'forense_biometrico_v1': 0.6931471805599453, 'oraculo_neural_v3': 0.8919980393051105, 'oraculo_neural_v4': 0.7929925155296614}
2026-01-19 22:56:54 | INFO     | Objetivo Crononauta: #11573 | Fecha: 19/01/2026 21:00
2026-01-19 22:56:54 | INFO     |   forense_biometrico: [3, 15, 18, 19] [Score ADN: 3.25]
2026-01-19 22:57:27 | INFO     |   oraculo_neural_v3 (Pool: 82): [7, 14, 15, 17] [OK] [Confianza: 2.22x]
2026-01-19 22:57:33 | INFO     |   oraculo_neural_v4 (Pool: 100): [4, 6, 9, 23] [OK] [Confianza: 2.23x]
2026-01-19 22:57:33 | INFO     | Consenso Determinista validado (Score ADN: 3.25)
2026-01-19 22:57:33 | INFO     | TICKET FINAL: [7, 14, 15, 17] | 🔥 ALTA CONFIANZA (49.21%)
2026-01-19 22:57:33 | INFO     | ----------------------------------------
2026-01-19 22:57:33 | INFO     | UNIVERSO: RACHA
2026-01-19 22:57:33 | DEBUG    | Pesos de confianza: {'consenso_meritocratico_v2': 2.900871992530031, 'forense_biometrico_v1': 2.8148097376737438, 'oraculo_neural_v3': 2.853015971352396, 'oraculo_neural_v4': 2.7806808921371178}
2026-01-19 22:57:33 | INFO     | Objetivo Crononauta: #10306 | Fecha: 19/01/2026 22:00
2026-01-19 22:57:33 | INFO     |   forense_biometrico: [1, 3, 4, 10, 11, 12, 13, 17, 18, 20] [Score ADN: 4.9]
2026-01-19 22:58:00 | INFO     |   oraculo_neural_v3 (Pool: 72): [3, 4, 5, 8, 9, 12, 14, 17, 18, 19] [OK] [Confianza: 2.23x]
2026-01-19 22:58:15 | INFO     |   oraculo_neural_v4 (Pool: 100): [2, 5, 7, 10, 11, 13, 14, 17, 18, 20] [OK] [Confianza: 2.26x]
2026-01-19 22:58:15 | INFO     | Consenso Determinista validado (Score ADN: 12.3)
2026-01-19 22:58:15 | INFO     | TICKET FINAL: [3, 4, 5, 9, 12, 13, 14, 17, 18, 19] | 🔥 ALTA CONFIANZA (68.2%)
2026-01-19 22:58:15 | INFO     | Forzando sincronización del laboratorio...
2026-01-19 22:58:15 | INFO     | Dashboard sincronizado correctamente.
2026-01-19 22:58:15 | INFO     | ============================================================
2026-01-19 22:58:15 | INFO     | PROCESO DEL SOÑADOR TERMINADO
2026-01-19 22:58:15 | INFO     | Total predicciones generadas: 20
2026-01-19 22:58:15 | INFO     | Log guardado en: /home/runner/work/lotus-2026/lotus-2026/engine/models/../../logs/bot_dreamer_20260119_225546.log
2026-01-19 22:58:15 | INFO     | ============================================================
