2026-01-17 19:07:39 | INFO     | === LOG INICIADO: /home/runner/work/lotus-2026/lotus-2026/engine/models/../../logs/bot_dreamer_20260117_190739.log ===
2026-01-17 19:07:40 | DEBUG    | OraculoNeural importado correctamente
2026-01-17 19:07:40 | DEBUG    | LotoForense importado correctamente
2026-01-17 19:07:40 | DEBUG    | MetaLearner importado correctamente
2026-01-17 19:07:40 | DEBUG    | Loto3Ultra importado correctamente
2026-01-17 19:07:40 | INFO     | ============================================================
2026-01-17 19:07:40 | INFO     | INICIANDO BOT SOÑADOR: LÓBULOS ESPECIALIZADOS v12.4
2026-01-17 19:07:40 | INFO     | ============================================================
2026-01-17 19:07:40 | DEBUG    | MetaLearner activo: True
2026-01-17 19:07:40 | INFO     | Hora Chile: 2026-01-17 16:07:40 | Día: 5 | Hora: 16
2026-01-17 19:07:40 | INFO     | Cortex cargado: Rankings y Morfología segmentados por juego.
2026-01-17 19:07:40 | DEBUG    | Juegos en genoma: ['LOTO', 'LOTO3', 'LOTO4', 'RACHA']
2026-01-17 19:07:40 | INFO     | ----------------------------------------
2026-01-17 19:07:40 | INFO     | UNIVERSO: LOTO
2026-01-17 19:07:40 | DEBUG    | Pesos de confianza: {'consenso_meritocratico_v2': 0.6931471805599453, 'consenso_v1': 0.7929925155296614, 'delta_tactico_v1': 0.6931471805599453, 'forense_biometrico_v1': 0.6931471805599453, 'gaussiano_tactico_v1': 0.6931471805599453, 'markov_chain_v1': 0.6931471805599453, 'oraculo_neural_v3': 0.6931471805599453, 'oraculo_neural_v4': 0.6931471805599453}
2026-01-17 19:07:40 | INFO     | Objetivo Crononauta: #5375 | Fecha: 18/01/2026 21:00
2026-01-17 19:07:40 | INFO     |   forense_biometrico: [10, 11, 19, 23, 26, 36] [Score ADN: 5.95]
2026-01-17 19:07:40 | INFO     |   gaussiano_inteligente: [4, 6, 13, 36, 37, 41] [Score ADN: 5.95]
2026-01-17 19:07:40 | INFO     |   delta_dna: [5, 10, 13, 29, 30, 36] [Score ADN: 5.95]
2026-01-17 19:07:40 | INFO     |   markov_chain: [8, 21, 27, 29, 37, 39] [Score ADN: 14.05]
2026-01-17 19:09:05 | INFO     |   oraculo_neural_v3 (Pool: 88): [11, 12, 23, 31, 38, 40] [OK] [Confianza: 1.83x]
2026-01-17 19:09:21 | INFO     |   oraculo_neural_v4 (Pool: 100): [1, 13, 15, 29, 33, 35] [OK] [Confianza: 2.11x]
2026-01-17 19:09:21 | INFO     | Consenso Determinista validado (Score ADN: 14.05)
2026-01-17 19:09:21 | INFO     | TICKET FINAL: [1, 12, 29, 31, 33, 35] | 🔥 ALTA CONFIANZA (34.33%)
2026-01-17 19:09:21 | INFO     | ----------------------------------------
2026-01-17 19:09:21 | INFO     | UNIVERSO: LOTO3
2026-01-17 19:09:21 | INFO     | Activando LOTO3 ULTRA (Ensemble Avanzado)...
2026-01-17 19:09:22 | INFO     | LOTO3 ULTRA: 10 predicciones generadas
2026-01-17 19:09:22 | INFO     | ----------------------------------------
2026-01-17 19:09:22 | INFO     | UNIVERSO: LOTO4
2026-01-17 19:09:22 | DEBUG    | Pesos de confianza: {'consenso_meritocratico_v2': 0.6931471805599453, 'forense_biometrico_v1': 0.6931471805599453, 'oraculo_neural_v3': 0.8919980393051105, 'oraculo_neural_v4': 0.6931471805599453}
2026-01-17 19:09:22 | INFO     | Objetivo Crononauta: #11569 | Fecha: 17/01/2026 21:00
2026-01-17 19:09:22 | INFO     |   forense_biometrico: [1, 6, 7, 19] [Score ADN: 3.25]
2026-01-17 19:10:14 | INFO     |   oraculo_neural_v3 (Pool: 83): [5, 11, 15, 16] [OK] [Confianza: 2.22x]
2026-01-17 19:10:23 | INFO     |   oraculo_neural_v4 (Pool: 100): [6, 7, 15, 18] [OK] [Confianza: 2.22x]
2026-01-17 19:10:23 | INFO     | Consenso Determinista validado (Score ADN: 3.25)
2026-01-17 19:10:23 | INFO     | TICKET FINAL: [5, 11, 15, 16] | 🔥 ALTA CONFIANZA (61.37%)
2026-01-17 19:10:23 | INFO     | ----------------------------------------
2026-01-17 19:10:23 | INFO     | UNIVERSO: RACHA
2026-01-17 19:10:23 | DEBUG    | Pesos de confianza: {'consenso_meritocratico_v2': 2.900871992530031, 'forense_biometrico_v1': 2.8148097376737438, 'oraculo_neural_v3': 2.853015971352396, 'oraculo_neural_v4': 2.7806808921371178}
2026-01-17 19:10:23 | INFO     | Objetivo Crononauta: #10302 | Fecha: 17/01/2026 22:00
2026-01-17 19:10:23 | INFO     |   forense_biometrico: [3, 4, 6, 7, 8, 11, 15, 16, 19, 20] [Score ADN: 4.9]
2026-01-17 19:11:07 | INFO     |   oraculo_neural_v3 (Pool: 85): [2, 4, 5, 8, 9, 11, 14, 15, 16, 17] [OK] [Confianza: 2.23x]
2026-01-17 19:11:49 | INFO     |   oraculo_neural_v4 (Pool: 100): [1, 2, 3, 4, 8, 9, 10, 15, 18, 19] [OK] [Confianza: 2.14x]
2026-01-17 19:11:49 | INFO     | Consenso Determinista validado (Score ADN: 14.9)
2026-01-17 19:11:49 | INFO     | TICKET FINAL: [1, 2, 4, 5, 8, 9, 14, 15, 16, 17] | 🔥 ALTA CONFIANZA (70.32%)
2026-01-17 19:11:49 | INFO     | Forzando sincronización del laboratorio...
2026-01-17 19:11:49 | INFO     | Dashboard sincronizado correctamente.
2026-01-17 19:11:49 | INFO     | ============================================================
2026-01-17 19:11:49 | INFO     | PROCESO DEL SOÑADOR TERMINADO
2026-01-17 19:11:49 | INFO     | Total predicciones generadas: 20
2026-01-17 19:11:49 | INFO     | Log guardado en: /home/runner/work/lotus-2026/lotus-2026/engine/models/../../logs/bot_dreamer_20260117_190739.log
2026-01-17 19:11:49 | INFO     | ============================================================
