2026-01-21 07:05:34 | INFO     | === LOG INICIADO: /home/runner/work/lotus-2026/lotus-2026/engine/models/../../logs/bot_dreamer_20260121_070534.log ===
2026-01-21 07:05:35 | DEBUG    | OraculoNeural importado correctamente
2026-01-21 07:05:35 | DEBUG    | LotoForense importado correctamente
2026-01-21 07:05:35 | DEBUG    | MetaLearner importado correctamente
2026-01-21 07:05:35 | DEBUG    | Loto3Ultra importado correctamente
2026-01-21 07:05:35 | INFO     | ============================================================
2026-01-21 07:05:35 | INFO     | INICIANDO BOT SOÑADOR: LÓBULOS ESPECIALIZADOS v12.4
2026-01-21 07:05:35 | INFO     | ============================================================
2026-01-21 07:05:35 | DEBUG    | MetaLearner activo: True
2026-01-21 07:05:35 | INFO     | Hora Chile: 2026-01-21 04:05:35 | Día: 2 | Hora: 4
2026-01-21 07:05:35 | INFO     | Cortex cargado: Rankings y Morfología segmentados por juego.
2026-01-21 07:05:35 | DEBUG    | Juegos en genoma: ['LOTO', 'LOTO3', 'LOTO4', 'RACHA']
2026-01-21 07:05:35 | INFO     | ----------------------------------------
2026-01-21 07:05:35 | INFO     | UNIVERSO: LOTO
2026-01-21 07:05:35 | DEBUG    | Pesos de confianza: {'consenso_meritocratico_v2': 0.6931471805599453, 'consenso_v1': 0.7929925155296614, 'delta_tactico_v1': 0.6931471805599453, 'forense_biometrico_v1': 0.6931471805599453, 'gaussiano_tactico_v1': 0.6931471805599453, 'markov_chain_v1': 0.6931471805599453, 'oraculo_neural_v3': 1.0612565021243408, 'oraculo_neural_v4': 0.6931471805599453}
2026-01-21 07:05:35 | INFO     | Objetivo Crononauta: #5377 | Fecha: 22/01/2026 21:00
2026-01-21 07:05:35 | INFO     |   forense_biometrico: [8, 11, 24, 33, 34, 41] [Score ADN: 6.35]
2026-01-21 07:05:35 | INFO     |   gaussiano_inteligente: [8, 12, 19, 23, 36, 37] [Score ADN: 5.95]
2026-01-21 07:05:35 | INFO     |   delta_dna: [10, 11, 14, 17, 29, 32] [Score ADN: 5.95]
2026-01-21 07:05:35 | INFO     |   markov_chain: [11, 12, 20, 28, 34, 41] [Score ADN: 11.35]
2026-01-21 07:06:28 | INFO     |   oraculo_neural_v3 (Pool: 86): [7, 12, 20, 31, 32, 41] [OK] [Confianza: 1.83x]
2026-01-21 07:06:37 | INFO     |   oraculo_neural_v4 (Pool: 100): [2, 5, 15, 29, 30, 41] [OK] [Confianza: 1.84x]
2026-01-21 07:06:37 | INFO     | Consenso Determinista validado (Score ADN: 5.95)
2026-01-21 07:06:37 | INFO     | TICKET FINAL: [7, 12, 20, 30, 31, 41] | 🔥 ALTA CONFIANZA (39.13%)
2026-01-21 07:06:37 | INFO     | ----------------------------------------
2026-01-21 07:06:37 | INFO     | UNIVERSO: LOTO3
2026-01-21 07:06:37 | INFO     | Activando LOTO3 ULTRA (Ensemble Avanzado)...
2026-01-21 07:06:38 | INFO     | LOTO3 ULTRA: 10 predicciones generadas
2026-01-21 07:06:38 | INFO     | ----------------------------------------
2026-01-21 07:06:38 | INFO     | UNIVERSO: LOTO4
2026-01-21 07:06:38 | DEBUG    | Pesos de confianza: {'consenso_meritocratico_v2': 0.6931471805599453, 'forense_biometrico_v1': 0.6931471805599453, 'oraculo_neural_v3': 0.8919980393051105, 'oraculo_neural_v4': 0.7929925155296614}
2026-01-21 07:06:38 | INFO     | Objetivo Crononauta: #11576 | Fecha: 21/01/2026 14:00
2026-01-21 07:06:38 | INFO     |   forense_biometrico: [7, 8, 17, 20] [Score ADN: 4.55]
2026-01-21 07:07:40 | INFO     |   oraculo_neural_v3 (Pool: 85): [3, 8, 9, 13] [OK] [Confianza: 2.22x]
2026-01-21 07:07:46 | INFO     |   oraculo_neural_v4 (Pool: 100): [5, 9, 15, 20] [OK] [Confianza: 2.23x]
2026-01-21 07:07:46 | INFO     | Consenso Determinista validado (Score ADN: 12.15)
2026-01-21 07:07:46 | INFO     | TICKET FINAL: [3, 9, 13, 15] | 🔥 ALTA CONFIANZA (55.41%)
2026-01-21 07:07:46 | INFO     | ----------------------------------------
2026-01-21 07:07:46 | INFO     | UNIVERSO: RACHA
2026-01-21 07:07:46 | DEBUG    | Pesos de confianza: {'consenso_meritocratico_v2': 2.900871992530031, 'forense_biometrico_v1': 2.8148097376737438, 'oraculo_neural_v3': 2.853015971352396, 'oraculo_neural_v4': 2.7806808921371178}
2026-01-21 07:07:46 | INFO     | Objetivo Crononauta: #10309 | Fecha: 21/01/2026 15:00
2026-01-21 07:07:46 | INFO     |   forense_biometrico: [2, 3, 6, 7, 9, 10, 12, 17, 18, 19] [Score ADN: 5.9]
2026-01-21 07:08:13 | INFO     |   oraculo_neural_v3 (Pool: 82): [1, 2, 5, 10, 12, 13, 14, 15, 16, 19] [OK] [Confianza: 2.21x]
2026-01-21 07:08:39 | INFO     |   oraculo_neural_v4 (Pool: 100): [1, 2, 3, 4, 8, 11, 12, 16, 19, 20] [OK] [Confianza: 2.15x]
2026-01-21 07:08:39 | INFO     | Consenso Determinista validado (Score ADN: 8.7)
2026-01-21 07:08:39 | INFO     | TICKET FINAL: [1, 2, 5, 8, 11, 12, 13, 16, 19, 20] | 🔥 ALTA CONFIANZA (70.81%)
2026-01-21 07:08:39 | INFO     | Forzando sincronización del laboratorio...
2026-01-21 07:08:39 | INFO     | Dashboard sincronizado correctamente.
2026-01-21 07:08:39 | INFO     | ============================================================
2026-01-21 07:08:39 | INFO     | PROCESO DEL SOÑADOR TERMINADO
2026-01-21 07:08:39 | INFO     | Total predicciones generadas: 20
2026-01-21 07:08:39 | INFO     | Log guardado en: /home/runner/work/lotus-2026/lotus-2026/engine/models/../../logs/bot_dreamer_20260121_070534.log
2026-01-21 07:08:39 | INFO     | ============================================================
