2026-01-18 21:49:32 | INFO     | === LOG INICIADO: /home/runner/work/lotus-2026/lotus-2026/engine/models/../../logs/bot_dreamer_20260118_214932.log ===
2026-01-18 21:49:33 | DEBUG    | OraculoNeural importado correctamente
2026-01-18 21:49:33 | DEBUG    | LotoForense importado correctamente
2026-01-18 21:49:33 | DEBUG    | MetaLearner importado correctamente
2026-01-18 21:49:34 | DEBUG    | Loto3Ultra importado correctamente
2026-01-18 21:49:34 | INFO     | ============================================================
2026-01-18 21:49:34 | INFO     | INICIANDO BOT SOÑADOR: LÓBULOS ESPECIALIZADOS v12.4
2026-01-18 21:49:34 | INFO     | ============================================================
2026-01-18 21:49:34 | DEBUG    | MetaLearner activo: True
2026-01-18 21:49:34 | INFO     | Hora Chile: 2026-01-18 18:49:34 | Día: 6 | Hora: 18
2026-01-18 21:49:34 | INFO     | Cortex cargado: Rankings y Morfología segmentados por juego.
2026-01-18 21:49:34 | DEBUG    | Juegos en genoma: ['LOTO', 'LOTO3', 'LOTO4', 'RACHA']
2026-01-18 21:49:34 | INFO     | ----------------------------------------
2026-01-18 21:49:34 | INFO     | UNIVERSO: LOTO
2026-01-18 21:49:34 | DEBUG    | Pesos de confianza: {'consenso_meritocratico_v2': 0.6931471805599453, 'consenso_v1': 0.7929925155296614, 'delta_tactico_v1': 0.6931471805599453, 'forense_biometrico_v1': 0.6931471805599453, 'gaussiano_tactico_v1': 0.6931471805599453, 'markov_chain_v1': 0.6931471805599453, 'oraculo_neural_v3': 0.6931471805599453, 'oraculo_neural_v4': 0.6931471805599453}
2026-01-18 21:49:34 | INFO     | Objetivo Crononauta: #5375 | Fecha: 18/01/2026 21:00
2026-01-18 21:49:34 | INFO     |   forense_biometrico: [2, 15, 18, 19, 23, 36] [Score ADN: 5.95]
2026-01-18 21:49:34 | INFO     |   gaussiano_inteligente: [2, 7, 11, 32, 35, 36] [Score ADN: 5.95]
2026-01-18 21:49:34 | INFO     |   delta_dna: [11, 13, 18, 19, 21, 38] [Score ADN: 6.95]
2026-01-18 21:49:34 | INFO     |   markov_chain: [12, 14, 18, 22, 28, 32] [Score ADN: 33.05]
2026-01-18 21:50:58 | INFO     |   oraculo_neural_v3 (Pool: 92): [6, 7, 19, 22, 31, 34] [OK] [Confianza: 1.83x]
2026-01-18 21:51:13 | INFO     |   oraculo_neural_v4 (Pool: 100): [1, 13, 15, 29, 33, 35] [OK] [Confianza: 2.11x]
2026-01-18 21:51:13 | INFO     | Consenso Determinista validado (Score ADN: 9.05)
2026-01-18 21:51:13 | INFO     | TICKET FINAL: [12, 15, 19, 22, 29, 33] | 🔥 ALTA CONFIANZA (32.37%)
2026-01-18 21:51:13 | INFO     | ----------------------------------------
2026-01-18 21:51:13 | INFO     | UNIVERSO: LOTO3
2026-01-18 21:51:13 | INFO     | Activando LOTO3 ULTRA (Ensemble Avanzado)...
2026-01-18 21:51:14 | INFO     | LOTO3 ULTRA: 10 predicciones generadas
2026-01-18 21:51:14 | INFO     | ----------------------------------------
2026-01-18 21:51:14 | INFO     | UNIVERSO: LOTO4
2026-01-18 21:51:14 | DEBUG    | Pesos de confianza: {'consenso_meritocratico_v2': 0.6931471805599453, 'forense_biometrico_v1': 0.6931471805599453, 'oraculo_neural_v3': 0.8919980393051105, 'oraculo_neural_v4': 0.7929925155296614}
2026-01-18 21:51:14 | INFO     | Objetivo Crononauta: #11571 | Fecha: 18/01/2026 21:00
2026-01-18 21:51:14 | INFO     |   forense_biometrico: [6, 7, 15, 17] [Score ADN: 3.25]
2026-01-18 21:52:06 | INFO     |   oraculo_neural_v3 (Pool: 88): [7, 17, 21, 22] [OK] [Confianza: 2.22x]
2026-01-18 21:52:15 | INFO     |   oraculo_neural_v4 (Pool: 100): [4, 6, 17, 18] [OK] [Confianza: 2.38x]
2026-01-18 21:52:15 | INFO     | Consenso Determinista validado (Score ADN: 3.25)
2026-01-18 21:52:15 | INFO     | TICKET FINAL: [7, 17, 21, 22] | 🔥 ALTA CONFIANZA (56.76%)
2026-01-18 21:52:15 | INFO     | ----------------------------------------
2026-01-18 21:52:15 | INFO     | UNIVERSO: RACHA
2026-01-18 21:52:15 | DEBUG    | Pesos de confianza: {'consenso_meritocratico_v2': 2.900871992530031, 'forense_biometrico_v1': 2.8148097376737438, 'oraculo_neural_v3': 2.853015971352396, 'oraculo_neural_v4': 2.7806808921371178}
2026-01-18 21:52:15 | INFO     | Objetivo Crononauta: #10304 | Fecha: 18/01/2026 22:00
2026-01-18 21:52:15 | INFO     |   forense_biometrico: [3, 4, 6, 7, 10, 11, 12, 15, 16, 19] [Score ADN: 4.9]
2026-01-18 21:52:58 | INFO     |   oraculo_neural_v3 (Pool: 78): [1, 2, 3, 7, 10, 11, 12, 14, 17, 18] [OK] [Confianza: 2.23x]
2026-01-18 21:53:40 | INFO     |   oraculo_neural_v4 (Pool: 100): [1, 2, 3, 6, 7, 8, 9, 11, 13, 15] [OK] [Confianza: 2.03x]
2026-01-18 21:53:40 | INFO     | Consenso Determinista validado (Score ADN: 19.9)
2026-01-18 21:53:40 | INFO     | TICKET FINAL: [1, 2, 3, 7, 8, 10, 11, 12, 13, 18] | 🔥 ALTA CONFIANZA (70.56%)
2026-01-18 21:53:40 | INFO     | Forzando sincronización del laboratorio...
2026-01-18 21:53:40 | INFO     | Dashboard sincronizado correctamente.
2026-01-18 21:53:40 | INFO     | ============================================================
2026-01-18 21:53:40 | INFO     | PROCESO DEL SOÑADOR TERMINADO
2026-01-18 21:53:40 | INFO     | Total predicciones generadas: 20
2026-01-18 21:53:40 | INFO     | Log guardado en: /home/runner/work/lotus-2026/lotus-2026/engine/models/../../logs/bot_dreamer_20260118_214932.log
2026-01-18 21:53:40 | INFO     | ============================================================
