2026-01-17 23:49:17 | INFO     | === LOG INICIADO: /home/runner/work/lotus-2026/lotus-2026/engine/models/../../logs/bot_dreamer_20260117_234917.log ===
2026-01-17 23:49:18 | DEBUG    | OraculoNeural importado correctamente
2026-01-17 23:49:18 | DEBUG    | LotoForense importado correctamente
2026-01-17 23:49:18 | DEBUG    | MetaLearner importado correctamente
2026-01-17 23:49:18 | DEBUG    | Loto3Ultra importado correctamente
2026-01-17 23:49:18 | INFO     | ============================================================
2026-01-17 23:49:18 | INFO     | INICIANDO BOT SOÑADOR: LÓBULOS ESPECIALIZADOS v12.4
2026-01-17 23:49:18 | INFO     | ============================================================
2026-01-17 23:49:18 | DEBUG    | MetaLearner activo: True
2026-01-17 23:49:18 | INFO     | Hora Chile: 2026-01-17 20:49:18 | Día: 5 | Hora: 20
2026-01-17 23:49:18 | INFO     | Cortex cargado: Rankings y Morfología segmentados por juego.
2026-01-17 23:49:18 | DEBUG    | Juegos en genoma: ['LOTO', 'LOTO3', 'LOTO4', 'RACHA']
2026-01-17 23:49:18 | INFO     | ----------------------------------------
2026-01-17 23:49:18 | INFO     | UNIVERSO: LOTO
2026-01-17 23:49:18 | DEBUG    | Pesos de confianza: {'consenso_meritocratico_v2': 0.6931471805599453, 'consenso_v1': 0.7929925155296614, 'delta_tactico_v1': 0.6931471805599453, 'forense_biometrico_v1': 0.6931471805599453, 'gaussiano_tactico_v1': 0.6931471805599453, 'markov_chain_v1': 0.6931471805599453, 'oraculo_neural_v3': 0.6931471805599453, 'oraculo_neural_v4': 0.6931471805599453}
2026-01-17 23:49:18 | INFO     | Objetivo Crononauta: #5375 | Fecha: 18/01/2026 21:00
2026-01-17 23:49:18 | INFO     |   forense_biometrico: [2, 9, 22, 31, 37, 38] [Score ADN: 5.95]
2026-01-17 23:49:18 | INFO     |   gaussiano_inteligente: [7, 8, 17, 20, 29, 32] [Score ADN: 5.95]
2026-01-17 23:49:18 | INFO     |   delta_dna: [5, 10, 13, 23, 24, 32] [Score ADN: 5.95]
2026-01-17 23:49:18 | INFO     |   markov_chain: [8, 21, 27, 29, 37, 39] [Score ADN: 14.05]
2026-01-17 23:50:43 | INFO     |   oraculo_neural_v3 (Pool: 94): [12, 13, 17, 22, 28, 37] [OK] [Confianza: 1.83x]
2026-01-17 23:50:58 | INFO     |   oraculo_neural_v4 (Pool: 100): [1, 13, 15, 29, 33, 35] [OK] [Confianza: 2.11x]
2026-01-17 23:50:58 | INFO     | Consenso Determinista validado (Score ADN: 16.95)
2026-01-17 23:50:58 | INFO     | TICKET FINAL: [12, 13, 17, 28, 29, 37] | 🔥 ALTA CONFIANZA (36.81%)
2026-01-17 23:50:58 | INFO     | ----------------------------------------
2026-01-17 23:50:58 | INFO     | UNIVERSO: LOTO3
2026-01-17 23:50:58 | INFO     | Activando LOTO3 ULTRA (Ensemble Avanzado)...
2026-01-17 23:50:59 | INFO     | LOTO3 ULTRA: 10 predicciones generadas
2026-01-17 23:50:59 | INFO     | ----------------------------------------
2026-01-17 23:50:59 | INFO     | UNIVERSO: LOTO4
2026-01-17 23:50:59 | DEBUG    | Pesos de confianza: {'oraculo_neural_v3': 1.0818051703517284}
2026-01-17 23:50:59 | INFO     | Objetivo Crononauta: #11569 | Fecha: 17/01/2026 21:00
2026-01-17 23:50:59 | INFO     |   forense_biometrico: [7, 16, 17, 21] [Score ADN: 3.25]
2026-01-17 23:51:51 | INFO     |   oraculo_neural_v3 (Pool: 88): [13, 15, 18, 19] [OK] [Confianza: 2.22x]
2026-01-17 23:52:00 | INFO     |   oraculo_neural_v4 (Pool: 100): [6, 7, 15, 18] [OK] [Confianza: 2.22x]
2026-01-17 23:52:00 | INFO     | Consenso Determinista validado (Score ADN: 7.85)
2026-01-17 23:52:00 | INFO     | TICKET FINAL: [6, 15, 18, 19] | 🔥 ALTA CONFIANZA (63.46%)
2026-01-17 23:52:00 | INFO     | ----------------------------------------
2026-01-17 23:52:00 | INFO     | UNIVERSO: RACHA
2026-01-17 23:52:00 | DEBUG    | Pesos de confianza: {'consenso_meritocratico_v2': 2.900871992530031, 'forense_biometrico_v1': 2.8148097376737438, 'oraculo_neural_v3': 2.853015971352396, 'oraculo_neural_v4': 2.7806808921371178}
2026-01-17 23:52:01 | INFO     | Objetivo Crononauta: #10302 | Fecha: 17/01/2026 22:00
2026-01-17 23:52:01 | INFO     |   forense_biometrico: [2, 3, 6, 9, 10, 11, 13, 16, 17, 18] [Score ADN: 5.9]
2026-01-17 23:52:44 | INFO     |   oraculo_neural_v3 (Pool: 83): [1, 2, 5, 7, 8, 9, 10, 13, 14, 20] [OK] [Confianza: 2.22x]
2026-01-17 23:53:27 | INFO     |   oraculo_neural_v4 (Pool: 100): [1, 2, 3, 4, 8, 9, 10, 15, 18, 19] [OK] [Confianza: 2.27x]
2026-01-17 23:53:27 | DEBUG    | Consenso Top-N rechazado por morfología. Iniciando Muestreo Estocástico...
2026-01-17 23:53:27 | INFO     | Muestreo exitoso tras 0 intentos (Score ADN: 14.9)
2026-01-17 23:53:27 | INFO     | TICKET FINAL: [4, 6, 7, 8, 9, 12, 13, 14, 15, 19] | 🔥 ALTA CONFIANZA (71.42%)
2026-01-17 23:53:27 | INFO     | Forzando sincronización del laboratorio...
2026-01-17 23:53:27 | INFO     | Dashboard sincronizado correctamente.
2026-01-17 23:53:27 | INFO     | ============================================================
2026-01-17 23:53:27 | INFO     | PROCESO DEL SOÑADOR TERMINADO
2026-01-17 23:53:27 | INFO     | Total predicciones generadas: 20
2026-01-17 23:53:27 | INFO     | Log guardado en: /home/runner/work/lotus-2026/lotus-2026/engine/models/../../logs/bot_dreamer_20260117_234917.log
2026-01-17 23:53:27 | INFO     | ============================================================
