2026-01-18 09:19:01 | INFO     | === LOG INICIADO: /home/runner/work/lotus-2026/lotus-2026/engine/models/../../logs/bot_dreamer_20260118_091901.log ===
2026-01-18 09:19:02 | DEBUG    | OraculoNeural importado correctamente
2026-01-18 09:19:02 | DEBUG    | LotoForense importado correctamente
2026-01-18 09:19:02 | DEBUG    | MetaLearner importado correctamente
2026-01-18 09:19:02 | DEBUG    | Loto3Ultra importado correctamente
2026-01-18 09:19:02 | INFO     | ============================================================
2026-01-18 09:19:02 | INFO     | INICIANDO BOT SOÑADOR: LÓBULOS ESPECIALIZADOS v12.4
2026-01-18 09:19:02 | INFO     | ============================================================
2026-01-18 09:19:02 | DEBUG    | MetaLearner activo: True
2026-01-18 09:19:02 | INFO     | Hora Chile: 2026-01-18 06:19:02 | Día: 6 | Hora: 6
2026-01-18 09:19:02 | INFO     | Cortex cargado: Rankings y Morfología segmentados por juego.
2026-01-18 09:19:02 | DEBUG    | Juegos en genoma: ['LOTO', 'LOTO3', 'LOTO4', 'RACHA']
2026-01-18 09:19:02 | INFO     | ----------------------------------------
2026-01-18 09:19:02 | INFO     | UNIVERSO: LOTO
2026-01-18 09:19:02 | DEBUG    | Pesos de confianza: {'consenso_meritocratico_v2': 0.6931471805599453, 'consenso_v1': 0.7929925155296614, 'delta_tactico_v1': 0.6931471805599453, 'forense_biometrico_v1': 0.6931471805599453, 'gaussiano_tactico_v1': 0.6931471805599453, 'markov_chain_v1': 0.6931471805599453, 'oraculo_neural_v3': 0.6931471805599453, 'oraculo_neural_v4': 0.6931471805599453}
2026-01-18 09:19:02 | INFO     | Objetivo Crononauta: #5375 | Fecha: 18/01/2026 21:00
2026-01-18 09:19:03 | INFO     |   forense_biometrico: [5, 16, 28, 29, 33, 36] [Score ADN: 6.35]
2026-01-18 09:19:03 | INFO     |   gaussiano_inteligente: [3, 12, 20, 28, 29, 41] [Score ADN: 5.95]
2026-01-18 09:19:03 | INFO     |   delta_dna: [11, 12, 18, 20, 25, 31] [Score ADN: 6.35]
2026-01-18 09:19:03 | INFO     |   markov_chain: [12, 14, 18, 22, 28, 32] [Score ADN: 33.05]
2026-01-18 09:20:38 | INFO     |   oraculo_neural_v3 (Pool: 88): [2, 5, 20, 21, 29, 32] [OK] [Confianza: 1.83x]
2026-01-18 09:20:54 | INFO     |   oraculo_neural_v4 (Pool: 100): [1, 13, 15, 29, 33, 35] [OK] [Confianza: 2.11x]
2026-01-18 09:20:54 | INFO     | Consenso Determinista validado (Score ADN: 12.35)
2026-01-18 09:20:54 | INFO     | TICKET FINAL: [1, 5, 29, 32, 33, 35] | 🔥 ALTA CONFIANZA (35.51%)
2026-01-18 09:20:54 | INFO     | ----------------------------------------
2026-01-18 09:20:54 | INFO     | UNIVERSO: LOTO3
2026-01-18 09:20:54 | INFO     | Activando LOTO3 ULTRA (Ensemble Avanzado)...
2026-01-18 09:20:55 | INFO     | LOTO3 ULTRA: 10 predicciones generadas
2026-01-18 09:20:55 | INFO     | ----------------------------------------
2026-01-18 09:20:55 | INFO     | UNIVERSO: LOTO4
2026-01-18 09:20:55 | DEBUG    | Pesos de confianza: {'consenso_meritocratico_v2': 0.6931471805599453, 'forense_biometrico_v1': 0.6931471805599453, 'oraculo_neural_v3': 0.8919980393051105, 'oraculo_neural_v4': 0.7929925155296614}
2026-01-18 09:20:55 | INFO     | Objetivo Crononauta: #11570 | Fecha: 18/01/2026 14:00
2026-01-18 09:20:55 | INFO     |   forense_biometrico: [1, 5, 21, 22] [Score ADN: 6.55]
2026-01-18 09:21:56 | INFO     |   oraculo_neural_v3 (Pool: 88): [3, 7, 8, 15] [OK] [Confianza: 2.22x]
2026-01-18 09:22:16 | INFO     |   oraculo_neural_v4 (Pool: 100): [1, 6, 14, 15] [OK] [Confianza: 2.38x]
2026-01-18 09:22:16 | INFO     | Consenso Determinista validado (Score ADN: 6.25)
2026-01-18 09:22:16 | INFO     | TICKET FINAL: [3, 6, 7, 15] | 🔥 ALTA CONFIANZA (57.27%)
2026-01-18 09:22:16 | INFO     | ----------------------------------------
2026-01-18 09:22:16 | INFO     | UNIVERSO: RACHA
2026-01-18 09:22:16 | DEBUG    | Pesos de confianza: {'consenso_meritocratico_v2': 2.900871992530031, 'forense_biometrico_v1': 2.8148097376737438, 'oraculo_neural_v3': 2.853015971352396, 'oraculo_neural_v4': 2.7806808921371178}
2026-01-18 09:22:16 | INFO     | Objetivo Crononauta: #10303 | Fecha: 18/01/2026 15:00
2026-01-18 09:22:16 | INFO     |   forense_biometrico: [2, 3, 5, 6, 8, 9, 10, 15, 19, 20] [Score ADN: 4.9]
2026-01-18 09:23:07 | INFO     |   oraculo_neural_v3 (Pool: 78): [2, 6, 9, 10, 11, 12, 13, 15, 17, 18] [OK] [Confianza: 2.21x]
2026-01-18 09:23:55 | INFO     |   oraculo_neural_v4 (Pool: 100): [1, 2, 3, 6, 7, 8, 9, 11, 13, 15] [OK] [Confianza: 2.09x]
2026-01-18 09:23:55 | INFO     | Consenso Determinista validado (Score ADN: 9.9)
2026-01-18 09:23:55 | INFO     | TICKET FINAL: [2, 3, 6, 8, 9, 10, 11, 12, 13, 15] | 🔥 ALTA CONFIANZA (73.15%)
2026-01-18 09:23:55 | INFO     | Forzando sincronización del laboratorio...
2026-01-18 09:23:55 | INFO     | Dashboard sincronizado correctamente.
2026-01-18 09:23:55 | INFO     | ============================================================
2026-01-18 09:23:55 | INFO     | PROCESO DEL SOÑADOR TERMINADO
2026-01-18 09:23:55 | INFO     | Total predicciones generadas: 20
2026-01-18 09:23:55 | INFO     | Log guardado en: /home/runner/work/lotus-2026/lotus-2026/engine/models/../../logs/bot_dreamer_20260118_091901.log
2026-01-18 09:23:55 | INFO     | ============================================================
