2026-01-21 05:16:46 | INFO     | === LOG INICIADO: /home/runner/work/lotus-2026/lotus-2026/engine/models/../../logs/bot_dreamer_20260121_051646.log ===
2026-01-21 05:16:47 | DEBUG    | OraculoNeural importado correctamente
2026-01-21 05:16:47 | DEBUG    | LotoForense importado correctamente
2026-01-21 05:16:47 | DEBUG    | MetaLearner importado correctamente
2026-01-21 05:16:47 | DEBUG    | Loto3Ultra importado correctamente
2026-01-21 05:16:47 | INFO     | ============================================================
2026-01-21 05:16:47 | INFO     | INICIANDO BOT SOÑADOR: LÓBULOS ESPECIALIZADOS v12.4
2026-01-21 05:16:47 | INFO     | ============================================================
2026-01-21 05:16:47 | DEBUG    | MetaLearner activo: True
2026-01-21 05:16:47 | INFO     | Hora Chile: 2026-01-21 02:16:47 | Día: 2 | Hora: 2
2026-01-21 05:16:47 | INFO     | Cortex cargado: Rankings y Morfología segmentados por juego.
2026-01-21 05:16:47 | DEBUG    | Juegos en genoma: ['LOTO', 'LOTO3', 'LOTO4', 'RACHA']
2026-01-21 05:16:47 | INFO     | ----------------------------------------
2026-01-21 05:16:47 | INFO     | UNIVERSO: LOTO
2026-01-21 05:16:47 | DEBUG    | Pesos de confianza: {'consenso_meritocratico_v2': 0.6931471805599453, 'consenso_v1': 0.7929925155296614, 'delta_tactico_v1': 0.6931471805599453, 'forense_biometrico_v1': 0.6931471805599453, 'gaussiano_tactico_v1': 0.6931471805599453, 'markov_chain_v1': 0.6931471805599453, 'oraculo_neural_v3': 1.0612565021243408, 'oraculo_neural_v4': 0.6931471805599453}
2026-01-21 05:16:47 | INFO     | Objetivo Crononauta: #5377 | Fecha: 22/01/2026 21:00
2026-01-21 05:16:47 | INFO     |   forense_biometrico: [2, 14, 19, 20, 25, 27] [Score ADN: 6.35]
2026-01-21 05:16:48 | INFO     |   gaussiano_inteligente: [5, 14, 17, 18, 24, 29] [Score ADN: 5.95]
2026-01-21 05:16:48 | INFO     |   delta_dna: [7, 8, 10, 15, 31, 38] [Score ADN: 6.35]
2026-01-21 05:16:48 | INFO     |   markov_chain: [11, 12, 20, 28, 34, 41] [Score ADN: 11.35]
2026-01-21 05:17:39 | INFO     |   oraculo_neural_v3 (Pool: 88): [4, 5, 7, 18, 38, 41] [OK] [Confianza: 1.83x]
2026-01-21 05:17:48 | INFO     |   oraculo_neural_v4 (Pool: 100): [2, 5, 15, 29, 30, 41] [OK] [Confianza: 1.84x]
2026-01-21 05:17:48 | INFO     | Consenso Determinista validado (Score ADN: 5.95)
2026-01-21 05:17:48 | INFO     | TICKET FINAL: [4, 5, 7, 18, 38, 41] | 🔥 ALTA CONFIANZA (41.07%)
2026-01-21 05:17:48 | INFO     | ----------------------------------------
2026-01-21 05:17:48 | INFO     | UNIVERSO: LOTO3
2026-01-21 05:17:48 | INFO     | Activando LOTO3 ULTRA (Ensemble Avanzado)...
2026-01-21 05:17:49 | INFO     | LOTO3 ULTRA: 10 predicciones generadas
2026-01-21 05:17:49 | INFO     | ----------------------------------------
2026-01-21 05:17:49 | INFO     | UNIVERSO: LOTO4
2026-01-21 05:17:49 | DEBUG    | Pesos de confianza: {'consenso_meritocratico_v2': 0.6931471805599453, 'forense_biometrico_v1': 0.6931471805599453, 'oraculo_neural_v3': 0.8919980393051105, 'oraculo_neural_v4': 0.7929925155296614}
2026-01-21 05:17:49 | INFO     | Objetivo Crononauta: #11576 | Fecha: 21/01/2026 14:00
2026-01-21 05:17:49 | INFO     |   forense_biometrico: [5, 10, 11, 21] [Score ADN: 3.25]
2026-01-21 05:18:45 | INFO     |   oraculo_neural_v3 (Pool: 87): [10, 11, 13, 21] [OK] [Confianza: 2.22x]
2026-01-21 05:18:51 | INFO     |   oraculo_neural_v4 (Pool: 100): [5, 9, 15, 20] [OK] [Confianza: 2.23x]
2026-01-21 05:18:51 | INFO     | Consenso Determinista validado (Score ADN: 12.85)
2026-01-21 05:18:51 | INFO     | TICKET FINAL: [10, 11, 20, 21] | 🔥 ALTA CONFIANZA (46.03%)
2026-01-21 05:18:51 | INFO     | ----------------------------------------
2026-01-21 05:18:51 | INFO     | UNIVERSO: RACHA
2026-01-21 05:18:51 | DEBUG    | Pesos de confianza: {'consenso_meritocratico_v2': 2.900871992530031, 'forense_biometrico_v1': 2.8148097376737438, 'oraculo_neural_v3': 2.853015971352396, 'oraculo_neural_v4': 2.7806808921371178}
2026-01-21 05:18:51 | INFO     | Objetivo Crononauta: #10309 | Fecha: 21/01/2026 15:00
2026-01-21 05:18:51 | INFO     |   forense_biometrico: [2, 3, 5, 8, 9, 10, 11, 12, 16, 19] [Score ADN: 5.9]
2026-01-21 05:19:18 | INFO     |   oraculo_neural_v3 (Pool: 83): [3, 4, 7, 10, 11, 13, 14, 15, 16, 20] [OK] [Confianza: 2.21x]
2026-01-21 05:19:44 | INFO     |   oraculo_neural_v4 (Pool: 100): [1, 2, 3, 4, 8, 11, 12, 16, 19, 20] [OK] [Confianza: 2.15x]
2026-01-21 05:19:44 | INFO     | Consenso Determinista validado (Score ADN: 14.9)
2026-01-21 05:19:44 | INFO     | TICKET FINAL: [2, 3, 4, 7, 8, 10, 11, 12, 16, 20] | 🔥 ALTA CONFIANZA (69.82%)
2026-01-21 05:19:44 | INFO     | Forzando sincronización del laboratorio...
2026-01-21 05:19:44 | INFO     | Dashboard sincronizado correctamente.
2026-01-21 05:19:44 | INFO     | ============================================================
2026-01-21 05:19:44 | INFO     | PROCESO DEL SOÑADOR TERMINADO
2026-01-21 05:19:44 | INFO     | Total predicciones generadas: 20
2026-01-21 05:19:44 | INFO     | Log guardado en: /home/runner/work/lotus-2026/lotus-2026/engine/models/../../logs/bot_dreamer_20260121_051646.log
2026-01-21 05:19:44 | INFO     | ============================================================
