2026-01-18 10:54:04 | INFO     | === LOG INICIADO: /home/runner/work/lotus-2026/lotus-2026/engine/models/../../logs/bot_dreamer_20260118_105404.log ===
2026-01-18 10:54:05 | DEBUG    | OraculoNeural importado correctamente
2026-01-18 10:54:05 | DEBUG    | LotoForense importado correctamente
2026-01-18 10:54:05 | DEBUG    | MetaLearner importado correctamente
2026-01-18 10:54:05 | DEBUG    | Loto3Ultra importado correctamente
2026-01-18 10:54:05 | INFO     | ============================================================
2026-01-18 10:54:05 | INFO     | INICIANDO BOT SOÑADOR: LÓBULOS ESPECIALIZADOS v12.4
2026-01-18 10:54:05 | INFO     | ============================================================
2026-01-18 10:54:05 | DEBUG    | MetaLearner activo: True
2026-01-18 10:54:05 | INFO     | Hora Chile: 2026-01-18 07:54:05 | Día: 6 | Hora: 7
2026-01-18 10:54:05 | INFO     | Cortex cargado: Rankings y Morfología segmentados por juego.
2026-01-18 10:54:05 | DEBUG    | Juegos en genoma: ['LOTO', 'LOTO3', 'LOTO4', 'RACHA']
2026-01-18 10:54:05 | INFO     | ----------------------------------------
2026-01-18 10:54:05 | INFO     | UNIVERSO: LOTO
2026-01-18 10:54:05 | DEBUG    | Pesos de confianza: {'consenso_meritocratico_v2': 0.6931471805599453, 'consenso_v1': 0.7929925155296614, 'delta_tactico_v1': 0.6931471805599453, 'forense_biometrico_v1': 0.6931471805599453, 'gaussiano_tactico_v1': 0.6931471805599453, 'markov_chain_v1': 0.6931471805599453, 'oraculo_neural_v3': 0.6931471805599453, 'oraculo_neural_v4': 0.6931471805599453}
2026-01-18 10:54:05 | INFO     | Objetivo Crononauta: #5375 | Fecha: 18/01/2026 21:00
2026-01-18 10:54:05 | INFO     |   forense_biometrico: [13, 16, 18, 19, 31, 36] [Score ADN: 5.95]
2026-01-18 10:54:05 | INFO     |   gaussiano_inteligente: [2, 5, 21, 31, 32, 36] [Score ADN: 5.95]
2026-01-18 10:54:05 | INFO     |   delta_dna: [19, 22, 23, 26, 31, 38] [Score ADN: 5.95]
2026-01-18 10:54:05 | INFO     |   markov_chain: [12, 14, 18, 22, 28, 32] [Score ADN: 33.05]
2026-01-18 10:55:27 | INFO     |   oraculo_neural_v3 (Pool: 91): [3, 11, 16, 20, 30, 31] [OK] [Confianza: 1.83x]
2026-01-18 10:55:42 | INFO     |   oraculo_neural_v4 (Pool: 100): [1, 13, 15, 29, 33, 35] [OK] [Confianza: 2.11x]
2026-01-18 10:55:42 | INFO     | Consenso Determinista validado (Score ADN: 9.05)
2026-01-18 10:55:42 | INFO     | TICKET FINAL: [13, 16, 28, 31, 33, 35] | 🔥 ALTA CONFIANZA (30.59%)
2026-01-18 10:55:42 | INFO     | ----------------------------------------
2026-01-18 10:55:42 | INFO     | UNIVERSO: LOTO3
2026-01-18 10:55:42 | INFO     | Activando LOTO3 ULTRA (Ensemble Avanzado)...
2026-01-18 10:55:43 | INFO     | LOTO3 ULTRA: 10 predicciones generadas
2026-01-18 10:55:43 | INFO     | ----------------------------------------
2026-01-18 10:55:43 | INFO     | UNIVERSO: LOTO4
2026-01-18 10:55:43 | DEBUG    | Pesos de confianza: {'consenso_meritocratico_v2': 0.6931471805599453, 'forense_biometrico_v1': 0.6931471805599453, 'oraculo_neural_v3': 0.8919980393051105, 'oraculo_neural_v4': 0.7929925155296614}
2026-01-18 10:55:43 | INFO     | Objetivo Crononauta: #11570 | Fecha: 18/01/2026 14:00
2026-01-18 10:55:43 | INFO     |   forense_biometrico: [5, 7, 15, 16] [Score ADN: 3.25]
2026-01-18 10:56:33 | INFO     |   oraculo_neural_v3 (Pool: 88): [8, 9, 11, 19] [OK] [Confianza: 2.22x]
2026-01-18 10:56:50 | INFO     |   oraculo_neural_v4 (Pool: 100): [1, 6, 14, 15] [OK] [Confianza: 2.38x]
2026-01-18 10:56:50 | INFO     | Consenso Determinista validado (Score ADN: 8.45)
2026-01-18 10:56:50 | INFO     | TICKET FINAL: [6, 11, 14, 19] | 🔥 ALTA CONFIANZA (45.02%)
2026-01-18 10:56:50 | INFO     | ----------------------------------------
2026-01-18 10:56:50 | INFO     | UNIVERSO: RACHA
2026-01-18 10:56:50 | DEBUG    | Pesos de confianza: {'consenso_meritocratico_v2': 2.900871992530031, 'forense_biometrico_v1': 2.8148097376737438, 'oraculo_neural_v3': 2.853015971352396, 'oraculo_neural_v4': 2.7806808921371178}
2026-01-18 10:56:50 | INFO     | Objetivo Crononauta: #10303 | Fecha: 18/01/2026 15:00
2026-01-18 10:56:50 | INFO     |   forense_biometrico: [1, 2, 6, 7, 8, 9, 12, 13, 16, 19] [Score ADN: 4.9]
2026-01-18 10:57:31 | INFO     |   oraculo_neural_v3 (Pool: 78): [1, 4, 5, 7, 8, 12, 13, 14, 18, 19] [OK] [Confianza: 2.21x]
2026-01-18 10:58:11 | INFO     |   oraculo_neural_v4 (Pool: 100): [1, 2, 3, 6, 7, 8, 9, 11, 13, 15] [OK] [Confianza: 2.05x]
2026-01-18 10:58:11 | INFO     | Consenso Determinista validado (Score ADN: 9.9)
2026-01-18 10:58:11 | INFO     | TICKET FINAL: [1, 4, 6, 7, 8, 13, 14, 15, 18, 19] | 🔥 ALTA CONFIANZA (67.92%)
2026-01-18 10:58:11 | INFO     | Forzando sincronización del laboratorio...
2026-01-18 10:58:11 | INFO     | Dashboard sincronizado correctamente.
2026-01-18 10:58:11 | INFO     | ============================================================
2026-01-18 10:58:11 | INFO     | PROCESO DEL SOÑADOR TERMINADO
2026-01-18 10:58:11 | INFO     | Total predicciones generadas: 20
2026-01-18 10:58:11 | INFO     | Log guardado en: /home/runner/work/lotus-2026/lotus-2026/engine/models/../../logs/bot_dreamer_20260118_105404.log
2026-01-18 10:58:11 | INFO     | ============================================================
