2026-01-21 07:43:21 | INFO     | === LOG INICIADO: /home/runner/work/lotus-2026/lotus-2026/engine/models/../../logs/bot_dreamer_20260121_074321.log ===
2026-01-21 07:43:22 | DEBUG    | OraculoNeural importado correctamente
2026-01-21 07:43:22 | DEBUG    | LotoForense importado correctamente
2026-01-21 07:43:22 | DEBUG    | MetaLearner importado correctamente
2026-01-21 07:43:22 | DEBUG    | Loto3Ultra importado correctamente
2026-01-21 07:43:22 | INFO     | ============================================================
2026-01-21 07:43:22 | INFO     | INICIANDO BOT SOÑADOR: LÓBULOS ESPECIALIZADOS v12.4
2026-01-21 07:43:22 | INFO     | ============================================================
2026-01-21 07:43:22 | DEBUG    | MetaLearner activo: True
2026-01-21 07:43:22 | INFO     | Hora Chile: 2026-01-21 04:43:22 | Día: 2 | Hora: 4
2026-01-21 07:43:22 | INFO     | Cortex cargado: Rankings y Morfología segmentados por juego.
2026-01-21 07:43:22 | DEBUG    | Juegos en genoma: ['LOTO', 'LOTO3', 'LOTO4', 'RACHA']
2026-01-21 07:43:22 | INFO     | ----------------------------------------
2026-01-21 07:43:22 | INFO     | UNIVERSO: LOTO
2026-01-21 07:43:22 | DEBUG    | Pesos de confianza: {'consenso_meritocratico_v2': 0.6931471805599453, 'consenso_v1': 0.7929925155296614, 'delta_tactico_v1': 0.6931471805599453, 'forense_biometrico_v1': 0.6931471805599453, 'gaussiano_tactico_v1': 0.6931471805599453, 'markov_chain_v1': 0.6931471805599453, 'oraculo_neural_v3': 1.0612565021243408, 'oraculo_neural_v4': 0.6931471805599453}
2026-01-21 07:43:22 | INFO     | Objetivo Crononauta: #5377 | Fecha: 22/01/2026 21:00
2026-01-21 07:43:22 | INFO     |   forense_biometrico: [9, 12, 19, 30, 31, 40] [Score ADN: 6.35]
2026-01-21 07:43:22 | INFO     |   gaussiano_inteligente: [11, 17, 18, 26, 28, 41] [Score ADN: 5.95]
2026-01-21 07:43:22 | INFO     |   delta_dna: [2, 15, 16, 19, 29, 38] [Score ADN: 5.95]
2026-01-21 07:43:22 | INFO     |   markov_chain: [11, 12, 20, 28, 34, 41] [Score ADN: 11.35]
2026-01-21 07:44:15 | INFO     |   oraculo_neural_v3 (Pool: 89): [2, 11, 21, 24, 36, 37] [OK] [Confianza: 1.83x]
2026-01-21 07:44:24 | INFO     |   oraculo_neural_v4 (Pool: 100): [2, 5, 15, 29, 30, 41] [OK] [Confianza: 1.84x]
2026-01-21 07:44:24 | INFO     | Consenso Determinista validado (Score ADN: 8.65)
2026-01-21 07:44:24 | INFO     | TICKET FINAL: [2, 11, 15, 21, 24, 41] | 🔥 ALTA CONFIANZA (37.85%)
2026-01-21 07:44:24 | INFO     | ----------------------------------------
2026-01-21 07:44:24 | INFO     | UNIVERSO: LOTO3
2026-01-21 07:44:24 | INFO     | Activando LOTO3 ULTRA (Ensemble Avanzado)...
2026-01-21 07:44:25 | INFO     | LOTO3 ULTRA: 10 predicciones generadas
2026-01-21 07:44:25 | INFO     | ----------------------------------------
2026-01-21 07:44:25 | INFO     | UNIVERSO: LOTO4
2026-01-21 07:44:25 | DEBUG    | Pesos de confianza: {'consenso_meritocratico_v2': 0.6931471805599453, 'forense_biometrico_v1': 0.6931471805599453, 'oraculo_neural_v3': 0.8919980393051105, 'oraculo_neural_v4': 0.7929925155296614}
2026-01-21 07:44:25 | INFO     | Objetivo Crononauta: #11576 | Fecha: 21/01/2026 14:00
2026-01-21 07:44:25 | INFO     |   forense_biometrico: [7, 9, 19, 20] [Score ADN: 3.25]
2026-01-21 07:45:27 | INFO     |   oraculo_neural_v3 (Pool: 87): [1, 12, 13, 23] [OK] [Confianza: 2.22x]
2026-01-21 07:45:33 | INFO     |   oraculo_neural_v4 (Pool: 100): [5, 9, 15, 20] [OK] [Confianza: 2.23x]
2026-01-21 07:45:33 | INFO     | Consenso Determinista validado (Score ADN: 6.55)
2026-01-21 07:45:33 | INFO     | TICKET FINAL: [1, 12, 13, 15] | 🔥 ALTA CONFIANZA (47.05%)
2026-01-21 07:45:33 | INFO     | ----------------------------------------
2026-01-21 07:45:33 | INFO     | UNIVERSO: RACHA
2026-01-21 07:45:33 | DEBUG    | Pesos de confianza: {'consenso_meritocratico_v2': 2.900871992530031, 'forense_biometrico_v1': 2.8148097376737438, 'oraculo_neural_v3': 2.853015971352396, 'oraculo_neural_v4': 2.7806808921371178}
2026-01-21 07:45:33 | INFO     | Objetivo Crononauta: #10309 | Fecha: 21/01/2026 15:00
2026-01-21 07:45:33 | INFO     |   forense_biometrico: [1, 3, 4, 10, 11, 13, 14, 18, 19, 20] [Score ADN: 4.9]
2026-01-21 07:46:00 | INFO     |   oraculo_neural_v3 (Pool: 77): [1, 3, 4, 5, 6, 7, 10, 17, 18, 20] [OK] [Confianza: 2.21x]
2026-01-21 07:46:26 | INFO     |   oraculo_neural_v4 (Pool: 100): [1, 2, 3, 4, 8, 11, 12, 16, 19, 20] [OK] [Confianza: 2.15x]
2026-01-21 07:46:26 | INFO     | Consenso Determinista validado (Score ADN: 12.7)
2026-01-21 07:46:26 | INFO     | TICKET FINAL: [1, 3, 4, 5, 7, 10, 12, 17, 18, 20] | 🔥 ALTA CONFIANZA (68.48%)
2026-01-21 07:46:26 | INFO     | Forzando sincronización del laboratorio...
2026-01-21 07:46:26 | INFO     | Dashboard sincronizado correctamente.
2026-01-21 07:46:26 | INFO     | ============================================================
2026-01-21 07:46:26 | INFO     | PROCESO DEL SOÑADOR TERMINADO
2026-01-21 07:46:26 | INFO     | Total predicciones generadas: 20
2026-01-21 07:46:26 | INFO     | Log guardado en: /home/runner/work/lotus-2026/lotus-2026/engine/models/../../logs/bot_dreamer_20260121_074321.log
2026-01-21 07:46:26 | INFO     | ============================================================
