2026-01-18 06:54:09 | INFO     | === LOG INICIADO: /home/runner/work/lotus-2026/lotus-2026/engine/models/../../logs/bot_dreamer_20260118_065409.log ===
2026-01-18 06:54:10 | DEBUG    | OraculoNeural importado correctamente
2026-01-18 06:54:10 | DEBUG    | LotoForense importado correctamente
2026-01-18 06:54:10 | DEBUG    | MetaLearner importado correctamente
2026-01-18 06:54:10 | DEBUG    | Loto3Ultra importado correctamente
2026-01-18 06:54:10 | INFO     | ============================================================
2026-01-18 06:54:10 | INFO     | INICIANDO BOT SOÑADOR: LÓBULOS ESPECIALIZADOS v12.4
2026-01-18 06:54:10 | INFO     | ============================================================
2026-01-18 06:54:10 | DEBUG    | MetaLearner activo: True
2026-01-18 06:54:10 | INFO     | Hora Chile: 2026-01-18 03:54:10 | Día: 6 | Hora: 3
2026-01-18 06:54:10 | INFO     | Cortex cargado: Rankings y Morfología segmentados por juego.
2026-01-18 06:54:10 | DEBUG    | Juegos en genoma: ['LOTO', 'LOTO3', 'LOTO4', 'RACHA']
2026-01-18 06:54:10 | INFO     | ----------------------------------------
2026-01-18 06:54:10 | INFO     | UNIVERSO: LOTO
2026-01-18 06:54:10 | DEBUG    | Pesos de confianza: {'consenso_meritocratico_v2': 0.6931471805599453, 'consenso_v1': 0.7929925155296614, 'delta_tactico_v1': 0.6931471805599453, 'forense_biometrico_v1': 0.6931471805599453, 'gaussiano_tactico_v1': 0.6931471805599453, 'markov_chain_v1': 0.6931471805599453, 'oraculo_neural_v3': 0.6931471805599453, 'oraculo_neural_v4': 0.6931471805599453}
2026-01-18 06:54:10 | INFO     | Objetivo Crononauta: #5375 | Fecha: 18/01/2026 21:00
2026-01-18 06:54:10 | INFO     |   forense_biometrico: [7, 14, 17, 31, 32, 34] [Score ADN: 5.95]
2026-01-18 06:54:10 | INFO     |   gaussiano_inteligente: [5, 18, 20, 22, 23, 41] [Score ADN: 5.95]
2026-01-18 06:54:10 | INFO     |   delta_dna: [3, 8, 20, 29, 30, 41] [Score ADN: 5.95]
2026-01-18 06:54:10 | INFO     |   markov_chain: [12, 14, 18, 22, 28, 32] [Score ADN: 33.05]
2026-01-18 06:55:37 | INFO     |   oraculo_neural_v3 (Pool: 79): [2, 11, 16, 17, 27, 34] [OK] [Confianza: 1.83x]
2026-01-18 06:55:52 | INFO     |   oraculo_neural_v4 (Pool: 100): [1, 13, 15, 29, 33, 35] [OK] [Confianza: 2.11x]
2026-01-18 06:55:52 | INFO     | Consenso Determinista validado (Score ADN: 22.35)
2026-01-18 06:55:52 | INFO     | TICKET FINAL: [1, 13, 27, 33, 34, 35] | 🔥 ALTA CONFIANZA (34.43%)
2026-01-18 06:55:52 | INFO     | ----------------------------------------
2026-01-18 06:55:52 | INFO     | UNIVERSO: LOTO3
2026-01-18 06:55:52 | INFO     | Activando LOTO3 ULTRA (Ensemble Avanzado)...
2026-01-18 06:55:53 | INFO     | LOTO3 ULTRA: 10 predicciones generadas
2026-01-18 06:55:53 | INFO     | ----------------------------------------
2026-01-18 06:55:53 | INFO     | UNIVERSO: LOTO4
2026-01-18 06:55:53 | DEBUG    | Pesos de confianza: {'consenso_meritocratico_v2': 0.6931471805599453, 'forense_biometrico_v1': 0.6931471805599453, 'oraculo_neural_v3': 0.8919980393051105, 'oraculo_neural_v4': 0.7929925155296614}
2026-01-18 06:55:53 | INFO     | Objetivo Crononauta: #11570 | Fecha: 18/01/2026 14:00
2026-01-18 06:55:53 | INFO     |   forense_biometrico: [4, 13, 14, 23] [Score ADN: 4.55]
2026-01-18 06:56:47 | INFO     |   oraculo_neural_v3 (Pool: 86): [13, 15, 16, 19] [OK] [Confianza: 2.22x]
2026-01-18 06:57:05 | INFO     |   oraculo_neural_v4 (Pool: 100): [1, 6, 14, 15] [OK] [Confianza: 2.38x]
2026-01-18 06:57:05 | INFO     | Consenso Determinista validado (Score ADN: 17.85)
2026-01-18 06:57:05 | INFO     | TICKET FINAL: [13, 14, 15, 16] | 🔥 ALTA CONFIANZA (55.28%)
2026-01-18 06:57:05 | INFO     | ----------------------------------------
2026-01-18 06:57:05 | INFO     | UNIVERSO: RACHA
2026-01-18 06:57:05 | DEBUG    | Pesos de confianza: {'consenso_meritocratico_v2': 2.900871992530031, 'forense_biometrico_v1': 2.8148097376737438, 'oraculo_neural_v3': 2.853015971352396, 'oraculo_neural_v4': 2.7806808921371178}
2026-01-18 06:57:05 | INFO     | Objetivo Crononauta: #10303 | Fecha: 18/01/2026 15:00
2026-01-18 06:57:05 | INFO     |   forense_biometrico: [1, 4, 5, 7, 8, 12, 13, 14, 18, 19] [Score ADN: 4.9]
2026-01-18 06:57:49 | INFO     |   oraculo_neural_v3 (Pool: 76): [1, 3, 4, 5, 10, 12, 13, 14, 18, 19] [OK] [Confianza: 2.21x]
2026-01-18 06:58:33 | INFO     |   oraculo_neural_v4 (Pool: 100): [1, 2, 3, 6, 7, 8, 9, 11, 13, 15] [OK] [Confianza: 2.08x]
2026-01-18 06:58:33 | INFO     | Consenso Determinista validado (Score ADN: 15.1)
2026-01-18 06:58:33 | INFO     | TICKET FINAL: [1, 3, 4, 5, 9, 11, 13, 14, 18, 19] | 🔥 ALTA CONFIANZA (66.21%)
2026-01-18 06:58:33 | INFO     | Forzando sincronización del laboratorio...
2026-01-18 06:58:33 | INFO     | Dashboard sincronizado correctamente.
2026-01-18 06:58:33 | INFO     | ============================================================
2026-01-18 06:58:33 | INFO     | PROCESO DEL SOÑADOR TERMINADO
2026-01-18 06:58:33 | INFO     | Total predicciones generadas: 20
2026-01-18 06:58:33 | INFO     | Log guardado en: /home/runner/work/lotus-2026/lotus-2026/engine/models/../../logs/bot_dreamer_20260118_065409.log
2026-01-18 06:58:33 | INFO     | ============================================================
