2026-01-18 12:35:34 | INFO     | === LOG INICIADO: /home/runner/work/lotus-2026/lotus-2026/engine/models/../../logs/bot_dreamer_20260118_123534.log ===
2026-01-18 12:35:35 | DEBUG    | OraculoNeural importado correctamente
2026-01-18 12:35:35 | DEBUG    | LotoForense importado correctamente
2026-01-18 12:35:35 | DEBUG    | MetaLearner importado correctamente
2026-01-18 12:35:35 | DEBUG    | Loto3Ultra importado correctamente
2026-01-18 12:35:35 | INFO     | ============================================================
2026-01-18 12:35:35 | INFO     | INICIANDO BOT SOÑADOR: LÓBULOS ESPECIALIZADOS v12.4
2026-01-18 12:35:35 | INFO     | ============================================================
2026-01-18 12:35:35 | DEBUG    | MetaLearner activo: True
2026-01-18 12:35:35 | INFO     | Hora Chile: 2026-01-18 09:35:35 | Día: 6 | Hora: 9
2026-01-18 12:35:35 | INFO     | Cortex cargado: Rankings y Morfología segmentados por juego.
2026-01-18 12:35:35 | DEBUG    | Juegos en genoma: ['LOTO', 'LOTO3', 'LOTO4', 'RACHA']
2026-01-18 12:35:35 | INFO     | ----------------------------------------
2026-01-18 12:35:35 | INFO     | UNIVERSO: LOTO
2026-01-18 12:35:35 | DEBUG    | Pesos de confianza: {'consenso_meritocratico_v2': 0.6931471805599453, 'consenso_v1': 0.7929925155296614, 'delta_tactico_v1': 0.6931471805599453, 'forense_biometrico_v1': 0.6931471805599453, 'gaussiano_tactico_v1': 0.6931471805599453, 'markov_chain_v1': 0.6931471805599453, 'oraculo_neural_v3': 0.6931471805599453, 'oraculo_neural_v4': 0.6931471805599453}
2026-01-18 12:35:35 | INFO     | Objetivo Crononauta: #5375 | Fecha: 18/01/2026 21:00
2026-01-18 12:35:35 | INFO     |   forense_biometrico: [7, 11, 18, 19, 26, 28] [Score ADN: 5.95]
2026-01-18 12:35:35 | INFO     |   gaussiano_inteligente: [5, 14, 22, 23, 26, 29] [Score ADN: 5.95]
2026-01-18 12:35:35 | INFO     |   delta_dna: [13, 16, 28, 29, 34, 41] [Score ADN: 5.95]
2026-01-18 12:35:35 | INFO     |   markov_chain: [12, 14, 18, 22, 28, 32] [Score ADN: 33.05]
2026-01-18 12:36:51 | INFO     |   oraculo_neural_v3 (Pool: 85): [16, 17, 26, 29, 34, 41] [OK] [Confianza: 1.83x]
2026-01-18 12:37:06 | INFO     |   oraculo_neural_v4 (Pool: 100): [1, 13, 15, 29, 33, 35] [OK] [Confianza: 2.11x]
2026-01-18 12:37:06 | INFO     | Consenso Determinista validado (Score ADN: 14.05)
2026-01-18 12:37:06 | INFO     | TICKET FINAL: [1, 13, 15, 18, 29, 33] | 🔥 ALTA CONFIANZA (33.19%)
2026-01-18 12:37:06 | INFO     | ----------------------------------------
2026-01-18 12:37:06 | INFO     | UNIVERSO: LOTO3
2026-01-18 12:37:06 | INFO     | Activando LOTO3 ULTRA (Ensemble Avanzado)...
2026-01-18 12:37:07 | INFO     | LOTO3 ULTRA: 10 predicciones generadas
2026-01-18 12:37:07 | INFO     | ----------------------------------------
2026-01-18 12:37:07 | INFO     | UNIVERSO: LOTO4
2026-01-18 12:37:07 | DEBUG    | Pesos de confianza: {'consenso_meritocratico_v2': 0.6931471805599453, 'forense_biometrico_v1': 0.6931471805599453, 'oraculo_neural_v3': 0.8919980393051105, 'oraculo_neural_v4': 0.7929925155296614}
2026-01-18 12:37:07 | INFO     | Objetivo Crononauta: #11570 | Fecha: 18/01/2026 14:00
2026-01-18 12:37:07 | INFO     |   forense_biometrico: [5, 6, 15, 23] [Score ADN: 3.25]
2026-01-18 12:37:55 | INFO     |   oraculo_neural_v3 (Pool: 87): [7, 14, 15, 19] [OK] [Confianza: 2.22x]
2026-01-18 12:38:11 | INFO     |   oraculo_neural_v4 (Pool: 100): [1, 6, 14, 15] [OK] [Confianza: 2.38x]
2026-01-18 12:38:11 | INFO     | Consenso Determinista validado (Score ADN: 6.55)
2026-01-18 12:38:11 | INFO     | TICKET FINAL: [1, 7, 14, 15] | 🔥 ALTA CONFIANZA (65.03%)
2026-01-18 12:38:11 | INFO     | ----------------------------------------
2026-01-18 12:38:11 | INFO     | UNIVERSO: RACHA
2026-01-18 12:38:11 | DEBUG    | Pesos de confianza: {'consenso_meritocratico_v2': 2.900871992530031, 'forense_biometrico_v1': 2.8148097376737438, 'oraculo_neural_v3': 2.853015971352396, 'oraculo_neural_v4': 2.7806808921371178}
2026-01-18 12:38:11 | INFO     | Objetivo Crononauta: #10303 | Fecha: 18/01/2026 15:00
2026-01-18 12:38:11 | INFO     |   forense_biometrico: [3, 4, 7, 10, 11, 12, 13, 15, 16, 20] [Score ADN: 4.9]
2026-01-18 12:38:52 | INFO     |   oraculo_neural_v3 (Pool: 81): [2, 4, 5, 8, 9, 13, 14, 15, 16, 19] [OK] [Confianza: 2.21x]
2026-01-18 12:39:30 | INFO     |   oraculo_neural_v4 (Pool: 100): [1, 2, 3, 6, 7, 8, 9, 11, 13, 15] [OK] [Confianza: 2.07x]
2026-01-18 12:39:30 | INFO     | Consenso Determinista validado (Score ADN: 7.3)
2026-01-18 12:39:30 | INFO     | TICKET FINAL: [2, 3, 4, 7, 8, 9, 13, 15, 16, 19] | 🔥 ALTA CONFIANZA (72.47%)
2026-01-18 12:39:30 | INFO     | Forzando sincronización del laboratorio...
2026-01-18 12:39:30 | INFO     | Dashboard sincronizado correctamente.
2026-01-18 12:39:30 | INFO     | ============================================================
2026-01-18 12:39:30 | INFO     | PROCESO DEL SOÑADOR TERMINADO
2026-01-18 12:39:30 | INFO     | Total predicciones generadas: 20
2026-01-18 12:39:30 | INFO     | Log guardado en: /home/runner/work/lotus-2026/lotus-2026/engine/models/../../logs/bot_dreamer_20260118_123534.log
2026-01-18 12:39:30 | INFO     | ============================================================
