2026-01-20 01:18:20 | INFO     | === LOG INICIADO: /home/runner/work/lotus-2026/lotus-2026/engine/models/../../logs/bot_dreamer_20260120_011820.log ===
2026-01-20 01:18:22 | DEBUG    | OraculoNeural importado correctamente
2026-01-20 01:18:22 | DEBUG    | LotoForense importado correctamente
2026-01-20 01:18:22 | DEBUG    | MetaLearner importado correctamente
2026-01-20 01:18:22 | DEBUG    | Loto3Ultra importado correctamente
2026-01-20 01:18:22 | INFO     | ============================================================
2026-01-20 01:18:22 | INFO     | INICIANDO BOT SOÑADOR: LÓBULOS ESPECIALIZADOS v12.4
2026-01-20 01:18:22 | INFO     | ============================================================
2026-01-20 01:18:22 | DEBUG    | MetaLearner activo: True
2026-01-20 01:18:22 | INFO     | Hora Chile: 2026-01-19 22:18:22 | Día: 0 | Hora: 22
2026-01-20 01:18:22 | INFO     | Cortex cargado: Rankings y Morfología segmentados por juego.
2026-01-20 01:18:22 | DEBUG    | Juegos en genoma: ['LOTO', 'LOTO3', 'LOTO4', 'RACHA']
2026-01-20 01:18:22 | INFO     | ----------------------------------------
2026-01-20 01:18:22 | INFO     | UNIVERSO: LOTO
2026-01-20 01:18:22 | DEBUG    | Pesos de confianza: {'consenso_meritocratico_v2': 0.6931471805599453, 'consenso_v1': 0.7929925155296614, 'delta_tactico_v1': 0.6931471805599453, 'forense_biometrico_v1': 0.6931471805599453, 'gaussiano_tactico_v1': 0.6931471805599453, 'markov_chain_v1': 0.6931471805599453, 'oraculo_neural_v3': 0.8064758658669485, 'oraculo_neural_v4': 0.6931471805599453}
2026-01-20 01:18:22 | INFO     | Objetivo Crononauta: #5376 | Fecha: 20/01/2026 21:00
2026-01-20 01:18:22 | INFO     |   forense_biometrico: [7, 11, 12, 28, 31, 36] [Score ADN: 5.95]
2026-01-20 01:18:22 | INFO     |   gaussiano_inteligente: [3, 20, 26, 31, 32, 41] [Score ADN: 5.95]
2026-01-20 01:18:22 | INFO     |   delta_dna: [2, 22, 27, 28, 37, 41] [Score ADN: 5.95]
2026-01-20 01:18:22 | INFO     |   markov_chain: [1, 16, 21, 24, 30, 34] [Score ADN: 23.05]
2026-01-20 01:19:37 | INFO     |   oraculo_neural_v3 (Pool: 87): [3, 10, 13, 29, 30, 38] [OK] [Confianza: 1.83x]
2026-01-20 01:19:53 | INFO     |   oraculo_neural_v4 (Pool: 100): [4, 18, 20, 27, 29, 35] [OK] [Confianza: 2.22x]
2026-01-20 01:19:53 | INFO     | Consenso Determinista validado (Score ADN: 16.35)
2026-01-20 01:19:53 | INFO     | TICKET FINAL: [10, 18, 20, 27, 29, 30] | 🔥 ALTA CONFIANZA (37.16%)
2026-01-20 01:19:53 | INFO     | ----------------------------------------
2026-01-20 01:19:53 | INFO     | UNIVERSO: LOTO3
2026-01-20 01:19:53 | INFO     | Activando LOTO3 ULTRA (Ensemble Avanzado)...
2026-01-20 01:19:54 | INFO     | LOTO3 ULTRA: 10 predicciones generadas
2026-01-20 01:19:54 | INFO     | ----------------------------------------
2026-01-20 01:19:54 | INFO     | UNIVERSO: LOTO4
2026-01-20 01:19:54 | DEBUG    | Pesos de confianza: {'consenso_meritocratico_v2': 0.6931471805599453, 'forense_biometrico_v1': 0.6931471805599453, 'oraculo_neural_v3': 0.8919980393051105, 'oraculo_neural_v4': 0.7929925155296614}
2026-01-20 01:19:54 | INFO     | Objetivo Crononauta: #11574 | Fecha: 20/01/2026 14:00
2026-01-20 01:19:54 | INFO     |   forense_biometrico: [6, 7, 17, 20] [Score ADN: 4.55]
2026-01-20 01:20:39 | INFO     |   oraculo_neural_v3 (Pool: 86): [8, 9, 13, 19] [OK] [Confianza: 2.22x]
2026-01-20 01:20:54 | INFO     |   oraculo_neural_v4 (Pool: 100): [1, 5, 6, 14] [OK] [Confianza: 2.35x]
2026-01-20 01:20:54 | INFO     | Consenso Determinista validado (Score ADN: 19.45)
2026-01-20 01:20:54 | INFO     | TICKET FINAL: [1, 5, 9, 14] | 🔥 ALTA CONFIANZA (44.35%)
2026-01-20 01:20:54 | INFO     | ----------------------------------------
2026-01-20 01:20:54 | INFO     | UNIVERSO: RACHA
2026-01-20 01:20:54 | DEBUG    | Pesos de confianza: {'consenso_meritocratico_v2': 2.900871992530031, 'forense_biometrico_v1': 2.8148097376737438, 'oraculo_neural_v3': 2.853015971352396, 'oraculo_neural_v4': 2.7806808921371178}
2026-01-20 01:20:54 | INFO     | Objetivo Crononauta: #10307 | Fecha: 20/01/2026 15:00
2026-01-20 01:20:54 | INFO     |   forense_biometrico: [1, 5, 6, 7, 10, 11, 14, 18, 19, 20] [Score ADN: 4.9]
2026-01-20 01:21:32 | INFO     |   oraculo_neural_v3 (Pool: 77): [4, 5, 6, 7, 9, 10, 12, 13, 16, 19] [OK] [Confianza: 2.21x]
2026-01-20 01:21:52 | INFO     |   oraculo_neural_v4 (Pool: 100): [3, 5, 7, 9, 10, 11, 13, 14, 18, 19] [OK] [Confianza: 2.26x]
2026-01-20 01:21:52 | INFO     | Consenso Determinista validado (Score ADN: 9.9)
2026-01-20 01:21:52 | INFO     | TICKET FINAL: [4, 5, 6, 7, 9, 10, 13, 14, 18, 19] | 🔥 ALTA CONFIANZA (75.25%)
2026-01-20 01:21:52 | INFO     | Forzando sincronización del laboratorio...
2026-01-20 01:21:52 | INFO     | Dashboard sincronizado correctamente.
2026-01-20 01:21:52 | INFO     | ============================================================
2026-01-20 01:21:52 | INFO     | PROCESO DEL SOÑADOR TERMINADO
2026-01-20 01:21:52 | INFO     | Total predicciones generadas: 20
2026-01-20 01:21:52 | INFO     | Log guardado en: /home/runner/work/lotus-2026/lotus-2026/engine/models/../../logs/bot_dreamer_20260120_011820.log
2026-01-20 01:21:52 | INFO     | ============================================================
