2026-01-18 13:17:55 | INFO     | === LOG INICIADO: /home/runner/work/lotus-2026/lotus-2026/engine/models/../../logs/bot_dreamer_20260118_131755.log ===
2026-01-18 13:17:56 | DEBUG    | OraculoNeural importado correctamente
2026-01-18 13:17:56 | DEBUG    | LotoForense importado correctamente
2026-01-18 13:17:56 | DEBUG    | MetaLearner importado correctamente
2026-01-18 13:17:56 | DEBUG    | Loto3Ultra importado correctamente
2026-01-18 13:17:56 | INFO     | ============================================================
2026-01-18 13:17:56 | INFO     | INICIANDO BOT SOÑADOR: LÓBULOS ESPECIALIZADOS v12.4
2026-01-18 13:17:56 | INFO     | ============================================================
2026-01-18 13:17:56 | DEBUG    | MetaLearner activo: True
2026-01-18 13:17:56 | INFO     | Hora Chile: 2026-01-18 10:17:56 | Día: 6 | Hora: 10
2026-01-18 13:17:56 | INFO     | Cortex cargado: Rankings y Morfología segmentados por juego.
2026-01-18 13:17:56 | DEBUG    | Juegos en genoma: ['LOTO', 'LOTO3', 'LOTO4', 'RACHA']
2026-01-18 13:17:56 | INFO     | ----------------------------------------
2026-01-18 13:17:56 | INFO     | UNIVERSO: LOTO
2026-01-18 13:17:56 | DEBUG    | Pesos de confianza: {'consenso_meritocratico_v2': 0.6931471805599453, 'consenso_v1': 0.7929925155296614, 'delta_tactico_v1': 0.6931471805599453, 'forense_biometrico_v1': 0.6931471805599453, 'gaussiano_tactico_v1': 0.6931471805599453, 'markov_chain_v1': 0.6931471805599453, 'oraculo_neural_v3': 0.6931471805599453, 'oraculo_neural_v4': 0.6931471805599453}
2026-01-18 13:17:56 | INFO     | Objetivo Crononauta: #5375 | Fecha: 18/01/2026 21:00
2026-01-18 13:17:56 | INFO     |   forense_biometrico: [11, 12, 23, 26, 32, 41] [Score ADN: 5.95]
2026-01-18 13:17:56 | INFO     |   gaussiano_inteligente: [3, 23, 24, 26, 38, 41] [Score ADN: 5.95]
2026-01-18 13:17:56 | INFO     |   delta_dna: [19, 23, 26, 29, 30, 34] [Score ADN: 5.95]
2026-01-18 13:17:56 | INFO     |   markov_chain: [12, 14, 18, 22, 28, 32] [Score ADN: 33.05]
2026-01-18 13:19:01 | INFO     |   oraculo_neural_v3 (Pool: 93): [3, 16, 17, 19, 32, 40] [OK] [Confianza: 1.83x]
2026-01-18 13:19:18 | INFO     |   oraculo_neural_v4 (Pool: 100): [1, 13, 15, 29, 33, 35] [OK] [Confianza: 2.11x]
2026-01-18 13:19:18 | INFO     | Consenso Determinista validado (Score ADN: 18.05)
2026-01-18 13:19:18 | INFO     | TICKET FINAL: [12, 14, 16, 29, 32, 35] | 🔥 ALTA CONFIANZA (32.58%)
2026-01-18 13:19:18 | INFO     | ----------------------------------------
2026-01-18 13:19:18 | INFO     | UNIVERSO: LOTO3
2026-01-18 13:19:18 | INFO     | Activando LOTO3 ULTRA (Ensemble Avanzado)...
2026-01-18 13:19:18 | INFO     | LOTO3 ULTRA: 10 predicciones generadas
2026-01-18 13:19:18 | INFO     | ----------------------------------------
2026-01-18 13:19:18 | INFO     | UNIVERSO: LOTO4
2026-01-18 13:19:18 | DEBUG    | Pesos de confianza: {'consenso_meritocratico_v2': 0.6931471805599453, 'forense_biometrico_v1': 0.6931471805599453, 'oraculo_neural_v3': 0.8919980393051105, 'oraculo_neural_v4': 0.7929925155296614}
2026-01-18 13:19:18 | INFO     | Objetivo Crononauta: #11570 | Fecha: 18/01/2026 14:00
2026-01-18 13:19:18 | INFO     |   forense_biometrico: [1, 5, 16, 17] [Score ADN: 3.25]
2026-01-18 13:20:02 | INFO     |   oraculo_neural_v3 (Pool: 83): [1, 3, 16, 17] [OK] [Confianza: 2.22x]
2026-01-18 13:20:18 | INFO     |   oraculo_neural_v4 (Pool: 100): [1, 6, 14, 15] [OK] [Confianza: 2.38x]
2026-01-18 13:20:18 | INFO     | Consenso Determinista validado (Score ADN: 6.55)
2026-01-18 13:20:18 | INFO     | TICKET FINAL: [1, 3, 15, 16] | 🔥 ALTA CONFIANZA (55.28%)
2026-01-18 13:20:18 | INFO     | ----------------------------------------
2026-01-18 13:20:18 | INFO     | UNIVERSO: RACHA
2026-01-18 13:20:18 | DEBUG    | Pesos de confianza: {'consenso_meritocratico_v2': 2.900871992530031, 'forense_biometrico_v1': 2.8148097376737438, 'oraculo_neural_v3': 2.853015971352396, 'oraculo_neural_v4': 2.7806808921371178}
2026-01-18 13:20:18 | INFO     | Objetivo Crononauta: #10303 | Fecha: 18/01/2026 15:00
2026-01-18 13:20:18 | INFO     |   forense_biometrico: [3, 4, 5, 8, 12, 14, 15, 16, 17, 19] [Score ADN: 4.9]
2026-01-18 13:20:52 | INFO     |   oraculo_neural_v3 (Pool: 77): [3, 4, 6, 7, 8, 12, 13, 15, 16, 19] [OK] [Confianza: 2.21x]
2026-01-18 13:21:26 | INFO     |   oraculo_neural_v4 (Pool: 100): [1, 2, 3, 6, 7, 8, 9, 11, 13, 15] [OK] [Confianza: 1.92x]
2026-01-18 13:21:26 | INFO     | Consenso Determinista validado (Score ADN: 5.9)
2026-01-18 13:21:26 | INFO     | TICKET FINAL: [2, 3, 4, 6, 7, 8, 13, 15, 16, 19] | 🔥 ALTA CONFIANZA (74.57%)
2026-01-18 13:21:26 | INFO     | Forzando sincronización del laboratorio...
2026-01-18 13:21:26 | INFO     | Dashboard sincronizado correctamente.
2026-01-18 13:21:26 | INFO     | ============================================================
2026-01-18 13:21:26 | INFO     | PROCESO DEL SOÑADOR TERMINADO
2026-01-18 13:21:26 | INFO     | Total predicciones generadas: 20
2026-01-18 13:21:26 | INFO     | Log guardado en: /home/runner/work/lotus-2026/lotus-2026/engine/models/../../logs/bot_dreamer_20260118_131755.log
2026-01-18 13:21:26 | INFO     | ============================================================
