2026-01-21 19:54:57 | INFO     | === LOG INICIADO: /home/runner/work/lotus-2026/lotus-2026/engine/models/../../logs/bot_dreamer_20260121_195457.log ===
2026-01-21 19:54:59 | DEBUG    | OraculoNeural importado correctamente
2026-01-21 19:54:59 | DEBUG    | LotoForense importado correctamente
2026-01-21 19:54:59 | DEBUG    | MetaLearner importado correctamente
2026-01-21 19:54:59 | DEBUG    | Loto3Ultra importado correctamente
2026-01-21 19:54:59 | INFO     | ============================================================
2026-01-21 19:54:59 | INFO     | INICIANDO BOT SOÑADOR: LÓBULOS ESPECIALIZADOS v12.4
2026-01-21 19:54:59 | INFO     | ============================================================
2026-01-21 19:54:59 | DEBUG    | MetaLearner activo: True
2026-01-21 19:54:59 | INFO     | Hora Chile: 2026-01-21 16:54:59 | Día: 2 | Hora: 16
2026-01-21 19:54:59 | INFO     | Cortex cargado: Rankings y Morfología segmentados por juego.
2026-01-21 19:54:59 | DEBUG    | Juegos en genoma: ['LOTO', 'LOTO3', 'LOTO4', 'RACHA']
2026-01-21 19:54:59 | INFO     | ----------------------------------------
2026-01-21 19:54:59 | INFO     | UNIVERSO: LOTO
2026-01-21 19:54:59 | DEBUG    | Pesos de confianza: {'consenso_meritocratico_v2': 0.6931471805599453, 'consenso_v1': 0.7929925155296614, 'delta_tactico_v1': 0.6931471805599453, 'forense_biometrico_v1': 0.6931471805599453, 'gaussiano_tactico_v1': 0.6931471805599453, 'markov_chain_v1': 0.6931471805599453, 'oraculo_neural_v3': 1.1537315878891892, 'oraculo_neural_v4': 0.6931471805599453}
2026-01-21 19:54:59 | INFO     | Objetivo Crononauta: #5377 | Fecha: 22/01/2026 21:00
2026-01-21 19:54:59 | INFO     |   forense_biometrico: [10, 12, 13, 17, 26, 41] [Score ADN: 5.95]
2026-01-21 19:54:59 | INFO     |   gaussiano_inteligente: [4, 5, 20, 23, 32, 41] [Score ADN: 5.95]
2026-01-21 19:54:59 | INFO     |   delta_dna: [10, 14, 21, 28, 29, 31] [Score ADN: 6.35]
2026-01-21 19:54:59 | INFO     |   markov_chain: [11, 12, 20, 28, 34, 41] [Score ADN: 11.35]
2026-01-21 19:55:52 | INFO     |   oraculo_neural_v3 (Pool: 82): [2, 3, 10, 16, 33, 37] [OK] [Confianza: 1.83x]
2026-01-21 19:56:02 | INFO     |   oraculo_neural_v4 (Pool: 100): [2, 5, 15, 29, 30, 41] [OK] [Confianza: 1.84x]
2026-01-21 19:56:02 | INFO     | Consenso Determinista validado (Score ADN: 7.65)
2026-01-21 19:56:02 | INFO     | TICKET FINAL: [2, 10, 16, 33, 37, 41] | 🔥 ALTA CONFIANZA (37.76%)
2026-01-21 19:56:02 | INFO     | ----------------------------------------
2026-01-21 19:56:02 | INFO     | UNIVERSO: LOTO3
2026-01-21 19:56:02 | INFO     | Activando LOTO3 ULTRA (Ensemble Avanzado)...
2026-01-21 19:56:02 | INFO     | LOTO3 ULTRA: 10 predicciones generadas
2026-01-21 19:56:02 | INFO     | ----------------------------------------
2026-01-21 19:56:02 | INFO     | UNIVERSO: LOTO4
2026-01-21 19:56:02 | DEBUG    | Pesos de confianza: {'consenso_meritocratico_v2': 0.6931471805599453, 'forense_biometrico_v1': 0.6931471805599453, 'oraculo_neural_v3': 0.8919980393051105, 'oraculo_neural_v4': 0.7929925155296614}
2026-01-21 19:56:02 | INFO     | Objetivo Crononauta: #11577 | Fecha: 21/01/2026 21:00
2026-01-21 19:56:02 | INFO     |   forense_biometrico: [5, 6, 11, 21] [Score ADN: 3.25]
2026-01-21 19:57:06 | INFO     |   oraculo_neural_v3 (Pool: 86): [7, 9, 10, 13] [OK] [Confianza: 2.22x]
2026-01-21 19:57:12 | INFO     |   oraculo_neural_v4 (Pool: 100): [1, 9, 15, 23] [OK] [Confianza: 2.38x]
2026-01-21 19:57:12 | INFO     | Consenso Determinista validado (Score ADN: 12.15)
2026-01-21 19:57:12 | INFO     | TICKET FINAL: [7, 9, 15, 23] | 🔥 ALTA CONFIANZA (55.77%)
2026-01-21 19:57:12 | INFO     | ----------------------------------------
2026-01-21 19:57:12 | INFO     | UNIVERSO: RACHA
2026-01-21 19:57:12 | DEBUG    | Pesos de confianza: {'consenso_meritocratico_v2': 2.900871992530031, 'forense_biometrico_v1': 2.8148097376737438, 'oraculo_neural_v3': 2.853015971352396, 'oraculo_neural_v4': 2.7806808921371178}
2026-01-21 19:57:12 | INFO     | Objetivo Crononauta: #10310 | Fecha: 21/01/2026 22:00
2026-01-21 19:57:12 | INFO     |   forense_biometrico: [1, 2, 6, 7, 10, 11, 14, 15, 19, 20] [Score ADN: 4.9]
2026-01-21 19:57:40 | INFO     |   oraculo_neural_v3 (Pool: 87): [1, 4, 5, 6, 7, 12, 13, 16, 18, 19] [OK] [Confianza: 2.23x]
2026-01-21 19:58:06 | INFO     |   oraculo_neural_v4 (Pool: 100): [1, 2, 3, 4, 8, 11, 12, 16, 19, 20] [OK] [Confianza: 2.22x]
2026-01-21 19:58:06 | INFO     | Consenso Determinista validado (Score ADN: 12.7)
2026-01-21 19:58:06 | INFO     | TICKET FINAL: [1, 2, 4, 7, 12, 13, 16, 18, 19, 20] | 🔥 ALTA CONFIANZA (72.44%)
2026-01-21 19:58:06 | INFO     | Forzando sincronización del laboratorio...
2026-01-21 19:58:06 | INFO     | Dashboard sincronizado correctamente.
2026-01-21 19:58:06 | INFO     | ============================================================
2026-01-21 19:58:06 | INFO     | PROCESO DEL SOÑADOR TERMINADO
2026-01-21 19:58:06 | INFO     | Total predicciones generadas: 20
2026-01-21 19:58:06 | INFO     | Log guardado en: /home/runner/work/lotus-2026/lotus-2026/engine/models/../../logs/bot_dreamer_20260121_195457.log
2026-01-21 19:58:06 | INFO     | ============================================================
