2026-01-18 05:01:40 | INFO     | === LOG INICIADO: /home/runner/work/lotus-2026/lotus-2026/engine/models/../../logs/bot_dreamer_20260118_050140.log ===
2026-01-18 05:01:41 | DEBUG    | OraculoNeural importado correctamente
2026-01-18 05:01:41 | DEBUG    | LotoForense importado correctamente
2026-01-18 05:01:41 | DEBUG    | MetaLearner importado correctamente
2026-01-18 05:01:41 | DEBUG    | Loto3Ultra importado correctamente
2026-01-18 05:01:41 | INFO     | ============================================================
2026-01-18 05:01:41 | INFO     | INICIANDO BOT SOÑADOR: LÓBULOS ESPECIALIZADOS v12.4
2026-01-18 05:01:41 | INFO     | ============================================================
2026-01-18 05:01:41 | DEBUG    | MetaLearner activo: True
2026-01-18 05:01:41 | INFO     | Hora Chile: 2026-01-18 02:01:41 | Día: 6 | Hora: 2
2026-01-18 05:01:41 | INFO     | Cortex cargado: Rankings y Morfología segmentados por juego.
2026-01-18 05:01:41 | DEBUG    | Juegos en genoma: ['LOTO', 'LOTO3', 'LOTO4', 'RACHA']
2026-01-18 05:01:41 | INFO     | ----------------------------------------
2026-01-18 05:01:41 | INFO     | UNIVERSO: LOTO
2026-01-18 05:01:41 | DEBUG    | Pesos de confianza: {'consenso_meritocratico_v2': 0.6931471805599453, 'consenso_v1': 0.7929925155296614, 'delta_tactico_v1': 0.6931471805599453, 'forense_biometrico_v1': 0.6931471805599453, 'gaussiano_tactico_v1': 0.6931471805599453, 'markov_chain_v1': 0.6931471805599453, 'oraculo_neural_v3': 0.6931471805599453, 'oraculo_neural_v4': 0.6931471805599453}
2026-01-18 05:01:41 | INFO     | Objetivo Crononauta: #5375 | Fecha: 18/01/2026 21:00
2026-01-18 05:01:41 | INFO     |   forense_biometrico: [2, 8, 15, 28, 29, 41] [Score ADN: 5.95]
2026-01-18 05:01:41 | INFO     |   gaussiano_inteligente: [6, 18, 23, 29, 37, 38] [Score ADN: 5.95]
2026-01-18 05:01:41 | INFO     |   delta_dna: [19, 23, 24, 28, 30, 37] [Score ADN: 5.95]
2026-01-18 05:01:41 | INFO     |   markov_chain: [12, 14, 18, 22, 28, 32] [Score ADN: 33.05]
2026-01-18 05:03:05 | INFO     |   oraculo_neural_v3 (Pool: 82): [2, 14, 16, 17, 25, 31] [OK] [Confianza: 1.83x]
2026-01-18 05:03:20 | INFO     |   oraculo_neural_v4 (Pool: 100): [1, 13, 15, 29, 33, 35] [OK] [Confianza: 2.11x]
2026-01-18 05:03:20 | INFO     | Consenso Determinista validado (Score ADN: 17.35)
2026-01-18 05:03:20 | INFO     | TICKET FINAL: [14, 15, 16, 25, 31, 33] | 🔥 ALTA CONFIANZA (33.18%)
2026-01-18 05:03:20 | INFO     | ----------------------------------------
2026-01-18 05:03:20 | INFO     | UNIVERSO: LOTO3
2026-01-18 05:03:20 | INFO     | Activando LOTO3 ULTRA (Ensemble Avanzado)...
2026-01-18 05:03:21 | INFO     | LOTO3 ULTRA: 10 predicciones generadas
2026-01-18 05:03:21 | INFO     | ----------------------------------------
2026-01-18 05:03:21 | INFO     | UNIVERSO: LOTO4
2026-01-18 05:03:21 | DEBUG    | Pesos de confianza: {'consenso_meritocratico_v2': 0.6931471805599453, 'forense_biometrico_v1': 0.6931471805599453, 'oraculo_neural_v3': 0.8919980393051105, 'oraculo_neural_v4': 0.7929925155296614}
2026-01-18 05:03:21 | INFO     | Objetivo Crononauta: #11570 | Fecha: 18/01/2026 14:00
2026-01-18 05:03:21 | INFO     |   forense_biometrico: [1, 2, 11, 21] [Score ADN: 3.25]
2026-01-18 05:04:13 | INFO     |   oraculo_neural_v3 (Pool: 87): [9, 10, 13, 17] [OK] [Confianza: 2.22x]
2026-01-18 05:04:30 | INFO     |   oraculo_neural_v4 (Pool: 100): [1, 6, 14, 15] [OK] [Confianza: 2.38x]
2026-01-18 05:04:30 | INFO     | Consenso Determinista validado (Score ADN: 18.45)
2026-01-18 05:04:30 | INFO     | TICKET FINAL: [1, 6, 9, 15] | 🔥 ALTA CONFIANZA (46.5%)
2026-01-18 05:04:30 | INFO     | ----------------------------------------
2026-01-18 05:04:30 | INFO     | UNIVERSO: RACHA
2026-01-18 05:04:30 | DEBUG    | Pesos de confianza: {'consenso_meritocratico_v2': 2.900871992530031, 'forense_biometrico_v1': 2.8148097376737438, 'oraculo_neural_v3': 2.853015971352396, 'oraculo_neural_v4': 2.7806808921371178}
2026-01-18 05:04:30 | INFO     | Objetivo Crononauta: #10303 | Fecha: 18/01/2026 15:00
2026-01-18 05:04:30 | INFO     |   forense_biometrico: [1, 4, 7, 10, 11, 12, 13, 14, 16, 17] [Score ADN: 4.9]
2026-01-18 05:05:13 | INFO     |   oraculo_neural_v3 (Pool: 76): [1, 2, 3, 4, 6, 11, 15, 16, 18, 19] [OK] [Confianza: 2.21x]
2026-01-18 05:05:56 | INFO     |   oraculo_neural_v4 (Pool: 100): [1, 2, 3, 6, 7, 8, 9, 11, 13, 15] [OK] [Confianza: 1.85x]
2026-01-18 05:05:56 | INFO     | Consenso Determinista validado (Score ADN: 21.7)
2026-01-18 05:05:56 | INFO     | TICKET FINAL: [1, 2, 3, 4, 6, 9, 11, 15, 16, 18] | 🔥 ALTA CONFIANZA (73.6%)
2026-01-18 05:05:56 | INFO     | Forzando sincronización del laboratorio...
2026-01-18 05:05:56 | INFO     | Dashboard sincronizado correctamente.
2026-01-18 05:05:56 | INFO     | ============================================================
2026-01-18 05:05:56 | INFO     | PROCESO DEL SOÑADOR TERMINADO
2026-01-18 05:05:56 | INFO     | Total predicciones generadas: 20
2026-01-18 05:05:56 | INFO     | Log guardado en: /home/runner/work/lotus-2026/lotus-2026/engine/models/../../logs/bot_dreamer_20260118_050140.log
2026-01-18 05:05:56 | INFO     | ============================================================
