2026-01-18 06:27:51 | INFO     | === LOG INICIADO: /home/runner/work/lotus-2026/lotus-2026/engine/models/../../logs/bot_dreamer_20260118_062751.log ===
2026-01-18 06:27:52 | DEBUG    | OraculoNeural importado correctamente
2026-01-18 06:27:52 | DEBUG    | LotoForense importado correctamente
2026-01-18 06:27:53 | DEBUG    | MetaLearner importado correctamente
2026-01-18 06:27:53 | DEBUG    | Loto3Ultra importado correctamente
2026-01-18 06:27:53 | INFO     | ============================================================
2026-01-18 06:27:53 | INFO     | INICIANDO BOT SOÑADOR: LÓBULOS ESPECIALIZADOS v12.4
2026-01-18 06:27:53 | INFO     | ============================================================
2026-01-18 06:27:53 | DEBUG    | MetaLearner activo: True
2026-01-18 06:27:53 | INFO     | Hora Chile: 2026-01-18 03:27:53 | Día: 6 | Hora: 3
2026-01-18 06:27:53 | INFO     | Cortex cargado: Rankings y Morfología segmentados por juego.
2026-01-18 06:27:53 | DEBUG    | Juegos en genoma: ['LOTO', 'LOTO3', 'LOTO4', 'RACHA']
2026-01-18 06:27:53 | INFO     | ----------------------------------------
2026-01-18 06:27:53 | INFO     | UNIVERSO: LOTO
2026-01-18 06:27:53 | DEBUG    | Pesos de confianza: {'consenso_meritocratico_v2': 0.6931471805599453, 'consenso_v1': 0.7929925155296614, 'delta_tactico_v1': 0.6931471805599453, 'forense_biometrico_v1': 0.6931471805599453, 'gaussiano_tactico_v1': 0.6931471805599453, 'markov_chain_v1': 0.6931471805599453, 'oraculo_neural_v3': 0.6931471805599453, 'oraculo_neural_v4': 0.6931471805599453}
2026-01-18 06:27:53 | INFO     | Objetivo Crononauta: #5375 | Fecha: 18/01/2026 21:00
2026-01-18 06:27:53 | INFO     |   forense_biometrico: [7, 10, 18, 31, 40, 41] [Score ADN: 5.95]
2026-01-18 06:27:53 | INFO     |   gaussiano_inteligente: [3, 12, 17, 29, 30, 32] [Score ADN: 5.95]
2026-01-18 06:27:53 | INFO     |   delta_dna: [6, 11, 13, 20, 29, 30] [Score ADN: 5.95]
2026-01-18 06:27:53 | INFO     |   markov_chain: [12, 14, 18, 22, 28, 32] [Score ADN: 33.05]
2026-01-18 06:28:46 | INFO     |   oraculo_neural_v3 (Pool: 81): [8, 11, 19, 22, 23, 36] [OK] [Confianza: 1.83x]
2026-01-18 06:29:00 | INFO     |   oraculo_neural_v4 (Pool: 100): [1, 13, 15, 29, 33, 35] [OK] [Confianza: 2.11x]
2026-01-18 06:29:00 | INFO     | Consenso Determinista validado (Score ADN: 11.35)
2026-01-18 06:29:00 | INFO     | TICKET FINAL: [13, 14, 15, 19, 22, 36] | 🔥 ALTA CONFIANZA (31.68%)
2026-01-18 06:29:00 | INFO     | ----------------------------------------
2026-01-18 06:29:00 | INFO     | UNIVERSO: LOTO3
2026-01-18 06:29:00 | INFO     | Activando LOTO3 ULTRA (Ensemble Avanzado)...
2026-01-18 06:29:01 | INFO     | LOTO3 ULTRA: 10 predicciones generadas
2026-01-18 06:29:01 | INFO     | ----------------------------------------
2026-01-18 06:29:01 | INFO     | UNIVERSO: LOTO4
2026-01-18 06:29:01 | DEBUG    | Pesos de confianza: {'consenso_meritocratico_v2': 0.6931471805599453, 'forense_biometrico_v1': 0.6931471805599453, 'oraculo_neural_v3': 0.8919980393051105, 'oraculo_neural_v4': 0.7929925155296614}
2026-01-18 06:29:01 | INFO     | Objetivo Crononauta: #11570 | Fecha: 18/01/2026 14:00
2026-01-18 06:29:01 | INFO     |   forense_biometrico: [5, 15, 19, 20] [Score ADN: 3.25]
2026-01-18 06:29:33 | INFO     |   oraculo_neural_v3 (Pool: 90): [5, 13, 21, 22] [OK] [Confianza: 2.22x]
2026-01-18 06:29:44 | INFO     |   oraculo_neural_v4 (Pool: 100): [1, 6, 14, 15] [OK] [Confianza: 2.38x]
2026-01-18 06:29:44 | INFO     | Consenso Determinista validado (Score ADN: 15.45)
2026-01-18 06:29:44 | INFO     | TICKET FINAL: [1, 5, 15, 21] | 🔥 ALTA CONFIANZA (46.01%)
2026-01-18 06:29:44 | INFO     | ----------------------------------------
2026-01-18 06:29:44 | INFO     | UNIVERSO: RACHA
2026-01-18 06:29:44 | DEBUG    | Pesos de confianza: {'consenso_meritocratico_v2': 2.900871992530031, 'forense_biometrico_v1': 2.8148097376737438, 'oraculo_neural_v3': 2.853015971352396, 'oraculo_neural_v4': 2.7806808921371178}
2026-01-18 06:29:44 | INFO     | Objetivo Crononauta: #10303 | Fecha: 18/01/2026 15:00
2026-01-18 06:29:44 | INFO     |   forense_biometrico: [2, 3, 4, 5, 8, 13, 15, 16, 17, 20] [Score ADN: 5.9]
2026-01-18 06:30:12 | INFO     |   oraculo_neural_v3 (Pool: 82): [2, 6, 9, 10, 11, 13, 14, 15, 16, 19] [OK] [Confianza: 2.21x]
2026-01-18 06:30:38 | INFO     |   oraculo_neural_v4 (Pool: 100): [1, 2, 3, 6, 7, 8, 9, 11, 13, 15] [OK] [Confianza: 2.08x]
2026-01-18 06:30:38 | INFO     | Consenso Determinista validado (Score ADN: 9.9)
2026-01-18 06:30:38 | INFO     | TICKET FINAL: [2, 3, 6, 9, 10, 11, 13, 14, 15, 16] | 🔥 ALTA CONFIANZA (74.97%)
2026-01-18 06:30:38 | INFO     | Forzando sincronización del laboratorio...
2026-01-18 06:30:39 | INFO     | Dashboard sincronizado correctamente.
2026-01-18 06:30:39 | INFO     | ============================================================
2026-01-18 06:30:39 | INFO     | PROCESO DEL SOÑADOR TERMINADO
2026-01-18 06:30:39 | INFO     | Total predicciones generadas: 20
2026-01-18 06:30:39 | INFO     | Log guardado en: /home/runner/work/lotus-2026/lotus-2026/engine/models/../../logs/bot_dreamer_20260118_062751.log
2026-01-18 06:30:39 | INFO     | ============================================================
