2026-01-22 19:55:23 | INFO     | === LOG INICIADO: /home/runner/work/lotus-2026/lotus-2026/engine/models/../../logs/bot_dreamer_20260122_195523.log ===
2026-01-22 19:55:24 | DEBUG    | OraculoNeural importado correctamente
2026-01-22 19:55:24 | DEBUG    | LotoForense importado correctamente
2026-01-22 19:55:24 | DEBUG    | MetaLearner importado correctamente
2026-01-22 19:55:24 | DEBUG    | Loto3Ultra importado correctamente
2026-01-22 19:55:24 | INFO     | ============================================================
2026-01-22 19:55:24 | INFO     | INICIANDO BOT SOÑADOR: LÓBULOS ESPECIALIZADOS v12.4
2026-01-22 19:55:24 | INFO     | ============================================================
2026-01-22 19:55:24 | DEBUG    | MetaLearner activo: True
2026-01-22 19:55:24 | INFO     | Hora Chile: 2026-01-22 16:55:24 | Día: 3 | Hora: 16
2026-01-22 19:55:24 | INFO     | Cortex cargado: Rankings y Morfología segmentados por juego.
2026-01-22 19:55:24 | DEBUG    | Juegos en genoma: ['LOTO', 'LOTO3', 'LOTO4', 'RACHA']
2026-01-22 19:55:24 | INFO     | ----------------------------------------
2026-01-22 19:55:24 | INFO     | UNIVERSO: LOTO
2026-01-22 19:55:24 | DEBUG    | Pesos de confianza: {'consenso_meritocratico_v2': 0.6931471805599453, 'consenso_v1': 0.7929925155296614, 'delta_tactico_v1': 0.6931471805599453, 'forense_biometrico_v1': 0.6931471805599453, 'gaussiano_tactico_v1': 0.6931471805599453, 'markov_chain_v1': 0.6931471805599453, 'oraculo_neural_v3': 1.1537315878891892, 'oraculo_neural_v4': 0.6931471805599453}
2026-01-22 19:55:24 | INFO     | Objetivo Crononauta: #5377 | Fecha: 22/01/2026 21:00
2026-01-22 19:55:24 | INFO     |   forense_biometrico: [3, 5, 12, 24, 37, 38] [Score ADN: 5.95]
2026-01-22 19:55:24 | INFO     |   gaussiano_inteligente: [3, 4, 14, 22, 39, 41] [Score ADN: 6.35]
2026-01-22 19:55:24 | INFO     |   delta_dna: [7, 20, 26, 27, 32, 41] [Score ADN: 6.35]
2026-01-22 19:55:24 | INFO     |   markov_chain: [7, 15, 19, 22, 28, 41] [Score ADN: 8.65]
2026-01-22 19:56:17 | INFO     |   oraculo_neural_v3 (Pool: 85): [9, 17, 18, 28, 31, 40] [OK] [Confianza: 1.83x]
2026-01-22 19:56:26 | INFO     |   oraculo_neural_v4 (Pool: 100): [2, 5, 15, 29, 30, 41] [OK] [Confianza: 1.84x]
2026-01-22 19:56:26 | INFO     | Consenso Determinista validado (Score ADN: 7.35)
2026-01-22 19:56:26 | INFO     | TICKET FINAL: [9, 15, 17, 18, 28, 31] | 🔥 ALTA CONFIANZA (38.03%)
2026-01-22 19:56:26 | INFO     | ----------------------------------------
2026-01-22 19:56:26 | INFO     | UNIVERSO: LOTO3
2026-01-22 19:56:26 | INFO     | Activando LOTO3 ULTRA (Ensemble Avanzado)...
2026-01-22 19:56:27 | INFO     | LOTO3 ULTRA: 10 predicciones generadas y guardadas.
2026-01-22 19:56:27 | INFO     | ----------------------------------------
2026-01-22 19:56:27 | INFO     | UNIVERSO: LOTO4
2026-01-22 19:56:27 | DEBUG    | Pesos de confianza: {'consenso_meritocratico_v2': 0.6931471805599453, 'forense_biometrico_v1': 0.6931471805599453, 'oraculo_neural_v3': 0.8919980393051105, 'oraculo_neural_v4': 0.7929925155296614}
2026-01-22 19:56:27 | INFO     | Objetivo Crononauta: #11579 | Fecha: 22/01/2026 21:00
2026-01-22 19:56:27 | INFO     |   forense_biometrico: [3, 15, 16, 19] [Score ADN: 3.25]
2026-01-22 19:57:26 | INFO     |   oraculo_neural_v3 (Pool: 85): [3, 11, 20, 21] [OK] [Confianza: 2.22x]
2026-01-22 19:57:32 | INFO     |   oraculo_neural_v4 (Pool: 100): [3, 9, 15, 18] [OK] [Confianza: 2.23x]
2026-01-22 19:57:32 | INFO     | Consenso Determinista validado (Score ADN: 6.55)
2026-01-22 19:57:32 | INFO     | TICKET FINAL: [3, 15, 20, 21] | 🔥 ALTA CONFIANZA (57.45%)
2026-01-22 19:57:32 | INFO     | ----------------------------------------
2026-01-22 19:57:32 | INFO     | UNIVERSO: RACHA
2026-01-22 19:57:32 | DEBUG    | Pesos de confianza: {'consenso_meritocratico_v2': 2.900871992530031, 'forense_biometrico_v1': 2.8148097376737438, 'oraculo_neural_v3': 2.853015971352396, 'oraculo_neural_v4': 2.7806808921371178}
2026-01-22 19:57:32 | INFO     | Objetivo Crononauta: #10312 | Fecha: 22/01/2026 22:00
2026-01-22 19:57:32 | INFO     |   forense_biometrico: [1, 2, 4, 5, 6, 13, 14, 15, 17, 20] [Score ADN: 4.9]
2026-01-22 19:58:00 | INFO     |   oraculo_neural_v3 (Pool: 78): [2, 5, 8, 9, 10, 13, 14, 15, 17, 18] [OK] [Confianza: 2.23x]
2026-01-22 19:58:26 | INFO     |   oraculo_neural_v4 (Pool: 100): [1, 2, 3, 6, 7, 9, 10, 11, 16, 20] [OK] [Confianza: 2.14x]
2026-01-22 19:58:26 | INFO     | Consenso Determinista validado (Score ADN: 20.1)
2026-01-22 19:58:26 | INFO     | TICKET FINAL: [1, 2, 5, 7, 9, 10, 11, 13, 16, 17] | 🔥 ALTA CONFIANZA (65.11%)
2026-01-22 19:58:26 | INFO     | Forzando sincronización del laboratorio...
2026-01-22 19:58:26 | INFO     | Dashboard sincronizado correctamente.
2026-01-22 19:58:26 | INFO     | ============================================================
2026-01-22 19:58:26 | INFO     | PROCESO DEL SOÑADOR TERMINADO
2026-01-22 19:58:26 | INFO     | Total predicciones generadas: 15
2026-01-22 19:58:26 | INFO     | Log guardado en: /home/runner/work/lotus-2026/lotus-2026/engine/models/../../logs/bot_dreamer_20260122_195523.log
2026-01-22 19:58:26 | INFO     | ============================================================
