2026-01-18 01:13:20 | INFO     | === LOG INICIADO: /home/runner/work/lotus-2026/lotus-2026/engine/models/../../logs/bot_dreamer_20260118_011320.log ===
2026-01-18 01:13:21 | DEBUG    | OraculoNeural importado correctamente
2026-01-18 01:13:21 | DEBUG    | LotoForense importado correctamente
2026-01-18 01:13:21 | DEBUG    | MetaLearner importado correctamente
2026-01-18 01:13:21 | DEBUG    | Loto3Ultra importado correctamente
2026-01-18 01:13:21 | INFO     | ============================================================
2026-01-18 01:13:21 | INFO     | INICIANDO BOT SOÑADOR: LÓBULOS ESPECIALIZADOS v12.4
2026-01-18 01:13:21 | INFO     | ============================================================
2026-01-18 01:13:21 | DEBUG    | MetaLearner activo: True
2026-01-18 01:13:21 | INFO     | Hora Chile: 2026-01-17 22:13:21 | Día: 5 | Hora: 22
2026-01-18 01:13:21 | INFO     | Cortex cargado: Rankings y Morfología segmentados por juego.
2026-01-18 01:13:21 | DEBUG    | Juegos en genoma: ['LOTO', 'LOTO3', 'LOTO4', 'RACHA']
2026-01-18 01:13:21 | INFO     | ----------------------------------------
2026-01-18 01:13:21 | INFO     | UNIVERSO: LOTO
2026-01-18 01:13:21 | DEBUG    | Pesos de confianza: {'consenso_meritocratico_v2': 0.6931471805599453, 'consenso_v1': 0.7929925155296614, 'delta_tactico_v1': 0.6931471805599453, 'forense_biometrico_v1': 0.6931471805599453, 'gaussiano_tactico_v1': 0.6931471805599453, 'markov_chain_v1': 0.6931471805599453, 'oraculo_neural_v3': 0.6931471805599453, 'oraculo_neural_v4': 0.6931471805599453}
2026-01-18 01:13:21 | INFO     | Objetivo Crononauta: #5375 | Fecha: 18/01/2026 21:00
2026-01-18 01:13:21 | INFO     |   forense_biometrico: [2, 22, 23, 29, 32, 35] [Score ADN: 5.95]
2026-01-18 01:13:21 | INFO     |   gaussiano_inteligente: [19, 22, 23, 29, 36, 38] [Score ADN: 5.95]
2026-01-18 01:13:21 | INFO     |   delta_dna: [4, 8, 19, 20, 27, 29] [Score ADN: 6.35]
2026-01-18 01:13:21 | INFO     |   markov_chain: [8, 21, 27, 29, 37, 39] [Score ADN: 14.05]
2026-01-18 01:14:46 | INFO     |   oraculo_neural_v3 (Pool: 87): [3, 16, 17, 29, 32, 38] [OK] [Confianza: 1.83x]
2026-01-18 01:15:01 | INFO     |   oraculo_neural_v4 (Pool: 100): [1, 13, 15, 29, 33, 35] [OK] [Confianza: 2.11x]
2026-01-18 01:15:01 | INFO     | Consenso Determinista validado (Score ADN: 12.35)
2026-01-18 01:15:01 | INFO     | TICKET FINAL: [15, 16, 21, 29, 35, 37] | 🔥 ALTA CONFIANZA (34.01%)
2026-01-18 01:15:01 | INFO     | ----------------------------------------
2026-01-18 01:15:01 | INFO     | UNIVERSO: LOTO3
2026-01-18 01:15:01 | INFO     | Activando LOTO3 ULTRA (Ensemble Avanzado)...
2026-01-18 01:15:02 | INFO     | LOTO3 ULTRA: 10 predicciones generadas
2026-01-18 01:15:02 | INFO     | ----------------------------------------
2026-01-18 01:15:02 | INFO     | UNIVERSO: LOTO4
2026-01-18 01:15:02 | DEBUG    | Pesos de confianza: {'consenso_meritocratico_v2': 0.6931471805599453, 'forense_biometrico_v1': 0.6931471805599453, 'oraculo_neural_v3': 0.8919980393051105, 'oraculo_neural_v4': 0.7178397931503168}
2026-01-18 01:15:02 | INFO     | Objetivo Crononauta: #11570 | Fecha: 18/01/2026 14:00
2026-01-18 01:15:02 | INFO     |   forense_biometrico: [7, 15, 18, 19] [Score ADN: 3.25]
2026-01-18 01:15:55 | INFO     |   oraculo_neural_v3 (Pool: 87): [1, 2, 15, 17] [OK] [Confianza: 2.22x]
2026-01-18 01:16:04 | INFO     |   oraculo_neural_v4 (Pool: 100): [6, 7, 15, 18] [OK] [Confianza: 2.22x]
2026-01-18 01:16:04 | INFO     | Consenso Determinista validado (Score ADN: 3.25)
2026-01-18 01:16:04 | INFO     | TICKET FINAL: [1, 2, 15, 17] | 🔥 ALTA CONFIANZA (55.62%)
2026-01-18 01:16:04 | INFO     | ----------------------------------------
2026-01-18 01:16:04 | INFO     | UNIVERSO: RACHA
2026-01-18 01:16:04 | DEBUG    | Pesos de confianza: {'consenso_meritocratico_v2': 2.900871992530031, 'forense_biometrico_v1': 2.8148097376737438, 'oraculo_neural_v3': 2.853015971352396, 'oraculo_neural_v4': 2.7806808921371178}
2026-01-18 01:16:04 | INFO     | Objetivo Crononauta: #10303 | Fecha: 18/01/2026 15:00
2026-01-18 01:16:04 | INFO     |   forense_biometrico: [1, 2, 4, 9, 10, 11, 13, 14, 19, 20] [Score ADN: 4.9]
2026-01-18 01:16:48 | INFO     |   oraculo_neural_v3 (Pool: 76): [1, 2, 5, 6, 7, 9, 10, 16, 19, 20] [OK] [Confianza: 2.21x]
2026-01-18 01:17:30 | INFO     |   oraculo_neural_v4 (Pool: 100): [1, 2, 3, 4, 8, 9, 10, 15, 18, 19] [OK] [Confianza: 2.26x]
2026-01-18 01:17:30 | INFO     | Consenso Determinista validado (Score ADN: 17.7)
2026-01-18 01:17:30 | INFO     | TICKET FINAL: [1, 2, 4, 6, 7, 9, 10, 16, 18, 19] | 🔥 ALTA CONFIANZA (71.44%)
2026-01-18 01:17:30 | INFO     | Forzando sincronización del laboratorio...
2026-01-18 01:17:30 | INFO     | Dashboard sincronizado correctamente.
2026-01-18 01:17:30 | INFO     | ============================================================
2026-01-18 01:17:30 | INFO     | PROCESO DEL SOÑADOR TERMINADO
2026-01-18 01:17:30 | INFO     | Total predicciones generadas: 20
2026-01-18 01:17:30 | INFO     | Log guardado en: /home/runner/work/lotus-2026/lotus-2026/engine/models/../../logs/bot_dreamer_20260118_011320.log
2026-01-18 01:17:30 | INFO     | ============================================================
