2026-01-21 03:52:21 | INFO     | === LOG INICIADO: /home/runner/work/lotus-2026/lotus-2026/engine/models/../../logs/bot_dreamer_20260121_035221.log ===
2026-01-21 03:52:22 | DEBUG    | OraculoNeural importado correctamente
2026-01-21 03:52:23 | DEBUG    | LotoForense importado correctamente
2026-01-21 03:52:23 | DEBUG    | MetaLearner importado correctamente
2026-01-21 03:52:23 | DEBUG    | Loto3Ultra importado correctamente
2026-01-21 03:52:23 | INFO     | ============================================================
2026-01-21 03:52:23 | INFO     | INICIANDO BOT SOÑADOR: LÓBULOS ESPECIALIZADOS v12.4
2026-01-21 03:52:23 | INFO     | ============================================================
2026-01-21 03:52:23 | DEBUG    | MetaLearner activo: True
2026-01-21 03:52:23 | INFO     | Hora Chile: 2026-01-21 00:52:23 | Día: 2 | Hora: 0
2026-01-21 03:52:23 | INFO     | Cortex cargado: Rankings y Morfología segmentados por juego.
2026-01-21 03:52:23 | DEBUG    | Juegos en genoma: ['LOTO', 'LOTO3', 'LOTO4', 'RACHA']
2026-01-21 03:52:23 | INFO     | ----------------------------------------
2026-01-21 03:52:23 | INFO     | UNIVERSO: LOTO
2026-01-21 03:52:23 | DEBUG    | Pesos de confianza: {'consenso_meritocratico_v2': 0.6931471805599453, 'consenso_v1': 0.7929925155296614, 'delta_tactico_v1': 0.6931471805599453, 'forense_biometrico_v1': 0.6931471805599453, 'gaussiano_tactico_v1': 0.6931471805599453, 'markov_chain_v1': 0.6931471805599453, 'oraculo_neural_v3': 1.0612565021243408, 'oraculo_neural_v4': 0.6931471805599453}
2026-01-21 03:52:23 | INFO     | Objetivo Crononauta: #5377 | Fecha: 22/01/2026 21:00
2026-01-21 03:52:23 | INFO     |   forense_biometrico: [11, 12, 20, 26, 37, 41] [Score ADN: 5.95]
2026-01-21 03:52:23 | INFO     |   gaussiano_inteligente: [2, 3, 6, 33, 37, 40] [Score ADN: 5.95]
2026-01-21 03:52:23 | INFO     |   delta_dna: [6, 15, 23, 24, 31, 36] [Score ADN: 6.35]
2026-01-21 03:52:23 | INFO     |   markov_chain: [11, 12, 20, 28, 34, 41] [Score ADN: 11.35]
2026-01-21 03:53:15 | INFO     |   oraculo_neural_v3 (Pool: 85): [8, 13, 29, 38, 40, 41] [OK] [Confianza: 1.83x]
2026-01-21 03:53:24 | INFO     |   oraculo_neural_v4 (Pool: 100): [2, 5, 15, 29, 30, 41] [OK] [Confianza: 1.85x]
2026-01-21 03:53:24 | INFO     | Consenso Determinista validado (Score ADN: 10.95)
2026-01-21 03:53:24 | INFO     | TICKET FINAL: [8, 13, 29, 30, 40, 41] | 🔥 ALTA CONFIANZA (42.56%)
2026-01-21 03:53:24 | INFO     | ----------------------------------------
2026-01-21 03:53:24 | INFO     | UNIVERSO: LOTO3
2026-01-21 03:53:24 | INFO     | Activando LOTO3 ULTRA (Ensemble Avanzado)...
2026-01-21 03:53:25 | INFO     | LOTO3 ULTRA: 10 predicciones generadas
2026-01-21 03:53:25 | INFO     | ----------------------------------------
2026-01-21 03:53:25 | INFO     | UNIVERSO: LOTO4
2026-01-21 03:53:25 | DEBUG    | Pesos de confianza: {'consenso_meritocratico_v2': 0.6931471805599453, 'forense_biometrico_v1': 0.6931471805599453, 'oraculo_neural_v3': 0.8919980393051105, 'oraculo_neural_v4': 0.7929925155296614}
2026-01-21 03:53:25 | INFO     | Objetivo Crononauta: #11576 | Fecha: 21/01/2026 14:00
2026-01-21 03:53:25 | INFO     |   forense_biometrico: [7, 8, 17, 21] [Score ADN: 3.25]
2026-01-21 03:54:28 | INFO     |   oraculo_neural_v3 (Pool: 85): [13, 18, 19, 21] [OK] [Confianza: 2.22x]
2026-01-21 03:54:34 | INFO     |   oraculo_neural_v4 (Pool: 100): [5, 9, 15, 20] [OK] [Confianza: 2.24x]
2026-01-21 03:54:34 | INFO     | Consenso Determinista validado (Score ADN: 12.15)
2026-01-21 03:54:34 | INFO     | TICKET FINAL: [13, 15, 19, 21] | 🔥 ALTA CONFIANZA (47.04%)
2026-01-21 03:54:34 | INFO     | ----------------------------------------
2026-01-21 03:54:34 | INFO     | UNIVERSO: RACHA
2026-01-21 03:54:34 | DEBUG    | Pesos de confianza: {'consenso_meritocratico_v2': 2.900871992530031, 'forense_biometrico_v1': 2.8148097376737438, 'oraculo_neural_v3': 2.853015971352396, 'oraculo_neural_v4': 2.7806808921371178}
2026-01-21 03:54:34 | INFO     | Objetivo Crononauta: #10309 | Fecha: 21/01/2026 15:00
2026-01-21 03:54:34 | INFO     |   forense_biometrico: [1, 2, 8, 9, 11, 12, 14, 17, 18, 19] [Score ADN: 4.9]
2026-01-21 03:55:01 | INFO     |   oraculo_neural_v3 (Pool: 79): [1, 2, 5, 6, 10, 13, 14, 15, 17, 18] [OK] [Confianza: 2.24x]
2026-01-21 03:55:27 | INFO     |   oraculo_neural_v4 (Pool: 100): [1, 2, 3, 4, 8, 11, 12, 16, 19, 20] [OK] [Confianza: 2.16x]
2026-01-21 03:55:27 | DEBUG    | Consenso Top-N rechazado por morfología. Iniciando Muestreo Estocástico...
2026-01-21 03:55:27 | INFO     | Muestreo exitoso tras 0 intentos (Score ADN: 19.9)
2026-01-21 03:55:27 | INFO     | TICKET FINAL: [2, 4, 8, 9, 12, 13, 14, 16, 17, 18] | 🔥 ALTA CONFIANZA (61.45%)
2026-01-21 03:55:27 | INFO     | Forzando sincronización del laboratorio...
2026-01-21 03:55:27 | INFO     | Dashboard sincronizado correctamente.
2026-01-21 03:55:27 | INFO     | ============================================================
2026-01-21 03:55:27 | INFO     | PROCESO DEL SOÑADOR TERMINADO
2026-01-21 03:55:27 | INFO     | Total predicciones generadas: 20
2026-01-21 03:55:27 | INFO     | Log guardado en: /home/runner/work/lotus-2026/lotus-2026/engine/models/../../logs/bot_dreamer_20260121_035221.log
2026-01-21 03:55:27 | INFO     | ============================================================
