2026-01-18 14:41:39 | INFO     | === LOG INICIADO: /home/runner/work/lotus-2026/lotus-2026/engine/models/../../logs/bot_dreamer_20260118_144139.log ===
2026-01-18 14:41:40 | DEBUG    | OraculoNeural importado correctamente
2026-01-18 14:41:40 | DEBUG    | LotoForense importado correctamente
2026-01-18 14:41:40 | DEBUG    | MetaLearner importado correctamente
2026-01-18 14:41:40 | DEBUG    | Loto3Ultra importado correctamente
2026-01-18 14:41:40 | INFO     | ============================================================
2026-01-18 14:41:40 | INFO     | INICIANDO BOT SOÑADOR: LÓBULOS ESPECIALIZADOS v12.4
2026-01-18 14:41:40 | INFO     | ============================================================
2026-01-18 14:41:40 | DEBUG    | MetaLearner activo: True
2026-01-18 14:41:40 | INFO     | Hora Chile: 2026-01-18 11:41:40 | Día: 6 | Hora: 11
2026-01-18 14:41:40 | INFO     | Cortex cargado: Rankings y Morfología segmentados por juego.
2026-01-18 14:41:40 | DEBUG    | Juegos en genoma: ['LOTO', 'LOTO3', 'LOTO4', 'RACHA']
2026-01-18 14:41:40 | INFO     | ----------------------------------------
2026-01-18 14:41:40 | INFO     | UNIVERSO: LOTO
2026-01-18 14:41:40 | DEBUG    | Pesos de confianza: {'consenso_meritocratico_v2': 0.6931471805599453, 'consenso_v1': 0.7929925155296614, 'delta_tactico_v1': 0.6931471805599453, 'forense_biometrico_v1': 0.6931471805599453, 'gaussiano_tactico_v1': 0.6931471805599453, 'markov_chain_v1': 0.6931471805599453, 'oraculo_neural_v3': 0.6931471805599453, 'oraculo_neural_v4': 0.6931471805599453}
2026-01-18 14:41:40 | INFO     | Objetivo Crononauta: #5375 | Fecha: 18/01/2026 21:00
2026-01-18 14:41:40 | INFO     |   forense_biometrico: [5, 6, 14, 29, 37, 40] [Score ADN: 5.95]
2026-01-18 14:41:40 | INFO     |   gaussiano_inteligente: [2, 20, 23, 31, 34, 35] [Score ADN: 5.95]
2026-01-18 14:41:40 | INFO     |   delta_dna: [14, 17, 21, 28, 29, 32] [Score ADN: 6.35]
2026-01-18 14:41:40 | INFO     |   markov_chain: [12, 14, 18, 22, 28, 32] [Score ADN: 33.05]
2026-01-18 14:42:58 | INFO     |   oraculo_neural_v3 (Pool: 84): [5, 7, 8, 11, 36, 40] [OK] [Confianza: 1.83x]
2026-01-18 14:43:13 | INFO     |   oraculo_neural_v4 (Pool: 100): [1, 13, 15, 29, 33, 35] [OK] [Confianza: 2.11x]
2026-01-18 14:43:13 | INFO     | Consenso Determinista validado (Score ADN: 23.05)
2026-01-18 14:43:13 | INFO     | TICKET FINAL: [8, 12, 15, 18, 33, 40] | 🔥 ALTA CONFIANZA (31.02%)
2026-01-18 14:43:13 | INFO     | ----------------------------------------
2026-01-18 14:43:13 | INFO     | UNIVERSO: LOTO3
2026-01-18 14:43:13 | INFO     | Activando LOTO3 ULTRA (Ensemble Avanzado)...
2026-01-18 14:43:14 | INFO     | LOTO3 ULTRA: 10 predicciones generadas
2026-01-18 14:43:14 | INFO     | ----------------------------------------
2026-01-18 14:43:14 | INFO     | UNIVERSO: LOTO4
2026-01-18 14:43:14 | DEBUG    | Pesos de confianza: {'consenso_meritocratico_v2': 0.6931471805599453, 'forense_biometrico_v1': 0.6931471805599453, 'oraculo_neural_v3': 0.8919980393051105, 'oraculo_neural_v4': 0.7929925155296614}
2026-01-18 14:43:14 | INFO     | Objetivo Crononauta: #11570 | Fecha: 18/01/2026 14:00
2026-01-18 14:43:14 | INFO     |   forense_biometrico: [9, 17, 18, 23] [Score ADN: 3.25]
2026-01-18 14:44:01 | INFO     |   oraculo_neural_v3 (Pool: 85): [3, 15, 16, 19] [OK] [Confianza: 2.22x]
2026-01-18 14:44:17 | INFO     |   oraculo_neural_v4 (Pool: 100): [1, 6, 14, 15] [OK] [Confianza: 2.38x]
2026-01-18 14:44:17 | INFO     | Consenso Determinista validado (Score ADN: 12.85)
2026-01-18 14:44:17 | INFO     | TICKET FINAL: [3, 14, 15, 16] | 🔥 ALTA CONFIANZA (51.29%)
2026-01-18 14:44:17 | INFO     | ----------------------------------------
2026-01-18 14:44:17 | INFO     | UNIVERSO: RACHA
2026-01-18 14:44:17 | DEBUG    | Pesos de confianza: {'consenso_meritocratico_v2': 2.900871992530031, 'forense_biometrico_v1': 2.8148097376737438, 'oraculo_neural_v3': 2.853015971352396, 'oraculo_neural_v4': 2.7806808921371178}
2026-01-18 14:44:17 | INFO     | Objetivo Crononauta: #10303 | Fecha: 18/01/2026 15:00
2026-01-18 14:44:17 | INFO     |   forense_biometrico: [2, 4, 6, 7, 9, 10, 11, 17, 18, 19] [Score ADN: 5.9]
2026-01-18 14:44:56 | INFO     |   oraculo_neural_v3 (Pool: 81): [4, 5, 7, 8, 11, 12, 14, 15, 19, 20] [OK] [Confianza: 2.22x]
2026-01-18 14:45:34 | INFO     |   oraculo_neural_v4 (Pool: 100): [1, 2, 3, 6, 7, 8, 9, 11, 13, 15] [OK] [Confianza: 1.85x]
2026-01-18 14:45:34 | INFO     | Consenso Determinista validado (Score ADN: 7.7)
2026-01-18 14:45:34 | INFO     | TICKET FINAL: [2, 4, 7, 8, 9, 11, 14, 15, 19, 20] | 🔥 ALTA CONFIANZA (68.73%)
2026-01-18 14:45:34 | INFO     | Forzando sincronización del laboratorio...
2026-01-18 14:45:34 | INFO     | Dashboard sincronizado correctamente.
2026-01-18 14:45:34 | INFO     | ============================================================
2026-01-18 14:45:34 | INFO     | PROCESO DEL SOÑADOR TERMINADO
2026-01-18 14:45:34 | INFO     | Total predicciones generadas: 20
2026-01-18 14:45:34 | INFO     | Log guardado en: /home/runner/work/lotus-2026/lotus-2026/engine/models/../../logs/bot_dreamer_20260118_144139.log
2026-01-18 14:45:34 | INFO     | ============================================================
