2026-01-19 21:50:48 | INFO     | === LOG INICIADO: /home/runner/work/lotus-2026/lotus-2026/engine/models/../../logs/bot_dreamer_20260119_215048.log ===
2026-01-19 21:50:49 | DEBUG    | OraculoNeural importado correctamente
2026-01-19 21:50:49 | DEBUG    | LotoForense importado correctamente
2026-01-19 21:50:49 | DEBUG    | MetaLearner importado correctamente
2026-01-19 21:50:49 | DEBUG    | Loto3Ultra importado correctamente
2026-01-19 21:50:49 | INFO     | ============================================================
2026-01-19 21:50:49 | INFO     | INICIANDO BOT SOÑADOR: LÓBULOS ESPECIALIZADOS v12.4
2026-01-19 21:50:49 | INFO     | ============================================================
2026-01-19 21:50:49 | DEBUG    | MetaLearner activo: True
2026-01-19 21:50:49 | INFO     | Hora Chile: 2026-01-19 18:50:49 | Día: 0 | Hora: 18
2026-01-19 21:50:49 | INFO     | Cortex cargado: Rankings y Morfología segmentados por juego.
2026-01-19 21:50:49 | DEBUG    | Juegos en genoma: ['LOTO', 'LOTO3', 'LOTO4', 'RACHA']
2026-01-19 21:50:49 | INFO     | ----------------------------------------
2026-01-19 21:50:49 | INFO     | UNIVERSO: LOTO
2026-01-19 21:50:49 | DEBUG    | Pesos de confianza: {'consenso_meritocratico_v2': 0.6931471805599453, 'consenso_v1': 0.7929925155296614, 'delta_tactico_v1': 0.6931471805599453, 'forense_biometrico_v1': 0.6931471805599453, 'gaussiano_tactico_v1': 0.6931471805599453, 'markov_chain_v1': 0.6931471805599453, 'oraculo_neural_v3': 0.7323678937132266, 'oraculo_neural_v4': 0.6931471805599453}
2026-01-19 21:50:49 | INFO     | Objetivo Crononauta: #5376 | Fecha: 20/01/2026 21:00
2026-01-19 21:50:49 | INFO     |   forense_biometrico: [7, 18, 22, 23, 31, 34] [Score ADN: 5.95]
2026-01-19 21:50:50 | INFO     |   gaussiano_inteligente: [4, 19, 20, 23, 28, 37] [Score ADN: 5.95]
2026-01-19 21:50:50 | INFO     |   delta_dna: [5, 12, 17, 22, 23, 26] [Score ADN: 5.95]
2026-01-19 21:50:50 | INFO     |   markov_chain: [1, 16, 21, 24, 30, 34] [Score ADN: 23.05]
2026-01-19 21:52:09 | INFO     |   oraculo_neural_v3 (Pool: 84): [2, 26, 27, 31, 34, 37] [OK] [Confianza: 1.83x]
2026-01-19 21:52:24 | INFO     |   oraculo_neural_v4 (Pool: 100): [4, 18, 20, 27, 29, 35] [OK] [Confianza: 2.22x]
2026-01-19 21:52:24 | INFO     | Consenso Determinista validado (Score ADN: 11.35)
2026-01-19 21:52:24 | INFO     | TICKET FINAL: [4, 18, 27, 29, 34, 35] | 🔥 ALTA CONFIANZA (35.51%)
2026-01-19 21:52:24 | INFO     | ----------------------------------------
2026-01-19 21:52:24 | INFO     | UNIVERSO: LOTO3
2026-01-19 21:52:24 | INFO     | Activando LOTO3 ULTRA (Ensemble Avanzado)...
2026-01-19 21:52:25 | INFO     | LOTO3 ULTRA: 10 predicciones generadas
2026-01-19 21:52:25 | INFO     | ----------------------------------------
2026-01-19 21:52:25 | INFO     | UNIVERSO: LOTO4
2026-01-19 21:52:25 | DEBUG    | Pesos de confianza: {'consenso_meritocratico_v2': 0.6931471805599453, 'forense_biometrico_v1': 0.6931471805599453, 'oraculo_neural_v3': 0.8919980393051105, 'oraculo_neural_v4': 0.7929925155296614}
2026-01-19 21:52:25 | INFO     | Objetivo Crononauta: #11573 | Fecha: 19/01/2026 21:00
2026-01-19 21:52:25 | INFO     |   forense_biometrico: [12, 13, 16, 19] [Score ADN: 4.55]
2026-01-19 21:53:15 | INFO     |   oraculo_neural_v3 (Pool: 83): [9, 10, 13, 23] [OK] [Confianza: 2.22x]
2026-01-19 21:53:24 | INFO     |   oraculo_neural_v4 (Pool: 100): [4, 6, 9, 23] [OK] [Confianza: 2.23x]
2026-01-19 21:53:24 | INFO     | Consenso Determinista validado (Score ADN: 7.15)
2026-01-19 21:53:24 | INFO     | TICKET FINAL: [6, 9, 13, 23] | 🔥 ALTA CONFIANZA (65.81%)
2026-01-19 21:53:24 | INFO     | ----------------------------------------
2026-01-19 21:53:24 | INFO     | UNIVERSO: RACHA
2026-01-19 21:53:24 | DEBUG    | Pesos de confianza: {'consenso_meritocratico_v2': 2.900871992530031, 'forense_biometrico_v1': 2.8148097376737438, 'oraculo_neural_v3': 2.853015971352396, 'oraculo_neural_v4': 2.7806808921371178}
2026-01-19 21:53:24 | INFO     | Objetivo Crononauta: #10306 | Fecha: 19/01/2026 22:00
2026-01-19 21:53:24 | INFO     |   forense_biometrico: [2, 3, 4, 7, 9, 12, 17, 18, 19, 20] [Score ADN: 5.9]
2026-01-19 21:54:05 | INFO     |   oraculo_neural_v3 (Pool: 78): [2, 4, 5, 6, 10, 11, 12, 13, 15, 17] [OK] [Confianza: 2.23x]
2026-01-19 21:54:26 | INFO     |   oraculo_neural_v4 (Pool: 100): [2, 5, 7, 10, 11, 13, 14, 17, 18, 20] [OK] [Confianza: 2.25x]
2026-01-19 21:54:26 | INFO     | Consenso Determinista validado (Score ADN: 10.9)
2026-01-19 21:54:26 | INFO     | TICKET FINAL: [2, 4, 5, 10, 11, 12, 13, 17, 18, 20] | 🔥 ALTA CONFIANZA (73.38%)
2026-01-19 21:54:26 | INFO     | Forzando sincronización del laboratorio...
2026-01-19 21:54:26 | INFO     | Dashboard sincronizado correctamente.
2026-01-19 21:54:26 | INFO     | ============================================================
2026-01-19 21:54:26 | INFO     | PROCESO DEL SOÑADOR TERMINADO
2026-01-19 21:54:26 | INFO     | Total predicciones generadas: 20
2026-01-19 21:54:26 | INFO     | Log guardado en: /home/runner/work/lotus-2026/lotus-2026/engine/models/../../logs/bot_dreamer_20260119_215048.log
2026-01-19 21:54:26 | INFO     | ============================================================
