2026-01-19 19:48:00 | INFO     | === LOG INICIADO: /home/runner/work/lotus-2026/lotus-2026/engine/models/../../logs/bot_dreamer_20260119_194800.log ===
2026-01-19 19:48:02 | DEBUG    | OraculoNeural importado correctamente
2026-01-19 19:48:02 | DEBUG    | LotoForense importado correctamente
2026-01-19 19:48:02 | DEBUG    | MetaLearner importado correctamente
2026-01-19 19:48:02 | DEBUG    | Loto3Ultra importado correctamente
2026-01-19 19:48:02 | INFO     | ============================================================
2026-01-19 19:48:02 | INFO     | INICIANDO BOT SOÑADOR: LÓBULOS ESPECIALIZADOS v12.4
2026-01-19 19:48:02 | INFO     | ============================================================
2026-01-19 19:48:02 | DEBUG    | MetaLearner activo: True
2026-01-19 19:48:02 | INFO     | Hora Chile: 2026-01-19 16:48:02 | Día: 0 | Hora: 16
2026-01-19 19:48:02 | INFO     | Cortex cargado: Rankings y Morfología segmentados por juego.
2026-01-19 19:48:02 | DEBUG    | Juegos en genoma: ['LOTO', 'LOTO3', 'LOTO4', 'RACHA']
2026-01-19 19:48:02 | INFO     | ----------------------------------------
2026-01-19 19:48:02 | INFO     | UNIVERSO: LOTO
2026-01-19 19:48:02 | DEBUG    | Pesos de confianza: {'consenso_meritocratico_v2': 0.6931471805599453, 'consenso_v1': 0.7929925155296614, 'delta_tactico_v1': 0.6931471805599453, 'forense_biometrico_v1': 0.6931471805599453, 'gaussiano_tactico_v1': 0.6931471805599453, 'markov_chain_v1': 0.6931471805599453, 'oraculo_neural_v3': 0.6931471805599453, 'oraculo_neural_v4': 0.6931471805599453}
2026-01-19 19:48:02 | INFO     | Objetivo Crononauta: #5376 | Fecha: 20/01/2026 21:00
2026-01-19 19:48:02 | INFO     |   forense_biometrico: [7, 16, 23, 24, 31, 36] [Score ADN: 5.95]
2026-01-19 19:48:02 | INFO     |   gaussiano_inteligente: [3, 13, 14, 16, 28, 37] [Score ADN: 5.95]
2026-01-19 19:48:02 | INFO     |   delta_dna: [12, 15, 17, 28, 37, 38] [Score ADN: 6.35]
2026-01-19 19:48:02 | INFO     |   markov_chain: [1, 16, 21, 24, 30, 34] [Score ADN: 23.05]
2026-01-19 19:49:32 | INFO     |   oraculo_neural_v3 (Pool: 80): [14, 23, 28, 29, 31, 36] [OK] [Confianza: 1.83x]
2026-01-19 19:49:48 | INFO     |   oraculo_neural_v4 (Pool: 100): [4, 18, 20, 27, 29, 35] [OK] [Confianza: 2.22x]
2026-01-19 19:49:48 | INFO     | Consenso Determinista validado (Score ADN: 11.35)
2026-01-19 19:49:48 | INFO     | TICKET FINAL: [14, 18, 29, 30, 31, 35] | 🔥 ALTA CONFIANZA (35.08%)
2026-01-19 19:49:48 | INFO     | ----------------------------------------
2026-01-19 19:49:48 | INFO     | UNIVERSO: LOTO3
2026-01-19 19:49:48 | INFO     | Activando LOTO3 ULTRA (Ensemble Avanzado)...
2026-01-19 19:49:49 | INFO     | LOTO3 ULTRA: 10 predicciones generadas
2026-01-19 19:49:49 | INFO     | ----------------------------------------
2026-01-19 19:49:49 | INFO     | UNIVERSO: LOTO4
2026-01-19 19:49:49 | DEBUG    | Pesos de confianza: {'consenso_meritocratico_v2': 0.6931471805599453, 'forense_biometrico_v1': 0.6931471805599453, 'oraculo_neural_v3': 0.8919980393051105, 'oraculo_neural_v4': 0.7929925155296614}
2026-01-19 19:49:49 | INFO     | Objetivo Crononauta: #11573 | Fecha: 19/01/2026 21:00
2026-01-19 19:49:49 | INFO     |   forense_biometrico: [5, 7, 21, 22] [Score ADN: 3.25]
2026-01-19 19:50:44 | INFO     |   oraculo_neural_v3 (Pool: 82): [7, 8, 15, 17] [OK] [Confianza: 2.22x]
2026-01-19 19:50:54 | INFO     |   oraculo_neural_v4 (Pool: 100): [4, 6, 9, 23] [OK] [Confianza: 2.23x]
2026-01-19 19:50:54 | INFO     | Consenso Determinista validado (Score ADN: 3.25)
2026-01-19 19:50:54 | INFO     | TICKET FINAL: [6, 7, 15, 17] | 🔥 ALTA CONFIANZA (48.07%)
2026-01-19 19:50:54 | INFO     | ----------------------------------------
2026-01-19 19:50:54 | INFO     | UNIVERSO: RACHA
2026-01-19 19:50:54 | DEBUG    | Pesos de confianza: {'consenso_meritocratico_v2': 2.900871992530031, 'forense_biometrico_v1': 2.8148097376737438, 'oraculo_neural_v3': 2.853015971352396, 'oraculo_neural_v4': 2.7806808921371178}
2026-01-19 19:50:54 | INFO     | Objetivo Crononauta: #10306 | Fecha: 19/01/2026 22:00
2026-01-19 19:50:54 | INFO     |   forense_biometrico: [3, 4, 5, 8, 11, 12, 15, 16, 19, 20] [Score ADN: 4.9]
2026-01-19 19:51:40 | INFO     |   oraculo_neural_v3 (Pool: 79): [3, 5, 6, 7, 8, 9, 10, 13, 18, 20] [OK] [Confianza: 2.23x]
2026-01-19 19:52:25 | INFO     |   oraculo_neural_v4 (Pool: 100): [1, 2, 3, 4, 8, 9, 14, 16, 17, 19] [OK] [Confianza: 2.22x]
2026-01-19 19:52:25 | INFO     | Consenso Determinista validado (Score ADN: 9.1)
2026-01-19 19:52:25 | INFO     | TICKET FINAL: [1, 3, 5, 7, 8, 9, 10, 17, 18, 20] | 🔥 ALTA CONFIANZA (63.52%)
2026-01-19 19:52:25 | INFO     | Forzando sincronización del laboratorio...
2026-01-19 19:52:25 | INFO     | Dashboard sincronizado correctamente.
2026-01-19 19:52:25 | INFO     | ============================================================
2026-01-19 19:52:25 | INFO     | PROCESO DEL SOÑADOR TERMINADO
2026-01-19 19:52:25 | INFO     | Total predicciones generadas: 20
2026-01-19 19:52:25 | INFO     | Log guardado en: /home/runner/work/lotus-2026/lotus-2026/engine/models/../../logs/bot_dreamer_20260119_194800.log
2026-01-19 19:52:25 | INFO     | ============================================================
