2026-01-19 20:52:49 | INFO     | === LOG INICIADO: /home/runner/work/lotus-2026/lotus-2026/engine/models/../../logs/bot_dreamer_20260119_205249.log ===
2026-01-19 20:52:51 | DEBUG    | OraculoNeural importado correctamente
2026-01-19 20:52:51 | DEBUG    | LotoForense importado correctamente
2026-01-19 20:52:51 | DEBUG    | MetaLearner importado correctamente
2026-01-19 20:52:51 | DEBUG    | Loto3Ultra importado correctamente
2026-01-19 20:52:51 | INFO     | ============================================================
2026-01-19 20:52:51 | INFO     | INICIANDO BOT SOÑADOR: LÓBULOS ESPECIALIZADOS v12.4
2026-01-19 20:52:51 | INFO     | ============================================================
2026-01-19 20:52:51 | DEBUG    | MetaLearner activo: True
2026-01-19 20:52:51 | INFO     | Hora Chile: 2026-01-19 17:52:51 | Día: 0 | Hora: 17
2026-01-19 20:52:51 | INFO     | Cortex cargado: Rankings y Morfología segmentados por juego.
2026-01-19 20:52:51 | DEBUG    | Juegos en genoma: ['LOTO', 'LOTO3', 'LOTO4', 'RACHA']
2026-01-19 20:52:51 | INFO     | ----------------------------------------
2026-01-19 20:52:51 | INFO     | UNIVERSO: LOTO
2026-01-19 20:52:51 | DEBUG    | Pesos de confianza: {'consenso_meritocratico_v2': 0.6931471805599453, 'consenso_v1': 0.7929925155296614, 'delta_tactico_v1': 0.6931471805599453, 'forense_biometrico_v1': 0.6931471805599453, 'gaussiano_tactico_v1': 0.6931471805599453, 'markov_chain_v1': 0.6931471805599453, 'oraculo_neural_v3': 0.6931471805599453, 'oraculo_neural_v4': 0.6931471805599453}
2026-01-19 20:52:51 | INFO     | Objetivo Crononauta: #5376 | Fecha: 20/01/2026 21:00
2026-01-19 20:52:51 | INFO     |   forense_biometrico: [2, 17, 20, 21, 28, 41] [Score ADN: 5.95]
2026-01-19 20:52:51 | INFO     |   gaussiano_inteligente: [8, 17, 24, 28, 29, 31] [Score ADN: 5.95]
2026-01-19 20:52:51 | INFO     |   delta_dna: [3, 10, 20, 23, 24, 29] [Score ADN: 5.95]
2026-01-19 20:52:51 | INFO     |   markov_chain: [1, 16, 21, 24, 30, 34] [Score ADN: 23.05]
2026-01-19 20:54:04 | INFO     |   oraculo_neural_v3 (Pool: 87): [2, 5, 13, 24, 38, 39] [OK] [Confianza: 1.83x]
2026-01-19 20:54:20 | INFO     |   oraculo_neural_v4 (Pool: 100): [4, 18, 20, 27, 29, 35] [OK] [Confianza: 2.22x]
2026-01-19 20:54:20 | INFO     | Consenso Determinista validado (Score ADN: 8.05)
2026-01-19 20:54:20 | INFO     | TICKET FINAL: [2, 18, 24, 27, 29, 35] | 🔥 ALTA CONFIANZA (31.73%)
2026-01-19 20:54:20 | INFO     | ----------------------------------------
2026-01-19 20:54:20 | INFO     | UNIVERSO: LOTO3
2026-01-19 20:54:20 | INFO     | Activando LOTO3 ULTRA (Ensemble Avanzado)...
2026-01-19 20:54:21 | INFO     | LOTO3 ULTRA: 10 predicciones generadas
2026-01-19 20:54:21 | INFO     | ----------------------------------------
2026-01-19 20:54:21 | INFO     | UNIVERSO: LOTO4
2026-01-19 20:54:21 | DEBUG    | Pesos de confianza: {'consenso_meritocratico_v2': 0.6931471805599453, 'forense_biometrico_v1': 0.6931471805599453, 'oraculo_neural_v3': 0.8919980393051105, 'oraculo_neural_v4': 0.7929925155296614}
2026-01-19 20:54:21 | INFO     | Objetivo Crononauta: #11573 | Fecha: 19/01/2026 21:00
2026-01-19 20:54:21 | INFO     |   forense_biometrico: [3, 12, 13, 21] [Score ADN: 3.25]
2026-01-19 20:55:06 | INFO     |   oraculo_neural_v3 (Pool: 87): [1, 12, 13, 17] [OK] [Confianza: 2.22x]
2026-01-19 20:55:14 | INFO     |   oraculo_neural_v4 (Pool: 100): [4, 6, 9, 23] [OK] [Confianza: 2.23x]
2026-01-19 20:55:14 | INFO     | Consenso Determinista validado (Score ADN: 12.15)
2026-01-19 20:55:14 | INFO     | TICKET FINAL: [1, 9, 13, 17] | 🔥 ALTA CONFIANZA (46.03%)
2026-01-19 20:55:14 | INFO     | ----------------------------------------
2026-01-19 20:55:14 | INFO     | UNIVERSO: RACHA
2026-01-19 20:55:14 | DEBUG    | Pesos de confianza: {'consenso_meritocratico_v2': 2.900871992530031, 'forense_biometrico_v1': 2.8148097376737438, 'oraculo_neural_v3': 2.853015971352396, 'oraculo_neural_v4': 2.7806808921371178}
2026-01-19 20:55:14 | INFO     | Objetivo Crononauta: #10306 | Fecha: 19/01/2026 22:00
2026-01-19 20:55:14 | INFO     |   forense_biometrico: [3, 6, 7, 8, 11, 13, 14, 15, 16, 18] [Score ADN: 4.9]
2026-01-19 20:55:52 | INFO     |   oraculo_neural_v3 (Pool: 81): [1, 2, 4, 6, 11, 13, 14, 15, 16, 17] [OK] [Confianza: 2.22x]
2026-01-19 20:56:11 | INFO     |   oraculo_neural_v4 (Pool: 100): [2, 5, 7, 10, 11, 13, 14, 17, 18, 20] [OK] [Confianza: 2.14x]
2026-01-19 20:56:11 | DEBUG    | Consenso Top-N rechazado por morfología. Iniciando Muestreo Estocástico...
2026-01-19 20:56:11 | INFO     | Muestreo exitoso tras 0 intentos (Score ADN: 11.9)
2026-01-19 20:56:11 | INFO     | TICKET FINAL: [2, 3, 4, 11, 13, 14, 15, 17, 18, 20] | 🔥 ALTA CONFIANZA (71.28%)
2026-01-19 20:56:11 | INFO     | Forzando sincronización del laboratorio...
2026-01-19 20:56:11 | INFO     | Dashboard sincronizado correctamente.
2026-01-19 20:56:11 | INFO     | ============================================================
2026-01-19 20:56:11 | INFO     | PROCESO DEL SOÑADOR TERMINADO
2026-01-19 20:56:11 | INFO     | Total predicciones generadas: 20
2026-01-19 20:56:11 | INFO     | Log guardado en: /home/runner/work/lotus-2026/lotus-2026/engine/models/../../logs/bot_dreamer_20260119_205249.log
2026-01-19 20:56:11 | INFO     | ============================================================
