2026-01-21 01:13:16 | INFO     | === LOG INICIADO: /home/runner/work/lotus-2026/lotus-2026/engine/models/../../logs/bot_dreamer_20260121_011316.log ===
2026-01-21 01:13:17 | DEBUG    | OraculoNeural importado correctamente
2026-01-21 01:13:17 | DEBUG    | LotoForense importado correctamente
2026-01-21 01:13:17 | DEBUG    | MetaLearner importado correctamente
2026-01-21 01:13:17 | DEBUG    | Loto3Ultra importado correctamente
2026-01-21 01:13:17 | INFO     | ============================================================
2026-01-21 01:13:17 | INFO     | INICIANDO BOT SOÑADOR: LÓBULOS ESPECIALIZADOS v12.4
2026-01-21 01:13:17 | INFO     | ============================================================
2026-01-21 01:13:17 | DEBUG    | MetaLearner activo: True
2026-01-21 01:13:17 | INFO     | Hora Chile: 2026-01-20 22:13:17 | Día: 1 | Hora: 22
2026-01-21 01:13:17 | INFO     | Cortex cargado: Rankings y Morfología segmentados por juego.
2026-01-21 01:13:17 | DEBUG    | Juegos en genoma: ['LOTO', 'LOTO3', 'LOTO4', 'RACHA']
2026-01-21 01:13:17 | INFO     | ----------------------------------------
2026-01-21 01:13:17 | INFO     | UNIVERSO: LOTO
2026-01-21 01:13:17 | DEBUG    | Pesos de confianza: {'consenso_meritocratico_v2': 0.6931471805599453, 'consenso_v1': 0.7929925155296614, 'delta_tactico_v1': 0.6931471805599453, 'forense_biometrico_v1': 0.6931471805599453, 'gaussiano_tactico_v1': 0.6931471805599453, 'markov_chain_v1': 0.6931471805599453, 'oraculo_neural_v3': 0.9707789171582247, 'oraculo_neural_v4': 0.6931471805599453}
2026-01-21 01:13:17 | INFO     | Objetivo Crononauta: #5377 | Fecha: 22/01/2026 21:00
2026-01-21 01:13:17 | INFO     |   forense_biometrico: [6, 11, 19, 26, 30, 31] [Score ADN: 5.95]
2026-01-21 01:13:17 | INFO     |   gaussiano_inteligente: [2, 5, 9, 36, 40, 41] [Score ADN: 5.95]
2026-01-21 01:13:17 | INFO     |   delta_dna: [5, 11, 19, 20, 30, 38] [Score ADN: 5.95]
2026-01-21 01:13:17 | INFO     |   markov_chain: [7, 18, 21, 29, 31, 37] [Score ADN: 18.65]
2026-01-21 01:14:10 | INFO     |   oraculo_neural_v3 (Pool: 81): [10, 11, 13, 17, 24, 30] [OK] [Confianza: 1.83x]
2026-01-21 01:14:18 | INFO     |   oraculo_neural_v4 (Pool: 100): [7, 15, 20, 28, 29, 40] [OK] [Confianza: 1.83x]
2026-01-21 01:14:18 | INFO     | Consenso Determinista validado (Score ADN: 11.95)
2026-01-21 01:14:18 | INFO     | TICKET FINAL: [7, 13, 17, 24, 29, 30] | 🔥 ALTA CONFIANZA (35.7%)
2026-01-21 01:14:18 | INFO     | ----------------------------------------
2026-01-21 01:14:18 | INFO     | UNIVERSO: LOTO3
2026-01-21 01:14:18 | INFO     | Activando LOTO3 ULTRA (Ensemble Avanzado)...
2026-01-21 01:14:19 | INFO     | LOTO3 ULTRA: 10 predicciones generadas
2026-01-21 01:14:19 | INFO     | ----------------------------------------
2026-01-21 01:14:19 | INFO     | UNIVERSO: LOTO4
2026-01-21 01:14:19 | DEBUG    | Pesos de confianza: {'consenso_meritocratico_v2': 0.6931471805599453, 'forense_biometrico_v1': 0.6931471805599453, 'oraculo_neural_v3': 0.8919980393051105, 'oraculo_neural_v4': 0.7929925155296614}
2026-01-21 01:14:19 | INFO     | Objetivo Crononauta: #11576 | Fecha: 21/01/2026 14:00
2026-01-21 01:14:19 | INFO     |   forense_biometrico: [1, 13, 19, 20] [Score ADN: 3.25]
2026-01-21 01:15:16 | INFO     |   oraculo_neural_v3 (Pool: 87): [3, 12, 13, 21] [OK] [Confianza: 2.22x]
2026-01-21 01:15:21 | INFO     |   oraculo_neural_v4 (Pool: 100): [3, 10, 15, 23] [OK] [Confianza: 2.22x]
2026-01-21 01:15:21 | INFO     | Consenso Determinista validado (Score ADN: 8.25)
2026-01-21 01:15:21 | INFO     | TICKET FINAL: [3, 12, 13, 23] | 🔥 ALTA CONFIANZA (54.39%)
2026-01-21 01:15:21 | INFO     | ----------------------------------------
2026-01-21 01:15:21 | INFO     | UNIVERSO: RACHA
2026-01-21 01:15:21 | DEBUG    | Pesos de confianza: {'consenso_meritocratico_v2': 2.900871992530031, 'forense_biometrico_v1': 2.8148097376737438, 'oraculo_neural_v3': 2.853015971352396, 'oraculo_neural_v4': 2.7806808921371178}
2026-01-21 01:15:21 | INFO     | Objetivo Crononauta: #10309 | Fecha: 21/01/2026 15:00
2026-01-21 01:15:21 | INFO     |   forense_biometrico: [1, 2, 5, 6, 7, 10, 14, 15, 18, 19] [Score ADN: 4.9]
2026-01-21 01:15:49 | INFO     |   oraculo_neural_v3 (Pool: 82): [3, 5, 6, 7, 8, 10, 11, 12, 15, 20] [OK] [Confianza: 2.21x]
2026-01-21 01:16:15 | INFO     |   oraculo_neural_v4 (Pool: 100): [1, 2, 3, 4, 7, 9, 12, 13, 19, 20] [OK] [Confianza: 2.24x]
2026-01-21 01:16:15 | INFO     | Consenso Determinista validado (Score ADN: 9.1)
2026-01-21 01:16:15 | INFO     | TICKET FINAL: [1, 3, 4, 7, 8, 11, 12, 15, 19, 20] | 🔥 ALTA CONFIANZA (66.66%)
2026-01-21 01:16:15 | INFO     | Forzando sincronización del laboratorio...
2026-01-21 01:16:15 | INFO     | Dashboard sincronizado correctamente.
2026-01-21 01:16:15 | INFO     | ============================================================
2026-01-21 01:16:15 | INFO     | PROCESO DEL SOÑADOR TERMINADO
2026-01-21 01:16:15 | INFO     | Total predicciones generadas: 20
2026-01-21 01:16:15 | INFO     | Log guardado en: /home/runner/work/lotus-2026/lotus-2026/engine/models/../../logs/bot_dreamer_20260121_011316.log
2026-01-21 01:16:15 | INFO     | ============================================================
