2026-01-17 17:54:45 | INFO     | === LOG INICIADO: /home/runner/work/lotus-2026/lotus-2026/engine/models/../../logs/bot_dreamer_20260117_175445.log ===
2026-01-17 17:54:46 | DEBUG    | OraculoNeural importado correctamente
2026-01-17 17:54:46 | DEBUG    | LotoForense importado correctamente
2026-01-17 17:54:46 | DEBUG    | MetaLearner importado correctamente
2026-01-17 17:54:46 | INFO     | ============================================================
2026-01-17 17:54:46 | INFO     | INICIANDO BOT SOÑADOR: LÓBULOS ESPECIALIZADOS v12.4
2026-01-17 17:54:46 | INFO     | ============================================================
2026-01-17 17:54:46 | DEBUG    | MetaLearner activo: True
2026-01-17 17:54:46 | INFO     | Hora Chile: 2026-01-17 14:54:46 | Día: 5 | Hora: 14
2026-01-17 17:54:46 | INFO     | Cortex cargado: Rankings y Morfología segmentados por juego.
2026-01-17 17:54:46 | DEBUG    | Juegos en genoma: ['LOTO', 'LOTO3', 'LOTO4', 'RACHA']
2026-01-17 17:54:46 | INFO     | ----------------------------------------
2026-01-17 17:54:46 | INFO     | UNIVERSO: LOTO
2026-01-17 17:54:46 | DEBUG    | Pesos de confianza: {'consenso_meritocratico_v2': 0.6931471805599453, 'consenso_v1': 0.7929925155296614, 'delta_tactico_v1': 0.6931471805599453, 'forense_biometrico_v1': 0.6931471805599453, 'gaussiano_tactico_v1': 0.6931471805599453, 'markov_chain_v1': 0.6931471805599453, 'oraculo_neural_v3': 0.6931471805599453, 'oraculo_neural_v4': 0.6931471805599453}
2026-01-17 17:54:46 | INFO     | Objetivo Crononauta: #5375 | Fecha: 18/01/2026 21:00
2026-01-17 17:54:46 | INFO     |   forense_biometrico: [5, 14, 23, 24, 29, 40] [Score ADN: 5.95]
2026-01-17 17:54:46 | INFO     |   gaussiano_inteligente: [5, 14, 15, 17, 34, 36] [Score ADN: 6.35]
2026-01-17 17:54:46 | INFO     |   delta_dna: [4, 11, 17, 18, 23, 34] [Score ADN: 5.95]
2026-01-17 17:54:46 | INFO     |   markov_chain: [8, 21, 27, 29, 37, 39] [Score ADN: 14.05]
2026-01-17 17:56:12 | INFO     |   oraculo_neural_v3 (Pool: 86): [4, 11, 17, 18, 28, 41] [OK] [Confianza: 1.83x]
2026-01-17 17:56:27 | INFO     |   oraculo_neural_v4 (Pool: 100): [1, 13, 15, 29, 33, 35] [OK] [Confianza: 2.11x]
2026-01-17 17:56:27 | INFO     | Consenso Determinista validado (Score ADN: 23.65)
2026-01-17 17:56:27 | INFO     | TICKET FINAL: [1, 13, 15, 29, 37, 41] | 🔥 ALTA CONFIANZA (32.27%)
2026-01-17 17:56:27 | INFO     | ----------------------------------------
2026-01-17 17:56:27 | INFO     | UNIVERSO: LOTO3
2026-01-17 17:56:27 | DEBUG    | Pesos de confianza: {'consenso_meritocratico_v2': 3.150596984114906, 'forense_biometrico_v1': 2.990719731730447, 'oraculo_neural_v3': 2.9349201341572337, 'oraculo_neural_v4': 3.2280337626529665}
2026-01-17 17:56:28 | INFO     | Objetivo Crononauta: #23999 | Fecha: 17/01/2026 18:00
2026-01-17 17:56:28 | INFO     |   forense_biometrico: [1, 6, 7] [Score ADN: 5.0]
2026-01-17 17:56:36 | WARNING  | v3 SILENCIADO. Motivos: {'OK': 100}
2026-01-17 17:56:44 | INFO     |   oraculo_neural_v4 (Pool: 100): [0, 7, 9] [OK] [Confianza: 1.84x]
2026-01-17 17:56:44 | INFO     | Consenso Determinista validado (Score ADN: 6.1)
2026-01-17 17:56:44 | INFO     | TICKET FINAL: [0, 7, 9] | 🔥 ALTA CONFIANZA (68.22%)
2026-01-17 17:56:44 | INFO     | ----------------------------------------
2026-01-17 17:56:44 | INFO     | UNIVERSO: LOTO4
2026-01-17 17:56:44 | DEBUG    | Pesos de confianza: {'consenso_meritocratico_v2': 0.6931471805599453, 'forense_biometrico_v1': 0.6931471805599453, 'oraculo_neural_v3': 0.8919980393051105, 'oraculo_neural_v4': 0.6931471805599453}
2026-01-17 17:56:44 | INFO     | Objetivo Crononauta: #11569 | Fecha: 17/01/2026 21:00
2026-01-17 17:56:44 | INFO     |   forense_biometrico: [10, 11, 15, 19] [Score ADN: 3.25]
2026-01-17 17:57:37 | INFO     |   oraculo_neural_v3 (Pool: 90): [12, 13, 21, 23] [OK] [Confianza: 2.22x]
2026-01-17 17:57:47 | INFO     |   oraculo_neural_v4 (Pool: 100): [1, 5, 9, 16] [OK] [Confianza: 2.38x]
2026-01-17 17:57:47 | INFO     | Consenso Determinista validado (Score ADN: 3.25)
2026-01-17 17:57:47 | INFO     | TICKET FINAL: [12, 13, 21, 23] | 🔥 ALTA CONFIANZA (46.31%)
2026-01-17 17:57:47 | INFO     | ----------------------------------------
2026-01-17 17:57:47 | INFO     | UNIVERSO: RACHA
2026-01-17 17:57:47 | DEBUG    | Pesos de confianza: {'oraculo_neural_v3': 1.3862943611198906, 'oraculo_neural_v4': 1.308332819650179}
2026-01-17 17:57:47 | INFO     | Objetivo Crononauta: #10301 | Fecha: 17/01/2026 15:00
2026-01-17 17:57:47 | INFO     |   forense_biometrico: [3, 4, 5, 7, 8, 10, 14, 15, 19, 20] [Score ADN: 4.9]
2026-01-17 17:58:30 | INFO     |   oraculo_neural_v3 (Pool: 83): [1, 2, 4, 7, 8, 9, 10, 13, 17, 18] [OK] [Confianza: 2.24x]
2026-01-17 17:59:13 | INFO     |   oraculo_neural_v4 (Pool: 100): [1, 2, 3, 4, 8, 13, 15, 17, 18, 19] [OK] [Confianza: 2.21x]
2026-01-17 17:59:13 | INFO     | Consenso Determinista validado (Score ADN: 7.3)
2026-01-17 17:59:13 | INFO     | TICKET FINAL: [1, 2, 3, 4, 8, 13, 15, 17, 18, 19] | 🔥 ALTA CONFIANZA (79.08%)
2026-01-17 17:59:13 | INFO     | Forzando sincronización del laboratorio...
2026-01-17 17:59:13 | INFO     | Dashboard sincronizado correctamente.
2026-01-17 17:59:13 | INFO     | ============================================================
2026-01-17 17:59:13 | INFO     | PROCESO DEL SOÑADOR TERMINADO
2026-01-17 17:59:13 | INFO     | Total predicciones generadas: 18
2026-01-17 17:59:13 | INFO     | Log guardado en: /home/runner/work/lotus-2026/lotus-2026/engine/models/../../logs/bot_dreamer_20260117_175445.log
2026-01-17 17:59:13 | INFO     | ============================================================
