2026-01-19 10:17:08 | INFO     | === LOG INICIADO: /home/runner/work/lotus-2026/lotus-2026/engine/models/../../logs/bot_dreamer_20260119_101708.log ===
2026-01-19 10:17:10 | DEBUG    | OraculoNeural importado correctamente
2026-01-19 10:17:10 | DEBUG    | LotoForense importado correctamente
2026-01-19 10:17:10 | DEBUG    | MetaLearner importado correctamente
2026-01-19 10:17:10 | DEBUG    | Loto3Ultra importado correctamente
2026-01-19 10:17:10 | INFO     | ============================================================
2026-01-19 10:17:10 | INFO     | INICIANDO BOT SOÑADOR: LÓBULOS ESPECIALIZADOS v12.4
2026-01-19 10:17:10 | INFO     | ============================================================
2026-01-19 10:17:10 | DEBUG    | MetaLearner activo: True
2026-01-19 10:17:10 | INFO     | Hora Chile: 2026-01-19 07:17:10 | Día: 0 | Hora: 7
2026-01-19 10:17:10 | INFO     | Cortex cargado: Rankings y Morfología segmentados por juego.
2026-01-19 10:17:10 | DEBUG    | Juegos en genoma: ['LOTO', 'LOTO3', 'LOTO4', 'RACHA']
2026-01-19 10:17:10 | INFO     | ----------------------------------------
2026-01-19 10:17:10 | INFO     | UNIVERSO: LOTO
2026-01-19 10:17:10 | DEBUG    | Pesos de confianza: {'consenso_meritocratico_v2': 0.6931471805599453, 'consenso_v1': 0.7929925155296614, 'delta_tactico_v1': 0.6931471805599453, 'forense_biometrico_v1': 0.6931471805599453, 'gaussiano_tactico_v1': 0.6931471805599453, 'markov_chain_v1': 0.6931471805599453, 'oraculo_neural_v3': 0.6931471805599453, 'oraculo_neural_v4': 0.6931471805599453}
2026-01-19 10:17:10 | INFO     | Objetivo Crononauta: #5376 | Fecha: 20/01/2026 21:00
2026-01-19 10:17:10 | INFO     |   forense_biometrico: [1, 2, 16, 27, 29, 40] [Score ADN: 6.35]
2026-01-19 10:17:10 | INFO     |   gaussiano_inteligente: [7, 8, 26, 28, 31, 41] [Score ADN: 5.95]
2026-01-19 10:17:10 | INFO     |   delta_dna: [7, 10, 11, 22, 30, 37] [Score ADN: 5.95]
2026-01-19 10:17:10 | INFO     |   markov_chain: [1, 16, 21, 24, 30, 34] [Score ADN: 23.05]
2026-01-19 10:18:29 | INFO     |   oraculo_neural_v3 (Pool: 88): [13, 14, 23, 32, 37, 40] [OK] [Confianza: 1.83x]
2026-01-19 10:18:45 | INFO     |   oraculo_neural_v4 (Pool: 100): [4, 18, 20, 27, 29, 35] [OK] [Confianza: 2.22x]
2026-01-19 10:18:45 | INFO     | Consenso Determinista validado (Score ADN: 13.05)
2026-01-19 10:18:45 | INFO     | TICKET FINAL: [18, 20, 27, 29, 32, 35] | 🔥 ALTA CONFIANZA (33.3%)
2026-01-19 10:18:45 | INFO     | ----------------------------------------
2026-01-19 10:18:45 | INFO     | UNIVERSO: LOTO3
2026-01-19 10:18:45 | INFO     | Activando LOTO3 ULTRA (Ensemble Avanzado)...
2026-01-19 10:18:45 | INFO     | LOTO3 ULTRA: 10 predicciones generadas
2026-01-19 10:18:45 | INFO     | ----------------------------------------
2026-01-19 10:18:45 | INFO     | UNIVERSO: LOTO4
2026-01-19 10:18:45 | DEBUG    | Pesos de confianza: {'consenso_meritocratico_v2': 0.6931471805599453, 'forense_biometrico_v1': 0.6931471805599453, 'oraculo_neural_v3': 0.8919980393051105, 'oraculo_neural_v4': 0.7929925155296614}
2026-01-19 10:18:45 | INFO     | Objetivo Crononauta: #11572 | Fecha: 19/01/2026 14:00
2026-01-19 10:18:46 | INFO     |   forense_biometrico: [5, 8, 9, 23] [Score ADN: 3.25]
2026-01-19 10:19:34 | INFO     |   oraculo_neural_v3 (Pool: 89): [3, 17, 20, 21] [OK] [Confianza: 2.22x]
2026-01-19 10:19:43 | INFO     |   oraculo_neural_v4 (Pool: 100): [5, 9, 10, 19] [OK] [Confianza: 2.22x]
2026-01-19 10:19:43 | INFO     | Consenso Determinista validado (Score ADN: 7.15)
2026-01-19 10:19:43 | INFO     | TICKET FINAL: [3, 9, 17, 20] | 🔥 ALTA CONFIANZA (47.08%)
2026-01-19 10:19:43 | INFO     | ----------------------------------------
2026-01-19 10:19:43 | INFO     | UNIVERSO: RACHA
2026-01-19 10:19:43 | DEBUG    | Pesos de confianza: {'consenso_meritocratico_v2': 2.900871992530031, 'forense_biometrico_v1': 2.8148097376737438, 'oraculo_neural_v3': 2.853015971352396, 'oraculo_neural_v4': 2.7806808921371178}
2026-01-19 10:19:43 | INFO     | Objetivo Crononauta: #10305 | Fecha: 19/01/2026 15:00
2026-01-19 10:19:43 | INFO     |   forense_biometrico: [1, 2, 4, 6, 7, 13, 15, 16, 17, 18] [Score ADN: 4.9]
2026-01-19 10:20:23 | INFO     |   oraculo_neural_v3 (Pool: 87): [3, 4, 7, 9, 10, 11, 12, 17, 18, 20] [OK] [Confianza: 2.21x]
2026-01-19 10:21:02 | INFO     |   oraculo_neural_v4 (Pool: 100): [1, 2, 3, 4, 8, 9, 14, 16, 17, 19] [OK] [Confianza: 2.13x]
2026-01-19 10:21:02 | INFO     | Consenso Determinista validado (Score ADN: 12.7)
2026-01-19 10:21:02 | INFO     | TICKET FINAL: [1, 3, 4, 7, 8, 9, 10, 14, 17, 20] | 🔥 ALTA CONFIANZA (67.09%)
2026-01-19 10:21:02 | INFO     | Forzando sincronización del laboratorio...
2026-01-19 10:21:02 | INFO     | Dashboard sincronizado correctamente.
2026-01-19 10:21:02 | INFO     | ============================================================
2026-01-19 10:21:02 | INFO     | PROCESO DEL SOÑADOR TERMINADO
2026-01-19 10:21:02 | INFO     | Total predicciones generadas: 20
2026-01-19 10:21:02 | INFO     | Log guardado en: /home/runner/work/lotus-2026/lotus-2026/engine/models/../../logs/bot_dreamer_20260119_101708.log
2026-01-19 10:21:02 | INFO     | ============================================================
