2026-01-18 03:53:16 | INFO     | === LOG INICIADO: /home/runner/work/lotus-2026/lotus-2026/engine/models/../../logs/bot_dreamer_20260118_035316.log ===
2026-01-18 03:53:17 | DEBUG    | OraculoNeural importado correctamente
2026-01-18 03:53:17 | DEBUG    | LotoForense importado correctamente
2026-01-18 03:53:17 | DEBUG    | MetaLearner importado correctamente
2026-01-18 03:53:17 | DEBUG    | Loto3Ultra importado correctamente
2026-01-18 03:53:17 | INFO     | ============================================================
2026-01-18 03:53:17 | INFO     | INICIANDO BOT SOÑADOR: LÓBULOS ESPECIALIZADOS v12.4
2026-01-18 03:53:17 | INFO     | ============================================================
2026-01-18 03:53:17 | DEBUG    | MetaLearner activo: True
2026-01-18 03:53:17 | INFO     | Hora Chile: 2026-01-18 00:53:17 | Día: 6 | Hora: 0
2026-01-18 03:53:17 | INFO     | Cortex cargado: Rankings y Morfología segmentados por juego.
2026-01-18 03:53:17 | DEBUG    | Juegos en genoma: ['LOTO', 'LOTO3', 'LOTO4', 'RACHA']
2026-01-18 03:53:17 | INFO     | ----------------------------------------
2026-01-18 03:53:17 | INFO     | UNIVERSO: LOTO
2026-01-18 03:53:17 | DEBUG    | Pesos de confianza: {'consenso_meritocratico_v2': 0.6931471805599453, 'consenso_v1': 0.7929925155296614, 'delta_tactico_v1': 0.6931471805599453, 'forense_biometrico_v1': 0.6931471805599453, 'gaussiano_tactico_v1': 0.6931471805599453, 'markov_chain_v1': 0.6931471805599453, 'oraculo_neural_v3': 0.6931471805599453, 'oraculo_neural_v4': 0.6931471805599453}
2026-01-18 03:53:17 | INFO     | Objetivo Crononauta: #5375 | Fecha: 18/01/2026 21:00
2026-01-18 03:53:17 | INFO     |   forense_biometrico: [5, 14, 24, 29, 35, 36] [Score ADN: 6.35]
2026-01-18 03:53:17 | INFO     |   gaussiano_inteligente: [7, 23, 24, 28, 30, 37] [Score ADN: 5.95]
2026-01-18 03:53:17 | INFO     |   delta_dna: [7, 16, 17, 20, 27, 33] [Score ADN: 7.35]
2026-01-18 03:53:17 | INFO     |   markov_chain: [12, 14, 18, 22, 28, 32] [Score ADN: 33.05]
2026-01-18 03:54:41 | INFO     |   oraculo_neural_v3 (Pool: 89): [5, 17, 31, 32, 34, 38] [OK] [Confianza: 1.83x]
2026-01-18 03:54:56 | INFO     |   oraculo_neural_v4 (Pool: 100): [1, 13, 15, 29, 33, 35] [OK] [Confianza: 2.11x]
2026-01-18 03:54:56 | INFO     | Consenso Determinista validado (Score ADN: 11.35)
2026-01-18 03:54:56 | INFO     | TICKET FINAL: [13, 15, 18, 32, 34, 35] | 🔥 ALTA CONFIANZA (32.42%)
2026-01-18 03:54:56 | INFO     | ----------------------------------------
2026-01-18 03:54:56 | INFO     | UNIVERSO: LOTO3
2026-01-18 03:54:56 | INFO     | Activando LOTO3 ULTRA (Ensemble Avanzado)...
2026-01-18 03:54:57 | INFO     | LOTO3 ULTRA: 10 predicciones generadas
2026-01-18 03:54:57 | INFO     | ----------------------------------------
2026-01-18 03:54:57 | INFO     | UNIVERSO: LOTO4
2026-01-18 03:54:57 | DEBUG    | Pesos de confianza: {'consenso_meritocratico_v2': 0.6931471805599453, 'forense_biometrico_v1': 0.6931471805599453, 'oraculo_neural_v3': 0.8919980393051105, 'oraculo_neural_v4': 0.7929925155296614}
2026-01-18 03:54:57 | INFO     | Objetivo Crononauta: #11570 | Fecha: 18/01/2026 14:00
2026-01-18 03:54:57 | INFO     |   forense_biometrico: [6, 7, 15, 23] [Score ADN: 3.25]
2026-01-18 03:55:50 | INFO     |   oraculo_neural_v3 (Pool: 83): [1, 17, 22, 23] [OK] [Confianza: 2.22x]
2026-01-18 03:56:07 | INFO     |   oraculo_neural_v4 (Pool: 100): [1, 6, 14, 15] [OK] [Confianza: 2.38x]
2026-01-18 03:56:07 | INFO     | Consenso Determinista validado (Score ADN: 7.85)
2026-01-18 03:56:07 | INFO     | TICKET FINAL: [1, 14, 22, 23] | 🔥 ALTA CONFIANZA (56.27%)
2026-01-18 03:56:07 | INFO     | ----------------------------------------
2026-01-18 03:56:07 | INFO     | UNIVERSO: RACHA
2026-01-18 03:56:07 | DEBUG    | Pesos de confianza: {'consenso_meritocratico_v2': 2.900871992530031, 'forense_biometrico_v1': 2.8148097376737438, 'oraculo_neural_v3': 2.853015971352396, 'oraculo_neural_v4': 2.7806808921371178}
2026-01-18 03:56:07 | INFO     | Objetivo Crononauta: #10303 | Fecha: 18/01/2026 15:00
2026-01-18 03:56:07 | INFO     |   forense_biometrico: [3, 4, 6, 7, 9, 11, 12, 18, 19, 20] [Score ADN: 4.9]
2026-01-18 03:56:52 | INFO     |   oraculo_neural_v3 (Pool: 80): [1, 2, 5, 6, 7, 8, 10, 15, 19, 20] [OK] [Confianza: 2.24x]
2026-01-18 03:57:35 | INFO     |   oraculo_neural_v4 (Pool: 100): [1, 2, 3, 6, 7, 8, 9, 11, 13, 15] [OK] [Confianza: 1.87x]
2026-01-18 03:57:35 | DEBUG    | Consenso Top-N rechazado por morfología. Iniciando Muestreo Estocástico...
2026-01-18 03:57:35 | INFO     | Muestreo exitoso tras 0 intentos (Score ADN: 5.9)
2026-01-18 03:57:35 | INFO     | TICKET FINAL: [2, 3, 4, 5, 7, 8, 10, 15, 19, 20] | 🔥 ALTA CONFIANZA (74.4%)
2026-01-18 03:57:36 | INFO     | Forzando sincronización del laboratorio...
2026-01-18 03:57:36 | INFO     | Dashboard sincronizado correctamente.
2026-01-18 03:57:36 | INFO     | ============================================================
2026-01-18 03:57:36 | INFO     | PROCESO DEL SOÑADOR TERMINADO
2026-01-18 03:57:36 | INFO     | Total predicciones generadas: 20
2026-01-18 03:57:36 | INFO     | Log guardado en: /home/runner/work/lotus-2026/lotus-2026/engine/models/../../logs/bot_dreamer_20260118_035316.log
2026-01-18 03:57:36 | INFO     | ============================================================
