2026-01-22 17:47:59 | INFO     | === LOG INICIADO: /home/runner/work/lotus-2026/lotus-2026/engine/models/../../logs/bot_dreamer_20260122_174759.log ===
2026-01-22 17:48:00 | DEBUG    | OraculoNeural importado correctamente
2026-01-22 17:48:00 | DEBUG    | LotoForense importado correctamente
2026-01-22 17:48:00 | DEBUG    | MetaLearner importado correctamente
2026-01-22 17:48:00 | DEBUG    | Loto3Ultra importado correctamente
2026-01-22 17:48:00 | INFO     | ============================================================
2026-01-22 17:48:00 | INFO     | INICIANDO BOT SOÑADOR: LÓBULOS ESPECIALIZADOS v12.4
2026-01-22 17:48:00 | INFO     | ============================================================
2026-01-22 17:48:00 | DEBUG    | MetaLearner activo: True
2026-01-22 17:48:00 | INFO     | Hora Chile: 2026-01-22 14:48:00 | Día: 3 | Hora: 14
2026-01-22 17:48:00 | INFO     | Cortex cargado: Rankings y Morfología segmentados por juego.
2026-01-22 17:48:00 | DEBUG    | Juegos en genoma: ['LOTO', 'LOTO3', 'LOTO4', 'RACHA']
2026-01-22 17:48:00 | INFO     | ----------------------------------------
2026-01-22 17:48:00 | INFO     | UNIVERSO: LOTO
2026-01-22 17:48:00 | DEBUG    | Pesos de confianza: {'consenso_meritocratico_v2': 0.6931471805599453, 'consenso_v1': 0.7929925155296614, 'delta_tactico_v1': 0.6931471805599453, 'forense_biometrico_v1': 0.6931471805599453, 'gaussiano_tactico_v1': 0.6931471805599453, 'markov_chain_v1': 0.6931471805599453, 'oraculo_neural_v3': 1.1537315878891892, 'oraculo_neural_v4': 0.6931471805599453}
2026-01-22 17:48:00 | INFO     | Objetivo Crononauta: #5377 | Fecha: 22/01/2026 21:00
2026-01-22 17:48:00 | INFO     |   forense_biometrico: [2, 7, 18, 29, 32, 33] [Score ADN: 5.95]
2026-01-22 17:48:00 | INFO     |   gaussiano_inteligente: [4, 13, 17, 36, 37, 40] [Score ADN: 5.95]
2026-01-22 17:48:01 | INFO     |   delta_dna: [11, 18, 23, 24, 26, 31] [Score ADN: 5.95]
2026-01-22 17:48:01 | INFO     |   markov_chain: [7, 15, 19, 22, 28, 41] [Score ADN: 8.65]
2026-01-22 17:48:53 | INFO     |   oraculo_neural_v3 (Pool: 88): [4, 7, 13, 28, 31, 32] [OK] [Confianza: 1.83x]
2026-01-22 17:49:02 | INFO     |   oraculo_neural_v4 (Pool: 100): [2, 5, 15, 29, 30, 41] [OK] [Confianza: 1.84x]
2026-01-22 17:49:02 | INFO     | Consenso Determinista validado (Score ADN: 8.65)
2026-01-22 17:49:02 | INFO     | TICKET FINAL: [4, 7, 15, 28, 31, 41] | 🔥 ALTA CONFIANZA (40.34%)
2026-01-22 17:49:02 | INFO     | ----------------------------------------
2026-01-22 17:49:02 | INFO     | UNIVERSO: LOTO3
2026-01-22 17:49:02 | INFO     | Activando LOTO3 ULTRA (Ensemble Avanzado)...
2026-01-22 17:49:03 | INFO     | LOTO3 ULTRA: 10 predicciones generadas y guardadas.
2026-01-22 17:49:03 | INFO     | ----------------------------------------
2026-01-22 17:49:03 | INFO     | UNIVERSO: LOTO4
2026-01-22 17:49:03 | DEBUG    | Pesos de confianza: {'consenso_meritocratico_v2': 0.6931471805599453, 'forense_biometrico_v1': 0.6931471805599453, 'oraculo_neural_v3': 0.8919980393051105, 'oraculo_neural_v4': 0.7929925155296614}
2026-01-22 17:49:03 | INFO     | Objetivo Crononauta: #11579 | Fecha: 22/01/2026 21:00
2026-01-22 17:49:03 | INFO     |   forense_biometrico: [7, 15, 22, 23] [Score ADN: 3.25]
2026-01-22 17:50:00 | INFO     |   oraculo_neural_v3 (Pool: 88): [13, 18, 19, 21] [OK] [Confianza: 2.22x]
2026-01-22 17:50:05 | INFO     |   oraculo_neural_v4 (Pool: 100): [3, 9, 15, 18] [OK] [Confianza: 2.23x]
2026-01-22 17:50:05 | INFO     | Consenso Determinista validado (Score ADN: 3.25)
2026-01-22 17:50:05 | INFO     | TICKET FINAL: [13, 15, 18, 19] | 🔥 ALTA CONFIANZA (53.37%)
2026-01-22 17:50:05 | INFO     | ----------------------------------------
2026-01-22 17:50:05 | INFO     | UNIVERSO: RACHA
2026-01-22 17:50:05 | DEBUG    | Pesos de confianza: {'oraculo_neural_v3': 1.3862943611198906, 'oraculo_neural_v4': 1.308332819650179}
2026-01-22 17:50:06 | INFO     | Objetivo Crononauta: #10311 | Fecha: 22/01/2026 15:00
2026-01-22 17:50:06 | INFO     |   forense_biometrico: [1, 2, 3, 8, 12, 13, 14, 16, 17, 19] [Score ADN: 5.9]
2026-01-22 17:50:33 | INFO     |   oraculo_neural_v3 (Pool: 77): [2, 3, 5, 8, 9, 10, 11, 12, 15, 20] [OK] [Confianza: 2.24x]
2026-01-22 17:50:59 | INFO     |   oraculo_neural_v4 (Pool: 100): [1, 2, 3, 6, 7, 9, 10, 11, 16, 20] [OK] [Confianza: 2.14x]
2026-01-22 17:50:59 | INFO     | Consenso Determinista validado (Score ADN: 6.3)
2026-01-22 17:50:59 | INFO     | TICKET FINAL: [1, 2, 3, 5, 9, 10, 11, 12, 15, 20] | 🔥 ALTA CONFIANZA (77.34%)
2026-01-22 17:50:59 | INFO     | Forzando sincronización del laboratorio...
2026-01-22 17:50:59 | INFO     | Dashboard sincronizado correctamente.
2026-01-22 17:50:59 | INFO     | ============================================================
2026-01-22 17:50:59 | INFO     | PROCESO DEL SOÑADOR TERMINADO
2026-01-22 17:50:59 | INFO     | Total predicciones generadas: 15
2026-01-22 17:50:59 | INFO     | Log guardado en: /home/runner/work/lotus-2026/lotus-2026/engine/models/../../logs/bot_dreamer_20260122_174759.log
2026-01-22 17:50:59 | INFO     | ============================================================
