2026-01-18 07:18:16 | INFO     | === LOG INICIADO: /home/runner/work/lotus-2026/lotus-2026/engine/models/../../logs/bot_dreamer_20260118_071816.log ===
2026-01-18 07:18:17 | DEBUG    | OraculoNeural importado correctamente
2026-01-18 07:18:17 | DEBUG    | LotoForense importado correctamente
2026-01-18 07:18:17 | DEBUG    | MetaLearner importado correctamente
2026-01-18 07:18:17 | DEBUG    | Loto3Ultra importado correctamente
2026-01-18 07:18:17 | INFO     | ============================================================
2026-01-18 07:18:17 | INFO     | INICIANDO BOT SOÑADOR: LÓBULOS ESPECIALIZADOS v12.4
2026-01-18 07:18:17 | INFO     | ============================================================
2026-01-18 07:18:17 | DEBUG    | MetaLearner activo: True
2026-01-18 07:18:17 | INFO     | Hora Chile: 2026-01-18 04:18:17 | Día: 6 | Hora: 4
2026-01-18 07:18:17 | INFO     | Cortex cargado: Rankings y Morfología segmentados por juego.
2026-01-18 07:18:17 | DEBUG    | Juegos en genoma: ['LOTO', 'LOTO3', 'LOTO4', 'RACHA']
2026-01-18 07:18:17 | INFO     | ----------------------------------------
2026-01-18 07:18:17 | INFO     | UNIVERSO: LOTO
2026-01-18 07:18:17 | DEBUG    | Pesos de confianza: {'consenso_meritocratico_v2': 0.6931471805599453, 'consenso_v1': 0.7929925155296614, 'delta_tactico_v1': 0.6931471805599453, 'forense_biometrico_v1': 0.6931471805599453, 'gaussiano_tactico_v1': 0.6931471805599453, 'markov_chain_v1': 0.6931471805599453, 'oraculo_neural_v3': 0.6931471805599453, 'oraculo_neural_v4': 0.6931471805599453}
2026-01-18 07:18:17 | INFO     | Objetivo Crononauta: #5375 | Fecha: 18/01/2026 21:00
2026-01-18 07:18:17 | INFO     |   forense_biometrico: [8, 10, 13, 27, 28, 37] [Score ADN: 6.35]
2026-01-18 07:18:17 | INFO     |   gaussiano_inteligente: [3, 11, 12, 23, 38, 40] [Score ADN: 5.95]
2026-01-18 07:18:17 | INFO     |   delta_dna: [7, 13, 20, 21, 26, 34] [Score ADN: 6.35]
2026-01-18 07:18:17 | INFO     |   markov_chain: [12, 14, 18, 22, 28, 32] [Score ADN: 33.05]
2026-01-18 07:19:34 | INFO     |   oraculo_neural_v3 (Pool: 86): [3, 5, 6, 14, 34, 41] [OK] [Confianza: 1.83x]
2026-01-18 07:19:50 | INFO     |   oraculo_neural_v4 (Pool: 100): [1, 13, 15, 29, 33, 35] [OK] [Confianza: 2.11x]
2026-01-18 07:19:50 | INFO     | Consenso Determinista validado (Score ADN: 7.35)
2026-01-18 07:19:50 | INFO     | TICKET FINAL: [5, 14, 29, 32, 33, 35] | 🔥 ALTA CONFIANZA (33.5%)
2026-01-18 07:19:50 | INFO     | ----------------------------------------
2026-01-18 07:19:50 | INFO     | UNIVERSO: LOTO3
2026-01-18 07:19:50 | INFO     | Activando LOTO3 ULTRA (Ensemble Avanzado)...
2026-01-18 07:19:51 | INFO     | LOTO3 ULTRA: 10 predicciones generadas
2026-01-18 07:19:51 | INFO     | ----------------------------------------
2026-01-18 07:19:51 | INFO     | UNIVERSO: LOTO4
2026-01-18 07:19:51 | DEBUG    | Pesos de confianza: {'consenso_meritocratico_v2': 0.6931471805599453, 'forense_biometrico_v1': 0.6931471805599453, 'oraculo_neural_v3': 0.8919980393051105, 'oraculo_neural_v4': 0.7929925155296614}
2026-01-18 07:19:51 | INFO     | Objetivo Crononauta: #11570 | Fecha: 18/01/2026 14:00
2026-01-18 07:19:51 | INFO     |   forense_biometrico: [3, 12, 13, 21] [Score ADN: 3.25]
2026-01-18 07:20:38 | INFO     |   oraculo_neural_v3 (Pool: 86): [5, 6, 11, 15] [OK] [Confianza: 2.22x]
2026-01-18 07:20:53 | INFO     |   oraculo_neural_v4 (Pool: 100): [1, 6, 14, 15] [OK] [Confianza: 2.38x]
2026-01-18 07:20:53 | INFO     | Consenso Determinista validado (Score ADN: 7.85)
2026-01-18 07:20:53 | INFO     | TICKET FINAL: [6, 11, 14, 15] | 🔥 ALTA CONFIANZA (64.04%)
2026-01-18 07:20:53 | INFO     | ----------------------------------------
2026-01-18 07:20:53 | INFO     | UNIVERSO: RACHA
2026-01-18 07:20:53 | DEBUG    | Pesos de confianza: {'consenso_meritocratico_v2': 2.900871992530031, 'forense_biometrico_v1': 2.8148097376737438, 'oraculo_neural_v3': 2.853015971352396, 'oraculo_neural_v4': 2.7806808921371178}
2026-01-18 07:20:53 | INFO     | Objetivo Crononauta: #10303 | Fecha: 18/01/2026 15:00
2026-01-18 07:20:53 | INFO     |   forense_biometrico: [4, 6, 7, 8, 9, 11, 15, 16, 17, 19] [Score ADN: 6.3]
2026-01-18 07:21:33 | INFO     |   oraculo_neural_v3 (Pool: 80): [3, 5, 6, 8, 9, 10, 11, 12, 14, 17] [OK] [Confianza: 2.21x]
2026-01-18 07:22:12 | INFO     |   oraculo_neural_v4 (Pool: 100): [1, 2, 3, 6, 7, 8, 9, 11, 13, 15] [OK] [Confianza: 1.75x]
2026-01-18 07:22:12 | INFO     | Consenso Determinista validado (Score ADN: 24.9)
2026-01-18 07:22:12 | INFO     | TICKET FINAL: [2, 3, 6, 7, 8, 9, 10, 11, 12, 17] | 🔥 ALTA CONFIANZA (73.15%)
2026-01-18 07:22:12 | INFO     | Forzando sincronización del laboratorio...
2026-01-18 07:22:12 | INFO     | Dashboard sincronizado correctamente.
2026-01-18 07:22:12 | INFO     | ============================================================
2026-01-18 07:22:12 | INFO     | PROCESO DEL SOÑADOR TERMINADO
2026-01-18 07:22:12 | INFO     | Total predicciones generadas: 20
2026-01-18 07:22:12 | INFO     | Log guardado en: /home/runner/work/lotus-2026/lotus-2026/engine/models/../../logs/bot_dreamer_20260118_071816.log
2026-01-18 07:22:12 | INFO     | ============================================================
