2026-01-19 07:01:11 | INFO     | === LOG INICIADO: /home/runner/work/lotus-2026/lotus-2026/engine/models/../../logs/bot_dreamer_20260119_070111.log ===
2026-01-19 07:01:12 | DEBUG    | OraculoNeural importado correctamente
2026-01-19 07:01:12 | DEBUG    | LotoForense importado correctamente
2026-01-19 07:01:12 | DEBUG    | MetaLearner importado correctamente
2026-01-19 07:01:12 | DEBUG    | Loto3Ultra importado correctamente
2026-01-19 07:01:12 | INFO     | ============================================================
2026-01-19 07:01:12 | INFO     | INICIANDO BOT SOÑADOR: LÓBULOS ESPECIALIZADOS v12.4
2026-01-19 07:01:12 | INFO     | ============================================================
2026-01-19 07:01:12 | DEBUG    | MetaLearner activo: True
2026-01-19 07:01:12 | INFO     | Hora Chile: 2026-01-19 04:01:12 | Día: 0 | Hora: 4
2026-01-19 07:01:12 | INFO     | Cortex cargado: Rankings y Morfología segmentados por juego.
2026-01-19 07:01:12 | DEBUG    | Juegos en genoma: ['LOTO', 'LOTO3', 'LOTO4', 'RACHA']
2026-01-19 07:01:12 | INFO     | ----------------------------------------
2026-01-19 07:01:12 | INFO     | UNIVERSO: LOTO
2026-01-19 07:01:12 | DEBUG    | Pesos de confianza: {'consenso_meritocratico_v2': 0.6931471805599453, 'consenso_v1': 0.7929925155296614, 'delta_tactico_v1': 0.6931471805599453, 'forense_biometrico_v1': 0.6931471805599453, 'gaussiano_tactico_v1': 0.6931471805599453, 'markov_chain_v1': 0.6931471805599453, 'oraculo_neural_v3': 0.6931471805599453, 'oraculo_neural_v4': 0.6931471805599453}
2026-01-19 07:01:12 | INFO     | Objetivo Crononauta: #5376 | Fecha: 20/01/2026 21:00
2026-01-19 07:01:12 | INFO     |   forense_biometrico: [8, 11, 22, 29, 30, 33] [Score ADN: 6.35]
2026-01-19 07:01:12 | INFO     |   gaussiano_inteligente: [3, 14, 22, 31, 32, 41] [Score ADN: 5.95]
2026-01-19 07:01:12 | INFO     |   delta_dna: [7, 18, 19, 24, 28, 31] [Score ADN: 5.95]
2026-01-19 07:01:12 | INFO     |   markov_chain: [1, 16, 21, 24, 30, 34] [Score ADN: 23.05]
2026-01-19 07:02:30 | INFO     |   oraculo_neural_v3 (Pool: 89): [5, 11, 20, 23, 24, 26] [OK] [Confianza: 1.83x]
2026-01-19 07:02:45 | INFO     |   oraculo_neural_v4 (Pool: 100): [4, 18, 20, 27, 29, 35] [OK] [Confianza: 2.22x]
2026-01-19 07:02:45 | INFO     | Consenso Determinista validado (Score ADN: 6.35)
2026-01-19 07:02:45 | INFO     | TICKET FINAL: [18, 20, 23, 24, 29, 35] | 🔥 ALTA CONFIANZA (37.76%)
2026-01-19 07:02:45 | INFO     | ----------------------------------------
2026-01-19 07:02:45 | INFO     | UNIVERSO: LOTO3
2026-01-19 07:02:45 | INFO     | Activando LOTO3 ULTRA (Ensemble Avanzado)...
2026-01-19 07:02:46 | INFO     | LOTO3 ULTRA: 10 predicciones generadas
2026-01-19 07:02:46 | INFO     | ----------------------------------------
2026-01-19 07:02:46 | INFO     | UNIVERSO: LOTO4
2026-01-19 07:02:46 | DEBUG    | Pesos de confianza: {'consenso_meritocratico_v2': 0.6931471805599453, 'forense_biometrico_v1': 0.6931471805599453, 'oraculo_neural_v3': 0.8919980393051105, 'oraculo_neural_v4': 0.7929925155296614}
2026-01-19 07:02:46 | INFO     | Objetivo Crononauta: #11572 | Fecha: 19/01/2026 14:00
2026-01-19 07:02:46 | INFO     |   forense_biometrico: [7, 9, 16, 17] [Score ADN: 3.25]
2026-01-19 07:03:33 | INFO     |   oraculo_neural_v3 (Pool: 85): [1, 19, 20, 23] [OK] [Confianza: 2.22x]
2026-01-19 07:03:42 | INFO     |   oraculo_neural_v4 (Pool: 100): [5, 9, 10, 19] [OK] [Confianza: 2.22x]
2026-01-19 07:03:42 | INFO     | Consenso Determinista validado (Score ADN: 12.15)
2026-01-19 07:03:42 | INFO     | TICKET FINAL: [1, 9, 19, 23] | 🔥 ALTA CONFIANZA (54.39%)
2026-01-19 07:03:42 | INFO     | ----------------------------------------
2026-01-19 07:03:42 | INFO     | UNIVERSO: RACHA
2026-01-19 07:03:42 | DEBUG    | Pesos de confianza: {'consenso_meritocratico_v2': 2.900871992530031, 'forense_biometrico_v1': 2.8148097376737438, 'oraculo_neural_v3': 2.853015971352396, 'oraculo_neural_v4': 2.7806808921371178}
2026-01-19 07:03:42 | INFO     | Objetivo Crononauta: #10305 | Fecha: 19/01/2026 15:00
2026-01-19 07:03:42 | INFO     |   forense_biometrico: [2, 3, 4, 6, 9, 11, 15, 16, 17, 18] [Score ADN: 4.9]
2026-01-19 07:04:21 | INFO     |   oraculo_neural_v3 (Pool: 82): [2, 3, 4, 9, 11, 12, 13, 15, 16, 18] [OK] [Confianza: 2.21x]
2026-01-19 07:04:59 | INFO     |   oraculo_neural_v4 (Pool: 100): [1, 2, 3, 4, 8, 9, 14, 16, 17, 19] [OK] [Confianza: 2.15x]
2026-01-19 07:04:59 | INFO     | Consenso Determinista validado (Score ADN: 4.9)
2026-01-19 07:04:59 | INFO     | TICKET FINAL: [2, 3, 4, 9, 11, 14, 15, 16, 18, 19] | 🔥 ALTA CONFIANZA (71.49%)
2026-01-19 07:04:59 | INFO     | Forzando sincronización del laboratorio...
2026-01-19 07:04:59 | INFO     | Dashboard sincronizado correctamente.
2026-01-19 07:04:59 | INFO     | ============================================================
2026-01-19 07:04:59 | INFO     | PROCESO DEL SOÑADOR TERMINADO
2026-01-19 07:04:59 | INFO     | Total predicciones generadas: 20
2026-01-19 07:04:59 | INFO     | Log guardado en: /home/runner/work/lotus-2026/lotus-2026/engine/models/../../logs/bot_dreamer_20260119_070111.log
2026-01-19 07:04:59 | INFO     | ============================================================
