2026-01-19 14:50:52 | INFO     | === LOG INICIADO: /home/runner/work/lotus-2026/lotus-2026/engine/models/../../logs/bot_dreamer_20260119_145052.log ===
2026-01-19 14:50:53 | DEBUG    | OraculoNeural importado correctamente
2026-01-19 14:50:53 | DEBUG    | LotoForense importado correctamente
2026-01-19 14:50:53 | DEBUG    | MetaLearner importado correctamente
2026-01-19 14:50:53 | DEBUG    | Loto3Ultra importado correctamente
2026-01-19 14:50:53 | INFO     | ============================================================
2026-01-19 14:50:53 | INFO     | INICIANDO BOT SOÑADOR: LÓBULOS ESPECIALIZADOS v12.4
2026-01-19 14:50:53 | INFO     | ============================================================
2026-01-19 14:50:53 | DEBUG    | MetaLearner activo: True
2026-01-19 14:50:53 | INFO     | Hora Chile: 2026-01-19 11:50:53 | Día: 0 | Hora: 11
2026-01-19 14:50:53 | INFO     | Cortex cargado: Rankings y Morfología segmentados por juego.
2026-01-19 14:50:53 | DEBUG    | Juegos en genoma: ['LOTO', 'LOTO3', 'LOTO4', 'RACHA']
2026-01-19 14:50:53 | INFO     | ----------------------------------------
2026-01-19 14:50:53 | INFO     | UNIVERSO: LOTO
2026-01-19 14:50:53 | DEBUG    | Pesos de confianza: {'consenso_meritocratico_v2': 0.6931471805599453, 'consenso_v1': 0.7929925155296614, 'delta_tactico_v1': 0.6931471805599453, 'forense_biometrico_v1': 0.6931471805599453, 'gaussiano_tactico_v1': 0.6931471805599453, 'markov_chain_v1': 0.6931471805599453, 'oraculo_neural_v3': 0.6931471805599453, 'oraculo_neural_v4': 0.6931471805599453}
2026-01-19 14:50:53 | INFO     | Objetivo Crononauta: #5376 | Fecha: 20/01/2026 21:00
2026-01-19 14:50:53 | INFO     |   forense_biometrico: [2, 11, 26, 27, 30, 41] [Score ADN: 5.95]
2026-01-19 14:50:53 | INFO     |   gaussiano_inteligente: [7, 11, 16, 32, 36, 37] [Score ADN: 5.95]
2026-01-19 14:50:53 | INFO     |   delta_dna: [3, 11, 16, 26, 30, 31] [Score ADN: 5.95]
2026-01-19 14:50:53 | INFO     |   markov_chain: [1, 16, 21, 24, 30, 34] [Score ADN: 23.05]
2026-01-19 14:51:45 | INFO     |   oraculo_neural_v3 (Pool: 88): [11, 16, 18, 19, 22, 37] [OK] [Confianza: 1.83x]
2026-01-19 14:51:59 | INFO     |   oraculo_neural_v4 (Pool: 100): [4, 18, 20, 27, 29, 35] [OK] [Confianza: 2.22x]
2026-01-19 14:51:59 | INFO     | Consenso Determinista validado (Score ADN: 21.35)
2026-01-19 14:51:59 | INFO     | TICKET FINAL: [16, 18, 20, 22, 29, 30] | 🔥 ALTA CONFIANZA (35.11%)
2026-01-19 14:51:59 | INFO     | ----------------------------------------
2026-01-19 14:51:59 | INFO     | UNIVERSO: LOTO3
2026-01-19 14:51:59 | INFO     | Activando LOTO3 ULTRA (Ensemble Avanzado)...
2026-01-19 14:52:00 | INFO     | LOTO3 ULTRA: 10 predicciones generadas
2026-01-19 14:52:00 | INFO     | ----------------------------------------
2026-01-19 14:52:00 | INFO     | UNIVERSO: LOTO4
2026-01-19 14:52:00 | DEBUG    | Pesos de confianza: {'consenso_meritocratico_v2': 0.6931471805599453, 'forense_biometrico_v1': 0.6931471805599453, 'oraculo_neural_v3': 0.8919980393051105, 'oraculo_neural_v4': 0.7929925155296614}
2026-01-19 14:52:00 | INFO     | Objetivo Crononauta: #11572 | Fecha: 19/01/2026 14:00
2026-01-19 14:52:00 | INFO     |   forense_biometrico: [1, 9, 18, 19] [Score ADN: 6.55]
2026-01-19 14:52:33 | INFO     |   oraculo_neural_v3 (Pool: 93): [7, 8, 15, 17] [OK] [Confianza: 2.22x]
2026-01-19 14:52:39 | INFO     |   oraculo_neural_v4 (Pool: 100): [5, 9, 10, 19] [OK] [Confianza: 2.22x]
2026-01-19 14:52:39 | INFO     | Consenso Determinista validado (Score ADN: 6.55)
2026-01-19 14:52:39 | INFO     | TICKET FINAL: [8, 9, 15, 19] | 🔥 ALTA CONFIANZA (48.98%)
2026-01-19 14:52:39 | INFO     | ----------------------------------------
2026-01-19 14:52:39 | INFO     | UNIVERSO: RACHA
2026-01-19 14:52:39 | DEBUG    | Pesos de confianza: {'consenso_meritocratico_v2': 2.900871992530031, 'forense_biometrico_v1': 2.8148097376737438, 'oraculo_neural_v3': 2.853015971352396, 'oraculo_neural_v4': 2.7806808921371178}
2026-01-19 14:52:39 | INFO     | Objetivo Crononauta: #10305 | Fecha: 19/01/2026 15:00
2026-01-19 14:52:39 | INFO     |   forense_biometrico: [1, 4, 5, 8, 11, 12, 13, 16, 17, 18] [Score ADN: 4.9]
2026-01-19 14:53:07 | INFO     |   oraculo_neural_v3 (Pool: 75): [3, 4, 5, 6, 8, 11, 15, 18, 19, 20] [OK] [Confianza: 2.22x]
2026-01-19 14:53:33 | INFO     |   oraculo_neural_v4 (Pool: 100): [1, 2, 3, 4, 8, 9, 14, 16, 17, 19] [OK] [Confianza: 2.14x]
2026-01-19 14:53:33 | INFO     | Consenso Determinista validado (Score ADN: 9.9)
2026-01-19 14:53:33 | INFO     | TICKET FINAL: [1, 3, 4, 5, 6, 8, 15, 16, 19, 20] | 🔥 ALTA CONFIANZA (68.79%)
2026-01-19 14:53:33 | INFO     | Forzando sincronización del laboratorio...
2026-01-19 14:53:33 | INFO     | Dashboard sincronizado correctamente.
2026-01-19 14:53:33 | INFO     | ============================================================
2026-01-19 14:53:33 | INFO     | PROCESO DEL SOÑADOR TERMINADO
2026-01-19 14:53:33 | INFO     | Total predicciones generadas: 20
2026-01-19 14:53:33 | INFO     | Log guardado en: /home/runner/work/lotus-2026/lotus-2026/engine/models/../../logs/bot_dreamer_20260119_145052.log
2026-01-19 14:53:33 | INFO     | ============================================================
