2026-01-18 19:14:26 | INFO     | === LOG INICIADO: /home/runner/work/lotus-2026/lotus-2026/engine/models/../../logs/bot_dreamer_20260118_191426.log ===
2026-01-18 19:14:27 | DEBUG    | OraculoNeural importado correctamente
2026-01-18 19:14:27 | DEBUG    | LotoForense importado correctamente
2026-01-18 19:14:27 | DEBUG    | MetaLearner importado correctamente
2026-01-18 19:14:27 | DEBUG    | Loto3Ultra importado correctamente
2026-01-18 19:14:27 | INFO     | ============================================================
2026-01-18 19:14:27 | INFO     | INICIANDO BOT SOÑADOR: LÓBULOS ESPECIALIZADOS v12.4
2026-01-18 19:14:27 | INFO     | ============================================================
2026-01-18 19:14:27 | DEBUG    | MetaLearner activo: True
2026-01-18 19:14:27 | INFO     | Hora Chile: 2026-01-18 16:14:27 | Día: 6 | Hora: 16
2026-01-18 19:14:27 | INFO     | Cortex cargado: Rankings y Morfología segmentados por juego.
2026-01-18 19:14:27 | DEBUG    | Juegos en genoma: ['LOTO', 'LOTO3', 'LOTO4', 'RACHA']
2026-01-18 19:14:27 | INFO     | ----------------------------------------
2026-01-18 19:14:27 | INFO     | UNIVERSO: LOTO
2026-01-18 19:14:27 | DEBUG    | Pesos de confianza: {'consenso_meritocratico_v2': 0.6931471805599453, 'consenso_v1': 0.7929925155296614, 'delta_tactico_v1': 0.6931471805599453, 'forense_biometrico_v1': 0.6931471805599453, 'gaussiano_tactico_v1': 0.6931471805599453, 'markov_chain_v1': 0.6931471805599453, 'oraculo_neural_v3': 0.6931471805599453, 'oraculo_neural_v4': 0.6931471805599453}
2026-01-18 19:14:27 | INFO     | Objetivo Crononauta: #5375 | Fecha: 18/01/2026 21:00
2026-01-18 19:14:27 | INFO     |   forense_biometrico: [2, 15, 17, 18, 20, 29] [Score ADN: 5.95]
2026-01-18 19:14:27 | INFO     |   gaussiano_inteligente: [5, 10, 11, 23, 28, 34] [Score ADN: 5.95]
2026-01-18 19:14:27 | INFO     |   delta_dna: [6, 12, 16, 17, 23, 29] [Score ADN: 5.95]
2026-01-18 19:14:27 | INFO     |   markov_chain: [12, 14, 18, 22, 28, 32] [Score ADN: 33.05]
2026-01-18 19:15:48 | INFO     |   oraculo_neural_v3 (Pool: 85): [3, 4, 8, 23, 29, 36] [OK] [Confianza: 1.83x]
2026-01-18 19:16:03 | INFO     |   oraculo_neural_v4 (Pool: 100): [1, 13, 15, 29, 33, 35] [OK] [Confianza: 2.11x]
2026-01-18 19:16:03 | INFO     | Consenso Determinista validado (Score ADN: 12.35)
2026-01-18 19:16:03 | INFO     | TICKET FINAL: [3, 15, 29, 33, 35, 36] | 🔥 ALTA CONFIANZA (32.43%)
2026-01-18 19:16:03 | INFO     | ----------------------------------------
2026-01-18 19:16:03 | INFO     | UNIVERSO: LOTO3
2026-01-18 19:16:03 | INFO     | Activando LOTO3 ULTRA (Ensemble Avanzado)...
2026-01-18 19:16:04 | INFO     | LOTO3 ULTRA: 10 predicciones generadas
2026-01-18 19:16:04 | INFO     | ----------------------------------------
2026-01-18 19:16:04 | INFO     | UNIVERSO: LOTO4
2026-01-18 19:16:04 | DEBUG    | Pesos de confianza: {'consenso_meritocratico_v2': 0.6931471805599453, 'forense_biometrico_v1': 0.6931471805599453, 'oraculo_neural_v3': 0.8919980393051105, 'oraculo_neural_v4': 0.7929925155296614}
2026-01-18 19:16:04 | INFO     | Objetivo Crononauta: #11571 | Fecha: 18/01/2026 21:00
2026-01-18 19:16:04 | INFO     |   forense_biometrico: [7, 8, 21, 23] [Score ADN: 3.25]
2026-01-18 19:16:55 | INFO     |   oraculo_neural_v3 (Pool: 81): [10, 11, 17, 21] [OK] [Confianza: 2.22x]
2026-01-18 19:17:04 | INFO     |   oraculo_neural_v4 (Pool: 100): [4, 6, 17, 18] [OK] [Confianza: 2.38x]
2026-01-18 19:17:04 | INFO     | Consenso Determinista validado (Score ADN: 3.25)
2026-01-18 19:17:04 | INFO     | TICKET FINAL: [10, 11, 17, 21] | 🔥 ALTA CONFIANZA (53.79%)
2026-01-18 19:17:04 | INFO     | ----------------------------------------
2026-01-18 19:17:04 | INFO     | UNIVERSO: RACHA
2026-01-18 19:17:04 | DEBUG    | Pesos de confianza: {'consenso_meritocratico_v2': 2.900871992530031, 'forense_biometrico_v1': 2.8148097376737438, 'oraculo_neural_v3': 2.853015971352396, 'oraculo_neural_v4': 2.7806808921371178}
2026-01-18 19:17:04 | INFO     | Objetivo Crononauta: #10304 | Fecha: 18/01/2026 22:00
2026-01-18 19:17:04 | INFO     |   forense_biometrico: [1, 4, 5, 6, 7, 12, 13, 16, 18, 19] [Score ADN: 4.9]
2026-01-18 19:17:45 | INFO     |   oraculo_neural_v3 (Pool: 79): [4, 7, 8, 9, 11, 12, 13, 14, 16, 19] [OK] [Confianza: 2.23x]
2026-01-18 19:18:26 | INFO     |   oraculo_neural_v4 (Pool: 100): [1, 2, 3, 6, 7, 8, 9, 11, 13, 15] [OK] [Confianza: 1.85x]
2026-01-18 19:18:26 | INFO     | Consenso Determinista validado (Score ADN: 4.9)
2026-01-18 19:18:26 | INFO     | TICKET FINAL: [4, 7, 8, 9, 11, 12, 13, 14, 16, 19] | 🔥 ALTA CONFIANZA (73.19%)
2026-01-18 19:18:26 | INFO     | Forzando sincronización del laboratorio...
2026-01-18 19:18:26 | INFO     | Dashboard sincronizado correctamente.
2026-01-18 19:18:26 | INFO     | ============================================================
2026-01-18 19:18:26 | INFO     | PROCESO DEL SOÑADOR TERMINADO
2026-01-18 19:18:26 | INFO     | Total predicciones generadas: 20
2026-01-18 19:18:26 | INFO     | Log guardado en: /home/runner/work/lotus-2026/lotus-2026/engine/models/../../logs/bot_dreamer_20260118_191426.log
2026-01-18 19:18:26 | INFO     | ============================================================
