2026-01-18 17:50:49 | INFO     | === LOG INICIADO: /home/runner/work/lotus-2026/lotus-2026/engine/models/../../logs/bot_dreamer_20260118_175049.log ===
2026-01-18 17:50:50 | DEBUG    | OraculoNeural importado correctamente
2026-01-18 17:50:50 | DEBUG    | LotoForense importado correctamente
2026-01-18 17:50:50 | DEBUG    | MetaLearner importado correctamente
2026-01-18 17:50:50 | DEBUG    | Loto3Ultra importado correctamente
2026-01-18 17:50:50 | INFO     | ============================================================
2026-01-18 17:50:50 | INFO     | INICIANDO BOT SOÑADOR: LÓBULOS ESPECIALIZADOS v12.4
2026-01-18 17:50:50 | INFO     | ============================================================
2026-01-18 17:50:50 | DEBUG    | MetaLearner activo: True
2026-01-18 17:50:50 | INFO     | Hora Chile: 2026-01-18 14:50:50 | Día: 6 | Hora: 14
2026-01-18 17:50:50 | INFO     | Cortex cargado: Rankings y Morfología segmentados por juego.
2026-01-18 17:50:50 | DEBUG    | Juegos en genoma: ['LOTO', 'LOTO3', 'LOTO4', 'RACHA']
2026-01-18 17:50:50 | INFO     | ----------------------------------------
2026-01-18 17:50:50 | INFO     | UNIVERSO: LOTO
2026-01-18 17:50:50 | DEBUG    | Pesos de confianza: {'consenso_meritocratico_v2': 0.6931471805599453, 'consenso_v1': 0.7929925155296614, 'delta_tactico_v1': 0.6931471805599453, 'forense_biometrico_v1': 0.6931471805599453, 'gaussiano_tactico_v1': 0.6931471805599453, 'markov_chain_v1': 0.6931471805599453, 'oraculo_neural_v3': 0.6931471805599453, 'oraculo_neural_v4': 0.6931471805599453}
2026-01-18 17:50:50 | INFO     | Objetivo Crononauta: #5375 | Fecha: 18/01/2026 21:00
2026-01-18 17:50:50 | INFO     |   forense_biometrico: [5, 8, 12, 31, 36, 37] [Score ADN: 5.95]
2026-01-18 17:50:50 | INFO     |   gaussiano_inteligente: [4, 13, 14, 23, 29, 38] [Score ADN: 5.95]
2026-01-18 17:50:50 | INFO     |   delta_dna: [6, 7, 18, 20, 29, 35] [Score ADN: 6.35]
2026-01-18 17:50:50 | INFO     |   markov_chain: [12, 14, 18, 22, 28, 32] [Score ADN: 33.05]
2026-01-18 17:52:14 | INFO     |   oraculo_neural_v3 (Pool: 86): [4, 6, 7, 14, 37, 41] [OK] [Confianza: 1.83x]
2026-01-18 17:52:29 | INFO     |   oraculo_neural_v4 (Pool: 100): [1, 13, 15, 29, 33, 35] [OK] [Confianza: 2.11x]
2026-01-18 17:52:29 | INFO     | Consenso Determinista validado (Score ADN: 11.35)
2026-01-18 17:52:29 | INFO     | TICKET FINAL: [6, 12, 13, 14, 35, 37] | 🔥 ALTA CONFIANZA (32.64%)
2026-01-18 17:52:29 | INFO     | ----------------------------------------
2026-01-18 17:52:29 | INFO     | UNIVERSO: LOTO3
2026-01-18 17:52:29 | INFO     | Activando LOTO3 ULTRA (Ensemble Avanzado)...
2026-01-18 17:52:30 | INFO     | LOTO3 ULTRA: 10 predicciones generadas
2026-01-18 17:52:30 | INFO     | ----------------------------------------
2026-01-18 17:52:30 | INFO     | UNIVERSO: LOTO4
2026-01-18 17:52:30 | DEBUG    | Pesos de confianza: {'consenso_meritocratico_v2': 0.6931471805599453, 'forense_biometrico_v1': 0.6931471805599453, 'oraculo_neural_v3': 0.8919980393051105, 'oraculo_neural_v4': 0.7929925155296614}
2026-01-18 17:52:30 | INFO     | Objetivo Crononauta: #11571 | Fecha: 18/01/2026 21:00
2026-01-18 17:52:30 | INFO     |   forense_biometrico: [3, 5, 20, 21] [Score ADN: 3.25]
2026-01-18 17:53:23 | INFO     |   oraculo_neural_v3 (Pool: 89): [15, 19, 22, 23] [OK] [Confianza: 2.22x]
2026-01-18 17:53:32 | INFO     |   oraculo_neural_v4 (Pool: 100): [4, 6, 17, 18] [OK] [Confianza: 2.38x]
2026-01-18 17:53:32 | INFO     | Consenso Determinista validado (Score ADN: 11.75)
2026-01-18 17:53:32 | INFO     | TICKET FINAL: [4, 15, 19, 22] | 🔥 ALTA CONFIANZA (47.52%)
2026-01-18 17:53:32 | INFO     | ----------------------------------------
2026-01-18 17:53:32 | INFO     | UNIVERSO: RACHA
2026-01-18 17:53:32 | DEBUG    | Pesos de confianza: {'oraculo_neural_v3': 1.3862943611198906, 'oraculo_neural_v4': 1.308332819650179}
2026-01-18 17:53:32 | INFO     | Objetivo Crononauta: #10303 | Fecha: 18/01/2026 15:00
2026-01-18 17:53:32 | INFO     |   forense_biometrico: [3, 4, 7, 8, 11, 12, 15, 16, 19, 20] [Score ADN: 4.9]
2026-01-18 17:54:15 | INFO     |   oraculo_neural_v3 (Pool: 77): [1, 2, 4, 7, 8, 11, 13, 14, 15, 16] [OK] [Confianza: 2.24x]
2026-01-18 17:54:57 | INFO     |   oraculo_neural_v4 (Pool: 100): [1, 2, 3, 6, 7, 8, 9, 11, 13, 15] [OK] [Confianza: 1.69x]
2026-01-18 17:54:57 | INFO     | Consenso Determinista validado (Score ADN: 4.9)
2026-01-18 17:54:57 | INFO     | TICKET FINAL: [1, 2, 4, 7, 8, 11, 13, 14, 15, 16] | 🔥 ALTA CONFIANZA (78.84%)
2026-01-18 17:54:57 | INFO     | Forzando sincronización del laboratorio...
2026-01-18 17:54:57 | INFO     | Dashboard sincronizado correctamente.
2026-01-18 17:54:57 | INFO     | ============================================================
2026-01-18 17:54:57 | INFO     | PROCESO DEL SOÑADOR TERMINADO
2026-01-18 17:54:57 | INFO     | Total predicciones generadas: 20
2026-01-18 17:54:57 | INFO     | Log guardado en: /home/runner/work/lotus-2026/lotus-2026/engine/models/../../logs/bot_dreamer_20260118_175049.log
2026-01-18 17:54:57 | INFO     | ============================================================
