2026-01-18 22:43:02 | INFO     | === LOG INICIADO: /home/runner/work/lotus-2026/lotus-2026/engine/models/../../logs/bot_dreamer_20260118_224302.log ===
2026-01-18 22:43:03 | DEBUG    | OraculoNeural importado correctamente
2026-01-18 22:43:03 | DEBUG    | LotoForense importado correctamente
2026-01-18 22:43:03 | DEBUG    | MetaLearner importado correctamente
2026-01-18 22:43:03 | DEBUG    | Loto3Ultra importado correctamente
2026-01-18 22:43:03 | INFO     | ============================================================
2026-01-18 22:43:03 | INFO     | INICIANDO BOT SOÑADOR: LÓBULOS ESPECIALIZADOS v12.4
2026-01-18 22:43:03 | INFO     | ============================================================
2026-01-18 22:43:03 | DEBUG    | MetaLearner activo: True
2026-01-18 22:43:03 | INFO     | Hora Chile: 2026-01-18 19:43:03 | Día: 6 | Hora: 19
2026-01-18 22:43:03 | INFO     | Cortex cargado: Rankings y Morfología segmentados por juego.
2026-01-18 22:43:03 | DEBUG    | Juegos en genoma: ['LOTO', 'LOTO3', 'LOTO4', 'RACHA']
2026-01-18 22:43:03 | INFO     | ----------------------------------------
2026-01-18 22:43:03 | INFO     | UNIVERSO: LOTO
2026-01-18 22:43:03 | DEBUG    | Pesos de confianza: {'consenso_meritocratico_v2': 0.6931471805599453, 'consenso_v1': 0.7929925155296614, 'delta_tactico_v1': 0.6931471805599453, 'forense_biometrico_v1': 0.6931471805599453, 'gaussiano_tactico_v1': 0.6931471805599453, 'markov_chain_v1': 0.6931471805599453, 'oraculo_neural_v3': 0.6931471805599453, 'oraculo_neural_v4': 0.6931471805599453}
2026-01-18 22:43:03 | INFO     | Objetivo Crononauta: #5375 | Fecha: 18/01/2026 21:00
2026-01-18 22:43:03 | INFO     |   forense_biometrico: [2, 7, 18, 30, 31, 39] [Score ADN: 5.95]
2026-01-18 22:43:03 | INFO     |   gaussiano_inteligente: [11, 13, 29, 30, 36, 38] [Score ADN: 5.95]
2026-01-18 22:43:03 | INFO     |   delta_dna: [13, 23, 26, 31, 32, 40] [Score ADN: 5.95]
2026-01-18 22:43:03 | INFO     |   markov_chain: [12, 14, 18, 22, 28, 32] [Score ADN: 33.05]
2026-01-18 22:43:56 | INFO     |   oraculo_neural_v3 (Pool: 82): [5, 7, 13, 14, 32, 36] [OK] [Confianza: 1.83x]
2026-01-18 22:44:11 | INFO     |   oraculo_neural_v4 (Pool: 100): [1, 13, 15, 29, 33, 35] [OK] [Confianza: 2.11x]
2026-01-18 22:44:11 | INFO     | Consenso Determinista validado (Score ADN: 16.35)
2026-01-18 22:44:11 | INFO     | TICKET FINAL: [13, 14, 22, 28, 29, 32] | 🔥 ALTA CONFIANZA (37.63%)
2026-01-18 22:44:11 | INFO     | ----------------------------------------
2026-01-18 22:44:11 | INFO     | UNIVERSO: LOTO3
2026-01-18 22:44:11 | INFO     | Activando LOTO3 ULTRA (Ensemble Avanzado)...
2026-01-18 22:44:12 | INFO     | LOTO3 ULTRA: 10 predicciones generadas
2026-01-18 22:44:12 | INFO     | ----------------------------------------
2026-01-18 22:44:12 | INFO     | UNIVERSO: LOTO4
2026-01-18 22:44:12 | DEBUG    | Pesos de confianza: {'consenso_meritocratico_v2': 0.6931471805599453, 'forense_biometrico_v1': 0.6931471805599453, 'oraculo_neural_v3': 0.8919980393051105, 'oraculo_neural_v4': 0.7929925155296614}
2026-01-18 22:44:12 | INFO     | Objetivo Crononauta: #11571 | Fecha: 18/01/2026 21:00
2026-01-18 22:44:12 | INFO     |   forense_biometrico: [1, 11, 12, 23] [Score ADN: 3.25]
2026-01-18 22:44:45 | INFO     |   oraculo_neural_v3 (Pool: 88): [3, 14, 15, 19] [OK] [Confianza: 2.22x]
2026-01-18 22:44:51 | INFO     |   oraculo_neural_v4 (Pool: 100): [4, 6, 17, 18] [OK] [Confianza: 2.4x]
2026-01-18 22:44:51 | INFO     | Consenso Determinista validado (Score ADN: 4.55)
2026-01-18 22:44:51 | INFO     | TICKET FINAL: [3, 14, 18, 19] | 🔥 ALTA CONFIANZA (43.46%)
2026-01-18 22:44:51 | INFO     | ----------------------------------------
2026-01-18 22:44:51 | INFO     | UNIVERSO: RACHA
2026-01-18 22:44:51 | DEBUG    | Pesos de confianza: {'consenso_meritocratico_v2': 2.900871992530031, 'forense_biometrico_v1': 2.8148097376737438, 'oraculo_neural_v3': 2.853015971352396, 'oraculo_neural_v4': 2.7806808921371178}
2026-01-18 22:44:51 | INFO     | Objetivo Crononauta: #10304 | Fecha: 18/01/2026 22:00
2026-01-18 22:44:51 | INFO     |   forense_biometrico: [2, 3, 5, 9, 10, 14, 15, 16, 19, 20] [Score ADN: 4.9]
2026-01-18 22:45:19 | INFO     |   oraculo_neural_v3 (Pool: 81): [1, 3, 4, 6, 7, 8, 10, 17, 18, 19] [OK] [Confianza: 2.23x]
2026-01-18 22:45:46 | INFO     |   oraculo_neural_v4 (Pool: 100): [1, 2, 3, 6, 7, 8, 9, 11, 13, 15] [OK] [Confianza: 2.04x]
2026-01-18 22:45:46 | INFO     | Consenso Determinista validado (Score ADN: 14.1)
2026-01-18 22:45:46 | INFO     | TICKET FINAL: [1, 3, 4, 6, 7, 8, 9, 15, 17, 19] | 🔥 ALTA CONFIANZA (71.03%)
2026-01-18 22:45:46 | INFO     | Forzando sincronización del laboratorio...
2026-01-18 22:45:46 | INFO     | Dashboard sincronizado correctamente.
2026-01-18 22:45:46 | INFO     | ============================================================
2026-01-18 22:45:46 | INFO     | PROCESO DEL SOÑADOR TERMINADO
2026-01-18 22:45:46 | INFO     | Total predicciones generadas: 20
2026-01-18 22:45:46 | INFO     | Log guardado en: /home/runner/work/lotus-2026/lotus-2026/engine/models/../../logs/bot_dreamer_20260118_224302.log
2026-01-18 22:45:46 | INFO     | ============================================================
