2026-01-17 23:31:29 | INFO     | === LOG INICIADO: /home/runner/work/lotus-2026/lotus-2026/engine/models/../../logs/bot_dreamer_20260117_233129.log ===
2026-01-17 23:31:30 | DEBUG    | OraculoNeural importado correctamente
2026-01-17 23:31:30 | DEBUG    | LotoForense importado correctamente
2026-01-17 23:31:30 | DEBUG    | MetaLearner importado correctamente
2026-01-17 23:31:30 | DEBUG    | Loto3Ultra importado correctamente
2026-01-17 23:31:30 | INFO     | ============================================================
2026-01-17 23:31:30 | INFO     | INICIANDO BOT SOÑADOR: LÓBULOS ESPECIALIZADOS v12.4
2026-01-17 23:31:30 | INFO     | ============================================================
2026-01-17 23:31:30 | DEBUG    | MetaLearner activo: True
2026-01-17 23:31:30 | INFO     | Hora Chile: 2026-01-17 20:31:30 | Día: 5 | Hora: 20
2026-01-17 23:31:30 | INFO     | Cortex cargado: Rankings y Morfología segmentados por juego.
2026-01-17 23:31:30 | DEBUG    | Juegos en genoma: ['LOTO', 'LOTO3', 'LOTO4', 'RACHA']
2026-01-17 23:31:30 | INFO     | ----------------------------------------
2026-01-17 23:31:30 | INFO     | UNIVERSO: LOTO
2026-01-17 23:31:30 | DEBUG    | Pesos de confianza: {'consenso_meritocratico_v2': 0.6931471805599453, 'consenso_v1': 0.7929925155296614, 'delta_tactico_v1': 0.6931471805599453, 'forense_biometrico_v1': 0.6931471805599453, 'gaussiano_tactico_v1': 0.6931471805599453, 'markov_chain_v1': 0.6931471805599453, 'oraculo_neural_v3': 0.6931471805599453, 'oraculo_neural_v4': 0.6931471805599453}
2026-01-17 23:31:30 | INFO     | Objetivo Crononauta: #5375 | Fecha: 18/01/2026 21:00
2026-01-17 23:31:30 | INFO     |   forense_biometrico: [7, 12, 19, 20, 24, 41] [Score ADN: 5.95]
2026-01-17 23:31:30 | INFO     |   gaussiano_inteligente: [2, 3, 14, 21, 23, 38] [Score ADN: 5.95]
2026-01-17 23:31:30 | INFO     |   delta_dna: [4, 5, 17, 26, 29, 34] [Score ADN: 5.95]
2026-01-17 23:31:30 | INFO     |   markov_chain: [8, 21, 27, 29, 37, 39] [Score ADN: 14.05]
2026-01-17 23:32:44 | INFO     |   oraculo_neural_v3 (Pool: 90): [12, 16, 19, 31, 32, 35] [OK] [Confianza: 1.83x]
2026-01-17 23:32:59 | INFO     |   oraculo_neural_v4 (Pool: 100): [1, 13, 15, 29, 33, 35] [OK] [Confianza: 2.11x]
2026-01-17 23:32:59 | INFO     | Consenso Determinista validado (Score ADN: 13.65)
2026-01-17 23:32:59 | INFO     | TICKET FINAL: [13, 15, 19, 29, 32, 35] | 🔥 ALTA CONFIANZA (36.78%)
2026-01-17 23:32:59 | INFO     | ----------------------------------------
2026-01-17 23:32:59 | INFO     | UNIVERSO: LOTO3
2026-01-17 23:32:59 | INFO     | Activando LOTO3 ULTRA (Ensemble Avanzado)...
2026-01-17 23:33:00 | INFO     | LOTO3 ULTRA: 10 predicciones generadas
2026-01-17 23:33:00 | INFO     | ----------------------------------------
2026-01-17 23:33:00 | INFO     | UNIVERSO: LOTO4
2026-01-17 23:33:00 | DEBUG    | Pesos de confianza: {'oraculo_neural_v3': 1.0818051703517284}
2026-01-17 23:33:00 | INFO     | Objetivo Crononauta: #11569 | Fecha: 17/01/2026 21:00
2026-01-17 23:33:00 | INFO     |   forense_biometrico: [3, 10, 11, 21] [Score ADN: 3.25]
2026-01-17 23:33:45 | INFO     |   oraculo_neural_v3 (Pool: 85): [1, 7, 8, 23] [OK] [Confianza: 2.22x]
2026-01-17 23:33:53 | INFO     |   oraculo_neural_v4 (Pool: 100): [6, 7, 15, 18] [OK] [Confianza: 2.22x]
2026-01-17 23:33:53 | INFO     | Consenso Determinista validado (Score ADN: 3.25)
2026-01-17 23:33:53 | INFO     | TICKET FINAL: [6, 7, 15, 23] | 🔥 ALTA CONFIANZA (55.77%)
2026-01-17 23:33:53 | INFO     | ----------------------------------------
2026-01-17 23:33:53 | INFO     | UNIVERSO: RACHA
2026-01-17 23:33:53 | DEBUG    | Pesos de confianza: {'consenso_meritocratico_v2': 2.900871992530031, 'forense_biometrico_v1': 2.8148097376737438, 'oraculo_neural_v3': 2.853015971352396, 'oraculo_neural_v4': 2.7806808921371178}
2026-01-17 23:33:53 | INFO     | Objetivo Crononauta: #10302 | Fecha: 17/01/2026 22:00
2026-01-17 23:33:53 | INFO     |   forense_biometrico: [4, 6, 7, 8, 9, 13, 14, 16, 17, 19] [Score ADN: 4.9]
2026-01-17 23:34:32 | INFO     |   oraculo_neural_v3 (Pool: 82): [4, 5, 7, 9, 10, 13, 14, 16, 17, 18] [OK] [Confianza: 2.22x]
2026-01-17 23:35:10 | INFO     |   oraculo_neural_v4 (Pool: 100): [1, 2, 3, 4, 8, 9, 10, 15, 18, 19] [OK] [Confianza: 2.27x]
2026-01-17 23:35:10 | INFO     | Consenso Determinista validado (Score ADN: 15.1)
2026-01-17 23:35:10 | INFO     | TICKET FINAL: [1, 4, 5, 7, 9, 10, 13, 17, 18, 19] | 🔥 ALTA CONFIANZA (67.65%)
2026-01-17 23:35:10 | INFO     | Forzando sincronización del laboratorio...
2026-01-17 23:35:10 | INFO     | Dashboard sincronizado correctamente.
2026-01-17 23:35:10 | INFO     | ============================================================
2026-01-17 23:35:10 | INFO     | PROCESO DEL SOÑADOR TERMINADO
2026-01-17 23:35:10 | INFO     | Total predicciones generadas: 20
2026-01-17 23:35:10 | INFO     | Log guardado en: /home/runner/work/lotus-2026/lotus-2026/engine/models/../../logs/bot_dreamer_20260117_233129.log
2026-01-17 23:35:10 | INFO     | ============================================================
