2026-01-18 16:21:21 | INFO     | === LOG INICIADO: /home/runner/work/lotus-2026/lotus-2026/engine/models/../../logs/bot_dreamer_20260118_162121.log ===
2026-01-18 16:21:22 | DEBUG    | OraculoNeural importado correctamente
2026-01-18 16:21:22 | DEBUG    | LotoForense importado correctamente
2026-01-18 16:21:22 | DEBUG    | MetaLearner importado correctamente
2026-01-18 16:21:22 | DEBUG    | Loto3Ultra importado correctamente
2026-01-18 16:21:22 | INFO     | ============================================================
2026-01-18 16:21:22 | INFO     | INICIANDO BOT SOÑADOR: LÓBULOS ESPECIALIZADOS v12.4
2026-01-18 16:21:22 | INFO     | ============================================================
2026-01-18 16:21:22 | DEBUG    | MetaLearner activo: True
2026-01-18 16:21:22 | INFO     | Hora Chile: 2026-01-18 13:21:22 | Día: 6 | Hora: 13
2026-01-18 16:21:22 | INFO     | Cortex cargado: Rankings y Morfología segmentados por juego.
2026-01-18 16:21:22 | DEBUG    | Juegos en genoma: ['LOTO', 'LOTO3', 'LOTO4', 'RACHA']
2026-01-18 16:21:22 | INFO     | ----------------------------------------
2026-01-18 16:21:22 | INFO     | UNIVERSO: LOTO
2026-01-18 16:21:22 | DEBUG    | Pesos de confianza: {'consenso_meritocratico_v2': 0.6931471805599453, 'consenso_v1': 0.7929925155296614, 'delta_tactico_v1': 0.6931471805599453, 'forense_biometrico_v1': 0.6931471805599453, 'gaussiano_tactico_v1': 0.6931471805599453, 'markov_chain_v1': 0.6931471805599453, 'oraculo_neural_v3': 0.6931471805599453, 'oraculo_neural_v4': 0.6931471805599453}
2026-01-18 16:21:22 | INFO     | Objetivo Crononauta: #5375 | Fecha: 18/01/2026 21:00
2026-01-18 16:21:23 | INFO     |   forense_biometrico: [2, 5, 30, 31, 33, 36] [Score ADN: 5.95]
2026-01-18 16:21:23 | INFO     |   gaussiano_inteligente: [3, 7, 14, 19, 20, 38] [Score ADN: 5.95]
2026-01-18 16:21:23 | INFO     |   delta_dna: [12, 13, 23, 30, 35, 38] [Score ADN: 6.35]
2026-01-18 16:21:23 | INFO     |   markov_chain: [12, 14, 18, 22, 28, 32] [Score ADN: 33.05]
2026-01-18 16:22:47 | INFO     |   oraculo_neural_v3 (Pool: 88): [5, 6, 15, 20, 26, 29] [OK] [Confianza: 1.83x]
2026-01-18 16:23:03 | INFO     |   oraculo_neural_v4 (Pool: 100): [1, 13, 15, 29, 33, 35] [OK] [Confianza: 2.11x]
2026-01-18 16:23:03 | INFO     | Consenso Determinista validado (Score ADN: 9.05)
2026-01-18 16:23:03 | INFO     | TICKET FINAL: [6, 13, 15, 20, 29, 35] | 🔥 ALTA CONFIANZA (37.83%)
2026-01-18 16:23:03 | INFO     | ----------------------------------------
2026-01-18 16:23:03 | INFO     | UNIVERSO: LOTO3
2026-01-18 16:23:03 | INFO     | Activando LOTO3 ULTRA (Ensemble Avanzado)...
2026-01-18 16:23:04 | INFO     | LOTO3 ULTRA: 10 predicciones generadas
2026-01-18 16:23:04 | INFO     | ----------------------------------------
2026-01-18 16:23:04 | INFO     | UNIVERSO: LOTO4
2026-01-18 16:23:04 | DEBUG    | Pesos de confianza: {'oraculo_neural_v4': 1.0818051703517284}
2026-01-18 16:23:04 | INFO     | Objetivo Crononauta: #11570 | Fecha: 18/01/2026 14:00
2026-01-18 16:23:04 | INFO     |   forense_biometrico: [11, 14, 15, 19] [Score ADN: 3.25]
2026-01-18 16:23:56 | INFO     |   oraculo_neural_v3 (Pool: 84): [15, 19, 22, 23] [OK] [Confianza: 2.22x]
2026-01-18 16:24:14 | INFO     |   oraculo_neural_v4 (Pool: 100): [1, 6, 14, 15] [OK] [Confianza: 2.38x]
2026-01-18 16:24:14 | INFO     | Consenso Determinista validado (Score ADN: 12.85)
2026-01-18 16:24:14 | INFO     | TICKET FINAL: [1, 6, 14, 15] | 🔥 ALTA CONFIANZA (56.19%)
2026-01-18 16:24:14 | INFO     | ----------------------------------------
2026-01-18 16:24:14 | INFO     | UNIVERSO: RACHA
2026-01-18 16:24:14 | DEBUG    | Pesos de confianza: {'consenso_meritocratico_v2': 2.900871992530031, 'forense_biometrico_v1': 2.8148097376737438, 'oraculo_neural_v3': 2.853015971352396, 'oraculo_neural_v4': 2.7806808921371178}
2026-01-18 16:24:14 | INFO     | Objetivo Crononauta: #10303 | Fecha: 18/01/2026 15:00
2026-01-18 16:24:14 | INFO     |   forense_biometrico: [1, 2, 3, 8, 11, 12, 14, 15, 17, 18] [Score ADN: 4.9]
2026-01-18 16:24:58 | INFO     |   oraculo_neural_v3 (Pool: 81): [1, 2, 5, 6, 7, 12, 14, 15, 16, 19] [OK] [Confianza: 2.21x]
2026-01-18 16:25:40 | INFO     |   oraculo_neural_v4 (Pool: 100): [1, 2, 3, 6, 7, 8, 9, 11, 13, 15] [OK] [Confianza: 1.89x]
2026-01-18 16:25:40 | INFO     | Consenso Determinista validado (Score ADN: 12.3)
2026-01-18 16:25:40 | INFO     | TICKET FINAL: [1, 2, 5, 6, 7, 12, 13, 14, 15, 19] | 🔥 ALTA CONFIANZA (71.7%)
2026-01-18 16:25:40 | INFO     | Forzando sincronización del laboratorio...
2026-01-18 16:25:40 | INFO     | Dashboard sincronizado correctamente.
2026-01-18 16:25:40 | INFO     | ============================================================
2026-01-18 16:25:40 | INFO     | PROCESO DEL SOÑADOR TERMINADO
2026-01-18 16:25:40 | INFO     | Total predicciones generadas: 20
2026-01-18 16:25:40 | INFO     | Log guardado en: /home/runner/work/lotus-2026/lotus-2026/engine/models/../../logs/bot_dreamer_20260118_162121.log
2026-01-18 16:25:40 | INFO     | ============================================================
