2026-01-18 18:25:00 | INFO     | === LOG INICIADO: /home/runner/work/lotus-2026/lotus-2026/engine/models/../../logs/bot_dreamer_20260118_182500.log ===
2026-01-18 18:25:01 | DEBUG    | OraculoNeural importado correctamente
2026-01-18 18:25:01 | DEBUG    | LotoForense importado correctamente
2026-01-18 18:25:01 | DEBUG    | MetaLearner importado correctamente
2026-01-18 18:25:02 | DEBUG    | Loto3Ultra importado correctamente
2026-01-18 18:25:02 | INFO     | ============================================================
2026-01-18 18:25:02 | INFO     | INICIANDO BOT SOÑADOR: LÓBULOS ESPECIALIZADOS v12.4
2026-01-18 18:25:02 | INFO     | ============================================================
2026-01-18 18:25:02 | DEBUG    | MetaLearner activo: True
2026-01-18 18:25:02 | INFO     | Hora Chile: 2026-01-18 15:25:02 | Día: 6 | Hora: 15
2026-01-18 18:25:02 | INFO     | Cortex cargado: Rankings y Morfología segmentados por juego.
2026-01-18 18:25:02 | DEBUG    | Juegos en genoma: ['LOTO', 'LOTO3', 'LOTO4', 'RACHA']
2026-01-18 18:25:02 | INFO     | ----------------------------------------
2026-01-18 18:25:02 | INFO     | UNIVERSO: LOTO
2026-01-18 18:25:02 | DEBUG    | Pesos de confianza: {'consenso_meritocratico_v2': 0.6931471805599453, 'consenso_v1': 0.7929925155296614, 'delta_tactico_v1': 0.6931471805599453, 'forense_biometrico_v1': 0.6931471805599453, 'gaussiano_tactico_v1': 0.6931471805599453, 'markov_chain_v1': 0.6931471805599453, 'oraculo_neural_v3': 0.6931471805599453, 'oraculo_neural_v4': 0.6931471805599453}
2026-01-18 18:25:02 | INFO     | Objetivo Crononauta: #5375 | Fecha: 18/01/2026 21:00
2026-01-18 18:25:02 | INFO     |   forense_biometrico: [2, 11, 24, 27, 37, 38] [Score ADN: 5.95]
2026-01-18 18:25:02 | INFO     |   gaussiano_inteligente: [3, 4, 13, 17, 32, 36] [Score ADN: 5.95]
2026-01-18 18:25:02 | INFO     |   delta_dna: [11, 19, 20, 23, 26, 30] [Score ADN: 5.95]
2026-01-18 18:25:02 | INFO     |   markov_chain: [12, 14, 18, 22, 28, 32] [Score ADN: 33.05]
2026-01-18 18:26:16 | INFO     |   oraculo_neural_v3 (Pool: 89): [2, 7, 12, 30, 31, 39] [OK] [Confianza: 1.83x]
2026-01-18 18:26:32 | INFO     |   oraculo_neural_v4 (Pool: 100): [1, 13, 15, 29, 33, 35] [OK] [Confianza: 2.11x]
2026-01-18 18:26:32 | INFO     | Consenso Determinista validado (Score ADN: 10.95)
2026-01-18 18:26:32 | INFO     | TICKET FINAL: [2, 12, 13, 29, 32, 33] | 🔥 ALTA CONFIANZA (30.06%)
2026-01-18 18:26:32 | INFO     | ----------------------------------------
2026-01-18 18:26:32 | INFO     | UNIVERSO: LOTO3
2026-01-18 18:26:32 | INFO     | Activando LOTO3 ULTRA (Ensemble Avanzado)...
2026-01-18 18:26:33 | INFO     | LOTO3 ULTRA: 10 predicciones generadas
2026-01-18 18:26:33 | INFO     | ----------------------------------------
2026-01-18 18:26:33 | INFO     | UNIVERSO: LOTO4
2026-01-18 18:26:33 | DEBUG    | Pesos de confianza: {'consenso_meritocratico_v2': 0.6931471805599453, 'forense_biometrico_v1': 0.6931471805599453, 'oraculo_neural_v3': 0.8919980393051105, 'oraculo_neural_v4': 0.7929925155296614}
2026-01-18 18:26:33 | INFO     | Objetivo Crononauta: #11571 | Fecha: 18/01/2026 21:00
2026-01-18 18:26:33 | INFO     |   forense_biometrico: [5, 12, 13, 21] [Score ADN: 3.25]
2026-01-18 18:27:20 | INFO     |   oraculo_neural_v3 (Pool: 85): [1, 2, 15, 17] [OK] [Confianza: 2.22x]
2026-01-18 18:27:28 | INFO     |   oraculo_neural_v4 (Pool: 100): [4, 6, 17, 18] [OK] [Confianza: 2.38x]
2026-01-18 18:27:28 | INFO     | Consenso Determinista validado (Score ADN: 9.55)
2026-01-18 18:27:28 | INFO     | TICKET FINAL: [2, 6, 17, 18] | 🔥 ALTA CONFIANZA (55.77%)
2026-01-18 18:27:28 | INFO     | ----------------------------------------
2026-01-18 18:27:28 | INFO     | UNIVERSO: RACHA
2026-01-18 18:27:28 | DEBUG    | Pesos de confianza: {'consenso_meritocratico_v2': 2.900871992530031, 'forense_biometrico_v1': 2.8148097376737438, 'oraculo_neural_v3': 2.853015971352396, 'oraculo_neural_v4': 2.7806808921371178}
2026-01-18 18:27:28 | INFO     | Objetivo Crononauta: #10304 | Fecha: 18/01/2026 22:00
2026-01-18 18:27:28 | INFO     |   forense_biometrico: [1, 4, 5, 9, 10, 13, 14, 17, 18, 19] [Score ADN: 6.3]
2026-01-18 18:28:07 | INFO     |   oraculo_neural_v3 (Pool: 82): [1, 2, 5, 6, 7, 11, 12, 14, 15, 20] [OK] [Confianza: 2.25x]
2026-01-18 18:28:44 | INFO     |   oraculo_neural_v4 (Pool: 100): [1, 2, 3, 6, 7, 8, 9, 11, 13, 15] [OK] [Confianza: 1.76x]
2026-01-18 18:28:44 | INFO     | Consenso Determinista validado (Score ADN: 4.9)
2026-01-18 18:28:44 | INFO     | TICKET FINAL: [1, 2, 5, 6, 7, 11, 12, 14, 15, 20] | 🔥 ALTA CONFIANZA (77.86%)
2026-01-18 18:28:44 | INFO     | Forzando sincronización del laboratorio...
2026-01-18 18:28:44 | INFO     | Dashboard sincronizado correctamente.
2026-01-18 18:28:44 | INFO     | ============================================================
2026-01-18 18:28:44 | INFO     | PROCESO DEL SOÑADOR TERMINADO
2026-01-18 18:28:44 | INFO     | Total predicciones generadas: 20
2026-01-18 18:28:44 | INFO     | Log guardado en: /home/runner/work/lotus-2026/lotus-2026/engine/models/../../logs/bot_dreamer_20260118_182500.log
2026-01-18 18:28:44 | INFO     | ============================================================
