2026-01-19 13:15:30 | INFO     | === LOG INICIADO: /home/runner/work/lotus-2026/lotus-2026/engine/models/../../logs/bot_dreamer_20260119_131530.log ===
2026-01-19 13:15:31 | DEBUG    | OraculoNeural importado correctamente
2026-01-19 13:15:31 | DEBUG    | LotoForense importado correctamente
2026-01-19 13:15:31 | DEBUG    | MetaLearner importado correctamente
2026-01-19 13:15:31 | DEBUG    | Loto3Ultra importado correctamente
2026-01-19 13:15:31 | INFO     | ============================================================
2026-01-19 13:15:31 | INFO     | INICIANDO BOT SOÑADOR: LÓBULOS ESPECIALIZADOS v12.4
2026-01-19 13:15:31 | INFO     | ============================================================
2026-01-19 13:15:31 | DEBUG    | MetaLearner activo: True
2026-01-19 13:15:31 | INFO     | Hora Chile: 2026-01-19 10:15:31 | Día: 0 | Hora: 10
2026-01-19 13:15:31 | INFO     | Cortex cargado: Rankings y Morfología segmentados por juego.
2026-01-19 13:15:31 | DEBUG    | Juegos en genoma: ['LOTO', 'LOTO3', 'LOTO4', 'RACHA']
2026-01-19 13:15:31 | INFO     | ----------------------------------------
2026-01-19 13:15:31 | INFO     | UNIVERSO: LOTO
2026-01-19 13:15:31 | DEBUG    | Pesos de confianza: {'consenso_meritocratico_v2': 0.6931471805599453, 'consenso_v1': 0.7929925155296614, 'delta_tactico_v1': 0.6931471805599453, 'forense_biometrico_v1': 0.6931471805599453, 'gaussiano_tactico_v1': 0.6931471805599453, 'markov_chain_v1': 0.6931471805599453, 'oraculo_neural_v3': 0.6931471805599453, 'oraculo_neural_v4': 0.6931471805599453}
2026-01-19 13:15:31 | INFO     | Objetivo Crononauta: #5376 | Fecha: 20/01/2026 21:00
2026-01-19 13:15:31 | INFO     |   forense_biometrico: [6, 11, 17, 31, 32, 38] [Score ADN: 5.95]
2026-01-19 13:15:31 | INFO     |   gaussiano_inteligente: [10, 19, 30, 31, 38, 41] [Score ADN: 5.95]
2026-01-19 13:15:31 | INFO     |   delta_dna: [3, 12, 25, 26, 29, 32] [Score ADN: 6.35]
2026-01-19 13:15:31 | INFO     |   markov_chain: [1, 16, 21, 24, 30, 34] [Score ADN: 23.05]
2026-01-19 13:16:56 | INFO     |   oraculo_neural_v3 (Pool: 87): [11, 17, 18, 22, 24, 29] [OK] [Confianza: 1.83x]
2026-01-19 13:17:12 | INFO     |   oraculo_neural_v4 (Pool: 100): [4, 18, 20, 27, 29, 35] [OK] [Confianza: 2.22x]
2026-01-19 13:17:12 | INFO     | Consenso Determinista validado (Score ADN: 13.05)
2026-01-19 13:17:12 | INFO     | TICKET FINAL: [18, 20, 24, 27, 29, 35] | 🔥 ALTA CONFIANZA (37.35%)
2026-01-19 13:17:12 | INFO     | ----------------------------------------
2026-01-19 13:17:12 | INFO     | UNIVERSO: LOTO3
2026-01-19 13:17:12 | INFO     | Activando LOTO3 ULTRA (Ensemble Avanzado)...
2026-01-19 13:17:13 | INFO     | LOTO3 ULTRA: 10 predicciones generadas
2026-01-19 13:17:13 | INFO     | ----------------------------------------
2026-01-19 13:17:13 | INFO     | UNIVERSO: LOTO4
2026-01-19 13:17:13 | DEBUG    | Pesos de confianza: {'consenso_meritocratico_v2': 0.6931471805599453, 'forense_biometrico_v1': 0.6931471805599453, 'oraculo_neural_v3': 0.8919980393051105, 'oraculo_neural_v4': 0.7929925155296614}
2026-01-19 13:17:13 | INFO     | Objetivo Crononauta: #11572 | Fecha: 19/01/2026 14:00
2026-01-19 13:17:13 | INFO     |   forense_biometrico: [3, 9, 19, 20] [Score ADN: 3.25]
2026-01-19 13:18:06 | INFO     |   oraculo_neural_v3 (Pool: 85): [11, 14, 15, 17] [OK] [Confianza: 2.22x]
2026-01-19 13:18:15 | INFO     |   oraculo_neural_v4 (Pool: 100): [5, 9, 10, 19] [OK] [Confianza: 2.22x]
2026-01-19 13:18:15 | INFO     | Consenso Determinista validado (Score ADN: 12.15)
2026-01-19 13:18:15 | INFO     | TICKET FINAL: [5, 11, 14, 17] | 🔥 ALTA CONFIANZA (46.06%)
2026-01-19 13:18:15 | INFO     | ----------------------------------------
2026-01-19 13:18:15 | INFO     | UNIVERSO: RACHA
2026-01-19 13:18:15 | DEBUG    | Pesos de confianza: {'consenso_meritocratico_v2': 2.900871992530031, 'forense_biometrico_v1': 2.8148097376737438, 'oraculo_neural_v3': 2.853015971352396, 'oraculo_neural_v4': 2.7806808921371178}
2026-01-19 13:18:15 | INFO     | Objetivo Crononauta: #10305 | Fecha: 19/01/2026 15:00
2026-01-19 13:18:15 | INFO     |   forense_biometrico: [1, 2, 4, 8, 9, 11, 12, 13, 18, 19] [Score ADN: 4.9]
2026-01-19 13:18:59 | INFO     |   oraculo_neural_v3 (Pool: 82): [3, 5, 6, 8, 9, 12, 13, 18, 19, 20] [OK] [Confianza: 2.21x]
2026-01-19 13:19:42 | INFO     |   oraculo_neural_v4 (Pool: 100): [1, 2, 3, 4, 8, 9, 14, 16, 17, 19] [OK] [Confianza: 2.13x]
2026-01-19 13:19:42 | INFO     | Consenso Determinista validado (Score ADN: 9.3)
2026-01-19 13:19:42 | INFO     | TICKET FINAL: [1, 3, 5, 8, 9, 16, 17, 18, 19, 20] | 🔥 ALTA CONFIANZA (67.09%)
2026-01-19 13:19:42 | INFO     | Forzando sincronización del laboratorio...
2026-01-19 13:19:42 | INFO     | Dashboard sincronizado correctamente.
2026-01-19 13:19:42 | INFO     | ============================================================
2026-01-19 13:19:42 | INFO     | PROCESO DEL SOÑADOR TERMINADO
2026-01-19 13:19:42 | INFO     | Total predicciones generadas: 20
2026-01-19 13:19:42 | INFO     | Log guardado en: /home/runner/work/lotus-2026/lotus-2026/engine/models/../../logs/bot_dreamer_20260119_131530.log
2026-01-19 13:19:42 | INFO     | ============================================================
