2026-01-19 11:34:21 | INFO     | === LOG INICIADO: /home/runner/work/lotus-2026/lotus-2026/engine/models/../../logs/bot_dreamer_20260119_113421.log ===
2026-01-19 11:34:22 | DEBUG    | OraculoNeural importado correctamente
2026-01-19 11:34:22 | DEBUG    | LotoForense importado correctamente
2026-01-19 11:34:22 | DEBUG    | MetaLearner importado correctamente
2026-01-19 11:34:22 | DEBUG    | Loto3Ultra importado correctamente
2026-01-19 11:34:22 | INFO     | ============================================================
2026-01-19 11:34:22 | INFO     | INICIANDO BOT SOÑADOR: LÓBULOS ESPECIALIZADOS v12.4
2026-01-19 11:34:22 | INFO     | ============================================================
2026-01-19 11:34:22 | DEBUG    | MetaLearner activo: True
2026-01-19 11:34:22 | INFO     | Hora Chile: 2026-01-19 08:34:22 | Día: 0 | Hora: 8
2026-01-19 11:34:22 | INFO     | Cortex cargado: Rankings y Morfología segmentados por juego.
2026-01-19 11:34:22 | DEBUG    | Juegos en genoma: ['LOTO', 'LOTO3', 'LOTO4', 'RACHA']
2026-01-19 11:34:22 | INFO     | ----------------------------------------
2026-01-19 11:34:22 | INFO     | UNIVERSO: LOTO
2026-01-19 11:34:22 | DEBUG    | Pesos de confianza: {'consenso_meritocratico_v2': 0.6931471805599453, 'consenso_v1': 0.7929925155296614, 'delta_tactico_v1': 0.6931471805599453, 'forense_biometrico_v1': 0.6931471805599453, 'gaussiano_tactico_v1': 0.6931471805599453, 'markov_chain_v1': 0.6931471805599453, 'oraculo_neural_v3': 0.6931471805599453, 'oraculo_neural_v4': 0.6931471805599453}
2026-01-19 11:34:22 | INFO     | Objetivo Crononauta: #5376 | Fecha: 20/01/2026 21:00
2026-01-19 11:34:22 | INFO     |   forense_biometrico: [5, 13, 14, 19, 28, 40] [Score ADN: 5.95]
2026-01-19 11:34:22 | INFO     |   gaussiano_inteligente: [8, 14, 19, 23, 40, 41] [Score ADN: 5.95]
2026-01-19 11:34:22 | INFO     |   delta_dna: [4, 9, 19, 22, 23, 28] [Score ADN: 6.35]
2026-01-19 11:34:23 | INFO     |   markov_chain: [1, 16, 21, 24, 30, 34] [Score ADN: 23.05]
2026-01-19 11:35:40 | INFO     |   oraculo_neural_v3 (Pool: 89): [3, 18, 19, 32, 34, 41] [OK] [Confianza: 1.83x]
2026-01-19 11:35:56 | INFO     |   oraculo_neural_v4 (Pool: 100): [4, 18, 20, 27, 29, 35] [OK] [Confianza: 2.22x]
2026-01-19 11:35:56 | INFO     | Consenso Determinista validado (Score ADN: 16.35)
2026-01-19 11:35:56 | INFO     | TICKET FINAL: [18, 20, 21, 24, 29, 34] | 🔥 ALTA CONFIANZA (34.45%)
2026-01-19 11:35:56 | INFO     | ----------------------------------------
2026-01-19 11:35:56 | INFO     | UNIVERSO: LOTO3
2026-01-19 11:35:56 | INFO     | Activando LOTO3 ULTRA (Ensemble Avanzado)...
2026-01-19 11:35:57 | INFO     | LOTO3 ULTRA: 10 predicciones generadas
2026-01-19 11:35:57 | INFO     | ----------------------------------------
2026-01-19 11:35:57 | INFO     | UNIVERSO: LOTO4
2026-01-19 11:35:57 | DEBUG    | Pesos de confianza: {'consenso_meritocratico_v2': 0.6931471805599453, 'forense_biometrico_v1': 0.6931471805599453, 'oraculo_neural_v3': 0.8919980393051105, 'oraculo_neural_v4': 0.7929925155296614}
2026-01-19 11:35:57 | INFO     | Objetivo Crononauta: #11572 | Fecha: 19/01/2026 14:00
2026-01-19 11:35:57 | INFO     |   forense_biometrico: [3, 13, 21, 22] [Score ADN: 3.25]
2026-01-19 11:36:46 | INFO     |   oraculo_neural_v3 (Pool: 86): [5, 12, 13, 21] [OK] [Confianza: 2.22x]
2026-01-19 11:36:55 | INFO     |   oraculo_neural_v4 (Pool: 100): [5, 9, 10, 19] [OK] [Confianza: 2.22x]
2026-01-19 11:36:55 | INFO     | Consenso Determinista validado (Score ADN: 3.25)
2026-01-19 11:36:55 | INFO     | TICKET FINAL: [5, 12, 13, 21] | 🔥 ALTA CONFIANZA (53.52%)
2026-01-19 11:36:55 | INFO     | ----------------------------------------
2026-01-19 11:36:55 | INFO     | UNIVERSO: RACHA
2026-01-19 11:36:55 | DEBUG    | Pesos de confianza: {'consenso_meritocratico_v2': 2.900871992530031, 'forense_biometrico_v1': 2.8148097376737438, 'oraculo_neural_v3': 2.853015971352396, 'oraculo_neural_v4': 2.7806808921371178}
2026-01-19 11:36:55 | INFO     | Objetivo Crononauta: #10305 | Fecha: 19/01/2026 15:00
2026-01-19 11:36:55 | INFO     |   forense_biometrico: [1, 2, 5, 6, 7, 12, 14, 17, 18, 19] [Score ADN: 5.9]
2026-01-19 11:37:40 | INFO     |   oraculo_neural_v3 (Pool: 75): [3, 6, 8, 9, 11, 12, 13, 14, 18, 19] [OK] [Confianza: 2.21x]
2026-01-19 11:38:28 | INFO     |   oraculo_neural_v4 (Pool: 100): [1, 2, 3, 4, 8, 9, 14, 16, 17, 19] [OK] [Confianza: 2.13x]
2026-01-19 11:38:28 | INFO     | Consenso Determinista validado (Score ADN: 4.9)
2026-01-19 11:38:28 | INFO     | TICKET FINAL: [3, 4, 8, 9, 12, 13, 14, 16, 17, 19] | 🔥 ALTA CONFIANZA (71.24%)
2026-01-19 11:38:28 | INFO     | Forzando sincronización del laboratorio...
2026-01-19 11:38:28 | INFO     | Dashboard sincronizado correctamente.
2026-01-19 11:38:28 | INFO     | ============================================================
2026-01-19 11:38:28 | INFO     | PROCESO DEL SOÑADOR TERMINADO
2026-01-19 11:38:28 | INFO     | Total predicciones generadas: 20
2026-01-19 11:38:28 | INFO     | Log guardado en: /home/runner/work/lotus-2026/lotus-2026/engine/models/../../logs/bot_dreamer_20260119_113421.log
2026-01-19 11:38:28 | INFO     | ============================================================
