2026-01-19 23:41:20 | INFO     | === LOG INICIADO: /home/runner/work/lotus-2026/lotus-2026/engine/models/../../logs/bot_dreamer_20260119_234120.log ===
2026-01-19 23:41:21 | DEBUG    | OraculoNeural importado correctamente
2026-01-19 23:41:21 | DEBUG    | LotoForense importado correctamente
2026-01-19 23:41:21 | DEBUG    | MetaLearner importado correctamente
2026-01-19 23:41:21 | DEBUG    | Loto3Ultra importado correctamente
2026-01-19 23:41:21 | INFO     | ============================================================
2026-01-19 23:41:21 | INFO     | INICIANDO BOT SOÑADOR: LÓBULOS ESPECIALIZADOS v12.4
2026-01-19 23:41:21 | INFO     | ============================================================
2026-01-19 23:41:21 | DEBUG    | MetaLearner activo: True
2026-01-19 23:41:21 | INFO     | Hora Chile: 2026-01-19 20:41:21 | Día: 0 | Hora: 20
2026-01-19 23:41:21 | INFO     | Cortex cargado: Rankings y Morfología segmentados por juego.
2026-01-19 23:41:21 | DEBUG    | Juegos en genoma: ['LOTO', 'LOTO3', 'LOTO4', 'RACHA']
2026-01-19 23:41:21 | INFO     | ----------------------------------------
2026-01-19 23:41:21 | INFO     | UNIVERSO: LOTO
2026-01-19 23:41:21 | DEBUG    | Pesos de confianza: {'consenso_meritocratico_v2': 0.6931471805599453, 'consenso_v1': 0.7929925155296614, 'delta_tactico_v1': 0.6931471805599453, 'forense_biometrico_v1': 0.6931471805599453, 'gaussiano_tactico_v1': 0.6931471805599453, 'markov_chain_v1': 0.6931471805599453, 'oraculo_neural_v3': 0.7323678937132266, 'oraculo_neural_v4': 0.6931471805599453}
2026-01-19 23:41:21 | INFO     | Objetivo Crononauta: #5376 | Fecha: 20/01/2026 21:00
2026-01-19 23:41:21 | INFO     |   forense_biometrico: [2, 3, 21, 26, 33, 40] [Score ADN: 6.35]
2026-01-19 23:41:21 | INFO     |   gaussiano_inteligente: [1, 2, 12, 22, 39, 41] [Score ADN: 6.35]
2026-01-19 23:41:21 | INFO     |   delta_dna: [7, 13, 28, 30, 32, 33] [Score ADN: 6.35]
2026-01-19 23:41:21 | INFO     |   markov_chain: [1, 16, 21, 24, 30, 34] [Score ADN: 23.05]
2026-01-19 23:42:43 | INFO     |   oraculo_neural_v3 (Pool: 88): [3, 7, 24, 36, 37, 40] [OK] [Confianza: 1.83x]
2026-01-19 23:42:59 | INFO     |   oraculo_neural_v4 (Pool: 100): [4, 18, 20, 27, 29, 35] [OK] [Confianza: 2.22x]
2026-01-19 23:42:59 | INFO     | Consenso Determinista validado (Score ADN: 18.05)
2026-01-19 23:42:59 | INFO     | TICKET FINAL: [4, 20, 24, 27, 29, 40] | 🔥 ALTA CONFIANZA (32.21%)
2026-01-19 23:42:59 | INFO     | ----------------------------------------
2026-01-19 23:42:59 | INFO     | UNIVERSO: LOTO3
2026-01-19 23:42:59 | INFO     | Activando LOTO3 ULTRA (Ensemble Avanzado)...
2026-01-19 23:43:00 | INFO     | LOTO3 ULTRA: 10 predicciones generadas
2026-01-19 23:43:00 | INFO     | ----------------------------------------
2026-01-19 23:43:00 | INFO     | UNIVERSO: LOTO4
2026-01-19 23:43:00 | DEBUG    | Pesos de confianza: {'oraculo_neural_v3': 1.0818051703517284}
2026-01-19 23:43:00 | INFO     | Objetivo Crononauta: #11573 | Fecha: 19/01/2026 21:00
2026-01-19 23:43:00 | INFO     |   forense_biometrico: [9, 13, 14, 23] [Score ADN: 3.25]
2026-01-19 23:43:51 | INFO     |   oraculo_neural_v3 (Pool: 88): [9, 11, 12, 19] [OK] [Confianza: 2.22x]
2026-01-19 23:44:00 | INFO     |   oraculo_neural_v4 (Pool: 100): [4, 6, 9, 23] [OK] [Confianza: 2.23x]
2026-01-19 23:44:00 | INFO     | Consenso Determinista validado (Score ADN: 3.25)
2026-01-19 23:44:00 | INFO     | TICKET FINAL: [9, 11, 12, 19] | 🔥 ALTA CONFIANZA (51.48%)
2026-01-19 23:44:00 | INFO     | ----------------------------------------
2026-01-19 23:44:00 | INFO     | UNIVERSO: RACHA
2026-01-19 23:44:00 | DEBUG    | Pesos de confianza: {'consenso_meritocratico_v2': 2.900871992530031, 'forense_biometrico_v1': 2.8148097376737438, 'oraculo_neural_v3': 2.853015971352396, 'oraculo_neural_v4': 2.7806808921371178}
2026-01-19 23:44:00 | INFO     | Objetivo Crononauta: #10306 | Fecha: 19/01/2026 22:00
2026-01-19 23:44:00 | INFO     |   forense_biometrico: [1, 3, 4, 5, 12, 13, 14, 16, 17, 20] [Score ADN: 4.9]
2026-01-19 23:44:42 | INFO     |   oraculo_neural_v3 (Pool: 82): [3, 5, 6, 9, 10, 12, 13, 14, 18, 19] [OK] [Confianza: 2.22x]
2026-01-19 23:45:05 | INFO     |   oraculo_neural_v4 (Pool: 100): [2, 5, 7, 10, 11, 13, 14, 17, 18, 20] [OK] [Confianza: 2.27x]
2026-01-19 23:45:05 | INFO     | Consenso Determinista validado (Score ADN: 21.3)
2026-01-19 23:45:05 | INFO     | TICKET FINAL: [2, 5, 9, 10, 11, 13, 14, 17, 18, 19] | 🔥 ALTA CONFIANZA (71.44%)
2026-01-19 23:45:05 | INFO     | Forzando sincronización del laboratorio...
2026-01-19 23:45:05 | INFO     | Dashboard sincronizado correctamente.
2026-01-19 23:45:05 | INFO     | ============================================================
2026-01-19 23:45:05 | INFO     | PROCESO DEL SOÑADOR TERMINADO
2026-01-19 23:45:05 | INFO     | Total predicciones generadas: 20
2026-01-19 23:45:05 | INFO     | Log guardado en: /home/runner/work/lotus-2026/lotus-2026/engine/models/../../logs/bot_dreamer_20260119_234120.log
2026-01-19 23:45:05 | INFO     | ============================================================
