2026-01-19 20:12:34 | INFO     | === LOG INICIADO: /home/runner/work/lotus-2026/lotus-2026/engine/models/../../logs/bot_dreamer_20260119_201234.log ===
2026-01-19 20:12:35 | DEBUG    | OraculoNeural importado correctamente
2026-01-19 20:12:35 | DEBUG    | LotoForense importado correctamente
2026-01-19 20:12:35 | DEBUG    | MetaLearner importado correctamente
2026-01-19 20:12:35 | DEBUG    | Loto3Ultra importado correctamente
2026-01-19 20:12:35 | INFO     | ============================================================
2026-01-19 20:12:35 | INFO     | INICIANDO BOT SOÑADOR: LÓBULOS ESPECIALIZADOS v12.4
2026-01-19 20:12:35 | INFO     | ============================================================
2026-01-19 20:12:35 | DEBUG    | MetaLearner activo: True
2026-01-19 20:12:35 | INFO     | Hora Chile: 2026-01-19 17:12:35 | Día: 0 | Hora: 17
2026-01-19 20:12:35 | INFO     | Cortex cargado: Rankings y Morfología segmentados por juego.
2026-01-19 20:12:35 | DEBUG    | Juegos en genoma: ['LOTO', 'LOTO3', 'LOTO4', 'RACHA']
2026-01-19 20:12:35 | INFO     | ----------------------------------------
2026-01-19 20:12:35 | INFO     | UNIVERSO: LOTO
2026-01-19 20:12:35 | DEBUG    | Pesos de confianza: {'consenso_meritocratico_v2': 0.6931471805599453, 'consenso_v1': 0.7929925155296614, 'delta_tactico_v1': 0.6931471805599453, 'forense_biometrico_v1': 0.6931471805599453, 'gaussiano_tactico_v1': 0.6931471805599453, 'markov_chain_v1': 0.6931471805599453, 'oraculo_neural_v3': 0.6931471805599453, 'oraculo_neural_v4': 0.6931471805599453}
2026-01-19 20:12:35 | INFO     | Objetivo Crononauta: #5376 | Fecha: 20/01/2026 21:00
2026-01-19 20:12:35 | INFO     |   forense_biometrico: [7, 10, 15, 16, 23, 41] [Score ADN: 6.95]
2026-01-19 20:12:35 | INFO     |   gaussiano_inteligente: [13, 16, 22, 34, 35, 41] [Score ADN: 6.35]
2026-01-19 20:12:35 | INFO     |   delta_dna: [10, 13, 17, 19, 20, 28] [Score ADN: 5.95]
2026-01-19 20:12:35 | INFO     |   markov_chain: [1, 16, 21, 24, 30, 34] [Score ADN: 23.05]
2026-01-19 20:13:51 | INFO     |   oraculo_neural_v3 (Pool: 90): [3, 4, 17, 29, 38, 40] [OK] [Confianza: 1.83x]
2026-01-19 20:14:06 | INFO     |   oraculo_neural_v4 (Pool: 100): [4, 18, 20, 27, 29, 35] [OK] [Confianza: 2.22x]
2026-01-19 20:14:06 | INFO     | Consenso Determinista validado (Score ADN: 7.35)
2026-01-19 20:14:06 | INFO     | TICKET FINAL: [4, 17, 18, 27, 29, 35] | 🔥 ALTA CONFIANZA (38.82%)
2026-01-19 20:14:06 | INFO     | ----------------------------------------
2026-01-19 20:14:06 | INFO     | UNIVERSO: LOTO3
2026-01-19 20:14:06 | INFO     | Activando LOTO3 ULTRA (Ensemble Avanzado)...
2026-01-19 20:14:07 | INFO     | LOTO3 ULTRA: 10 predicciones generadas
2026-01-19 20:14:07 | INFO     | ----------------------------------------
2026-01-19 20:14:07 | INFO     | UNIVERSO: LOTO4
2026-01-19 20:14:07 | DEBUG    | Pesos de confianza: {'consenso_meritocratico_v2': 0.6931471805599453, 'forense_biometrico_v1': 0.6931471805599453, 'oraculo_neural_v3': 0.8919980393051105, 'oraculo_neural_v4': 0.7929925155296614}
2026-01-19 20:14:07 | INFO     | Objetivo Crononauta: #11573 | Fecha: 19/01/2026 21:00
2026-01-19 20:14:07 | INFO     |   forense_biometrico: [7, 8, 15, 23] [Score ADN: 3.25]
2026-01-19 20:14:54 | INFO     |   oraculo_neural_v3 (Pool: 82): [3, 12, 13, 15] [OK] [Confianza: 2.22x]
2026-01-19 20:15:02 | INFO     |   oraculo_neural_v4 (Pool: 100): [4, 6, 9, 23] [OK] [Confianza: 2.23x]
2026-01-19 20:15:02 | INFO     | Consenso Determinista validado (Score ADN: 3.25)
2026-01-19 20:15:02 | INFO     | TICKET FINAL: [3, 12, 13, 15] | 🔥 ALTA CONFIANZA (44.1%)
2026-01-19 20:15:02 | INFO     | ----------------------------------------
2026-01-19 20:15:02 | INFO     | UNIVERSO: RACHA
2026-01-19 20:15:02 | DEBUG    | Pesos de confianza: {'consenso_meritocratico_v2': 2.900871992530031, 'forense_biometrico_v1': 2.8148097376737438, 'oraculo_neural_v3': 2.853015971352396, 'oraculo_neural_v4': 2.7806808921371178}
2026-01-19 20:15:02 | INFO     | Objetivo Crononauta: #10306 | Fecha: 19/01/2026 22:00
2026-01-19 20:15:02 | INFO     |   forense_biometrico: [3, 4, 5, 9, 10, 12, 16, 17, 19, 20] [Score ADN: 4.9]
2026-01-19 20:15:42 | INFO     |   oraculo_neural_v3 (Pool: 81): [3, 4, 5, 6, 8, 9, 10, 13, 16, 19] [OK] [Confianza: 2.22x]
2026-01-19 20:16:02 | INFO     |   oraculo_neural_v4 (Pool: 100): [2, 5, 7, 10, 11, 13, 14, 17, 18, 20] [OK] [Confianza: 2.14x]
2026-01-19 20:16:02 | INFO     | Consenso Determinista validado (Score ADN: 18.7)
2026-01-19 20:16:02 | INFO     | TICKET FINAL: [2, 3, 5, 7, 8, 10, 13, 14, 18, 20] | 🔥 ALTA CONFIANZA (64.87%)
2026-01-19 20:16:02 | INFO     | Forzando sincronización del laboratorio...
2026-01-19 20:16:02 | INFO     | Dashboard sincronizado correctamente.
2026-01-19 20:16:02 | INFO     | ============================================================
2026-01-19 20:16:02 | INFO     | PROCESO DEL SOÑADOR TERMINADO
2026-01-19 20:16:02 | INFO     | Total predicciones generadas: 20
2026-01-19 20:16:02 | INFO     | Log guardado en: /home/runner/work/lotus-2026/lotus-2026/engine/models/../../logs/bot_dreamer_20260119_201234.log
2026-01-19 20:16:02 | INFO     | ============================================================
