2026-01-17 21:38:19 | INFO     | === LOG INICIADO: /home/runner/work/lotus-2026/lotus-2026/engine/models/../../logs/bot_dreamer_20260117_213819.log ===
2026-01-17 21:38:20 | DEBUG    | OraculoNeural importado correctamente
2026-01-17 21:38:20 | DEBUG    | LotoForense importado correctamente
2026-01-17 21:38:20 | DEBUG    | MetaLearner importado correctamente
2026-01-17 21:38:20 | DEBUG    | Loto3Ultra importado correctamente
2026-01-17 21:38:20 | INFO     | ============================================================
2026-01-17 21:38:20 | INFO     | INICIANDO BOT SOÑADOR: LÓBULOS ESPECIALIZADOS v12.4
2026-01-17 21:38:20 | INFO     | ============================================================
2026-01-17 21:38:20 | DEBUG    | MetaLearner activo: True
2026-01-17 21:38:20 | INFO     | Hora Chile: 2026-01-17 18:38:20 | Día: 5 | Hora: 18
2026-01-17 21:38:20 | INFO     | Cortex cargado: Rankings y Morfología segmentados por juego.
2026-01-17 21:38:20 | DEBUG    | Juegos en genoma: ['LOTO', 'LOTO3', 'LOTO4', 'RACHA']
2026-01-17 21:38:20 | INFO     | ----------------------------------------
2026-01-17 21:38:20 | INFO     | UNIVERSO: LOTO
2026-01-17 21:38:20 | DEBUG    | Pesos de confianza: {'consenso_meritocratico_v2': 0.6931471805599453, 'consenso_v1': 0.7929925155296614, 'delta_tactico_v1': 0.6931471805599453, 'forense_biometrico_v1': 0.6931471805599453, 'gaussiano_tactico_v1': 0.6931471805599453, 'markov_chain_v1': 0.6931471805599453, 'oraculo_neural_v3': 0.6931471805599453, 'oraculo_neural_v4': 0.6931471805599453}
2026-01-17 21:38:20 | INFO     | Objetivo Crononauta: #5375 | Fecha: 18/01/2026 21:00
2026-01-17 21:38:20 | INFO     |   forense_biometrico: [2, 9, 11, 28, 29, 34] [Score ADN: 5.95]
2026-01-17 21:38:20 | INFO     |   gaussiano_inteligente: [5, 6, 19, 26, 37, 40] [Score ADN: 5.95]
2026-01-17 21:38:20 | INFO     |   delta_dna: [8, 12, 23, 33, 36, 37] [Score ADN: 6.35]
2026-01-17 21:38:21 | INFO     |   markov_chain: [8, 21, 27, 29, 37, 39] [Score ADN: 14.05]
2026-01-17 21:39:37 | INFO     |   oraculo_neural_v3 (Pool: 88): [1, 2, 17, 23, 30, 34] [OK] [Confianza: 1.83x]
2026-01-17 21:39:52 | INFO     |   oraculo_neural_v4 (Pool: 100): [1, 13, 15, 29, 33, 35] [OK] [Confianza: 2.11x]
2026-01-17 21:39:52 | INFO     | Consenso Determinista validado (Score ADN: 13.65)
2026-01-17 21:39:52 | INFO     | TICKET FINAL: [1, 8, 17, 29, 33, 37] | 🔥 ALTA CONFIANZA (34.52%)
2026-01-17 21:39:52 | INFO     | ----------------------------------------
2026-01-17 21:39:52 | INFO     | UNIVERSO: LOTO3
2026-01-17 21:39:52 | INFO     | Activando LOTO3 ULTRA (Ensemble Avanzado)...
2026-01-17 21:39:53 | INFO     | LOTO3 ULTRA: 10 predicciones generadas
2026-01-17 21:39:53 | INFO     | ----------------------------------------
2026-01-17 21:39:53 | INFO     | UNIVERSO: LOTO4
2026-01-17 21:39:53 | DEBUG    | Pesos de confianza: {'consenso_meritocratico_v2': 0.6931471805599453, 'forense_biometrico_v1': 0.6931471805599453, 'oraculo_neural_v3': 0.8919980393051105, 'oraculo_neural_v4': 0.6931471805599453}
2026-01-17 21:39:53 | INFO     | Objetivo Crononauta: #11569 | Fecha: 17/01/2026 21:00
2026-01-17 21:39:53 | INFO     |   forense_biometrico: [1, 19, 20, 23] [Score ADN: 3.25]
2026-01-17 21:40:39 | INFO     |   oraculo_neural_v3 (Pool: 82): [2, 3, 9, 21] [OK] [Confianza: 2.22x]
2026-01-17 21:40:47 | INFO     |   oraculo_neural_v4 (Pool: 100): [6, 7, 15, 18] [OK] [Confianza: 2.22x]
2026-01-17 21:40:47 | INFO     | Consenso Determinista validado (Score ADN: 3.25)
2026-01-17 21:40:47 | INFO     | TICKET FINAL: [2, 3, 9, 21] | 🔥 ALTA CONFIANZA (48.49%)
2026-01-17 21:40:47 | INFO     | ----------------------------------------
2026-01-17 21:40:47 | INFO     | UNIVERSO: RACHA
2026-01-17 21:40:47 | DEBUG    | Pesos de confianza: {'consenso_meritocratico_v2': 2.900871992530031, 'forense_biometrico_v1': 2.8148097376737438, 'oraculo_neural_v3': 2.853015971352396, 'oraculo_neural_v4': 2.7806808921371178}
2026-01-17 21:40:47 | INFO     | Objetivo Crononauta: #10302 | Fecha: 17/01/2026 22:00
2026-01-17 21:40:47 | INFO     |   forense_biometrico: [3, 4, 5, 8, 9, 10, 14, 16, 17, 19] [Score ADN: 4.9]
2026-01-17 21:41:27 | INFO     |   oraculo_neural_v3 (Pool: 82): [2, 4, 7, 8, 9, 10, 11, 12, 15, 17] [OK] [Confianza: 2.23x]
2026-01-17 21:42:04 | INFO     |   oraculo_neural_v4 (Pool: 100): [1, 2, 3, 4, 8, 9, 10, 15, 18, 19] [OK] [Confianza: 2.25x]
2026-01-17 21:42:04 | INFO     | Consenso Determinista validado (Score ADN: 17.7)
2026-01-17 21:42:04 | INFO     | TICKET FINAL: [2, 4, 7, 8, 9, 10, 12, 15, 17, 18] | 🔥 ALTA CONFIANZA (75.34%)
2026-01-17 21:42:04 | INFO     | Forzando sincronización del laboratorio...
2026-01-17 21:42:04 | INFO     | Dashboard sincronizado correctamente.
2026-01-17 21:42:04 | INFO     | ============================================================
2026-01-17 21:42:04 | INFO     | PROCESO DEL SOÑADOR TERMINADO
2026-01-17 21:42:04 | INFO     | Total predicciones generadas: 20
2026-01-17 21:42:04 | INFO     | Log guardado en: /home/runner/work/lotus-2026/lotus-2026/engine/models/../../logs/bot_dreamer_20260117_213819.log
2026-01-17 21:42:04 | INFO     | ============================================================
