2026-01-19 23:52:27 | INFO     | === LOG INICIADO: /home/runner/work/lotus-2026/lotus-2026/engine/models/../../logs/bot_dreamer_20260119_235227.log ===
2026-01-19 23:52:28 | DEBUG    | OraculoNeural importado correctamente
2026-01-19 23:52:28 | DEBUG    | LotoForense importado correctamente
2026-01-19 23:52:28 | DEBUG    | MetaLearner importado correctamente
2026-01-19 23:52:28 | DEBUG    | Loto3Ultra importado correctamente
2026-01-19 23:52:28 | INFO     | ============================================================
2026-01-19 23:52:28 | INFO     | INICIANDO BOT SOÑADOR: LÓBULOS ESPECIALIZADOS v12.4
2026-01-19 23:52:28 | INFO     | ============================================================
2026-01-19 23:52:28 | DEBUG    | MetaLearner activo: True
2026-01-19 23:52:28 | INFO     | Hora Chile: 2026-01-19 20:52:28 | Día: 0 | Hora: 20
2026-01-19 23:52:28 | INFO     | Cortex cargado: Rankings y Morfología segmentados por juego.
2026-01-19 23:52:28 | DEBUG    | Juegos en genoma: ['LOTO', 'LOTO3', 'LOTO4', 'RACHA']
2026-01-19 23:52:28 | INFO     | ----------------------------------------
2026-01-19 23:52:28 | INFO     | UNIVERSO: LOTO
2026-01-19 23:52:28 | DEBUG    | Pesos de confianza: {'consenso_meritocratico_v2': 0.6931471805599453, 'consenso_v1': 0.7929925155296614, 'delta_tactico_v1': 0.6931471805599453, 'forense_biometrico_v1': 0.6931471805599453, 'gaussiano_tactico_v1': 0.6931471805599453, 'markov_chain_v1': 0.6931471805599453, 'oraculo_neural_v3': 0.7323678937132266, 'oraculo_neural_v4': 0.6931471805599453}
2026-01-19 23:52:28 | INFO     | Objetivo Crononauta: #5376 | Fecha: 20/01/2026 21:00
2026-01-19 23:52:28 | INFO     |   forense_biometrico: [3, 10, 24, 29, 30, 37] [Score ADN: 5.95]
2026-01-19 23:52:28 | INFO     |   gaussiano_inteligente: [7, 10, 16, 17, 30, 37] [Score ADN: 5.95]
2026-01-19 23:52:28 | INFO     |   delta_dna: [2, 13, 35, 37, 38, 40] [Score ADN: 5.95]
2026-01-19 23:52:28 | INFO     |   markov_chain: [1, 16, 21, 24, 30, 34] [Score ADN: 23.05]
2026-01-19 23:53:57 | INFO     |   oraculo_neural_v3 (Pool: 84): [13, 14, 16, 18, 29, 37] [OK] [Confianza: 1.83x]
2026-01-19 23:54:13 | INFO     |   oraculo_neural_v4 (Pool: 100): [4, 18, 20, 27, 29, 35] [OK] [Confianza: 2.22x]
2026-01-19 23:54:13 | INFO     | Consenso Determinista validado (Score ADN: 13.05)
2026-01-19 23:54:13 | INFO     | TICKET FINAL: [4, 16, 18, 27, 29, 35] | 🔥 ALTA CONFIANZA (38.41%)
2026-01-19 23:54:13 | INFO     | ----------------------------------------
2026-01-19 23:54:13 | INFO     | UNIVERSO: LOTO3
2026-01-19 23:54:13 | INFO     | Activando LOTO3 ULTRA (Ensemble Avanzado)...
2026-01-19 23:54:14 | INFO     | LOTO3 ULTRA: 10 predicciones generadas
2026-01-19 23:54:14 | INFO     | ----------------------------------------
2026-01-19 23:54:14 | INFO     | UNIVERSO: LOTO4
2026-01-19 23:54:14 | DEBUG    | Pesos de confianza: {'oraculo_neural_v3': 1.0818051703517284}
2026-01-19 23:54:14 | INFO     | Objetivo Crononauta: #11573 | Fecha: 19/01/2026 21:00
2026-01-19 23:54:14 | INFO     |   forense_biometrico: [5, 6, 15, 17] [Score ADN: 3.25]
2026-01-19 23:55:10 | INFO     |   oraculo_neural_v3 (Pool: 86): [7, 12, 13, 21] [OK] [Confianza: 2.22x]
2026-01-19 23:55:20 | INFO     |   oraculo_neural_v4 (Pool: 100): [4, 6, 9, 23] [OK] [Confianza: 2.23x]
2026-01-19 23:55:20 | INFO     | Consenso Determinista validado (Score ADN: 3.25)
2026-01-19 23:55:20 | INFO     | TICKET FINAL: [9, 12, 13, 23] | 🔥 ALTA CONFIANZA (45.39%)
2026-01-19 23:55:20 | INFO     | ----------------------------------------
2026-01-19 23:55:20 | INFO     | UNIVERSO: RACHA
2026-01-19 23:55:20 | DEBUG    | Pesos de confianza: {'consenso_meritocratico_v2': 2.900871992530031, 'forense_biometrico_v1': 2.8148097376737438, 'oraculo_neural_v3': 2.853015971352396, 'oraculo_neural_v4': 2.7806808921371178}
2026-01-19 23:55:20 | INFO     | Objetivo Crononauta: #10306 | Fecha: 19/01/2026 22:00
2026-01-19 23:55:20 | INFO     |   forense_biometrico: [3, 4, 6, 7, 12, 13, 15, 16, 18, 19] [Score ADN: 4.9]
2026-01-19 23:56:06 | INFO     |   oraculo_neural_v3 (Pool: 75): [2, 3, 4, 7, 8, 9, 12, 13, 15, 18] [OK] [Confianza: 2.22x]
2026-01-19 23:56:30 | INFO     |   oraculo_neural_v4 (Pool: 100): [2, 5, 7, 10, 11, 13, 14, 17, 18, 20] [OK] [Confianza: 2.27x]
2026-01-19 23:56:30 | INFO     | Consenso Determinista validado (Score ADN: 15.9)
2026-01-19 23:56:30 | INFO     | TICKET FINAL: [2, 3, 4, 7, 8, 10, 11, 12, 13, 18] | 🔥 ALTA CONFIANZA (69.07%)
2026-01-19 23:56:30 | INFO     | Forzando sincronización del laboratorio...
2026-01-19 23:56:30 | INFO     | Dashboard sincronizado correctamente.
2026-01-19 23:56:30 | INFO     | ============================================================
2026-01-19 23:56:30 | INFO     | PROCESO DEL SOÑADOR TERMINADO
2026-01-19 23:56:30 | INFO     | Total predicciones generadas: 20
2026-01-19 23:56:30 | INFO     | Log guardado en: /home/runner/work/lotus-2026/lotus-2026/engine/models/../../logs/bot_dreamer_20260119_235227.log
2026-01-19 23:56:30 | INFO     | ============================================================
