2026-01-18 22:17:28 | INFO     | === LOG INICIADO: /home/runner/work/lotus-2026/lotus-2026/engine/models/../../logs/bot_dreamer_20260118_221728.log ===
2026-01-18 22:17:29 | DEBUG    | OraculoNeural importado correctamente
2026-01-18 22:17:29 | DEBUG    | LotoForense importado correctamente
2026-01-18 22:17:29 | DEBUG    | MetaLearner importado correctamente
2026-01-18 22:17:29 | DEBUG    | Loto3Ultra importado correctamente
2026-01-18 22:17:29 | INFO     | ============================================================
2026-01-18 22:17:29 | INFO     | INICIANDO BOT SOÑADOR: LÓBULOS ESPECIALIZADOS v12.4
2026-01-18 22:17:29 | INFO     | ============================================================
2026-01-18 22:17:29 | DEBUG    | MetaLearner activo: True
2026-01-18 22:17:29 | INFO     | Hora Chile: 2026-01-18 19:17:29 | Día: 6 | Hora: 19
2026-01-18 22:17:29 | INFO     | Cortex cargado: Rankings y Morfología segmentados por juego.
2026-01-18 22:17:29 | DEBUG    | Juegos en genoma: ['LOTO', 'LOTO3', 'LOTO4', 'RACHA']
2026-01-18 22:17:29 | INFO     | ----------------------------------------
2026-01-18 22:17:29 | INFO     | UNIVERSO: LOTO
2026-01-18 22:17:29 | DEBUG    | Pesos de confianza: {'consenso_meritocratico_v2': 0.6931471805599453, 'consenso_v1': 0.7929925155296614, 'delta_tactico_v1': 0.6931471805599453, 'forense_biometrico_v1': 0.6931471805599453, 'gaussiano_tactico_v1': 0.6931471805599453, 'markov_chain_v1': 0.6931471805599453, 'oraculo_neural_v3': 0.6931471805599453, 'oraculo_neural_v4': 0.6931471805599453}
2026-01-18 22:17:29 | INFO     | Objetivo Crononauta: #5375 | Fecha: 18/01/2026 21:00
2026-01-18 22:17:29 | INFO     |   forense_biometrico: [5, 6, 26, 31, 34, 37] [Score ADN: 5.95]
2026-01-18 22:17:29 | INFO     |   gaussiano_inteligente: [10, 11, 23, 29, 38, 40] [Score ADN: 5.95]
2026-01-18 22:17:29 | INFO     |   delta_dna: [3, 11, 18, 19, 34, 40] [Score ADN: 5.95]
2026-01-18 22:17:29 | INFO     |   markov_chain: [12, 14, 18, 22, 28, 32] [Score ADN: 33.05]
2026-01-18 22:18:45 | INFO     |   oraculo_neural_v3 (Pool: 84): [6, 13, 23, 30, 37, 38] [OK] [Confianza: 1.83x]
2026-01-18 22:19:00 | INFO     |   oraculo_neural_v4 (Pool: 100): [1, 13, 15, 29, 33, 35] [OK] [Confianza: 2.11x]
2026-01-18 22:19:00 | INFO     | Consenso Determinista validado (Score ADN: 18.65)
2026-01-18 22:19:00 | INFO     | TICKET FINAL: [13, 15, 23, 33, 35, 37] | 🔥 ALTA CONFIANZA (37.4%)
2026-01-18 22:19:00 | INFO     | ----------------------------------------
2026-01-18 22:19:00 | INFO     | UNIVERSO: LOTO3
2026-01-18 22:19:00 | INFO     | Activando LOTO3 ULTRA (Ensemble Avanzado)...
2026-01-18 22:19:01 | INFO     | LOTO3 ULTRA: 10 predicciones generadas
2026-01-18 22:19:01 | INFO     | ----------------------------------------
2026-01-18 22:19:01 | INFO     | UNIVERSO: LOTO4
2026-01-18 22:19:01 | DEBUG    | Pesos de confianza: {'consenso_meritocratico_v2': 0.6931471805599453, 'forense_biometrico_v1': 0.6931471805599453, 'oraculo_neural_v3': 0.8919980393051105, 'oraculo_neural_v4': 0.7929925155296614}
2026-01-18 22:19:01 | INFO     | Objetivo Crononauta: #11571 | Fecha: 18/01/2026 21:00
2026-01-18 22:19:01 | INFO     |   forense_biometrico: [1, 7, 8, 17] [Score ADN: 3.25]
2026-01-18 22:19:47 | INFO     |   oraculo_neural_v3 (Pool: 88): [3, 5, 15, 16] [OK] [Confianza: 2.22x]
2026-01-18 22:19:56 | INFO     |   oraculo_neural_v4 (Pool: 100): [4, 6, 17, 18] [OK] [Confianza: 2.4x]
2026-01-18 22:19:56 | INFO     | Consenso Determinista validado (Score ADN: 7.15)
2026-01-18 22:19:56 | INFO     | TICKET FINAL: [3, 6, 15, 17] | 🔥 ALTA CONFIANZA (47.02%)
2026-01-18 22:19:56 | INFO     | ----------------------------------------
2026-01-18 22:19:56 | INFO     | UNIVERSO: RACHA
2026-01-18 22:19:56 | DEBUG    | Pesos de confianza: {'consenso_meritocratico_v2': 2.900871992530031, 'forense_biometrico_v1': 2.8148097376737438, 'oraculo_neural_v3': 2.853015971352396, 'oraculo_neural_v4': 2.7806808921371178}
2026-01-18 22:19:56 | INFO     | Objetivo Crononauta: #10304 | Fecha: 18/01/2026 22:00
2026-01-18 22:19:56 | INFO     |   forense_biometrico: [2, 7, 8, 9, 10, 11, 13, 15, 16, 18] [Score ADN: 4.9]
2026-01-18 22:20:35 | INFO     |   oraculo_neural_v3 (Pool: 81): [3, 4, 5, 6, 7, 9, 10, 13, 18, 20] [OK] [Confianza: 2.23x]
2026-01-18 22:21:14 | INFO     |   oraculo_neural_v4 (Pool: 100): [1, 2, 3, 6, 7, 8, 9, 11, 13, 15] [OK] [Confianza: 2.04x]
2026-01-18 22:21:14 | INFO     | Consenso Determinista validado (Score ADN: 15.1)
2026-01-18 22:21:14 | INFO     | TICKET FINAL: [2, 3, 4, 6, 7, 9, 11, 13, 15, 18] | 🔥 ALTA CONFIANZA (71.09%)
2026-01-18 22:21:14 | INFO     | Forzando sincronización del laboratorio...
2026-01-18 22:21:14 | INFO     | Dashboard sincronizado correctamente.
2026-01-18 22:21:14 | INFO     | ============================================================
2026-01-18 22:21:14 | INFO     | PROCESO DEL SOÑADOR TERMINADO
2026-01-18 22:21:14 | INFO     | Total predicciones generadas: 20
2026-01-18 22:21:14 | INFO     | Log guardado en: /home/runner/work/lotus-2026/lotus-2026/engine/models/../../logs/bot_dreamer_20260118_221728.log
2026-01-18 22:21:14 | INFO     | ============================================================
