2026-01-22 19:13:22 | INFO     | === LOG INICIADO: /home/runner/work/lotus-2026/lotus-2026/engine/models/../../logs/bot_dreamer_20260122_191322.log ===
2026-01-22 19:13:23 | DEBUG    | OraculoNeural importado correctamente
2026-01-22 19:13:23 | DEBUG    | LotoForense importado correctamente
2026-01-22 19:13:23 | DEBUG    | MetaLearner importado correctamente
2026-01-22 19:13:23 | DEBUG    | Loto3Ultra importado correctamente
2026-01-22 19:13:23 | INFO     | ============================================================
2026-01-22 19:13:23 | INFO     | INICIANDO BOT SOÑADOR: LÓBULOS ESPECIALIZADOS v12.4
2026-01-22 19:13:23 | INFO     | ============================================================
2026-01-22 19:13:23 | DEBUG    | MetaLearner activo: True
2026-01-22 19:13:23 | INFO     | Hora Chile: 2026-01-22 16:13:23 | Día: 3 | Hora: 16
2026-01-22 19:13:23 | INFO     | Cortex cargado: Rankings y Morfología segmentados por juego.
2026-01-22 19:13:23 | DEBUG    | Juegos en genoma: ['LOTO', 'LOTO3', 'LOTO4', 'RACHA']
2026-01-22 19:13:23 | INFO     | ----------------------------------------
2026-01-22 19:13:23 | INFO     | UNIVERSO: LOTO
2026-01-22 19:13:23 | DEBUG    | Pesos de confianza: {'consenso_meritocratico_v2': 0.6931471805599453, 'consenso_v1': 0.7929925155296614, 'delta_tactico_v1': 0.6931471805599453, 'forense_biometrico_v1': 0.6931471805599453, 'gaussiano_tactico_v1': 0.6931471805599453, 'markov_chain_v1': 0.6931471805599453, 'oraculo_neural_v3': 1.1537315878891892, 'oraculo_neural_v4': 0.6931471805599453}
2026-01-22 19:13:23 | INFO     | Objetivo Crononauta: #5377 | Fecha: 22/01/2026 21:00
2026-01-22 19:13:23 | INFO     |   forense_biometrico: [2, 6, 7, 17, 35, 38] [Score ADN: 5.95]
2026-01-22 19:13:23 | INFO     |   gaussiano_inteligente: [5, 12, 16, 31, 40, 41] [Score ADN: 5.95]
2026-01-22 19:13:23 | INFO     |   delta_dna: [7, 17, 18, 23, 34, 38] [Score ADN: 5.95]
2026-01-22 19:13:23 | INFO     |   markov_chain: [7, 15, 19, 22, 28, 41] [Score ADN: 8.65]
2026-01-22 19:14:16 | INFO     |   oraculo_neural_v3 (Pool: 89): [4, 7, 8, 22, 29, 41] [OK] [Confianza: 1.83x]
2026-01-22 19:14:25 | INFO     |   oraculo_neural_v4 (Pool: 100): [2, 5, 15, 29, 30, 41] [OK] [Confianza: 1.84x]
2026-01-22 19:14:25 | INFO     | Consenso Determinista validado (Score ADN: 6.95)
2026-01-22 19:14:25 | INFO     | TICKET FINAL: [7, 8, 15, 22, 29, 41] | 🔥 ALTA CONFIANZA (44.72%)
2026-01-22 19:14:25 | INFO     | ----------------------------------------
2026-01-22 19:14:25 | INFO     | UNIVERSO: LOTO3
2026-01-22 19:14:25 | INFO     | Activando LOTO3 ULTRA (Ensemble Avanzado)...
2026-01-22 19:14:26 | INFO     | LOTO3 ULTRA: 10 predicciones generadas y guardadas.
2026-01-22 19:14:26 | INFO     | ----------------------------------------
2026-01-22 19:14:26 | INFO     | UNIVERSO: LOTO4
2026-01-22 19:14:26 | DEBUG    | Pesos de confianza: {'consenso_meritocratico_v2': 0.6931471805599453, 'forense_biometrico_v1': 0.6931471805599453, 'oraculo_neural_v3': 0.8919980393051105, 'oraculo_neural_v4': 0.7929925155296614}
2026-01-22 19:14:26 | INFO     | Objetivo Crononauta: #11579 | Fecha: 22/01/2026 21:00
2026-01-22 19:14:26 | INFO     |   forense_biometrico: [11, 17, 18, 21] [Score ADN: 3.25]
2026-01-22 19:15:23 | INFO     |   oraculo_neural_v3 (Pool: 84): [1, 2, 11, 21] [OK] [Confianza: 2.22x]
2026-01-22 19:15:29 | INFO     |   oraculo_neural_v4 (Pool: 100): [3, 9, 15, 18] [OK] [Confianza: 2.23x]
2026-01-22 19:15:29 | INFO     | Consenso Determinista validado (Score ADN: 7.15)
2026-01-22 19:15:29 | INFO     | TICKET FINAL: [2, 11, 15, 21] | 🔥 ALTA CONFIANZA (49.09%)
2026-01-22 19:15:29 | INFO     | ----------------------------------------
2026-01-22 19:15:29 | INFO     | UNIVERSO: RACHA
2026-01-22 19:15:29 | DEBUG    | Pesos de confianza: {'consenso_meritocratico_v2': 2.900871992530031, 'forense_biometrico_v1': 2.8148097376737438, 'oraculo_neural_v3': 2.853015971352396, 'oraculo_neural_v4': 2.7806808921371178}
2026-01-22 19:15:29 | INFO     | Objetivo Crononauta: #10312 | Fecha: 22/01/2026 22:00
2026-01-22 19:15:29 | INFO     |   forense_biometrico: [1, 2, 5, 6, 8, 13, 14, 15, 19, 20] [Score ADN: 4.9]
2026-01-22 19:15:57 | INFO     |   oraculo_neural_v3 (Pool: 77): [3, 4, 6, 7, 8, 11, 15, 16, 17, 20] [OK] [Confianza: 2.23x]
2026-01-22 19:16:23 | INFO     |   oraculo_neural_v4 (Pool: 100): [1, 2, 3, 6, 7, 9, 10, 11, 16, 20] [OK] [Confianza: 2.14x]
2026-01-22 19:16:23 | INFO     | Consenso Determinista validado (Score ADN: 23.7)
2026-01-22 19:16:23 | INFO     | TICKET FINAL: [1, 3, 4, 6, 7, 8, 10, 11, 16, 20] | 🔥 ALTA CONFIANZA (74.22%)
2026-01-22 19:16:23 | INFO     | Forzando sincronización del laboratorio...
2026-01-22 19:16:23 | INFO     | Dashboard sincronizado correctamente.
2026-01-22 19:16:23 | INFO     | ============================================================
2026-01-22 19:16:23 | INFO     | PROCESO DEL SOÑADOR TERMINADO
2026-01-22 19:16:23 | INFO     | Total predicciones generadas: 15
2026-01-22 19:16:23 | INFO     | Log guardado en: /home/runner/work/lotus-2026/lotus-2026/engine/models/../../logs/bot_dreamer_20260122_191322.log
2026-01-22 19:16:23 | INFO     | ============================================================
