2026-01-19 03:29:33 | INFO     | === LOG INICIADO: /home/runner/work/lotus-2026/lotus-2026/engine/models/../../logs/bot_dreamer_20260119_032933.log ===
2026-01-19 03:29:34 | DEBUG    | OraculoNeural importado correctamente
2026-01-19 03:29:34 | DEBUG    | LotoForense importado correctamente
2026-01-19 03:29:34 | DEBUG    | MetaLearner importado correctamente
2026-01-19 03:29:34 | DEBUG    | Loto3Ultra importado correctamente
2026-01-19 03:29:34 | INFO     | ============================================================
2026-01-19 03:29:34 | INFO     | INICIANDO BOT SOÑADOR: LÓBULOS ESPECIALIZADOS v12.4
2026-01-19 03:29:34 | INFO     | ============================================================
2026-01-19 03:29:34 | DEBUG    | MetaLearner activo: True
2026-01-19 03:29:34 | INFO     | Hora Chile: 2026-01-19 00:29:34 | Día: 0 | Hora: 0
2026-01-19 03:29:34 | INFO     | Cortex cargado: Rankings y Morfología segmentados por juego.
2026-01-19 03:29:34 | DEBUG    | Juegos en genoma: ['LOTO', 'LOTO3', 'LOTO4', 'RACHA']
2026-01-19 03:29:34 | INFO     | ----------------------------------------
2026-01-19 03:29:34 | INFO     | UNIVERSO: LOTO
2026-01-19 03:29:34 | DEBUG    | Pesos de confianza: {'consenso_meritocratico_v2': 0.6931471805599453, 'consenso_v1': 0.7929925155296614, 'delta_tactico_v1': 0.6931471805599453, 'forense_biometrico_v1': 0.6931471805599453, 'gaussiano_tactico_v1': 0.6931471805599453, 'markov_chain_v1': 0.6931471805599453, 'oraculo_neural_v3': 0.6931471805599453, 'oraculo_neural_v4': 0.6931471805599453}
2026-01-19 03:29:34 | INFO     | Objetivo Crononauta: #5376 | Fecha: 20/01/2026 21:00
2026-01-19 03:29:34 | INFO     |   forense_biometrico: [2, 18, 21, 22, 29, 41] [Score ADN: 5.95]
2026-01-19 03:29:34 | INFO     |   gaussiano_inteligente: [13, 18, 20, 22, 23, 31] [Score ADN: 5.95]
2026-01-19 03:29:34 | INFO     |   delta_dna: [2, 7, 21, 22, 28, 31] [Score ADN: 5.95]
2026-01-19 03:29:34 | INFO     |   markov_chain: [1, 16, 21, 24, 30, 34] [Score ADN: 23.05]
2026-01-19 03:30:58 | INFO     |   oraculo_neural_v3 (Pool: 85): [3, 16, 23, 30, 31, 38] [OK] [Confianza: 1.83x]
2026-01-19 03:31:14 | INFO     |   oraculo_neural_v4 (Pool: 100): [4, 18, 20, 27, 29, 35] [OK] [Confianza: 2.22x]
2026-01-19 03:31:14 | INFO     | Consenso Determinista validado (Score ADN: 29.35)
2026-01-19 03:31:14 | INFO     | TICKET FINAL: [3, 4, 16, 18, 23, 30] | 🔥 ALTA CONFIANZA (35.14%)
2026-01-19 03:31:14 | INFO     | ----------------------------------------
2026-01-19 03:31:14 | INFO     | UNIVERSO: LOTO3
2026-01-19 03:31:14 | INFO     | Activando LOTO3 ULTRA (Ensemble Avanzado)...
2026-01-19 03:31:15 | INFO     | LOTO3 ULTRA: 10 predicciones generadas
2026-01-19 03:31:15 | INFO     | ----------------------------------------
2026-01-19 03:31:15 | INFO     | UNIVERSO: LOTO4
2026-01-19 03:31:15 | DEBUG    | Pesos de confianza: {'consenso_meritocratico_v2': 0.6931471805599453, 'forense_biometrico_v1': 0.6931471805599453, 'oraculo_neural_v3': 0.8919980393051105, 'oraculo_neural_v4': 0.7929925155296614}
2026-01-19 03:31:15 | INFO     | Objetivo Crononauta: #11572 | Fecha: 19/01/2026 14:00
2026-01-19 03:31:15 | INFO     |   forense_biometrico: [5, 15, 16, 23] [Score ADN: 3.25]
2026-01-19 03:32:07 | INFO     |   oraculo_neural_v3 (Pool: 87): [9, 13, 14, 17] [OK] [Confianza: 2.22x]
2026-01-19 03:32:17 | INFO     |   oraculo_neural_v4 (Pool: 100): [5, 9, 10, 19] [OK] [Confianza: 2.22x]
2026-01-19 03:32:17 | INFO     | Consenso Determinista validado (Score ADN: 7.85)
2026-01-19 03:32:17 | INFO     | TICKET FINAL: [9, 10, 14, 19] | 🔥 ALTA CONFIANZA (59.36%)
2026-01-19 03:32:17 | INFO     | ----------------------------------------
2026-01-19 03:32:17 | INFO     | UNIVERSO: RACHA
2026-01-19 03:32:17 | DEBUG    | Pesos de confianza: {'consenso_meritocratico_v2': 2.900871992530031, 'forense_biometrico_v1': 2.8148097376737438, 'oraculo_neural_v3': 2.853015971352396, 'oraculo_neural_v4': 2.7806808921371178}
2026-01-19 03:32:17 | INFO     | Objetivo Crononauta: #10305 | Fecha: 19/01/2026 15:00
2026-01-19 03:32:17 | INFO     |   forense_biometrico: [3, 4, 7, 9, 12, 13, 14, 15, 18, 19] [Score ADN: 6.3]
2026-01-19 03:33:01 | INFO     |   oraculo_neural_v3 (Pool: 77): [3, 4, 5, 6, 9, 13, 14, 16, 19, 20] [OK] [Confianza: 2.24x]
2026-01-19 03:33:44 | INFO     |   oraculo_neural_v4 (Pool: 100): [1, 2, 3, 4, 8, 9, 14, 16, 17, 19] [OK] [Confianza: 2.16x]
2026-01-19 03:33:44 | INFO     | Consenso Determinista validado (Score ADN: 12.1)
2026-01-19 03:33:44 | INFO     | TICKET FINAL: [1, 3, 4, 9, 13, 14, 16, 17, 19, 20] | 🔥 ALTA CONFIANZA (73.72%)
2026-01-19 03:33:44 | INFO     | Forzando sincronización del laboratorio...
2026-01-19 03:33:44 | INFO     | Dashboard sincronizado correctamente.
2026-01-19 03:33:44 | INFO     | ============================================================
2026-01-19 03:33:44 | INFO     | PROCESO DEL SOÑADOR TERMINADO
2026-01-19 03:33:44 | INFO     | Total predicciones generadas: 20
2026-01-19 03:33:44 | INFO     | Log guardado en: /home/runner/work/lotus-2026/lotus-2026/engine/models/../../logs/bot_dreamer_20260119_032933.log
2026-01-19 03:33:44 | INFO     | ============================================================
