2026-01-19 19:29:41 | INFO     | === LOG INICIADO: /home/runner/work/lotus-2026/lotus-2026/engine/models/../../logs/bot_dreamer_20260119_192941.log ===
2026-01-19 19:29:43 | DEBUG    | OraculoNeural importado correctamente
2026-01-19 19:29:43 | DEBUG    | LotoForense importado correctamente
2026-01-19 19:29:43 | DEBUG    | MetaLearner importado correctamente
2026-01-19 19:29:43 | DEBUG    | Loto3Ultra importado correctamente
2026-01-19 19:29:43 | INFO     | ============================================================
2026-01-19 19:29:43 | INFO     | INICIANDO BOT SOÑADOR: LÓBULOS ESPECIALIZADOS v12.4
2026-01-19 19:29:43 | INFO     | ============================================================
2026-01-19 19:29:43 | DEBUG    | MetaLearner activo: True
2026-01-19 19:29:43 | INFO     | Hora Chile: 2026-01-19 16:29:43 | Día: 0 | Hora: 16
2026-01-19 19:29:43 | INFO     | Cortex cargado: Rankings y Morfología segmentados por juego.
2026-01-19 19:29:43 | DEBUG    | Juegos en genoma: ['LOTO', 'LOTO3', 'LOTO4', 'RACHA']
2026-01-19 19:29:43 | INFO     | ----------------------------------------
2026-01-19 19:29:43 | INFO     | UNIVERSO: LOTO
2026-01-19 19:29:43 | DEBUG    | Pesos de confianza: {'consenso_meritocratico_v2': 0.6931471805599453, 'consenso_v1': 0.7929925155296614, 'delta_tactico_v1': 0.6931471805599453, 'forense_biometrico_v1': 0.6931471805599453, 'gaussiano_tactico_v1': 0.6931471805599453, 'markov_chain_v1': 0.6931471805599453, 'oraculo_neural_v3': 0.6931471805599453, 'oraculo_neural_v4': 0.6931471805599453}
2026-01-19 19:29:43 | INFO     | Objetivo Crononauta: #5376 | Fecha: 20/01/2026 21:00
2026-01-19 19:29:43 | INFO     |   forense_biometrico: [2, 3, 18, 32, 37, 39] [Score ADN: 5.95]
2026-01-19 19:29:43 | INFO     |   gaussiano_inteligente: [3, 6, 11, 30, 40, 41] [Score ADN: 5.95]
2026-01-19 19:29:43 | INFO     |   delta_dna: [2, 14, 26, 27, 29, 31] [Score ADN: 5.95]
2026-01-19 19:29:43 | INFO     |   markov_chain: [1, 16, 21, 24, 30, 34] [Score ADN: 23.05]
2026-01-19 19:30:59 | INFO     |   oraculo_neural_v3 (Pool: 81): [4, 5, 13, 18, 26, 41] [OK] [Confianza: 1.83x]
2026-01-19 19:31:14 | INFO     |   oraculo_neural_v4 (Pool: 100): [4, 18, 20, 27, 29, 35] [OK] [Confianza: 2.22x]
2026-01-19 19:31:14 | INFO     | Consenso Determinista validado (Score ADN: 9.05)
2026-01-19 19:31:14 | INFO     | TICKET FINAL: [4, 18, 27, 29, 35, 41] | 🔥 ALTA CONFIANZA (34.3%)
2026-01-19 19:31:14 | INFO     | ----------------------------------------
2026-01-19 19:31:14 | INFO     | UNIVERSO: LOTO3
2026-01-19 19:31:14 | INFO     | Activando LOTO3 ULTRA (Ensemble Avanzado)...
2026-01-19 19:31:15 | INFO     | LOTO3 ULTRA: 10 predicciones generadas
2026-01-19 19:31:15 | INFO     | ----------------------------------------
2026-01-19 19:31:15 | INFO     | UNIVERSO: LOTO4
2026-01-19 19:31:15 | DEBUG    | Pesos de confianza: {'consenso_meritocratico_v2': 0.6931471805599453, 'forense_biometrico_v1': 0.6931471805599453, 'oraculo_neural_v3': 0.8919980393051105, 'oraculo_neural_v4': 0.7929925155296614}
2026-01-19 19:31:15 | INFO     | Objetivo Crononauta: #11573 | Fecha: 19/01/2026 21:00
2026-01-19 19:31:15 | INFO     |   forense_biometrico: [3, 18, 19, 21] [Score ADN: 3.25]
2026-01-19 19:32:02 | INFO     |   oraculo_neural_v3 (Pool: 81): [8, 9, 13, 19] [OK] [Confianza: 2.22x]
2026-01-19 19:32:10 | INFO     |   oraculo_neural_v4 (Pool: 100): [4, 6, 9, 23] [OK] [Confianza: 2.23x]
2026-01-19 19:32:10 | INFO     | Consenso Determinista validado (Score ADN: 3.25)
2026-01-19 19:32:10 | INFO     | TICKET FINAL: [8, 9, 13, 19] | 🔥 ALTA CONFIANZA (56.55%)
2026-01-19 19:32:10 | INFO     | ----------------------------------------
2026-01-19 19:32:10 | INFO     | UNIVERSO: RACHA
2026-01-19 19:32:10 | DEBUG    | Pesos de confianza: {'consenso_meritocratico_v2': 2.900871992530031, 'forense_biometrico_v1': 2.8148097376737438, 'oraculo_neural_v3': 2.853015971352396, 'oraculo_neural_v4': 2.7806808921371178}
2026-01-19 19:32:10 | INFO     | Objetivo Crononauta: #10306 | Fecha: 19/01/2026 22:00
2026-01-19 19:32:11 | INFO     |   forense_biometrico: [3, 4, 5, 8, 9, 12, 13, 17, 18, 20] [Score ADN: 4.9]
2026-01-19 19:32:50 | INFO     |   oraculo_neural_v3 (Pool: 75): [2, 3, 6, 7, 8, 11, 12, 14, 15, 17] [OK] [Confianza: 2.23x]
2026-01-19 19:33:27 | INFO     |   oraculo_neural_v4 (Pool: 100): [1, 2, 3, 4, 8, 9, 14, 16, 17, 19] [OK] [Confianza: 2.22x]
2026-01-19 19:33:27 | INFO     | Consenso Determinista validado (Score ADN: 15.1)
2026-01-19 19:33:27 | INFO     | TICKET FINAL: [1, 2, 3, 6, 8, 9, 11, 14, 15, 17] | 🔥 ALTA CONFIANZA (71.02%)
2026-01-19 19:33:27 | INFO     | Forzando sincronización del laboratorio...
2026-01-19 19:33:27 | INFO     | Dashboard sincronizado correctamente.
2026-01-19 19:33:27 | INFO     | ============================================================
2026-01-19 19:33:27 | INFO     | PROCESO DEL SOÑADOR TERMINADO
2026-01-19 19:33:27 | INFO     | Total predicciones generadas: 20
2026-01-19 19:33:27 | INFO     | Log guardado en: /home/runner/work/lotus-2026/lotus-2026/engine/models/../../logs/bot_dreamer_20260119_192941.log
2026-01-19 19:33:27 | INFO     | ============================================================
