2026-01-18 21:39:01 | INFO     | === LOG INICIADO: /home/runner/work/lotus-2026/lotus-2026/engine/models/../../logs/bot_dreamer_20260118_213901.log ===
2026-01-18 21:39:02 | DEBUG    | OraculoNeural importado correctamente
2026-01-18 21:39:02 | DEBUG    | LotoForense importado correctamente
2026-01-18 21:39:02 | DEBUG    | MetaLearner importado correctamente
2026-01-18 21:39:02 | DEBUG    | Loto3Ultra importado correctamente
2026-01-18 21:39:02 | INFO     | ============================================================
2026-01-18 21:39:02 | INFO     | INICIANDO BOT SOÑADOR: LÓBULOS ESPECIALIZADOS v12.4
2026-01-18 21:39:02 | INFO     | ============================================================
2026-01-18 21:39:02 | DEBUG    | MetaLearner activo: True
2026-01-18 21:39:02 | INFO     | Hora Chile: 2026-01-18 18:39:02 | Día: 6 | Hora: 18
2026-01-18 21:39:02 | INFO     | Cortex cargado: Rankings y Morfología segmentados por juego.
2026-01-18 21:39:02 | DEBUG    | Juegos en genoma: ['LOTO', 'LOTO3', 'LOTO4', 'RACHA']
2026-01-18 21:39:02 | INFO     | ----------------------------------------
2026-01-18 21:39:02 | INFO     | UNIVERSO: LOTO
2026-01-18 21:39:02 | DEBUG    | Pesos de confianza: {'consenso_meritocratico_v2': 0.6931471805599453, 'consenso_v1': 0.7929925155296614, 'delta_tactico_v1': 0.6931471805599453, 'forense_biometrico_v1': 0.6931471805599453, 'gaussiano_tactico_v1': 0.6931471805599453, 'markov_chain_v1': 0.6931471805599453, 'oraculo_neural_v3': 0.6931471805599453, 'oraculo_neural_v4': 0.6931471805599453}
2026-01-18 21:39:02 | INFO     | Objetivo Crononauta: #5375 | Fecha: 18/01/2026 21:00
2026-01-18 21:39:02 | INFO     |   forense_biometrico: [5, 11, 28, 29, 32, 34] [Score ADN: 5.95]
2026-01-18 21:39:02 | INFO     |   gaussiano_inteligente: [13, 14, 18, 23, 29, 36] [Score ADN: 5.95]
2026-01-18 21:39:02 | INFO     |   delta_dna: [11, 12, 24, 28, 33, 41] [Score ADN: 6.35]
2026-01-18 21:39:02 | INFO     |   markov_chain: [12, 14, 18, 22, 28, 32] [Score ADN: 33.05]
2026-01-18 21:40:27 | INFO     |   oraculo_neural_v3 (Pool: 80): [5, 6, 14, 23, 32, 41] [OK] [Confianza: 1.83x]
2026-01-18 21:40:42 | INFO     |   oraculo_neural_v4 (Pool: 100): [1, 13, 15, 29, 33, 35] [OK] [Confianza: 2.11x]
2026-01-18 21:40:42 | INFO     | Consenso Determinista validado (Score ADN: 16.35)
2026-01-18 21:40:42 | INFO     | TICKET FINAL: [12, 13, 14, 22, 32, 41] | 🔥 ALTA CONFIANZA (33.67%)
2026-01-18 21:40:42 | INFO     | ----------------------------------------
2026-01-18 21:40:42 | INFO     | UNIVERSO: LOTO3
2026-01-18 21:40:42 | INFO     | Activando LOTO3 ULTRA (Ensemble Avanzado)...
2026-01-18 21:40:43 | INFO     | LOTO3 ULTRA: 10 predicciones generadas
2026-01-18 21:40:43 | INFO     | ----------------------------------------
2026-01-18 21:40:43 | INFO     | UNIVERSO: LOTO4
2026-01-18 21:40:43 | DEBUG    | Pesos de confianza: {'consenso_meritocratico_v2': 0.6931471805599453, 'forense_biometrico_v1': 0.6931471805599453, 'oraculo_neural_v3': 0.8919980393051105, 'oraculo_neural_v4': 0.7929925155296614}
2026-01-18 21:40:43 | INFO     | Objetivo Crononauta: #11571 | Fecha: 18/01/2026 21:00
2026-01-18 21:40:43 | INFO     |   forense_biometrico: [5, 17, 18, 20] [Score ADN: 4.55]
2026-01-18 21:41:35 | INFO     |   oraculo_neural_v3 (Pool: 85): [2, 3, 15, 21] [OK] [Confianza: 2.22x]
2026-01-18 21:41:44 | INFO     |   oraculo_neural_v4 (Pool: 100): [4, 6, 17, 18] [OK] [Confianza: 2.38x]
2026-01-18 21:41:44 | INFO     | Consenso Determinista validado (Score ADN: 8.45)
2026-01-18 21:41:44 | INFO     | TICKET FINAL: [2, 6, 15, 17] | 🔥 ALTA CONFIANZA (47.01%)
2026-01-18 21:41:44 | INFO     | ----------------------------------------
2026-01-18 21:41:44 | INFO     | UNIVERSO: RACHA
2026-01-18 21:41:44 | DEBUG    | Pesos de confianza: {'consenso_meritocratico_v2': 2.900871992530031, 'forense_biometrico_v1': 2.8148097376737438, 'oraculo_neural_v3': 2.853015971352396, 'oraculo_neural_v4': 2.7806808921371178}
2026-01-18 21:41:44 | INFO     | Objetivo Crononauta: #10304 | Fecha: 18/01/2026 22:00
2026-01-18 21:41:44 | INFO     |   forense_biometrico: [1, 2, 7, 11, 12, 13, 14, 16, 18, 19] [Score ADN: 5.9]
2026-01-18 21:42:30 | INFO     |   oraculo_neural_v3 (Pool: 77): [1, 2, 3, 4, 7, 12, 13, 15, 16, 18] [OK] [Confianza: 2.23x]
2026-01-18 21:43:15 | INFO     |   oraculo_neural_v4 (Pool: 100): [1, 2, 3, 6, 7, 8, 9, 11, 13, 15] [OK] [Confianza: 2.03x]
2026-01-18 21:43:15 | DEBUG    | Consenso Top-N rechazado por morfología. Iniciando Muestreo Estocástico...
2026-01-18 21:43:15 | INFO     | Muestreo exitoso tras 0 intentos (Score ADN: 22.7)
2026-01-18 21:43:15 | INFO     | TICKET FINAL: [1, 3, 4, 6, 7, 9, 12, 15, 16, 18] | 🔥 ALTA CONFIANZA (72.64%)
2026-01-18 21:43:15 | INFO     | Forzando sincronización del laboratorio...
2026-01-18 21:43:15 | INFO     | Dashboard sincronizado correctamente.
2026-01-18 21:43:15 | INFO     | ============================================================
2026-01-18 21:43:15 | INFO     | PROCESO DEL SOÑADOR TERMINADO
2026-01-18 21:43:15 | INFO     | Total predicciones generadas: 20
2026-01-18 21:43:15 | INFO     | Log guardado en: /home/runner/work/lotus-2026/lotus-2026/engine/models/../../logs/bot_dreamer_20260118_213901.log
2026-01-18 21:43:15 | INFO     | ============================================================
