2026-01-18 11:30:07 | INFO     | === LOG INICIADO: /home/runner/work/lotus-2026/lotus-2026/engine/models/../../logs/bot_dreamer_20260118_113007.log ===
2026-01-18 11:30:09 | DEBUG    | OraculoNeural importado correctamente
2026-01-18 11:30:09 | DEBUG    | LotoForense importado correctamente
2026-01-18 11:30:09 | DEBUG    | MetaLearner importado correctamente
2026-01-18 11:30:09 | DEBUG    | Loto3Ultra importado correctamente
2026-01-18 11:30:09 | INFO     | ============================================================
2026-01-18 11:30:09 | INFO     | INICIANDO BOT SOÑADOR: LÓBULOS ESPECIALIZADOS v12.4
2026-01-18 11:30:09 | INFO     | ============================================================
2026-01-18 11:30:09 | DEBUG    | MetaLearner activo: True
2026-01-18 11:30:09 | INFO     | Hora Chile: 2026-01-18 08:30:09 | Día: 6 | Hora: 8
2026-01-18 11:30:09 | INFO     | Cortex cargado: Rankings y Morfología segmentados por juego.
2026-01-18 11:30:09 | DEBUG    | Juegos en genoma: ['LOTO', 'LOTO3', 'LOTO4', 'RACHA']
2026-01-18 11:30:09 | INFO     | ----------------------------------------
2026-01-18 11:30:09 | INFO     | UNIVERSO: LOTO
2026-01-18 11:30:09 | DEBUG    | Pesos de confianza: {'consenso_meritocratico_v2': 0.6931471805599453, 'consenso_v1': 0.7929925155296614, 'delta_tactico_v1': 0.6931471805599453, 'forense_biometrico_v1': 0.6931471805599453, 'gaussiano_tactico_v1': 0.6931471805599453, 'markov_chain_v1': 0.6931471805599453, 'oraculo_neural_v3': 0.6931471805599453, 'oraculo_neural_v4': 0.6931471805599453}
2026-01-18 11:30:09 | INFO     | Objetivo Crononauta: #5375 | Fecha: 18/01/2026 21:00
2026-01-18 11:30:09 | INFO     |   forense_biometrico: [2, 11, 22, 29, 32, 33] [Score ADN: 5.95]
2026-01-18 11:30:09 | INFO     |   gaussiano_inteligente: [2, 5, 7, 27, 28, 36] [Score ADN: 5.95]
2026-01-18 11:30:09 | INFO     |   delta_dna: [6, 14, 23, 24, 29, 37] [Score ADN: 5.95]
2026-01-18 11:30:09 | INFO     |   markov_chain: [12, 14, 18, 22, 28, 32] [Score ADN: 33.05]
2026-01-18 11:31:03 | INFO     |   oraculo_neural_v3 (Pool: 89): [2, 3, 9, 33, 36, 38] [OK] [Confianza: 1.83x]
2026-01-18 11:31:18 | INFO     |   oraculo_neural_v4 (Pool: 100): [1, 13, 15, 29, 33, 35] [OK] [Confianza: 2.11x]
2026-01-18 11:31:18 | INFO     | Consenso Determinista validado (Score ADN: 14.05)
2026-01-18 11:31:18 | INFO     | TICKET FINAL: [9, 13, 15, 18, 29, 33] | 🔥 ALTA CONFIANZA (34.07%)
2026-01-18 11:31:18 | INFO     | ----------------------------------------
2026-01-18 11:31:18 | INFO     | UNIVERSO: LOTO3
2026-01-18 11:31:18 | INFO     | Activando LOTO3 ULTRA (Ensemble Avanzado)...
2026-01-18 11:31:19 | INFO     | LOTO3 ULTRA: 10 predicciones generadas
2026-01-18 11:31:19 | INFO     | ----------------------------------------
2026-01-18 11:31:19 | INFO     | UNIVERSO: LOTO4
2026-01-18 11:31:19 | DEBUG    | Pesos de confianza: {'consenso_meritocratico_v2': 0.6931471805599453, 'forense_biometrico_v1': 0.6931471805599453, 'oraculo_neural_v3': 0.8919980393051105, 'oraculo_neural_v4': 0.7929925155296614}
2026-01-18 11:31:19 | INFO     | Objetivo Crononauta: #11570 | Fecha: 18/01/2026 14:00
2026-01-18 11:31:19 | INFO     |   forense_biometrico: [5, 6, 15, 17] [Score ADN: 3.25]
2026-01-18 11:31:52 | INFO     |   oraculo_neural_v3 (Pool: 87): [1, 2, 15, 17] [OK] [Confianza: 2.22x]
2026-01-18 11:32:04 | INFO     |   oraculo_neural_v4 (Pool: 100): [1, 6, 14, 15] [OK] [Confianza: 2.38x]
2026-01-18 11:32:04 | INFO     | Consenso Determinista validado (Score ADN: 6.55)
2026-01-18 11:32:04 | INFO     | TICKET FINAL: [1, 14, 15, 17] | 🔥 ALTA CONFIANZA (63.04%)
2026-01-18 11:32:04 | INFO     | ----------------------------------------
2026-01-18 11:32:04 | INFO     | UNIVERSO: RACHA
2026-01-18 11:32:04 | DEBUG    | Pesos de confianza: {'consenso_meritocratico_v2': 2.900871992530031, 'forense_biometrico_v1': 2.8148097376737438, 'oraculo_neural_v3': 2.853015971352396, 'oraculo_neural_v4': 2.7806808921371178}
2026-01-18 11:32:04 | INFO     | Objetivo Crononauta: #10303 | Fecha: 18/01/2026 15:00
2026-01-18 11:32:04 | INFO     |   forense_biometrico: [1, 3, 4, 10, 11, 12, 13, 16, 19, 20] [Score ADN: 4.9]
2026-01-18 11:32:33 | INFO     |   oraculo_neural_v3 (Pool: 78): [3, 5, 6, 8, 10, 11, 12, 15, 16, 17] [OK] [Confianza: 2.21x]
2026-01-18 11:33:00 | INFO     |   oraculo_neural_v4 (Pool: 100): [1, 2, 3, 6, 7, 8, 9, 11, 13, 15] [OK] [Confianza: 2.07x]
2026-01-18 11:33:00 | INFO     | Consenso Determinista validado (Score ADN: 12.3)
2026-01-18 11:33:00 | INFO     | TICKET FINAL: [3, 5, 6, 7, 8, 10, 11, 15, 16, 17] | 🔥 ALTA CONFIANZA (70.85%)
2026-01-18 11:33:00 | INFO     | Forzando sincronización del laboratorio...
2026-01-18 11:33:00 | INFO     | Dashboard sincronizado correctamente.
2026-01-18 11:33:00 | INFO     | ============================================================
2026-01-18 11:33:00 | INFO     | PROCESO DEL SOÑADOR TERMINADO
2026-01-18 11:33:00 | INFO     | Total predicciones generadas: 20
2026-01-18 11:33:00 | INFO     | Log guardado en: /home/runner/work/lotus-2026/lotus-2026/engine/models/../../logs/bot_dreamer_20260118_113007.log
2026-01-18 11:33:00 | INFO     | ============================================================
