2026-01-17 20:33:29 | INFO     | === LOG INICIADO: /home/runner/work/lotus-2026/lotus-2026/engine/models/../../logs/bot_dreamer_20260117_203329.log ===
2026-01-17 20:33:30 | DEBUG    | OraculoNeural importado correctamente
2026-01-17 20:33:30 | DEBUG    | LotoForense importado correctamente
2026-01-17 20:33:30 | DEBUG    | MetaLearner importado correctamente
2026-01-17 20:33:30 | DEBUG    | Loto3Ultra importado correctamente
2026-01-17 20:33:30 | INFO     | ============================================================
2026-01-17 20:33:30 | INFO     | INICIANDO BOT SOÑADOR: LÓBULOS ESPECIALIZADOS v12.4
2026-01-17 20:33:30 | INFO     | ============================================================
2026-01-17 20:33:30 | DEBUG    | MetaLearner activo: True
2026-01-17 20:33:30 | INFO     | Hora Chile: 2026-01-17 17:33:30 | Día: 5 | Hora: 17
2026-01-17 20:33:30 | INFO     | Cortex cargado: Rankings y Morfología segmentados por juego.
2026-01-17 20:33:30 | DEBUG    | Juegos en genoma: ['LOTO', 'LOTO3', 'LOTO4', 'RACHA']
2026-01-17 20:33:30 | INFO     | ----------------------------------------
2026-01-17 20:33:30 | INFO     | UNIVERSO: LOTO
2026-01-17 20:33:30 | DEBUG    | Pesos de confianza: {'consenso_meritocratico_v2': 0.6931471805599453, 'consenso_v1': 0.7929925155296614, 'delta_tactico_v1': 0.6931471805599453, 'forense_biometrico_v1': 0.6931471805599453, 'gaussiano_tactico_v1': 0.6931471805599453, 'markov_chain_v1': 0.6931471805599453, 'oraculo_neural_v3': 0.6931471805599453, 'oraculo_neural_v4': 0.6931471805599453}
2026-01-17 20:33:30 | INFO     | Objetivo Crononauta: #5375 | Fecha: 18/01/2026 21:00
2026-01-17 20:33:30 | INFO     |   forense_biometrico: [2, 15, 16, 26, 35, 41] [Score ADN: 6.35]
2026-01-17 20:33:30 | INFO     |   gaussiano_inteligente: [2, 13, 18, 19, 32, 39] [Score ADN: 5.95]
2026-01-17 20:33:30 | INFO     |   delta_dna: [2, 8, 29, 31, 38, 39] [Score ADN: 5.95]
2026-01-17 20:33:30 | INFO     |   markov_chain: [8, 21, 27, 29, 37, 39] [Score ADN: 14.05]
2026-01-17 20:34:56 | INFO     |   oraculo_neural_v3 (Pool: 84): [13, 17, 26, 34, 36, 37] [OK] [Confianza: 1.83x]
2026-01-17 20:35:12 | INFO     |   oraculo_neural_v4 (Pool: 100): [1, 13, 15, 29, 33, 35] [OK] [Confianza: 2.11x]
2026-01-17 20:35:12 | INFO     | Consenso Determinista validado (Score ADN: 6.95)
2026-01-17 20:35:12 | INFO     | TICKET FINAL: [8, 13, 15, 29, 36, 37] | 🔥 ALTA CONFIANZA (36.13%)
2026-01-17 20:35:12 | INFO     | ----------------------------------------
2026-01-17 20:35:12 | INFO     | UNIVERSO: LOTO3
2026-01-17 20:35:12 | INFO     | Activando LOTO3 ULTRA (Ensemble Avanzado)...
2026-01-17 20:35:13 | INFO     | LOTO3 ULTRA: 10 predicciones generadas
2026-01-17 20:35:13 | INFO     | ----------------------------------------
2026-01-17 20:35:13 | INFO     | UNIVERSO: LOTO4
2026-01-17 20:35:13 | DEBUG    | Pesos de confianza: {'consenso_meritocratico_v2': 0.6931471805599453, 'forense_biometrico_v1': 0.6931471805599453, 'oraculo_neural_v3': 0.8919980393051105, 'oraculo_neural_v4': 0.6931471805599453}
2026-01-17 20:35:13 | INFO     | Objetivo Crononauta: #11569 | Fecha: 17/01/2026 21:00
2026-01-17 20:35:13 | INFO     |   forense_biometrico: [6, 7, 19, 22] [Score ADN: 4.55]
2026-01-17 20:36:07 | INFO     |   oraculo_neural_v3 (Pool: 86): [7, 15, 16, 19] [OK] [Confianza: 2.22x]
2026-01-17 20:36:17 | INFO     |   oraculo_neural_v4 (Pool: 100): [6, 7, 15, 18] [OK] [Confianza: 2.22x]
2026-01-17 20:36:17 | INFO     | Consenso Determinista validado (Score ADN: 3.25)
2026-01-17 20:36:17 | INFO     | TICKET FINAL: [7, 15, 16, 19] | 🔥 ALTA CONFIANZA (64.58%)
2026-01-17 20:36:17 | INFO     | ----------------------------------------
2026-01-17 20:36:17 | INFO     | UNIVERSO: RACHA
2026-01-17 20:36:17 | DEBUG    | Pesos de confianza: {'consenso_meritocratico_v2': 2.900871992530031, 'forense_biometrico_v1': 2.8148097376737438, 'oraculo_neural_v3': 2.853015971352396, 'oraculo_neural_v4': 2.7806808921371178}
2026-01-17 20:36:17 | INFO     | Objetivo Crononauta: #10302 | Fecha: 17/01/2026 22:00
2026-01-17 20:36:17 | INFO     |   forense_biometrico: [1, 3, 4, 7, 8, 12, 13, 18, 19, 20] [Score ADN: 4.9]
2026-01-17 20:37:02 | INFO     |   oraculo_neural_v3 (Pool: 87): [3, 4, 7, 8, 11, 13, 14, 15, 16, 20] [OK] [Confianza: 2.22x]
2026-01-17 20:37:47 | INFO     |   oraculo_neural_v4 (Pool: 100): [1, 2, 3, 4, 8, 9, 10, 15, 18, 19] [OK] [Confianza: 2.14x]
2026-01-17 20:37:47 | INFO     | Consenso Determinista validado (Score ADN: 9.9)
2026-01-17 20:37:47 | INFO     | TICKET FINAL: [2, 3, 4, 8, 10, 11, 14, 15, 18, 19] | 🔥 ALTA CONFIANZA (66.88%)
2026-01-17 20:37:47 | INFO     | Forzando sincronización del laboratorio...
2026-01-17 20:37:47 | INFO     | Dashboard sincronizado correctamente.
2026-01-17 20:37:47 | INFO     | ============================================================
2026-01-17 20:37:47 | INFO     | PROCESO DEL SOÑADOR TERMINADO
2026-01-17 20:37:47 | INFO     | Total predicciones generadas: 20
2026-01-17 20:37:47 | INFO     | Log guardado en: /home/runner/work/lotus-2026/lotus-2026/engine/models/../../logs/bot_dreamer_20260117_203329.log
2026-01-17 20:37:47 | INFO     | ============================================================
