2026-01-20 15:26:33 | INFO     | === LOG INICIADO: /home/runner/work/lotus-2026/lotus-2026/engine/models/../../logs/bot_dreamer_20260120_152633.log ===
2026-01-20 15:26:34 | DEBUG    | OraculoNeural importado correctamente
2026-01-20 15:26:34 | DEBUG    | LotoForense importado correctamente
2026-01-20 15:26:34 | DEBUG    | MetaLearner importado correctamente
2026-01-20 15:26:34 | DEBUG    | Loto3Ultra importado correctamente
2026-01-20 15:26:34 | INFO     | ============================================================
2026-01-20 15:26:34 | INFO     | INICIANDO BOT SOÑADOR: LÓBULOS ESPECIALIZADOS v12.4
2026-01-20 15:26:34 | INFO     | ============================================================
2026-01-20 15:26:34 | DEBUG    | MetaLearner activo: True
2026-01-20 15:26:34 | INFO     | Hora Chile: 2026-01-20 12:26:34 | Día: 1 | Hora: 12
2026-01-20 15:26:34 | INFO     | Cortex cargado: Rankings y Morfología segmentados por juego.
2026-01-20 15:26:34 | DEBUG    | Juegos en genoma: ['LOTO', 'LOTO3', 'LOTO4', 'RACHA']
2026-01-20 15:26:34 | INFO     | ----------------------------------------
2026-01-20 15:26:34 | INFO     | UNIVERSO: LOTO
2026-01-20 15:26:34 | DEBUG    | Pesos de confianza: {'consenso_meritocratico_v2': 0.6931471805599453, 'consenso_v1': 0.7929925155296614, 'delta_tactico_v1': 0.6931471805599453, 'forense_biometrico_v1': 0.6931471805599453, 'gaussiano_tactico_v1': 0.6931471805599453, 'markov_chain_v1': 0.6931471805599453, 'oraculo_neural_v3': 0.8064758658669485, 'oraculo_neural_v4': 0.6931471805599453}
2026-01-20 15:26:34 | INFO     | Objetivo Crononauta: #5376 | Fecha: 20/01/2026 21:00
2026-01-20 15:26:34 | INFO     |   forense_biometrico: [4, 5, 19, 30, 37, 40] [Score ADN: 5.95]
2026-01-20 15:26:34 | INFO     |   gaussiano_inteligente: [5, 11, 12, 19, 32, 40] [Score ADN: 5.95]
2026-01-20 15:26:34 | INFO     |   delta_dna: [8, 10, 11, 19, 29, 36] [Score ADN: 5.95]
2026-01-20 15:26:34 | INFO     |   markov_chain: [7, 18, 21, 29, 31, 37] [Score ADN: 18.65]
2026-01-20 15:27:27 | INFO     |   oraculo_neural_v3 (Pool: 80): [7, 8, 16, 34, 37, 41] [OK] [Confianza: 1.83x]
2026-01-20 15:27:28 | WARNING  | v4 SILENCIADO. Motivos: {}
2026-01-20 15:27:28 | INFO     | Consenso Determinista validado (Score ADN: 5.95)
2026-01-20 15:27:28 | INFO     | TICKET FINAL: [7, 8, 16, 34, 37, 41] | 🔥 ALTA CONFIANZA (39.58%)
2026-01-20 15:27:28 | INFO     | ----------------------------------------
2026-01-20 15:27:28 | INFO     | UNIVERSO: LOTO3
2026-01-20 15:27:28 | INFO     | Activando LOTO3 ULTRA (Ensemble Avanzado)...
2026-01-20 15:27:29 | INFO     | LOTO3 ULTRA: 10 predicciones generadas
2026-01-20 15:27:29 | INFO     | ----------------------------------------
2026-01-20 15:27:29 | INFO     | UNIVERSO: LOTO4
2026-01-20 15:27:29 | DEBUG    | Pesos de confianza: {'consenso_meritocratico_v2': 0.6931471805599453, 'forense_biometrico_v1': 0.6931471805599453, 'oraculo_neural_v3': 0.8919980393051105, 'oraculo_neural_v4': 0.7929925155296614}
2026-01-20 15:27:29 | INFO     | Objetivo Crononauta: #11574 | Fecha: 20/01/2026 14:00
2026-01-20 15:27:29 | INFO     |   forense_biometrico: [5, 9, 10, 17] [Score ADN: 3.25]
2026-01-20 15:27:31 | WARNING  | v3 SILENCIADO. Motivos: {}
2026-01-20 15:27:32 | WARNING  | v4 SILENCIADO. Motivos: {}
2026-01-20 15:27:32 | INFO     | Consenso Determinista validado (Score ADN: 16.75)
2026-01-20 15:27:32 | INFO     | TICKET FINAL: [3, 8, 12, 18] | 🔥 ALTA CONFIANZA (50.0%)
2026-01-20 15:27:32 | INFO     | ----------------------------------------
2026-01-20 15:27:32 | INFO     | UNIVERSO: RACHA
2026-01-20 15:27:32 | DEBUG    | Pesos de confianza: {'consenso_meritocratico_v2': 2.900871992530031, 'forense_biometrico_v1': 2.8148097376737438, 'oraculo_neural_v3': 2.853015971352396, 'oraculo_neural_v4': 2.7806808921371178}
2026-01-20 15:27:32 | INFO     | Objetivo Crononauta: #10307 | Fecha: 20/01/2026 15:00
2026-01-20 15:27:32 | INFO     |   forense_biometrico: [3, 6, 8, 9, 10, 11, 13, 14, 16, 17] [Score ADN: 4.9]
2026-01-20 15:31:38 | INFO     |   oraculo_neural_v3 (Pool: 79): [1, 2, 6, 10, 11, 12, 13, 15, 18, 19] [OK] [Confianza: 2.21x]
2026-01-20 15:34:20 | INFO     |   oraculo_neural_v4 (Pool: 100): [1, 2, 9, 10, 13, 14, 16, 18, 19, 20] [OK] [Confianza: 2.03x]
2026-01-20 15:34:20 | INFO     | Consenso Determinista validado (Score ADN: 9.9)
2026-01-20 15:34:20 | INFO     | TICKET FINAL: [1, 2, 6, 10, 11, 12, 13, 16, 18, 19] | 🔥 ALTA CONFIANZA (75.98%)
2026-01-20 15:34:20 | INFO     | Forzando sincronización del laboratorio...
2026-01-20 15:34:20 | INFO     | Dashboard sincronizado correctamente.
2026-01-20 15:34:20 | INFO     | ============================================================
2026-01-20 15:34:20 | INFO     | PROCESO DEL SOÑADOR TERMINADO
2026-01-20 15:34:20 | INFO     | Total predicciones generadas: 17
2026-01-20 15:34:20 | INFO     | Log guardado en: /home/runner/work/lotus-2026/lotus-2026/engine/models/../../logs/bot_dreamer_20260120_152633.log
2026-01-20 15:34:20 | INFO     | ============================================================
