2026-01-17 16:33:06 | INFO     | === LOG INICIADO: /home/runner/work/lotus-2026/lotus-2026/engine/models/../../logs/bot_dreamer_20260117_163306.log ===
2026-01-17 16:33:07 | DEBUG    | OraculoNeural importado correctamente
2026-01-17 16:33:07 | DEBUG    | LotoForense importado correctamente
2026-01-17 16:33:07 | DEBUG    | MetaLearner importado correctamente
2026-01-17 16:33:07 | INFO     | ============================================================
2026-01-17 16:33:07 | INFO     | INICIANDO BOT SOÑADOR: LÓBULOS ESPECIALIZADOS v12.4
2026-01-17 16:33:07 | INFO     | ============================================================
2026-01-17 16:33:07 | DEBUG    | MetaLearner activo: True
2026-01-17 16:33:07 | INFO     | Hora Chile: 2026-01-17 13:33:07 | Día: 5 | Hora: 13
2026-01-17 16:33:07 | INFO     | Cortex cargado: Rankings y Morfología segmentados por juego.
2026-01-17 16:33:07 | DEBUG    | Juegos en genoma: ['LOTO', 'LOTO3', 'LOTO4', 'RACHA']
2026-01-17 16:33:07 | INFO     | ----------------------------------------
2026-01-17 16:33:07 | INFO     | UNIVERSO: LOTO
2026-01-17 16:33:07 | DEBUG    | Pesos de confianza: {'consenso_meritocratico_v2': 0.6931471805599453, 'consenso_v1': 0.7929925155296614, 'delta_tactico_v1': 0.6931471805599453, 'forense_biometrico_v1': 0.6931471805599453, 'gaussiano_tactico_v1': 0.6931471805599453, 'markov_chain_v1': 0.6931471805599453, 'oraculo_neural_v3': 0.6931471805599453, 'oraculo_neural_v4': 0.6931471805599453}
2026-01-17 16:33:07 | INFO     | Objetivo Crononauta: #5375 | Fecha: 18/01/2026 21:00
2026-01-17 16:33:07 | INFO     |   forense_biometrico: [3, 18, 20, 23, 36, 37] [Score ADN: 5.95]
2026-01-17 16:33:07 | INFO     |   gaussiano_inteligente: [7, 11, 24, 28, 30, 31] [Score ADN: 5.95]
2026-01-17 16:33:07 | INFO     |   delta_dna: [6, 11, 17, 28, 34, 35] [Score ADN: 6.35]
2026-01-17 16:33:07 | INFO     |   markov_chain: [8, 21, 27, 29, 37, 39] [Score ADN: 14.05]
2026-01-17 16:33:59 | INFO     |   oraculo_neural_v3 (Pool: 93): [5, 8, 22, 23, 32, 41] [OK] [Confianza: 1.83x]
2026-01-17 16:34:11 | INFO     |   oraculo_neural_v4 (Pool: 100): [1, 13, 15, 29, 33, 35] [OK] [Confianza: 2.11x]
2026-01-17 16:34:11 | INFO     | Consenso Determinista validado (Score ADN: 12.35)
2026-01-17 16:34:11 | INFO     | TICKET FINAL: [8, 21, 22, 27, 29, 33] | 🔥 ALTA CONFIANZA (33.51%)
2026-01-17 16:34:11 | INFO     | ----------------------------------------
2026-01-17 16:34:11 | INFO     | UNIVERSO: LOTO3
2026-01-17 16:34:11 | DEBUG    | Pesos de confianza: {'oraculo_neural_v3': 1.9154509415706047, 'oraculo_neural_v4': 1.3001916620664788}
2026-01-17 16:34:11 | INFO     | Objetivo Crononauta: #23998 | Fecha: 17/01/2026 14:00
2026-01-17 16:34:11 | INFO     |   forense_biometrico: [0, 1, 7] [Score ADN: 5.0]
2026-01-17 16:34:16 | WARNING  | v3 SILENCIADO. Motivos: {'OK': 100}
2026-01-17 16:34:22 | INFO     |   oraculo_neural_v4 (Pool: 100): [0, 7, 9] [OK] [Confianza: 1.84x]
2026-01-17 16:34:22 | INFO     | Consenso Determinista validado (Score ADN: 6.1)
2026-01-17 16:34:22 | INFO     | TICKET FINAL: [0, 7, 9] | 🔥 ALTA CONFIANZA (80.52%)
2026-01-17 16:34:22 | INFO     | ----------------------------------------
2026-01-17 16:34:22 | INFO     | UNIVERSO: LOTO4
2026-01-17 16:34:22 | DEBUG    | Pesos de confianza: {'oraculo_neural_v4': 1.0818051703517284}
2026-01-17 16:34:22 | INFO     | Objetivo Crononauta: #11568 | Fecha: 17/01/2026 14:00
2026-01-17 16:34:22 | INFO     |   forense_biometrico: [6, 7, 19, 21] [Score ADN: 3.25]
2026-01-17 16:34:54 | INFO     |   oraculo_neural_v3 (Pool: 83): [9, 12, 13, 23] [OK] [Confianza: 2.22x]
2026-01-17 16:35:00 | INFO     |   oraculo_neural_v4 (Pool: 100): [1, 5, 9, 16] [OK] [Confianza: 2.38x]
2026-01-17 16:35:00 | INFO     | Consenso Determinista validado (Score ADN: 10.45)
2026-01-17 16:35:00 | INFO     | TICKET FINAL: [1, 9, 12, 23] | 🔥 ALTA CONFIANZA (55.62%)
2026-01-17 16:35:00 | INFO     | ----------------------------------------
2026-01-17 16:35:00 | INFO     | UNIVERSO: RACHA
2026-01-17 16:35:00 | DEBUG    | Pesos de confianza: {'consenso_meritocratico_v2': 2.900871992530031, 'forense_biometrico_v1': 2.8148097376737438, 'oraculo_neural_v3': 2.853015971352396, 'oraculo_neural_v4': 2.7806808921371178}
2026-01-17 16:35:00 | INFO     | Objetivo Crononauta: #10301 | Fecha: 17/01/2026 15:00
2026-01-17 16:35:00 | INFO     |   forense_biometrico: [4, 5, 6, 7, 9, 10, 14, 17, 19, 20] [Score ADN: 4.9]
2026-01-17 16:35:27 | INFO     |   oraculo_neural_v3 (Pool: 80): [2, 4, 5, 7, 9, 10, 13, 14, 15, 16] [OK] [Confianza: 2.21x]
2026-01-17 16:35:52 | INFO     |   oraculo_neural_v4 (Pool: 100): [1, 2, 3, 4, 8, 13, 15, 17, 18, 19] [OK] [Confianza: 2.14x]
2026-01-17 16:35:52 | INFO     | Consenso Determinista validado (Score ADN: 22.7)
2026-01-17 16:35:52 | INFO     | TICKET FINAL: [2, 4, 5, 8, 10, 13, 14, 15, 16, 18] | 🔥 ALTA CONFIANZA (69.25%)
2026-01-17 16:35:52 | INFO     | Forzando sincronización del laboratorio...
2026-01-17 16:35:52 | INFO     | Dashboard sincronizado correctamente.
2026-01-17 16:35:52 | INFO     | ============================================================
2026-01-17 16:35:52 | INFO     | PROCESO DEL SOÑADOR TERMINADO
2026-01-17 16:35:52 | INFO     | Total predicciones generadas: 18
2026-01-17 16:35:52 | INFO     | Log guardado en: /home/runner/work/lotus-2026/lotus-2026/engine/models/../../logs/bot_dreamer_20260117_163306.log
2026-01-17 16:35:52 | INFO     | ============================================================
