2026-01-19 16:48:51 | INFO     | === LOG INICIADO: /home/runner/work/lotus-2026/lotus-2026/engine/models/../../logs/bot_dreamer_20260119_164851.log ===
2026-01-19 16:48:52 | DEBUG    | OraculoNeural importado correctamente
2026-01-19 16:48:52 | DEBUG    | LotoForense importado correctamente
2026-01-19 16:48:52 | DEBUG    | MetaLearner importado correctamente
2026-01-19 16:48:52 | DEBUG    | Loto3Ultra importado correctamente
2026-01-19 16:48:52 | INFO     | ============================================================
2026-01-19 16:48:52 | INFO     | INICIANDO BOT SOÑADOR: LÓBULOS ESPECIALIZADOS v12.4
2026-01-19 16:48:52 | INFO     | ============================================================
2026-01-19 16:48:52 | DEBUG    | MetaLearner activo: True
2026-01-19 16:48:52 | INFO     | Hora Chile: 2026-01-19 13:48:52 | Día: 0 | Hora: 13
2026-01-19 16:48:52 | INFO     | Cortex cargado: Rankings y Morfología segmentados por juego.
2026-01-19 16:48:52 | DEBUG    | Juegos en genoma: ['LOTO', 'LOTO3', 'LOTO4', 'RACHA']
2026-01-19 16:48:52 | INFO     | ----------------------------------------
2026-01-19 16:48:52 | INFO     | UNIVERSO: LOTO
2026-01-19 16:48:52 | DEBUG    | Pesos de confianza: {'consenso_meritocratico_v2': 0.6931471805599453, 'consenso_v1': 0.7929925155296614, 'delta_tactico_v1': 0.6931471805599453, 'forense_biometrico_v1': 0.6931471805599453, 'gaussiano_tactico_v1': 0.6931471805599453, 'markov_chain_v1': 0.6931471805599453, 'oraculo_neural_v3': 0.6931471805599453, 'oraculo_neural_v4': 0.6931471805599453}
2026-01-19 16:48:52 | INFO     | Objetivo Crononauta: #5376 | Fecha: 20/01/2026 21:00
2026-01-19 16:48:52 | INFO     |   forense_biometrico: [5, 10, 19, 29, 30, 34] [Score ADN: 5.95]
2026-01-19 16:48:52 | INFO     |   gaussiano_inteligente: [7, 19, 20, 29, 32, 34] [Score ADN: 5.95]
2026-01-19 16:48:52 | INFO     |   delta_dna: [3, 7, 16, 23, 24, 30] [Score ADN: 5.95]
2026-01-19 16:48:52 | INFO     |   markov_chain: [1, 16, 21, 24, 30, 34] [Score ADN: 23.05]
2026-01-19 16:50:03 | INFO     |   oraculo_neural_v3 (Pool: 82): [5, 6, 13, 23, 38, 40] [OK] [Confianza: 1.83x]
2026-01-19 16:50:19 | INFO     |   oraculo_neural_v4 (Pool: 100): [4, 18, 20, 27, 29, 35] [OK] [Confianza: 2.22x]
2026-01-19 16:50:19 | INFO     | Consenso Determinista validado (Score ADN: 6.35)
2026-01-19 16:50:19 | INFO     | TICKET FINAL: [18, 20, 23, 29, 34, 35] | 🔥 ALTA CONFIANZA (28.11%)
2026-01-19 16:50:19 | INFO     | ----------------------------------------
2026-01-19 16:50:19 | INFO     | UNIVERSO: LOTO3
2026-01-19 16:50:19 | INFO     | Activando LOTO3 ULTRA (Ensemble Avanzado)...
2026-01-19 16:50:20 | INFO     | LOTO3 ULTRA: 10 predicciones generadas
2026-01-19 16:50:20 | INFO     | ----------------------------------------
2026-01-19 16:50:20 | INFO     | UNIVERSO: LOTO4
2026-01-19 16:50:20 | DEBUG    | Pesos de confianza: {'oraculo_neural_v4': 1.0818051703517284}
2026-01-19 16:50:20 | INFO     | Objetivo Crononauta: #11572 | Fecha: 19/01/2026 14:00
2026-01-19 16:50:20 | INFO     |   forense_biometrico: [7, 12, 13, 21] [Score ADN: 3.25]
2026-01-19 16:51:01 | INFO     |   oraculo_neural_v3 (Pool: 87): [7, 12, 13, 16] [OK] [Confianza: 2.22x]
2026-01-19 16:51:09 | INFO     |   oraculo_neural_v4 (Pool: 100): [5, 9, 10, 19] [OK] [Confianza: 2.22x]
2026-01-19 16:51:09 | INFO     | Consenso Determinista validado (Score ADN: 17.15)
2026-01-19 16:51:09 | INFO     | TICKET FINAL: [7, 9, 13, 19] | 🔥 ALTA CONFIANZA (46.54%)
2026-01-19 16:51:09 | INFO     | ----------------------------------------
2026-01-19 16:51:09 | INFO     | UNIVERSO: RACHA
2026-01-19 16:51:09 | DEBUG    | Pesos de confianza: {'consenso_meritocratico_v2': 2.900871992530031, 'forense_biometrico_v1': 2.8148097376737438, 'oraculo_neural_v3': 2.853015971352396, 'oraculo_neural_v4': 2.7806808921371178}
2026-01-19 16:51:09 | INFO     | Objetivo Crononauta: #10305 | Fecha: 19/01/2026 15:00
2026-01-19 16:51:09 | INFO     |   forense_biometrico: [3, 4, 5, 6, 9, 11, 12, 16, 17, 19] [Score ADN: 7.3]
2026-01-19 16:51:47 | INFO     |   oraculo_neural_v3 (Pool: 84): [2, 6, 7, 9, 10, 13, 14, 15, 17, 18] [OK] [Confianza: 2.21x]
2026-01-19 16:52:22 | INFO     |   oraculo_neural_v4 (Pool: 100): [1, 2, 3, 4, 8, 9, 14, 16, 17, 19] [OK] [Confianza: 2.14x]
2026-01-19 16:52:22 | INFO     | Consenso Determinista validado (Score ADN: 12.7)
2026-01-19 16:52:22 | INFO     | TICKET FINAL: [2, 4, 7, 9, 10, 13, 14, 16, 17, 18] | 🔥 ALTA CONFIANZA (70.22%)
2026-01-19 16:52:22 | INFO     | Forzando sincronización del laboratorio...
2026-01-19 16:52:22 | INFO     | Dashboard sincronizado correctamente.
2026-01-19 16:52:22 | INFO     | ============================================================
2026-01-19 16:52:22 | INFO     | PROCESO DEL SOÑADOR TERMINADO
2026-01-19 16:52:22 | INFO     | Total predicciones generadas: 20
2026-01-19 16:52:22 | INFO     | Log guardado en: /home/runner/work/lotus-2026/lotus-2026/engine/models/../../logs/bot_dreamer_20260119_164851.log
2026-01-19 16:52:22 | INFO     | ============================================================
