2026-01-17 13:32:50 | INFO     | === LOG INICIADO: /home/runner/work/lotus-2026/lotus-2026/engine/models/../../logs/bot_dreamer_20260117_133250.log ===
2026-01-17 13:32:51 | DEBUG    | OraculoNeural importado correctamente
2026-01-17 13:32:51 | DEBUG    | LotoForense importado correctamente
2026-01-17 13:32:51 | DEBUG    | MetaLearner importado correctamente
2026-01-17 13:32:51 | INFO     | ============================================================
2026-01-17 13:32:51 | INFO     | INICIANDO BOT SOÑADOR: LÓBULOS ESPECIALIZADOS v12.4
2026-01-17 13:32:51 | INFO     | ============================================================
2026-01-17 13:32:51 | DEBUG    | MetaLearner activo: True
2026-01-17 13:32:51 | INFO     | Hora Chile: 2026-01-17 10:32:51 | Día: 5 | Hora: 10
2026-01-17 13:32:51 | INFO     | Cortex cargado: Rankings y Morfología segmentados por juego.
2026-01-17 13:32:51 | DEBUG    | Juegos en genoma: ['LOTO', 'LOTO3', 'LOTO4', 'RACHA']
2026-01-17 13:32:51 | INFO     | ----------------------------------------
2026-01-17 13:32:51 | INFO     | UNIVERSO: LOTO
2026-01-17 13:32:51 | DEBUG    | Pesos de confianza: {'consenso_meritocratico_v2': 0.6931471805599453, 'consenso_v1': 0.7929925155296614, 'delta_tactico_v1': 0.6931471805599453, 'forense_biometrico_v1': 0.6931471805599453, 'gaussiano_tactico_v1': 0.6931471805599453, 'markov_chain_v1': 0.6931471805599453, 'oraculo_neural_v3': 0.6931471805599453, 'oraculo_neural_v4': 0.6931471805599453}
2026-01-17 13:32:51 | INFO     | Objetivo Crononauta: #5375 | Fecha: 18/01/2026 21:00
2026-01-17 13:32:51 | INFO     |   forense_biometrico: [2, 9, 28, 30, 31, 41] [Score ADN: 5.95]
2026-01-17 13:32:51 | INFO     |   gaussiano_inteligente: [13, 15, 16, 20, 37, 40] [Score ADN: 6.35]
2026-01-17 13:32:51 | INFO     |   delta_dna: [4, 7, 15, 22, 23, 32] [Score ADN: 6.35]
2026-01-17 13:32:51 | INFO     |   markov_chain: [8, 21, 27, 29, 37, 39] [Score ADN: 14.05]
2026-01-17 13:34:06 | INFO     |   oraculo_neural_v3 (Pool: 97): [17, 22, 29, 31, 32, 38] [OK] [Confianza: 1.83x]
2026-01-17 13:34:22 | INFO     |   oraculo_neural_v4 (Pool: 100): [1, 13, 15, 29, 33, 35] [OK] [Confianza: 2.11x]
2026-01-17 13:34:22 | INFO     | Consenso Determinista validado (Score ADN: 14.05)
2026-01-17 13:34:22 | INFO     | TICKET FINAL: [1, 13, 15, 27, 29, 32] | 🔥 ALTA CONFIANZA (35.96%)
2026-01-17 13:34:22 | INFO     | ----------------------------------------
2026-01-17 13:34:22 | INFO     | UNIVERSO: LOTO3
2026-01-17 13:34:22 | DEBUG    | Pesos de confianza: {'consenso_meritocratico_v2': 3.150596984114906, 'forense_biometrico_v1': 2.990719731730447, 'oraculo_neural_v3': 2.9349201341572337, 'oraculo_neural_v4': 3.2280337626529665}
2026-01-17 13:34:22 | INFO     | Objetivo Crononauta: #23998 | Fecha: 17/01/2026 14:00
2026-01-17 13:34:22 | INFO     |   forense_biometrico: [5, 6, 9] [Score ADN: 5.0]
2026-01-17 13:34:29 | WARNING  | v3 SILENCIADO. Motivos: {'OK': 100}
2026-01-17 13:34:36 | INFO     |   oraculo_neural_v4 (Pool: 100): [0, 7, 9] [OK] [Confianza: 1.84x]
2026-01-17 13:34:36 | INFO     | Consenso Determinista validado (Score ADN: 6.1)
2026-01-17 13:34:36 | INFO     | TICKET FINAL: [0, 7, 9] | 🔥 ALTA CONFIANZA (70.66%)
2026-01-17 13:34:36 | INFO     | ----------------------------------------
2026-01-17 13:34:36 | INFO     | UNIVERSO: LOTO4
2026-01-17 13:34:36 | DEBUG    | Pesos de confianza: {'consenso_meritocratico_v2': 0.6931471805599453, 'forense_biometrico_v1': 0.6931471805599453, 'oraculo_neural_v3': 0.8919980393051105, 'oraculo_neural_v4': 0.6931471805599453}
2026-01-17 13:34:36 | INFO     | Objetivo Crononauta: #11568 | Fecha: 17/01/2026 14:00
2026-01-17 13:34:36 | INFO     |   forense_biometrico: [9, 13, 17, 18] [Score ADN: 3.25]
2026-01-17 13:35:22 | INFO     |   oraculo_neural_v3 (Pool: 85): [3, 14, 15, 19] [OK] [Confianza: 2.22x]
2026-01-17 13:35:31 | INFO     |   oraculo_neural_v4 (Pool: 100): [1, 5, 9, 16] [OK] [Confianza: 2.38x]
2026-01-17 13:35:31 | INFO     | Consenso Determinista validado (Score ADN: 3.25)
2026-01-17 13:35:31 | INFO     | TICKET FINAL: [3, 14, 15, 19] | 🔥 ALTA CONFIANZA (47.36%)
2026-01-17 13:35:31 | INFO     | ----------------------------------------
2026-01-17 13:35:31 | INFO     | UNIVERSO: RACHA
2026-01-17 13:35:31 | DEBUG    | Pesos de confianza: {'consenso_meritocratico_v2': 2.900871992530031, 'forense_biometrico_v1': 2.8148097376737438, 'oraculo_neural_v3': 2.853015971352396, 'oraculo_neural_v4': 2.7806808921371178}
2026-01-17 13:35:31 | INFO     | Objetivo Crononauta: #10301 | Fecha: 17/01/2026 15:00
2026-01-17 13:35:31 | INFO     |   forense_biometrico: [2, 4, 5, 9, 10, 11, 12, 15, 19, 20] [Score ADN: 4.9]
2026-01-17 13:36:10 | INFO     |   oraculo_neural_v3 (Pool: 84): [1, 2, 4, 7, 9, 10, 11, 12, 13, 20] [OK] [Confianza: 2.21x]
2026-01-17 13:36:48 | INFO     |   oraculo_neural_v4 (Pool: 100): [1, 2, 3, 4, 8, 13, 15, 17, 18, 19] [OK] [Confianza: 2.13x]
2026-01-17 13:36:48 | INFO     | Consenso Determinista validado (Score ADN: 12.7)
2026-01-17 13:36:48 | INFO     | TICKET FINAL: [1, 2, 4, 7, 9, 10, 12, 13, 17, 20] | 🔥 ALTA CONFIANZA (68.52%)
2026-01-17 13:36:48 | INFO     | Forzando sincronización del laboratorio...
2026-01-17 13:36:48 | INFO     | Dashboard sincronizado correctamente.
2026-01-17 13:36:48 | INFO     | ============================================================
2026-01-17 13:36:48 | INFO     | PROCESO DEL SOÑADOR TERMINADO
2026-01-17 13:36:48 | INFO     | Total predicciones generadas: 18
2026-01-17 13:36:48 | INFO     | Log guardado en: /home/runner/work/lotus-2026/lotus-2026/engine/models/../../logs/bot_dreamer_20260117_133250.log
2026-01-17 13:36:48 | INFO     | ============================================================
