2026-01-21 09:03:01 | INFO     | === LOG INICIADO: /home/runner/work/lotus-2026/lotus-2026/engine/models/../../logs/bot_dreamer_20260121_090301.log ===
2026-01-21 09:03:02 | DEBUG    | OraculoNeural importado correctamente
2026-01-21 09:03:02 | DEBUG    | LotoForense importado correctamente
2026-01-21 09:03:02 | DEBUG    | MetaLearner importado correctamente
2026-01-21 09:03:02 | DEBUG    | Loto3Ultra importado correctamente
2026-01-21 09:03:02 | INFO     | ============================================================
2026-01-21 09:03:02 | INFO     | INICIANDO BOT SOÑADOR: LÓBULOS ESPECIALIZADOS v12.4
2026-01-21 09:03:02 | INFO     | ============================================================
2026-01-21 09:03:02 | DEBUG    | MetaLearner activo: True
2026-01-21 09:03:02 | INFO     | Hora Chile: 2026-01-21 06:03:02 | Día: 2 | Hora: 6
2026-01-21 09:03:02 | INFO     | Cortex cargado: Rankings y Morfología segmentados por juego.
2026-01-21 09:03:02 | DEBUG    | Juegos en genoma: ['LOTO', 'LOTO3', 'LOTO4', 'RACHA']
2026-01-21 09:03:02 | INFO     | ----------------------------------------
2026-01-21 09:03:02 | INFO     | UNIVERSO: LOTO
2026-01-21 09:03:02 | DEBUG    | Pesos de confianza: {'consenso_meritocratico_v2': 0.6931471805599453, 'consenso_v1': 0.7929925155296614, 'delta_tactico_v1': 0.6931471805599453, 'forense_biometrico_v1': 0.6931471805599453, 'gaussiano_tactico_v1': 0.6931471805599453, 'markov_chain_v1': 0.6931471805599453, 'oraculo_neural_v3': 1.0612565021243408, 'oraculo_neural_v4': 0.6931471805599453}
2026-01-21 09:03:02 | INFO     | Objetivo Crononauta: #5377 | Fecha: 22/01/2026 21:00
2026-01-21 09:03:02 | INFO     |   forense_biometrico: [4, 12, 13, 24, 29, 33] [Score ADN: 6.35]
2026-01-21 09:03:02 | INFO     |   gaussiano_inteligente: [3, 12, 19, 35, 36, 38] [Score ADN: 6.35]
2026-01-21 09:03:02 | INFO     |   delta_dna: [3, 26, 29, 32, 33, 38] [Score ADN: 6.35]
2026-01-21 09:03:02 | INFO     |   markov_chain: [11, 12, 20, 28, 34, 41] [Score ADN: 11.35]
2026-01-21 09:03:54 | INFO     |   oraculo_neural_v3 (Pool: 91): [3, 12, 19, 22, 23, 40] [OK] [Confianza: 1.83x]
2026-01-21 09:04:03 | INFO     |   oraculo_neural_v4 (Pool: 100): [2, 5, 15, 29, 30, 41] [OK] [Confianza: 1.84x]
2026-01-21 09:04:03 | INFO     | Consenso Determinista validado (Score ADN: 7.65)
2026-01-21 09:04:03 | INFO     | TICKET FINAL: [3, 12, 19, 22, 30, 41] | 🔥 ALTA CONFIANZA (37.58%)
2026-01-21 09:04:03 | INFO     | ----------------------------------------
2026-01-21 09:04:03 | INFO     | UNIVERSO: LOTO3
2026-01-21 09:04:03 | INFO     | Activando LOTO3 ULTRA (Ensemble Avanzado)...
2026-01-21 09:04:04 | INFO     | LOTO3 ULTRA: 10 predicciones generadas
2026-01-21 09:04:04 | INFO     | ----------------------------------------
2026-01-21 09:04:04 | INFO     | UNIVERSO: LOTO4
2026-01-21 09:04:04 | DEBUG    | Pesos de confianza: {'consenso_meritocratico_v2': 0.6931471805599453, 'forense_biometrico_v1': 0.6931471805599453, 'oraculo_neural_v3': 0.8919980393051105, 'oraculo_neural_v4': 0.7929925155296614}
2026-01-21 09:04:04 | INFO     | Objetivo Crononauta: #11576 | Fecha: 21/01/2026 14:00
2026-01-21 09:04:04 | INFO     |   forense_biometrico: [7, 8, 17, 21] [Score ADN: 3.25]
2026-01-21 09:05:01 | INFO     |   oraculo_neural_v3 (Pool: 91): [1, 11, 18, 19] [OK] [Confianza: 2.22x]
2026-01-21 09:05:07 | INFO     |   oraculo_neural_v4 (Pool: 100): [5, 9, 15, 20] [OK] [Confianza: 2.23x]
2026-01-21 09:05:07 | INFO     | Consenso Determinista validado (Score ADN: 6.55)
2026-01-21 09:05:07 | INFO     | TICKET FINAL: [1, 9, 18, 19] | 🔥 ALTA CONFIANZA (49.09%)
2026-01-21 09:05:07 | INFO     | ----------------------------------------
2026-01-21 09:05:07 | INFO     | UNIVERSO: RACHA
2026-01-21 09:05:07 | DEBUG    | Pesos de confianza: {'consenso_meritocratico_v2': 2.900871992530031, 'forense_biometrico_v1': 2.8148097376737438, 'oraculo_neural_v3': 2.853015971352396, 'oraculo_neural_v4': 2.7806808921371178}
2026-01-21 09:05:07 | INFO     | Objetivo Crononauta: #10309 | Fecha: 21/01/2026 15:00
2026-01-21 09:05:07 | INFO     |   forense_biometrico: [2, 5, 6, 9, 10, 11, 13, 18, 19, 20] [Score ADN: 5.9]
2026-01-21 09:05:34 | INFO     |   oraculo_neural_v3 (Pool: 84): [1, 4, 5, 6, 7, 10, 11, 14, 17, 18] [OK] [Confianza: 2.21x]
2026-01-21 09:06:00 | INFO     |   oraculo_neural_v4 (Pool: 100): [1, 2, 3, 4, 8, 11, 12, 16, 19, 20] [OK] [Confianza: 2.14x]
2026-01-21 09:06:00 | INFO     | Consenso Determinista validado (Score ADN: 27.7)
2026-01-21 09:06:00 | INFO     | TICKET FINAL: [1, 2, 4, 5, 8, 10, 11, 16, 18, 20] | 🔥 ALTA CONFIANZA (63.67%)
2026-01-21 09:06:00 | INFO     | Forzando sincronización del laboratorio...
2026-01-21 09:06:00 | INFO     | Dashboard sincronizado correctamente.
2026-01-21 09:06:00 | INFO     | ============================================================
2026-01-21 09:06:00 | INFO     | PROCESO DEL SOÑADOR TERMINADO
2026-01-21 09:06:00 | INFO     | Total predicciones generadas: 20
2026-01-21 09:06:00 | INFO     | Log guardado en: /home/runner/work/lotus-2026/lotus-2026/engine/models/../../logs/bot_dreamer_20260121_090301.log
2026-01-21 09:06:00 | INFO     | ============================================================
