2026-01-21 14:56:49 | INFO     | === LOG INICIADO: /home/runner/work/lotus-2026/lotus-2026/engine/models/../../logs/bot_dreamer_20260121_145649.log ===
2026-01-21 14:56:50 | DEBUG    | OraculoNeural importado correctamente
2026-01-21 14:56:50 | DEBUG    | LotoForense importado correctamente
2026-01-21 14:56:50 | DEBUG    | MetaLearner importado correctamente
2026-01-21 14:56:50 | DEBUG    | Loto3Ultra importado correctamente
2026-01-21 14:56:50 | INFO     | ============================================================
2026-01-21 14:56:50 | INFO     | INICIANDO BOT SOÑADOR: LÓBULOS ESPECIALIZADOS v12.4
2026-01-21 14:56:50 | INFO     | ============================================================
2026-01-21 14:56:50 | DEBUG    | MetaLearner activo: True
2026-01-21 14:56:50 | INFO     | Hora Chile: 2026-01-21 11:56:50 | Día: 2 | Hora: 11
2026-01-21 14:56:50 | INFO     | Cortex cargado: Rankings y Morfología segmentados por juego.
2026-01-21 14:56:50 | DEBUG    | Juegos en genoma: ['LOTO', 'LOTO3', 'LOTO4', 'RACHA']
2026-01-21 14:56:50 | INFO     | ----------------------------------------
2026-01-21 14:56:50 | INFO     | UNIVERSO: LOTO
2026-01-21 14:56:50 | DEBUG    | Pesos de confianza: {'consenso_meritocratico_v2': 0.6931471805599453, 'consenso_v1': 0.7929925155296614, 'delta_tactico_v1': 0.6931471805599453, 'forense_biometrico_v1': 0.6931471805599453, 'gaussiano_tactico_v1': 0.6931471805599453, 'markov_chain_v1': 0.6931471805599453, 'oraculo_neural_v3': 1.0612565021243408, 'oraculo_neural_v4': 0.6931471805599453}
2026-01-21 14:56:50 | INFO     | Objetivo Crononauta: #5377 | Fecha: 22/01/2026 21:00
2026-01-21 14:56:50 | INFO     |   forense_biometrico: [2, 22, 23, 26, 29, 39] [Score ADN: 5.95]
2026-01-21 14:56:50 | INFO     |   gaussiano_inteligente: [2, 7, 19, 36, 38, 39] [Score ADN: 5.95]
2026-01-21 14:56:50 | INFO     |   delta_dna: [4, 5, 17, 20, 27, 34] [Score ADN: 6.35]
2026-01-21 14:56:51 | INFO     |   markov_chain: [11, 12, 20, 28, 34, 41] [Score ADN: 11.35]
2026-01-21 14:57:43 | INFO     |   oraculo_neural_v3 (Pool: 86): [2, 3, 16, 24, 29, 39] [OK] [Confianza: 1.83x]
2026-01-21 14:57:52 | INFO     |   oraculo_neural_v4 (Pool: 100): [2, 5, 15, 29, 30, 41] [OK] [Confianza: 1.84x]
2026-01-21 14:57:52 | INFO     | Consenso Determinista validado (Score ADN: 16.95)
2026-01-21 14:57:52 | INFO     | TICKET FINAL: [2, 3, 5, 24, 29, 41] | 🔥 ALTA CONFIANZA (38.43%)
2026-01-21 14:57:52 | INFO     | ----------------------------------------
2026-01-21 14:57:52 | INFO     | UNIVERSO: LOTO3
2026-01-21 14:57:52 | INFO     | Activando LOTO3 ULTRA (Ensemble Avanzado)...
2026-01-21 14:57:53 | INFO     | LOTO3 ULTRA: 10 predicciones generadas
2026-01-21 14:57:53 | INFO     | ----------------------------------------
2026-01-21 14:57:53 | INFO     | UNIVERSO: LOTO4
2026-01-21 14:57:53 | DEBUG    | Pesos de confianza: {'consenso_meritocratico_v2': 0.6931471805599453, 'forense_biometrico_v1': 0.6931471805599453, 'oraculo_neural_v3': 0.8919980393051105, 'oraculo_neural_v4': 0.7929925155296614}
2026-01-21 14:57:53 | INFO     | Objetivo Crononauta: #11576 | Fecha: 21/01/2026 14:00
2026-01-21 14:57:53 | INFO     |   forense_biometrico: [6, 11, 12, 19] [Score ADN: 4.55]
2026-01-21 14:58:52 | INFO     |   oraculo_neural_v3 (Pool: 86): [11, 15, 19, 20] [OK] [Confianza: 2.22x]
2026-01-21 14:58:58 | INFO     |   oraculo_neural_v4 (Pool: 100): [5, 9, 15, 20] [OK] [Confianza: 2.23x]
2026-01-21 14:58:58 | INFO     | Consenso Determinista validado (Score ADN: 3.25)
2026-01-21 14:58:58 | INFO     | TICKET FINAL: [5, 15, 19, 20] | 🔥 ALTA CONFIANZA (66.83%)
2026-01-21 14:58:58 | INFO     | ----------------------------------------
2026-01-21 14:58:58 | INFO     | UNIVERSO: RACHA
2026-01-21 14:58:58 | DEBUG    | Pesos de confianza: {'consenso_meritocratico_v2': 2.900871992530031, 'forense_biometrico_v1': 2.8148097376737438, 'oraculo_neural_v3': 2.853015971352396, 'oraculo_neural_v4': 2.7806808921371178}
2026-01-21 14:58:58 | INFO     | Objetivo Crononauta: #10309 | Fecha: 21/01/2026 15:00
2026-01-21 14:58:58 | INFO     |   forense_biometrico: [1, 2, 7, 8, 9, 11, 12, 16, 18, 19] [Score ADN: 4.9]
2026-01-21 14:59:26 | INFO     |   oraculo_neural_v3 (Pool: 86): [1, 2, 3, 4, 7, 10, 14, 15, 17, 18] [OK] [Confianza: 2.22x]
2026-01-21 14:59:52 | INFO     |   oraculo_neural_v4 (Pool: 100): [1, 2, 3, 4, 8, 11, 12, 16, 19, 20] [OK] [Confianza: 2.14x]
2026-01-21 14:59:52 | INFO     | Consenso Determinista validado (Score ADN: 5.9)
2026-01-21 14:59:52 | INFO     | TICKET FINAL: [1, 2, 3, 4, 7, 10, 11, 14, 18, 19] | 🔥 ALTA CONFIANZA (66.85%)
2026-01-21 14:59:52 | INFO     | Forzando sincronización del laboratorio...
2026-01-21 14:59:52 | INFO     | Dashboard sincronizado correctamente.
2026-01-21 14:59:52 | INFO     | ============================================================
2026-01-21 14:59:52 | INFO     | PROCESO DEL SOÑADOR TERMINADO
2026-01-21 14:59:52 | INFO     | Total predicciones generadas: 20
2026-01-21 14:59:52 | INFO     | Log guardado en: /home/runner/work/lotus-2026/lotus-2026/engine/models/../../logs/bot_dreamer_20260121_145649.log
2026-01-21 14:59:52 | INFO     | ============================================================
