2026-01-20 11:00:09 | INFO     | === LOG INICIADO: /home/runner/work/lotus-2026/lotus-2026/engine/models/../../logs/bot_dreamer_20260120_110009.log ===
2026-01-20 11:00:10 | DEBUG    | OraculoNeural importado correctamente
2026-01-20 11:00:10 | DEBUG    | LotoForense importado correctamente
2026-01-20 11:00:10 | DEBUG    | MetaLearner importado correctamente
2026-01-20 11:00:10 | DEBUG    | Loto3Ultra importado correctamente
2026-01-20 11:00:10 | INFO     | ============================================================
2026-01-20 11:00:10 | INFO     | INICIANDO BOT SOÑADOR: LÓBULOS ESPECIALIZADOS v12.4
2026-01-20 11:00:10 | INFO     | ============================================================
2026-01-20 11:00:10 | DEBUG    | MetaLearner activo: True
2026-01-20 11:00:10 | INFO     | Hora Chile: 2026-01-20 08:00:10 | Día: 1 | Hora: 8
2026-01-20 11:00:10 | INFO     | Cortex cargado: Rankings y Morfología segmentados por juego.
2026-01-20 11:00:10 | DEBUG    | Juegos en genoma: ['LOTO', 'LOTO3', 'LOTO4', 'RACHA']
2026-01-20 11:00:10 | INFO     | ----------------------------------------
2026-01-20 11:00:10 | INFO     | UNIVERSO: LOTO
2026-01-20 11:00:10 | DEBUG    | Pesos de confianza: {'consenso_meritocratico_v2': 0.6931471805599453, 'consenso_v1': 0.7929925155296614, 'delta_tactico_v1': 0.6931471805599453, 'forense_biometrico_v1': 0.6931471805599453, 'gaussiano_tactico_v1': 0.6931471805599453, 'markov_chain_v1': 0.6931471805599453, 'oraculo_neural_v3': 0.8064758658669485, 'oraculo_neural_v4': 0.6931471805599453}
2026-01-20 11:00:10 | INFO     | Objetivo Crononauta: #5376 | Fecha: 20/01/2026 21:00
2026-01-20 11:00:10 | INFO     |   forense_biometrico: [7, 8, 17, 24, 29, 36] [Score ADN: 5.95]
2026-01-20 11:00:10 | INFO     |   gaussiano_inteligente: [13, 20, 21, 30, 36, 41] [Score ADN: 6.35]
2026-01-20 11:00:10 | INFO     |   delta_dna: [7, 8, 18, 23, 30, 33] [Score ADN: 6.35]
2026-01-20 11:00:10 | INFO     |   markov_chain: [7, 18, 21, 29, 31, 37] [Score ADN: 18.65]
2026-01-20 11:01:03 | INFO     |   oraculo_neural_v3 (Pool: 95): [8, 11, 13, 24, 31, 32] [OK] [Confianza: 1.83x]
2026-01-20 11:01:05 | WARNING  | v4 SILENCIADO. Motivos: {}
2026-01-20 11:01:05 | INFO     | Consenso Determinista validado (Score ADN: 5.95)
2026-01-20 11:01:05 | INFO     | TICKET FINAL: [8, 11, 13, 24, 31, 32] | 🔥 ALTA CONFIANZA (38.52%)
2026-01-20 11:01:05 | INFO     | ----------------------------------------
2026-01-20 11:01:05 | INFO     | UNIVERSO: LOTO3
2026-01-20 11:01:05 | INFO     | Activando LOTO3 ULTRA (Ensemble Avanzado)...
2026-01-20 11:01:05 | INFO     | LOTO3 ULTRA: 10 predicciones generadas
2026-01-20 11:01:05 | INFO     | ----------------------------------------
2026-01-20 11:01:05 | INFO     | UNIVERSO: LOTO4
2026-01-20 11:01:05 | DEBUG    | Pesos de confianza: {'consenso_meritocratico_v2': 0.6931471805599453, 'forense_biometrico_v1': 0.6931471805599453, 'oraculo_neural_v3': 0.8919980393051105, 'oraculo_neural_v4': 0.7929925155296614}
2026-01-20 11:01:05 | INFO     | Objetivo Crononauta: #11574 | Fecha: 20/01/2026 14:00
2026-01-20 11:01:06 | INFO     |   forense_biometrico: [1, 10, 11, 23] [Score ADN: 3.25]
2026-01-20 11:01:07 | WARNING  | v3 SILENCIADO. Motivos: {}
2026-01-20 11:01:08 | WARNING  | v4 SILENCIADO. Motivos: {}
2026-01-20 11:01:08 | INFO     | Consenso Determinista validado (Score ADN: 16.75)
2026-01-20 11:01:08 | INFO     | TICKET FINAL: [3, 8, 12, 22] | 🔥 ALTA CONFIANZA (40.0%)
2026-01-20 11:01:08 | INFO     | ----------------------------------------
2026-01-20 11:01:08 | INFO     | UNIVERSO: RACHA
2026-01-20 11:01:08 | DEBUG    | Pesos de confianza: {'consenso_meritocratico_v2': 2.900871992530031, 'forense_biometrico_v1': 2.8148097376737438, 'oraculo_neural_v3': 2.853015971352396, 'oraculo_neural_v4': 2.7806808921371178}
2026-01-20 11:01:08 | INFO     | Objetivo Crononauta: #10307 | Fecha: 20/01/2026 15:00
2026-01-20 11:01:08 | INFO     |   forense_biometrico: [2, 5, 7, 10, 11, 12, 15, 16, 17, 18] [Score ADN: 5.9]
2026-01-20 11:01:10 | WARNING  | v3 SILENCIADO. Motivos: {}
2026-01-20 11:01:13 | WARNING  | v4 SILENCIADO. Motivos: {}
2026-01-20 11:01:13 | INFO     | Consenso Determinista validado (Score ADN: 17.7)
2026-01-20 11:01:13 | INFO     | TICKET FINAL: [1, 2, 6, 8, 10, 11, 15, 18, 19, 20] | 🔥 ALTA CONFIANZA (68.0%)
2026-01-20 11:01:13 | INFO     | Forzando sincronización del laboratorio...
2026-01-20 11:01:13 | INFO     | Dashboard sincronizado correctamente.
2026-01-20 11:01:13 | INFO     | ============================================================
2026-01-20 11:01:13 | INFO     | PROCESO DEL SOÑADOR TERMINADO
2026-01-20 11:01:13 | INFO     | Total predicciones generadas: 15
2026-01-20 11:01:13 | INFO     | Log guardado en: /home/runner/work/lotus-2026/lotus-2026/engine/models/../../logs/bot_dreamer_20260120_110009.log
2026-01-20 11:01:13 | INFO     | ============================================================
