2026-01-21 20:57:53 | INFO     | === LOG INICIADO: /home/runner/work/lotus-2026/lotus-2026/engine/models/../../logs/bot_dreamer_20260121_205753.log ===
2026-01-21 20:57:54 | DEBUG    | OraculoNeural importado correctamente
2026-01-21 20:57:54 | DEBUG    | LotoForense importado correctamente
2026-01-21 20:57:54 | DEBUG    | MetaLearner importado correctamente
2026-01-21 20:57:54 | DEBUG    | Loto3Ultra importado correctamente
2026-01-21 20:57:54 | INFO     | ============================================================
2026-01-21 20:57:54 | INFO     | INICIANDO BOT SOÑADOR: LÓBULOS ESPECIALIZADOS v12.4
2026-01-21 20:57:54 | INFO     | ============================================================
2026-01-21 20:57:54 | DEBUG    | MetaLearner activo: True
2026-01-21 20:57:54 | INFO     | Hora Chile: 2026-01-21 17:57:54 | Día: 2 | Hora: 17
2026-01-21 20:57:54 | INFO     | Cortex cargado: Rankings y Morfología segmentados por juego.
2026-01-21 20:57:54 | DEBUG    | Juegos en genoma: ['LOTO', 'LOTO3', 'LOTO4', 'RACHA']
2026-01-21 20:57:54 | INFO     | ----------------------------------------
2026-01-21 20:57:54 | INFO     | UNIVERSO: LOTO
2026-01-21 20:57:54 | DEBUG    | Pesos de confianza: {'consenso_meritocratico_v2': 0.6931471805599453, 'consenso_v1': 0.7929925155296614, 'delta_tactico_v1': 0.6931471805599453, 'forense_biometrico_v1': 0.6931471805599453, 'gaussiano_tactico_v1': 0.6931471805599453, 'markov_chain_v1': 0.6931471805599453, 'oraculo_neural_v3': 1.1537315878891892, 'oraculo_neural_v4': 0.6931471805599453}
2026-01-21 20:57:54 | INFO     | Objetivo Crononauta: #5377 | Fecha: 22/01/2026 21:00
2026-01-21 20:57:55 | INFO     |   forense_biometrico: [2, 5, 7, 26, 38, 39] [Score ADN: 5.95]
2026-01-21 20:57:55 | INFO     |   gaussiano_inteligente: [3, 8, 10, 29, 40, 41] [Score ADN: 5.95]
2026-01-21 20:57:55 | INFO     |   delta_dna: [7, 13, 19, 20, 24, 38] [Score ADN: 5.95]
2026-01-21 20:57:55 | INFO     |   markov_chain: [11, 12, 20, 28, 34, 41] [Score ADN: 11.35]
2026-01-21 20:58:49 | INFO     |   oraculo_neural_v3 (Pool: 83): [7, 8, 10, 23, 34, 41] [OK] [Confianza: 1.83x]
2026-01-21 20:58:58 | INFO     |   oraculo_neural_v4 (Pool: 100): [2, 5, 15, 29, 30, 41] [OK] [Confianza: 1.84x]
2026-01-21 20:58:58 | INFO     | Consenso Determinista validado (Score ADN: 5.95)
2026-01-21 20:58:58 | INFO     | TICKET FINAL: [7, 8, 10, 23, 34, 41] | 🔥 ALTA CONFIANZA (41.46%)
2026-01-21 20:58:58 | INFO     | ----------------------------------------
2026-01-21 20:58:58 | INFO     | UNIVERSO: LOTO3
2026-01-21 20:58:58 | INFO     | Activando LOTO3 ULTRA (Ensemble Avanzado)...
2026-01-21 20:58:59 | INFO     | LOTO3 ULTRA: 10 predicciones generadas
2026-01-21 20:58:59 | INFO     | ----------------------------------------
2026-01-21 20:58:59 | INFO     | UNIVERSO: LOTO4
2026-01-21 20:58:59 | DEBUG    | Pesos de confianza: {'consenso_meritocratico_v2': 0.6931471805599453, 'forense_biometrico_v1': 0.6931471805599453, 'oraculo_neural_v3': 0.8919980393051105, 'oraculo_neural_v4': 0.7929925155296614}
2026-01-21 20:58:59 | INFO     | Objetivo Crononauta: #11577 | Fecha: 21/01/2026 21:00
2026-01-21 20:58:59 | INFO     |   forense_biometrico: [1, 7, 22, 23] [Score ADN: 3.25]
2026-01-21 20:59:58 | INFO     |   oraculo_neural_v3 (Pool: 88): [12, 13, 17, 21] [OK] [Confianza: 2.22x]
2026-01-21 21:00:04 | INFO     |   oraculo_neural_v4 (Pool: 100): [1, 9, 15, 23] [OK] [Confianza: 2.38x]
2026-01-21 21:00:04 | INFO     | Consenso Determinista validado (Score ADN: 10.45)
2026-01-21 21:00:04 | INFO     | TICKET FINAL: [1, 12, 21, 23] | 🔥 ALTA CONFIANZA (49.0%)
2026-01-21 21:00:04 | INFO     | ----------------------------------------
2026-01-21 21:00:04 | INFO     | UNIVERSO: RACHA
2026-01-21 21:00:04 | DEBUG    | Pesos de confianza: {'consenso_meritocratico_v2': 2.900871992530031, 'forense_biometrico_v1': 2.8148097376737438, 'oraculo_neural_v3': 2.853015971352396, 'oraculo_neural_v4': 2.7806808921371178}
2026-01-21 21:00:04 | INFO     | Objetivo Crononauta: #10310 | Fecha: 21/01/2026 22:00
2026-01-21 21:00:04 | INFO     |   forense_biometrico: [2, 7, 8, 9, 11, 12, 14, 15, 18, 19] [Score ADN: 4.9]
2026-01-21 21:00:32 | INFO     |   oraculo_neural_v3 (Pool: 76): [1, 2, 6, 7, 9, 10, 11, 14, 16, 17] [OK] [Confianza: 2.22x]
2026-01-21 21:00:59 | INFO     |   oraculo_neural_v4 (Pool: 100): [1, 2, 3, 4, 8, 11, 12, 16, 19, 20] [OK] [Confianza: 2.21x]
2026-01-21 21:00:59 | INFO     | Consenso Determinista validado (Score ADN: 5.9)
2026-01-21 21:00:59 | INFO     | TICKET FINAL: [1, 2, 6, 7, 8, 10, 11, 16, 17, 19] | 🔥 ALTA CONFIANZA (68.69%)
2026-01-21 21:00:59 | INFO     | Forzando sincronización del laboratorio...
2026-01-21 21:00:59 | INFO     | Dashboard sincronizado correctamente.
2026-01-21 21:00:59 | INFO     | ============================================================
2026-01-21 21:00:59 | INFO     | PROCESO DEL SOÑADOR TERMINADO
2026-01-21 21:00:59 | INFO     | Total predicciones generadas: 20
2026-01-21 21:00:59 | INFO     | Log guardado en: /home/runner/work/lotus-2026/lotus-2026/engine/models/../../logs/bot_dreamer_20260121_205753.log
2026-01-21 21:00:59 | INFO     | ============================================================
