2026-01-21 05:52:18 | INFO     | === LOG INICIADO: /home/runner/work/lotus-2026/lotus-2026/engine/models/../../logs/bot_dreamer_20260121_055218.log ===
2026-01-21 05:52:20 | DEBUG    | OraculoNeural importado correctamente
2026-01-21 05:52:20 | DEBUG    | LotoForense importado correctamente
2026-01-21 05:52:20 | DEBUG    | MetaLearner importado correctamente
2026-01-21 05:52:20 | DEBUG    | Loto3Ultra importado correctamente
2026-01-21 05:52:20 | INFO     | ============================================================
2026-01-21 05:52:20 | INFO     | INICIANDO BOT SOÑADOR: LÓBULOS ESPECIALIZADOS v12.4
2026-01-21 05:52:20 | INFO     | ============================================================
2026-01-21 05:52:20 | DEBUG    | MetaLearner activo: True
2026-01-21 05:52:20 | INFO     | Hora Chile: 2026-01-21 02:52:20 | Día: 2 | Hora: 2
2026-01-21 05:52:20 | INFO     | Cortex cargado: Rankings y Morfología segmentados por juego.
2026-01-21 05:52:20 | DEBUG    | Juegos en genoma: ['LOTO', 'LOTO3', 'LOTO4', 'RACHA']
2026-01-21 05:52:20 | INFO     | ----------------------------------------
2026-01-21 05:52:20 | INFO     | UNIVERSO: LOTO
2026-01-21 05:52:20 | DEBUG    | Pesos de confianza: {'consenso_meritocratico_v2': 0.6931471805599453, 'consenso_v1': 0.7929925155296614, 'delta_tactico_v1': 0.6931471805599453, 'forense_biometrico_v1': 0.6931471805599453, 'gaussiano_tactico_v1': 0.6931471805599453, 'markov_chain_v1': 0.6931471805599453, 'oraculo_neural_v3': 1.0612565021243408, 'oraculo_neural_v4': 0.6931471805599453}
2026-01-21 05:52:20 | INFO     | Objetivo Crononauta: #5377 | Fecha: 22/01/2026 21:00
2026-01-21 05:52:20 | INFO     |   forense_biometrico: [5, 11, 12, 29, 34, 40] [Score ADN: 5.95]
2026-01-21 05:52:20 | INFO     |   gaussiano_inteligente: [3, 17, 28, 38, 40, 41] [Score ADN: 5.95]
2026-01-21 05:52:20 | INFO     |   delta_dna: [4, 6, 17, 22, 23, 31] [Score ADN: 5.95]
2026-01-21 05:52:20 | INFO     |   markov_chain: [11, 12, 20, 28, 34, 41] [Score ADN: 11.35]
2026-01-21 05:53:13 | INFO     |   oraculo_neural_v3 (Pool: 93): [2, 3, 12, 15, 29, 40] [OK] [Confianza: 1.83x]
2026-01-21 05:53:21 | INFO     |   oraculo_neural_v4 (Pool: 100): [2, 5, 15, 29, 30, 41] [OK] [Confianza: 1.84x]
2026-01-21 05:53:21 | INFO     | Consenso Determinista validado (Score ADN: 11.95)
2026-01-21 05:53:21 | INFO     | TICKET FINAL: [2, 3, 12, 15, 29, 41] | 🔥 ALTA CONFIANZA (43.58%)
2026-01-21 05:53:21 | INFO     | ----------------------------------------
2026-01-21 05:53:21 | INFO     | UNIVERSO: LOTO3
2026-01-21 05:53:21 | INFO     | Activando LOTO3 ULTRA (Ensemble Avanzado)...
2026-01-21 05:53:22 | INFO     | LOTO3 ULTRA: 10 predicciones generadas
2026-01-21 05:53:22 | INFO     | ----------------------------------------
2026-01-21 05:53:22 | INFO     | UNIVERSO: LOTO4
2026-01-21 05:53:22 | DEBUG    | Pesos de confianza: {'consenso_meritocratico_v2': 0.6931471805599453, 'forense_biometrico_v1': 0.6931471805599453, 'oraculo_neural_v3': 0.8919980393051105, 'oraculo_neural_v4': 0.7929925155296614}
2026-01-21 05:53:22 | INFO     | Objetivo Crononauta: #11576 | Fecha: 21/01/2026 14:00
2026-01-21 05:53:22 | INFO     |   forense_biometrico: [3, 9, 19, 20] [Score ADN: 3.25]
2026-01-21 05:54:19 | INFO     |   oraculo_neural_v3 (Pool: 83): [11, 12, 21, 23] [OK] [Confianza: 2.22x]
2026-01-21 05:54:25 | INFO     |   oraculo_neural_v4 (Pool: 100): [5, 9, 15, 20] [OK] [Confianza: 2.23x]
2026-01-21 05:54:25 | INFO     | Consenso Determinista validado (Score ADN: 3.25)
2026-01-21 05:54:25 | INFO     | TICKET FINAL: [9, 11, 12, 23] | 🔥 ALTA CONFIANZA (46.03%)
2026-01-21 05:54:25 | INFO     | ----------------------------------------
2026-01-21 05:54:25 | INFO     | UNIVERSO: RACHA
2026-01-21 05:54:25 | DEBUG    | Pesos de confianza: {'consenso_meritocratico_v2': 2.900871992530031, 'forense_biometrico_v1': 2.8148097376737438, 'oraculo_neural_v3': 2.853015971352396, 'oraculo_neural_v4': 2.7806808921371178}
2026-01-21 05:54:25 | INFO     | Objetivo Crononauta: #10309 | Fecha: 21/01/2026 15:00
2026-01-21 05:54:25 | INFO     |   forense_biometrico: [3, 4, 5, 9, 12, 13, 14, 16, 19, 20] [Score ADN: 4.9]
2026-01-21 05:54:52 | INFO     |   oraculo_neural_v3 (Pool: 88): [3, 5, 8, 10, 11, 12, 13, 14, 15, 18] [OK] [Confianza: 2.21x]
2026-01-21 05:55:18 | INFO     |   oraculo_neural_v4 (Pool: 100): [1, 2, 3, 4, 8, 11, 12, 16, 19, 20] [OK] [Confianza: 2.15x]
2026-01-21 05:55:18 | INFO     | Consenso Determinista validado (Score ADN: 4.9)
2026-01-21 05:55:18 | INFO     | TICKET FINAL: [3, 5, 8, 10, 11, 12, 13, 14, 15, 20] | 🔥 ALTA CONFIANZA (66.53%)
2026-01-21 05:55:18 | INFO     | Forzando sincronización del laboratorio...
2026-01-21 05:55:18 | INFO     | Dashboard sincronizado correctamente.
2026-01-21 05:55:18 | INFO     | ============================================================
2026-01-21 05:55:18 | INFO     | PROCESO DEL SOÑADOR TERMINADO
2026-01-21 05:55:18 | INFO     | Total predicciones generadas: 20
2026-01-21 05:55:18 | INFO     | Log guardado en: /home/runner/work/lotus-2026/lotus-2026/engine/models/../../logs/bot_dreamer_20260121_055218.log
2026-01-21 05:55:18 | INFO     | ============================================================
