2026-01-21 22:36:14 | INFO     | === LOG INICIADO: /home/runner/work/lotus-2026/lotus-2026/engine/models/../../logs/bot_dreamer_20260121_223614.log ===
2026-01-21 22:36:15 | DEBUG    | OraculoNeural importado correctamente
2026-01-21 22:36:15 | DEBUG    | LotoForense importado correctamente
2026-01-21 22:36:15 | DEBUG    | MetaLearner importado correctamente
2026-01-21 22:36:15 | DEBUG    | Loto3Ultra importado correctamente
2026-01-21 22:36:15 | INFO     | ============================================================
2026-01-21 22:36:15 | INFO     | INICIANDO BOT SOÑADOR: LÓBULOS ESPECIALIZADOS v12.4
2026-01-21 22:36:15 | INFO     | ============================================================
2026-01-21 22:36:15 | DEBUG    | MetaLearner activo: True
2026-01-21 22:36:15 | INFO     | Hora Chile: 2026-01-21 19:36:15 | Día: 2 | Hora: 19
2026-01-21 22:36:15 | INFO     | Cortex cargado: Rankings y Morfología segmentados por juego.
2026-01-21 22:36:15 | DEBUG    | Juegos en genoma: ['LOTO', 'LOTO3', 'LOTO4', 'RACHA']
2026-01-21 22:36:15 | INFO     | ----------------------------------------
2026-01-21 22:36:15 | INFO     | UNIVERSO: LOTO
2026-01-21 22:36:15 | DEBUG    | Pesos de confianza: {'consenso_meritocratico_v2': 0.6931471805599453, 'consenso_v1': 0.7929925155296614, 'delta_tactico_v1': 0.6931471805599453, 'forense_biometrico_v1': 0.6931471805599453, 'gaussiano_tactico_v1': 0.6931471805599453, 'markov_chain_v1': 0.6931471805599453, 'oraculo_neural_v3': 1.1537315878891892, 'oraculo_neural_v4': 0.6931471805599453}
2026-01-21 22:36:15 | INFO     | Objetivo Crononauta: #5377 | Fecha: 22/01/2026 21:00
2026-01-21 22:36:15 | INFO     |   forense_biometrico: [6, 12, 13, 23, 29, 36] [Score ADN: 5.95]
2026-01-21 22:36:15 | INFO     |   gaussiano_inteligente: [5, 10, 11, 18, 31, 34] [Score ADN: 5.95]
2026-01-21 22:36:15 | INFO     |   delta_dna: [6, 7, 14, 17, 23, 34] [Score ADN: 5.95]
2026-01-21 22:36:15 | INFO     |   markov_chain: [11, 12, 20, 28, 34, 41] [Score ADN: 11.35]
2026-01-21 22:37:07 | INFO     |   oraculo_neural_v3 (Pool: 86): [7, 8, 14, 31, 36, 41] [OK] [Confianza: 1.83x]
2026-01-21 22:37:16 | INFO     |   oraculo_neural_v4 (Pool: 100): [2, 5, 15, 29, 30, 41] [OK] [Confianza: 1.84x]
2026-01-21 22:37:16 | INFO     | Consenso Determinista validado (Score ADN: 5.95)
2026-01-21 22:37:16 | INFO     | TICKET FINAL: [7, 8, 14, 31, 36, 41] | 🔥 ALTA CONFIANZA (41.25%)
2026-01-21 22:37:16 | INFO     | ----------------------------------------
2026-01-21 22:37:16 | INFO     | UNIVERSO: LOTO3
2026-01-21 22:37:16 | INFO     | Activando LOTO3 ULTRA (Ensemble Avanzado)...
2026-01-21 22:37:17 | INFO     | LOTO3 ULTRA: 10 predicciones generadas
2026-01-21 22:37:17 | INFO     | ----------------------------------------
2026-01-21 22:37:17 | INFO     | UNIVERSO: LOTO4
2026-01-21 22:37:17 | DEBUG    | Pesos de confianza: {'consenso_meritocratico_v2': 0.6931471805599453, 'forense_biometrico_v1': 0.6931471805599453, 'oraculo_neural_v3': 0.8919980393051105, 'oraculo_neural_v4': 0.7929925155296614}
2026-01-21 22:37:17 | INFO     | Objetivo Crononauta: #11577 | Fecha: 21/01/2026 21:00
2026-01-21 22:37:17 | INFO     |   forense_biometrico: [3, 8, 9, 23] [Score ADN: 3.25]
2026-01-21 22:38:20 | INFO     |   oraculo_neural_v3 (Pool: 86): [7, 11, 12, 15] [OK] [Confianza: 2.22x]
2026-01-21 22:38:26 | INFO     |   oraculo_neural_v4 (Pool: 100): [1, 9, 15, 23] [OK] [Confianza: 2.4x]
2026-01-21 22:38:26 | INFO     | Consenso Determinista validado (Score ADN: 12.15)
2026-01-21 22:38:26 | INFO     | TICKET FINAL: [1, 7, 15, 23] | 🔥 ALTA CONFIANZA (55.84%)
2026-01-21 22:38:26 | INFO     | ----------------------------------------
2026-01-21 22:38:26 | INFO     | UNIVERSO: RACHA
2026-01-21 22:38:26 | DEBUG    | Pesos de confianza: {'consenso_meritocratico_v2': 2.900871992530031, 'forense_biometrico_v1': 2.8148097376737438, 'oraculo_neural_v3': 2.853015971352396, 'oraculo_neural_v4': 2.7806808921371178}
2026-01-21 22:38:26 | INFO     | Objetivo Crononauta: #10310 | Fecha: 21/01/2026 22:00
2026-01-21 22:38:26 | INFO     |   forense_biometrico: [1, 2, 7, 8, 9, 13, 15, 16, 17, 20] [Score ADN: 6.3]
2026-01-21 22:38:54 | INFO     |   oraculo_neural_v3 (Pool: 81): [3, 5, 6, 10, 11, 12, 15, 16, 17, 20] [OK] [Confianza: 2.23x]
2026-01-21 22:39:20 | INFO     |   oraculo_neural_v4 (Pool: 100): [1, 2, 3, 6, 9, 10, 13, 14, 18, 20] [OK] [Confianza: 2.26x]
2026-01-21 22:39:20 | INFO     | Consenso Determinista validado (Score ADN: 9.1)
2026-01-21 22:39:20 | INFO     | TICKET FINAL: [3, 5, 6, 9, 10, 11, 12, 15, 17, 20] | 🔥 ALTA CONFIANZA (68.68%)
2026-01-21 22:39:20 | INFO     | Forzando sincronización del laboratorio...
2026-01-21 22:39:20 | INFO     | Dashboard sincronizado correctamente.
2026-01-21 22:39:20 | INFO     | ============================================================
2026-01-21 22:39:20 | INFO     | PROCESO DEL SOÑADOR TERMINADO
2026-01-21 22:39:20 | INFO     | Total predicciones generadas: 20
2026-01-21 22:39:20 | INFO     | Log guardado en: /home/runner/work/lotus-2026/lotus-2026/engine/models/../../logs/bot_dreamer_20260121_223614.log
2026-01-21 22:39:20 | INFO     | ============================================================
