2026-01-17 19:46:41 | INFO     | === LOG INICIADO: /home/runner/work/lotus-2026/lotus-2026/engine/models/../../logs/bot_dreamer_20260117_194641.log ===
2026-01-17 19:46:42 | DEBUG    | OraculoNeural importado correctamente
2026-01-17 19:46:42 | DEBUG    | LotoForense importado correctamente
2026-01-17 19:46:42 | DEBUG    | MetaLearner importado correctamente
2026-01-17 19:46:42 | DEBUG    | Loto3Ultra importado correctamente
2026-01-17 19:46:42 | INFO     | ============================================================
2026-01-17 19:46:42 | INFO     | INICIANDO BOT SOÑADOR: LÓBULOS ESPECIALIZADOS v12.4
2026-01-17 19:46:42 | INFO     | ============================================================
2026-01-17 19:46:42 | DEBUG    | MetaLearner activo: True
2026-01-17 19:46:42 | INFO     | Hora Chile: 2026-01-17 16:46:42 | Día: 5 | Hora: 16
2026-01-17 19:46:42 | INFO     | Cortex cargado: Rankings y Morfología segmentados por juego.
2026-01-17 19:46:42 | DEBUG    | Juegos en genoma: ['LOTO', 'LOTO3', 'LOTO4', 'RACHA']
2026-01-17 19:46:42 | INFO     | ----------------------------------------
2026-01-17 19:46:42 | INFO     | UNIVERSO: LOTO
2026-01-17 19:46:42 | DEBUG    | Pesos de confianza: {'consenso_meritocratico_v2': 0.6931471805599453, 'consenso_v1': 0.7929925155296614, 'delta_tactico_v1': 0.6931471805599453, 'forense_biometrico_v1': 0.6931471805599453, 'gaussiano_tactico_v1': 0.6931471805599453, 'markov_chain_v1': 0.6931471805599453, 'oraculo_neural_v3': 0.6931471805599453, 'oraculo_neural_v4': 0.6931471805599453}
2026-01-17 19:46:42 | INFO     | Objetivo Crononauta: #5375 | Fecha: 18/01/2026 21:00
2026-01-17 19:46:42 | INFO     |   forense_biometrico: [5, 6, 18, 23, 31, 40] [Score ADN: 5.95]
2026-01-17 19:46:42 | INFO     |   gaussiano_inteligente: [16, 19, 22, 23, 37, 40] [Score ADN: 5.95]
2026-01-17 19:46:42 | INFO     |   delta_dna: [5, 8, 13, 29, 30, 32] [Score ADN: 5.95]
2026-01-17 19:46:42 | INFO     |   markov_chain: [8, 21, 27, 29, 37, 39] [Score ADN: 14.05]
2026-01-17 19:48:05 | INFO     |   oraculo_neural_v3 (Pool: 84): [11, 12, 17, 28, 31, 34] [OK] [Confianza: 1.83x]
2026-01-17 19:48:21 | INFO     |   oraculo_neural_v4 (Pool: 100): [1, 13, 15, 29, 33, 35] [OK] [Confianza: 2.11x]
2026-01-17 19:48:21 | INFO     | Consenso Determinista validado (Score ADN: 6.95)
2026-01-17 19:48:21 | INFO     | TICKET FINAL: [12, 17, 28, 29, 33, 37] | 🔥 ALTA CONFIANZA (31.12%)
2026-01-17 19:48:21 | INFO     | ----------------------------------------
2026-01-17 19:48:21 | INFO     | UNIVERSO: LOTO3
2026-01-17 19:48:21 | INFO     | Activando LOTO3 ULTRA (Ensemble Avanzado)...
2026-01-17 19:48:21 | INFO     | LOTO3 ULTRA: 10 predicciones generadas
2026-01-17 19:48:21 | INFO     | ----------------------------------------
2026-01-17 19:48:21 | INFO     | UNIVERSO: LOTO4
2026-01-17 19:48:21 | DEBUG    | Pesos de confianza: {'consenso_meritocratico_v2': 0.6931471805599453, 'forense_biometrico_v1': 0.6931471805599453, 'oraculo_neural_v3': 0.8919980393051105, 'oraculo_neural_v4': 0.6931471805599453}
2026-01-17 19:48:21 | INFO     | Objetivo Crononauta: #11569 | Fecha: 17/01/2026 21:00
2026-01-17 19:48:21 | INFO     |   forense_biometrico: [3, 4, 17, 21] [Score ADN: 3.25]
2026-01-17 19:49:14 | INFO     |   oraculo_neural_v3 (Pool: 85): [7, 17, 18, 21] [OK] [Confianza: 2.22x]
2026-01-17 19:49:23 | INFO     |   oraculo_neural_v4 (Pool: 100): [6, 7, 15, 18] [OK] [Confianza: 2.22x]
2026-01-17 19:49:23 | INFO     | Consenso Determinista validado (Score ADN: 3.25)
2026-01-17 19:49:23 | INFO     | TICKET FINAL: [7, 17, 18, 21] | 🔥 ALTA CONFIANZA (64.58%)
2026-01-17 19:49:23 | INFO     | ----------------------------------------
2026-01-17 19:49:23 | INFO     | UNIVERSO: RACHA
2026-01-17 19:49:23 | DEBUG    | Pesos de confianza: {'consenso_meritocratico_v2': 2.900871992530031, 'forense_biometrico_v1': 2.8148097376737438, 'oraculo_neural_v3': 2.853015971352396, 'oraculo_neural_v4': 2.7806808921371178}
2026-01-17 19:49:23 | INFO     | Objetivo Crononauta: #10302 | Fecha: 17/01/2026 22:00
2026-01-17 19:49:24 | INFO     |   forense_biometrico: [2, 3, 5, 8, 9, 10, 15, 16, 19, 20] [Score ADN: 4.9]
2026-01-17 19:50:07 | INFO     |   oraculo_neural_v3 (Pool: 76): [1, 2, 5, 8, 10, 11, 15, 16, 17, 18] [OK] [Confianza: 2.23x]
2026-01-17 19:50:50 | INFO     |   oraculo_neural_v4 (Pool: 100): [1, 2, 3, 4, 8, 9, 10, 15, 18, 19] [OK] [Confianza: 2.14x]
2026-01-17 19:50:50 | INFO     | Consenso Determinista validado (Score ADN: 9.9)
2026-01-17 19:50:50 | INFO     | TICKET FINAL: [1, 2, 3, 8, 10, 15, 16, 17, 18, 19] | 🔥 ALTA CONFIANZA (76.14%)
2026-01-17 19:50:50 | INFO     | Forzando sincronización del laboratorio...
2026-01-17 19:50:51 | INFO     | Dashboard sincronizado correctamente.
2026-01-17 19:50:51 | INFO     | ============================================================
2026-01-17 19:50:51 | INFO     | PROCESO DEL SOÑADOR TERMINADO
2026-01-17 19:50:51 | INFO     | Total predicciones generadas: 20
2026-01-17 19:50:51 | INFO     | Log guardado en: /home/runner/work/lotus-2026/lotus-2026/engine/models/../../logs/bot_dreamer_20260117_194641.log
2026-01-17 19:50:51 | INFO     | ============================================================
