2026-01-17 21:28:43 | INFO     | === LOG INICIADO: /home/runner/work/lotus-2026/lotus-2026/engine/models/../../logs/bot_dreamer_20260117_212843.log ===
2026-01-17 21:28:44 | DEBUG    | OraculoNeural importado correctamente
2026-01-17 21:28:44 | DEBUG    | LotoForense importado correctamente
2026-01-17 21:28:44 | DEBUG    | MetaLearner importado correctamente
2026-01-17 21:28:44 | DEBUG    | Loto3Ultra importado correctamente
2026-01-17 21:28:44 | INFO     | ============================================================
2026-01-17 21:28:44 | INFO     | INICIANDO BOT SOÑADOR: LÓBULOS ESPECIALIZADOS v12.4
2026-01-17 21:28:44 | INFO     | ============================================================
2026-01-17 21:28:44 | DEBUG    | MetaLearner activo: True
2026-01-17 21:28:44 | INFO     | Hora Chile: 2026-01-17 18:28:44 | Día: 5 | Hora: 18
2026-01-17 21:28:44 | INFO     | Cortex cargado: Rankings y Morfología segmentados por juego.
2026-01-17 21:28:44 | DEBUG    | Juegos en genoma: ['LOTO', 'LOTO3', 'LOTO4', 'RACHA']
2026-01-17 21:28:44 | INFO     | ----------------------------------------
2026-01-17 21:28:44 | INFO     | UNIVERSO: LOTO
2026-01-17 21:28:44 | DEBUG    | Pesos de confianza: {'consenso_meritocratico_v2': 0.6931471805599453, 'consenso_v1': 0.7929925155296614, 'delta_tactico_v1': 0.6931471805599453, 'forense_biometrico_v1': 0.6931471805599453, 'gaussiano_tactico_v1': 0.6931471805599453, 'markov_chain_v1': 0.6931471805599453, 'oraculo_neural_v3': 0.6931471805599453, 'oraculo_neural_v4': 0.6931471805599453}
2026-01-17 21:28:44 | INFO     | Objetivo Crononauta: #5375 | Fecha: 18/01/2026 21:00
2026-01-17 21:28:44 | INFO     |   forense_biometrico: [1, 10, 30, 31, 34, 41] [Score ADN: 6.35]
2026-01-17 21:28:44 | INFO     |   gaussiano_inteligente: [10, 14, 17, 19, 30, 31] [Score ADN: 5.95]
2026-01-17 21:28:44 | INFO     |   delta_dna: [16, 19, 22, 25, 26, 29] [Score ADN: 6.35]
2026-01-17 21:28:44 | INFO     |   markov_chain: [8, 21, 27, 29, 37, 39] [Score ADN: 14.05]
2026-01-17 21:30:08 | INFO     |   oraculo_neural_v3 (Pool: 89): [2, 16, 17, 26, 33, 41] [OK] [Confianza: 1.83x]
2026-01-17 21:30:24 | INFO     |   oraculo_neural_v4 (Pool: 100): [1, 13, 15, 29, 33, 35] [OK] [Confianza: 2.11x]
2026-01-17 21:30:24 | INFO     | Consenso Determinista validado (Score ADN: 12.35)
2026-01-17 21:30:24 | INFO     | TICKET FINAL: [13, 15, 16, 29, 33, 35] | 🔥 ALTA CONFIANZA (36.84%)
2026-01-17 21:30:24 | INFO     | ----------------------------------------
2026-01-17 21:30:24 | INFO     | UNIVERSO: LOTO3
2026-01-17 21:30:24 | INFO     | Activando LOTO3 ULTRA (Ensemble Avanzado)...
2026-01-17 21:30:25 | INFO     | LOTO3 ULTRA: 10 predicciones generadas
2026-01-17 21:30:25 | INFO     | ----------------------------------------
2026-01-17 21:30:25 | INFO     | UNIVERSO: LOTO4
2026-01-17 21:30:25 | DEBUG    | Pesos de confianza: {'consenso_meritocratico_v2': 0.6931471805599453, 'forense_biometrico_v1': 0.6931471805599453, 'oraculo_neural_v3': 0.8919980393051105, 'oraculo_neural_v4': 0.6931471805599453}
2026-01-17 21:30:25 | INFO     | Objetivo Crononauta: #11569 | Fecha: 17/01/2026 21:00
2026-01-17 21:30:25 | INFO     |   forense_biometrico: [2, 9, 13, 14] [Score ADN: 4.55]
2026-01-17 21:31:17 | INFO     |   oraculo_neural_v3 (Pool: 91): [5, 13, 14, 21] [OK] [Confianza: 2.22x]
2026-01-17 21:31:26 | INFO     |   oraculo_neural_v4 (Pool: 100): [6, 7, 15, 18] [OK] [Confianza: 2.22x]
2026-01-17 21:31:26 | INFO     | Consenso Determinista validado (Score ADN: 12.15)
2026-01-17 21:31:26 | INFO     | TICKET FINAL: [5, 13, 15, 21] | 🔥 ALTA CONFIANZA (49.24%)
2026-01-17 21:31:26 | INFO     | ----------------------------------------
2026-01-17 21:31:26 | INFO     | UNIVERSO: RACHA
2026-01-17 21:31:26 | DEBUG    | Pesos de confianza: {'consenso_meritocratico_v2': 2.900871992530031, 'forense_biometrico_v1': 2.8148097376737438, 'oraculo_neural_v3': 2.853015971352396, 'oraculo_neural_v4': 2.7806808921371178}
2026-01-17 21:31:26 | INFO     | Objetivo Crononauta: #10302 | Fecha: 17/01/2026 22:00
2026-01-17 21:31:27 | INFO     |   forense_biometrico: [1, 2, 5, 10, 12, 15, 16, 17, 18, 19] [Score ADN: 4.9]
2026-01-17 21:32:10 | INFO     |   oraculo_neural_v3 (Pool: 85): [3, 4, 5, 6, 8, 9, 12, 13, 17, 20] [OK] [Confianza: 2.23x]
2026-01-17 21:32:52 | INFO     |   oraculo_neural_v4 (Pool: 100): [1, 2, 3, 4, 8, 9, 10, 15, 18, 19] [OK] [Confianza: 2.25x]
2026-01-17 21:32:52 | INFO     | Consenso Determinista validado (Score ADN: 19.1)
2026-01-17 21:32:52 | INFO     | TICKET FINAL: [1, 3, 4, 8, 9, 10, 13, 15, 17, 20] | 🔥 ALTA CONFIANZA (67.63%)
2026-01-17 21:32:52 | INFO     | Forzando sincronización del laboratorio...
2026-01-17 21:32:52 | INFO     | Dashboard sincronizado correctamente.
2026-01-17 21:32:52 | INFO     | ============================================================
2026-01-17 21:32:52 | INFO     | PROCESO DEL SOÑADOR TERMINADO
2026-01-17 21:32:52 | INFO     | Total predicciones generadas: 20
2026-01-17 21:32:52 | INFO     | Log guardado en: /home/runner/work/lotus-2026/lotus-2026/engine/models/../../logs/bot_dreamer_20260117_212843.log
2026-01-17 21:32:52 | INFO     | ============================================================
