2026-01-17 19:32:13 | INFO     | === LOG INICIADO: /home/runner/work/lotus-2026/lotus-2026/engine/models/../../logs/bot_dreamer_20260117_193213.log ===
2026-01-17 19:32:15 | DEBUG    | OraculoNeural importado correctamente
2026-01-17 19:32:15 | DEBUG    | LotoForense importado correctamente
2026-01-17 19:32:15 | DEBUG    | MetaLearner importado correctamente
2026-01-17 19:32:15 | DEBUG    | Loto3Ultra importado correctamente
2026-01-17 19:32:15 | INFO     | ============================================================
2026-01-17 19:32:15 | INFO     | INICIANDO BOT SOÑADOR: LÓBULOS ESPECIALIZADOS v12.4
2026-01-17 19:32:15 | INFO     | ============================================================
2026-01-17 19:32:15 | DEBUG    | MetaLearner activo: True
2026-01-17 19:32:15 | INFO     | Hora Chile: 2026-01-17 16:32:15 | Día: 5 | Hora: 16
2026-01-17 19:32:15 | INFO     | Cortex cargado: Rankings y Morfología segmentados por juego.
2026-01-17 19:32:15 | DEBUG    | Juegos en genoma: ['LOTO', 'LOTO3', 'LOTO4', 'RACHA']
2026-01-17 19:32:15 | INFO     | ----------------------------------------
2026-01-17 19:32:15 | INFO     | UNIVERSO: LOTO
2026-01-17 19:32:15 | DEBUG    | Pesos de confianza: {'consenso_meritocratico_v2': 0.6931471805599453, 'consenso_v1': 0.7929925155296614, 'delta_tactico_v1': 0.6931471805599453, 'forense_biometrico_v1': 0.6931471805599453, 'gaussiano_tactico_v1': 0.6931471805599453, 'markov_chain_v1': 0.6931471805599453, 'oraculo_neural_v3': 0.6931471805599453, 'oraculo_neural_v4': 0.6931471805599453}
2026-01-17 19:32:15 | INFO     | Objetivo Crononauta: #5375 | Fecha: 18/01/2026 21:00
2026-01-17 19:32:15 | INFO     |   forense_biometrico: [2, 7, 12, 23, 24, 39] [Score ADN: 5.95]
2026-01-17 19:32:15 | INFO     |   gaussiano_inteligente: [3, 14, 20, 29, 30, 37] [Score ADN: 5.95]
2026-01-17 19:32:15 | INFO     |   delta_dna: [2, 9, 23, 28, 31, 32] [Score ADN: 5.95]
2026-01-17 19:32:15 | INFO     |   markov_chain: [8, 21, 27, 29, 37, 39] [Score ADN: 14.05]
2026-01-17 19:33:31 | INFO     |   oraculo_neural_v3 (Pool: 95): [2, 3, 19, 25, 28, 36] [OK] [Confianza: 1.83x]
2026-01-17 19:33:46 | INFO     |   oraculo_neural_v4 (Pool: 100): [1, 13, 15, 29, 33, 35] [OK] [Confianza: 2.11x]
2026-01-17 19:33:46 | INFO     | Consenso Determinista validado (Score ADN: 11.95)
2026-01-17 19:33:46 | INFO     | TICKET FINAL: [1, 3, 19, 28, 29, 33] | 🔥 ALTA CONFIANZA (31.27%)
2026-01-17 19:33:46 | INFO     | ----------------------------------------
2026-01-17 19:33:46 | INFO     | UNIVERSO: LOTO3
2026-01-17 19:33:46 | INFO     | Activando LOTO3 ULTRA (Ensemble Avanzado)...
2026-01-17 19:33:47 | INFO     | LOTO3 ULTRA: 10 predicciones generadas
2026-01-17 19:33:47 | INFO     | ----------------------------------------
2026-01-17 19:33:47 | INFO     | UNIVERSO: LOTO4
2026-01-17 19:33:47 | DEBUG    | Pesos de confianza: {'consenso_meritocratico_v2': 0.6931471805599453, 'forense_biometrico_v1': 0.6931471805599453, 'oraculo_neural_v3': 0.8919980393051105, 'oraculo_neural_v4': 0.6931471805599453}
2026-01-17 19:33:47 | INFO     | Objetivo Crononauta: #11569 | Fecha: 17/01/2026 21:00
2026-01-17 19:33:47 | INFO     |   forense_biometrico: [10, 11, 17, 20] [Score ADN: 4.55]
2026-01-17 19:34:34 | INFO     |   oraculo_neural_v3 (Pool: 85): [5, 9, 22, 23] [OK] [Confianza: 2.22x]
2026-01-17 19:34:43 | INFO     |   oraculo_neural_v4 (Pool: 100): [6, 7, 15, 18] [OK] [Confianza: 2.22x]
2026-01-17 19:34:43 | INFO     | Consenso Determinista validado (Score ADN: 3.25)
2026-01-17 19:34:43 | INFO     | TICKET FINAL: [5, 9, 22, 23] | 🔥 ALTA CONFIANZA (50.63%)
2026-01-17 19:34:43 | INFO     | ----------------------------------------
2026-01-17 19:34:43 | INFO     | UNIVERSO: RACHA
2026-01-17 19:34:43 | DEBUG    | Pesos de confianza: {'consenso_meritocratico_v2': 2.900871992530031, 'forense_biometrico_v1': 2.8148097376737438, 'oraculo_neural_v3': 2.853015971352396, 'oraculo_neural_v4': 2.7806808921371178}
2026-01-17 19:34:43 | INFO     | Objetivo Crononauta: #10302 | Fecha: 17/01/2026 22:00
2026-01-17 19:34:43 | INFO     |   forense_biometrico: [2, 3, 4, 9, 11, 12, 13, 15, 16, 20] [Score ADN: 4.9]
2026-01-17 19:35:22 | INFO     |   oraculo_neural_v3 (Pool: 80): [3, 4, 5, 8, 10, 13, 14, 15, 17, 18] [OK] [Confianza: 2.23x]
2026-01-17 19:36:00 | INFO     |   oraculo_neural_v4 (Pool: 100): [1, 2, 3, 4, 8, 9, 10, 15, 18, 19] [OK] [Confianza: 2.14x]
2026-01-17 19:36:00 | INFO     | Consenso Determinista validado (Score ADN: 9.9)
2026-01-17 19:36:00 | INFO     | TICKET FINAL: [2, 3, 4, 5, 8, 10, 14, 15, 18, 19] | 🔥 ALTA CONFIANZA (73.74%)
2026-01-17 19:36:00 | INFO     | Forzando sincronización del laboratorio...
2026-01-17 19:36:00 | INFO     | Dashboard sincronizado correctamente.
2026-01-17 19:36:00 | INFO     | ============================================================
2026-01-17 19:36:00 | INFO     | PROCESO DEL SOÑADOR TERMINADO
2026-01-17 19:36:00 | INFO     | Total predicciones generadas: 20
2026-01-17 19:36:00 | INFO     | Log guardado en: /home/runner/work/lotus-2026/lotus-2026/engine/models/../../logs/bot_dreamer_20260117_193213.log
2026-01-17 19:36:00 | INFO     | ============================================================
