2026-01-18 18:49:18 | INFO     | === LOG INICIADO: /home/runner/work/lotus-2026/lotus-2026/engine/models/../../logs/bot_dreamer_20260118_184918.log ===
2026-01-18 18:49:19 | DEBUG    | OraculoNeural importado correctamente
2026-01-18 18:49:19 | DEBUG    | LotoForense importado correctamente
2026-01-18 18:49:19 | DEBUG    | MetaLearner importado correctamente
2026-01-18 18:49:19 | DEBUG    | Loto3Ultra importado correctamente
2026-01-18 18:49:19 | INFO     | ============================================================
2026-01-18 18:49:19 | INFO     | INICIANDO BOT SOÑADOR: LÓBULOS ESPECIALIZADOS v12.4
2026-01-18 18:49:19 | INFO     | ============================================================
2026-01-18 18:49:19 | DEBUG    | MetaLearner activo: True
2026-01-18 18:49:19 | INFO     | Hora Chile: 2026-01-18 15:49:19 | Día: 6 | Hora: 15
2026-01-18 18:49:19 | INFO     | Cortex cargado: Rankings y Morfología segmentados por juego.
2026-01-18 18:49:19 | DEBUG    | Juegos en genoma: ['LOTO', 'LOTO3', 'LOTO4', 'RACHA']
2026-01-18 18:49:19 | INFO     | ----------------------------------------
2026-01-18 18:49:19 | INFO     | UNIVERSO: LOTO
2026-01-18 18:49:19 | DEBUG    | Pesos de confianza: {'consenso_meritocratico_v2': 0.6931471805599453, 'consenso_v1': 0.7929925155296614, 'delta_tactico_v1': 0.6931471805599453, 'forense_biometrico_v1': 0.6931471805599453, 'gaussiano_tactico_v1': 0.6931471805599453, 'markov_chain_v1': 0.6931471805599453, 'oraculo_neural_v3': 0.6931471805599453, 'oraculo_neural_v4': 0.6931471805599453}
2026-01-18 18:49:19 | INFO     | Objetivo Crononauta: #5375 | Fecha: 18/01/2026 21:00
2026-01-18 18:49:19 | INFO     |   forense_biometrico: [4, 5, 23, 29, 36, 38] [Score ADN: 5.95]
2026-01-18 18:49:19 | INFO     |   gaussiano_inteligente: [3, 13, 14, 28, 32, 41] [Score ADN: 5.95]
2026-01-18 18:49:19 | INFO     |   delta_dna: [8, 12, 17, 19, 20, 27] [Score ADN: 6.35]
2026-01-18 18:49:19 | INFO     |   markov_chain: [12, 14, 18, 22, 28, 32] [Score ADN: 33.05]
2026-01-18 18:50:35 | INFO     |   oraculo_neural_v3 (Pool: 87): [17, 22, 28, 30, 31, 37] [OK] [Confianza: 1.83x]
2026-01-18 18:50:50 | INFO     |   oraculo_neural_v4 (Pool: 100): [1, 13, 15, 29, 33, 35] [OK] [Confianza: 2.11x]
2026-01-18 18:50:50 | INFO     | Consenso Determinista validado (Score ADN: 7.35)
2026-01-18 18:50:50 | INFO     | TICKET FINAL: [13, 15, 22, 28, 29, 33] | 🔥 ALTA CONFIANZA (33.14%)
2026-01-18 18:50:50 | INFO     | ----------------------------------------
2026-01-18 18:50:50 | INFO     | UNIVERSO: LOTO3
2026-01-18 18:50:50 | INFO     | Activando LOTO3 ULTRA (Ensemble Avanzado)...
2026-01-18 18:50:51 | INFO     | LOTO3 ULTRA: 10 predicciones generadas
2026-01-18 18:50:51 | INFO     | ----------------------------------------
2026-01-18 18:50:51 | INFO     | UNIVERSO: LOTO4
2026-01-18 18:50:51 | DEBUG    | Pesos de confianza: {'consenso_meritocratico_v2': 0.6931471805599453, 'forense_biometrico_v1': 0.6931471805599453, 'oraculo_neural_v3': 0.8919980393051105, 'oraculo_neural_v4': 0.7929925155296614}
2026-01-18 18:50:51 | INFO     | Objetivo Crononauta: #11571 | Fecha: 18/01/2026 21:00
2026-01-18 18:50:51 | INFO     |   forense_biometrico: [1, 7, 16, 17] [Score ADN: 3.25]
2026-01-18 18:51:38 | INFO     |   oraculo_neural_v3 (Pool: 93): [13, 19, 21, 22] [OK] [Confianza: 2.22x]
2026-01-18 18:51:47 | INFO     |   oraculo_neural_v4 (Pool: 100): [4, 6, 17, 18] [OK] [Confianza: 2.38x]
2026-01-18 18:51:47 | INFO     | Consenso Determinista validado (Score ADN: 12.85)
2026-01-18 18:51:47 | INFO     | TICKET FINAL: [6, 17, 18, 22] | 🔥 ALTA CONFIANZA (43.51%)
2026-01-18 18:51:47 | INFO     | ----------------------------------------
2026-01-18 18:51:47 | INFO     | UNIVERSO: RACHA
2026-01-18 18:51:47 | DEBUG    | Pesos de confianza: {'consenso_meritocratico_v2': 2.900871992530031, 'forense_biometrico_v1': 2.8148097376737438, 'oraculo_neural_v3': 2.853015971352396, 'oraculo_neural_v4': 2.7806808921371178}
2026-01-18 18:51:47 | INFO     | Objetivo Crononauta: #10304 | Fecha: 18/01/2026 22:00
2026-01-18 18:51:47 | INFO     |   forense_biometrico: [1, 3, 5, 6, 10, 11, 12, 13, 16, 17] [Score ADN: 7.3]
2026-01-18 18:52:26 | INFO     |   oraculo_neural_v3 (Pool: 86): [2, 3, 4, 8, 9, 11, 12, 13, 17, 20] [OK] [Confianza: 2.25x]
2026-01-18 18:53:05 | INFO     |   oraculo_neural_v4 (Pool: 100): [1, 2, 3, 6, 7, 8, 9, 11, 13, 15] [OK] [Confianza: 1.76x]
2026-01-18 18:53:05 | INFO     | Consenso Determinista validado (Score ADN: 5.9)
2026-01-18 18:53:05 | INFO     | TICKET FINAL: [2, 3, 4, 8, 9, 11, 12, 13, 17, 20] | 🔥 ALTA CONFIANZA (75.79%)
2026-01-18 18:53:05 | INFO     | Forzando sincronización del laboratorio...
2026-01-18 18:53:05 | INFO     | Dashboard sincronizado correctamente.
2026-01-18 18:53:05 | INFO     | ============================================================
2026-01-18 18:53:05 | INFO     | PROCESO DEL SOÑADOR TERMINADO
2026-01-18 18:53:05 | INFO     | Total predicciones generadas: 20
2026-01-18 18:53:05 | INFO     | Log guardado en: /home/runner/work/lotus-2026/lotus-2026/engine/models/../../logs/bot_dreamer_20260118_184918.log
2026-01-18 18:53:05 | INFO     | ============================================================
