2026-01-22 16:07:55 | INFO     | === LOG INICIADO: /home/runner/work/lotus-2026/lotus-2026/engine/models/../../logs/bot_dreamer_20260122_160755.log ===
2026-01-22 16:07:56 | DEBUG    | OraculoNeural importado correctamente
2026-01-22 16:07:56 | DEBUG    | LotoForense importado correctamente
2026-01-22 16:07:56 | DEBUG    | MetaLearner importado correctamente
2026-01-22 16:07:56 | DEBUG    | Loto3Ultra importado correctamente
2026-01-22 16:07:56 | INFO     | ============================================================
2026-01-22 16:07:56 | INFO     | INICIANDO BOT SOÑADOR: LÓBULOS ESPECIALIZADOS v12.4
2026-01-22 16:07:56 | INFO     | ============================================================
2026-01-22 16:07:56 | DEBUG    | MetaLearner activo: True
2026-01-22 16:07:56 | INFO     | Hora Chile: 2026-01-22 13:07:56 | Día: 3 | Hora: 13
2026-01-22 16:07:56 | INFO     | Cortex cargado: Rankings y Morfología segmentados por juego.
2026-01-22 16:07:56 | DEBUG    | Juegos en genoma: ['LOTO', 'LOTO3', 'LOTO4', 'RACHA']
2026-01-22 16:07:56 | INFO     | ----------------------------------------
2026-01-22 16:07:56 | INFO     | UNIVERSO: LOTO
2026-01-22 16:07:56 | DEBUG    | Pesos de confianza: {'consenso_meritocratico_v2': 0.6931471805599453, 'consenso_v1': 0.7929925155296614, 'delta_tactico_v1': 0.6931471805599453, 'forense_biometrico_v1': 0.6931471805599453, 'gaussiano_tactico_v1': 0.6931471805599453, 'markov_chain_v1': 0.6931471805599453, 'oraculo_neural_v3': 1.1537315878891892, 'oraculo_neural_v4': 0.6931471805599453}
2026-01-22 16:07:56 | INFO     | Objetivo Crononauta: #5377 | Fecha: 22/01/2026 21:00
2026-01-22 16:07:56 | INFO     |   forense_biometrico: [2, 4, 17, 33, 39, 40] [Score ADN: 6.35]
2026-01-22 16:07:56 | INFO     |   gaussiano_inteligente: [15, 22, 24, 29, 37, 38] [Score ADN: 6.35]
2026-01-22 16:07:56 | INFO     |   delta_dna: [6, 14, 17, 19, 29, 30] [Score ADN: 5.95]
2026-01-22 16:07:56 | INFO     |   markov_chain: [7, 15, 19, 22, 28, 41] [Score ADN: 8.65]
2026-01-22 16:08:49 | INFO     |   oraculo_neural_v3 (Pool: 90): [2, 14, 15, 23, 29, 36] [OK] [Confianza: 1.83x]
2026-01-22 16:08:58 | INFO     |   oraculo_neural_v4 (Pool: 100): [2, 5, 15, 29, 30, 41] [OK] [Confianza: 1.84x]
2026-01-22 16:08:58 | INFO     | Consenso Determinista validado (Score ADN: 5.95)
2026-01-22 16:08:58 | INFO     | TICKET FINAL: [2, 14, 15, 29, 36, 41] | 🔥 ALTA CONFIANZA (47.54%)
2026-01-22 16:08:58 | INFO     | ----------------------------------------
2026-01-22 16:08:58 | INFO     | UNIVERSO: LOTO3
2026-01-22 16:08:58 | INFO     | Activando LOTO3 ULTRA (Ensemble Avanzado)...
2026-01-22 16:08:58 | INFO     | LOTO3 ULTRA: 10 predicciones generadas y guardadas.
2026-01-22 16:08:58 | INFO     | ----------------------------------------
2026-01-22 16:08:58 | INFO     | UNIVERSO: LOTO4
2026-01-22 16:08:58 | DEBUG    | Pesos de confianza: {'oraculo_neural_v4': 1.0818051703517284}
2026-01-22 16:08:58 | INFO     | Objetivo Crononauta: #11578 | Fecha: 22/01/2026 14:00
2026-01-22 16:08:59 | INFO     |   forense_biometrico: [6, 7, 9, 23] [Score ADN: 3.25]
2026-01-22 16:09:56 | INFO     |   oraculo_neural_v3 (Pool: 90): [4, 5, 9, 19] [OK] [Confianza: 2.22x]
2026-01-22 16:10:03 | INFO     |   oraculo_neural_v4 (Pool: 100): [1, 9, 15, 23] [OK] [Confianza: 2.38x]
2026-01-22 16:10:03 | INFO     | Consenso Determinista validado (Score ADN: 12.15)
2026-01-22 16:10:03 | INFO     | TICKET FINAL: [1, 5, 9, 19] | 🔥 ALTA CONFIANZA (53.37%)
2026-01-22 16:10:03 | INFO     | ----------------------------------------
2026-01-22 16:10:03 | INFO     | UNIVERSO: RACHA
2026-01-22 16:10:03 | DEBUG    | Pesos de confianza: {'consenso_meritocratico_v2': 2.900871992530031, 'forense_biometrico_v1': 2.8148097376737438, 'oraculo_neural_v3': 2.853015971352396, 'oraculo_neural_v4': 2.7806808921371178}
2026-01-22 16:10:03 | INFO     | Objetivo Crononauta: #10311 | Fecha: 22/01/2026 15:00
2026-01-22 16:10:03 | INFO     |   forense_biometrico: [1, 2, 3, 4, 8, 10, 11, 15, 16, 19] [Score ADN: 4.9]
2026-01-22 16:10:30 | INFO     |   oraculo_neural_v3 (Pool: 74): [4, 5, 8, 10, 11, 12, 13, 15, 18, 19] [OK] [Confianza: 2.21x]
2026-01-22 16:10:57 | INFO     |   oraculo_neural_v4 (Pool: 100): [1, 2, 3, 6, 7, 9, 10, 11, 16, 20] [OK] [Confianza: 2.01x]
2026-01-22 16:10:57 | INFO     | Consenso Determinista validado (Score ADN: 10.9)
2026-01-22 16:10:57 | INFO     | TICKET FINAL: [2, 3, 4, 5, 10, 11, 12, 15, 18, 19] | 🔥 ALTA CONFIANZA (61.41%)
2026-01-22 16:10:57 | INFO     | Forzando sincronización del laboratorio...
2026-01-22 16:10:57 | INFO     | Dashboard sincronizado correctamente.
2026-01-22 16:10:57 | INFO     | ============================================================
2026-01-22 16:10:57 | INFO     | PROCESO DEL SOÑADOR TERMINADO
2026-01-22 16:10:57 | INFO     | Total predicciones generadas: 15
2026-01-22 16:10:57 | INFO     | Log guardado en: /home/runner/work/lotus-2026/lotus-2026/engine/models/../../logs/bot_dreamer_20260122_160755.log
2026-01-22 16:10:57 | INFO     | ============================================================
