2026-01-18 19:29:13 | INFO     | === LOG INICIADO: /home/runner/work/lotus-2026/lotus-2026/engine/models/../../logs/bot_dreamer_20260118_192913.log ===
2026-01-18 19:29:14 | DEBUG    | OraculoNeural importado correctamente
2026-01-18 19:29:14 | DEBUG    | LotoForense importado correctamente
2026-01-18 19:29:14 | DEBUG    | MetaLearner importado correctamente
2026-01-18 19:29:14 | DEBUG    | Loto3Ultra importado correctamente
2026-01-18 19:29:14 | INFO     | ============================================================
2026-01-18 19:29:14 | INFO     | INICIANDO BOT SOÑADOR: LÓBULOS ESPECIALIZADOS v12.4
2026-01-18 19:29:14 | INFO     | ============================================================
2026-01-18 19:29:14 | DEBUG    | MetaLearner activo: True
2026-01-18 19:29:14 | INFO     | Hora Chile: 2026-01-18 16:29:14 | Día: 6 | Hora: 16
2026-01-18 19:29:14 | INFO     | Cortex cargado: Rankings y Morfología segmentados por juego.
2026-01-18 19:29:14 | DEBUG    | Juegos en genoma: ['LOTO', 'LOTO3', 'LOTO4', 'RACHA']
2026-01-18 19:29:14 | INFO     | ----------------------------------------
2026-01-18 19:29:14 | INFO     | UNIVERSO: LOTO
2026-01-18 19:29:14 | DEBUG    | Pesos de confianza: {'consenso_meritocratico_v2': 0.6931471805599453, 'consenso_v1': 0.7929925155296614, 'delta_tactico_v1': 0.6931471805599453, 'forense_biometrico_v1': 0.6931471805599453, 'gaussiano_tactico_v1': 0.6931471805599453, 'markov_chain_v1': 0.6931471805599453, 'oraculo_neural_v3': 0.6931471805599453, 'oraculo_neural_v4': 0.6931471805599453}
2026-01-18 19:29:14 | INFO     | Objetivo Crononauta: #5375 | Fecha: 18/01/2026 21:00
2026-01-18 19:29:14 | INFO     |   forense_biometrico: [3, 12, 13, 22, 28, 41] [Score ADN: 5.95]
2026-01-18 19:29:14 | INFO     |   gaussiano_inteligente: [6, 11, 19, 23, 24, 38] [Score ADN: 5.95]
2026-01-18 19:29:14 | INFO     |   delta_dna: [6, 11, 17, 26, 29, 30] [Score ADN: 5.95]
2026-01-18 19:29:14 | INFO     |   markov_chain: [12, 14, 18, 22, 28, 32] [Score ADN: 33.05]
2026-01-18 19:30:40 | INFO     |   oraculo_neural_v3 (Pool: 86): [3, 5, 6, 26, 32, 37] [OK] [Confianza: 1.83x]
2026-01-18 19:30:55 | INFO     |   oraculo_neural_v4 (Pool: 100): [1, 13, 15, 29, 33, 35] [OK] [Confianza: 2.11x]
2026-01-18 19:30:55 | INFO     | Consenso Determinista validado (Score ADN: 9.05)
2026-01-18 19:30:55 | INFO     | TICKET FINAL: [13, 15, 26, 29, 32, 35] | 🔥 ALTA CONFIANZA (33.41%)
2026-01-18 19:30:55 | INFO     | ----------------------------------------
2026-01-18 19:30:55 | INFO     | UNIVERSO: LOTO3
2026-01-18 19:30:55 | INFO     | Activando LOTO3 ULTRA (Ensemble Avanzado)...
2026-01-18 19:30:56 | INFO     | LOTO3 ULTRA: 10 predicciones generadas
2026-01-18 19:30:56 | INFO     | ----------------------------------------
2026-01-18 19:30:56 | INFO     | UNIVERSO: LOTO4
2026-01-18 19:30:56 | DEBUG    | Pesos de confianza: {'consenso_meritocratico_v2': 0.6931471805599453, 'forense_biometrico_v1': 0.6931471805599453, 'oraculo_neural_v3': 0.8919980393051105, 'oraculo_neural_v4': 0.7929925155296614}
2026-01-18 19:30:56 | INFO     | Objetivo Crononauta: #11571 | Fecha: 18/01/2026 21:00
2026-01-18 19:30:56 | INFO     |   forense_biometrico: [1, 13, 14, 19] [Score ADN: 3.25]
2026-01-18 19:31:50 | INFO     |   oraculo_neural_v3 (Pool: 81): [3, 4, 17, 21] [OK] [Confianza: 2.22x]
2026-01-18 19:31:59 | INFO     |   oraculo_neural_v4 (Pool: 100): [4, 6, 17, 18] [OK] [Confianza: 2.38x]
2026-01-18 19:31:59 | INFO     | Consenso Determinista validado (Score ADN: 11.75)
2026-01-18 19:31:59 | INFO     | TICKET FINAL: [4, 6, 17, 21] | 🔥 ALTA CONFIANZA (63.04%)
2026-01-18 19:31:59 | INFO     | ----------------------------------------
2026-01-18 19:31:59 | INFO     | UNIVERSO: RACHA
2026-01-18 19:31:59 | DEBUG    | Pesos de confianza: {'consenso_meritocratico_v2': 2.900871992530031, 'forense_biometrico_v1': 2.8148097376737438, 'oraculo_neural_v3': 2.853015971352396, 'oraculo_neural_v4': 2.7806808921371178}
2026-01-18 19:31:59 | INFO     | Objetivo Crononauta: #10304 | Fecha: 18/01/2026 22:00
2026-01-18 19:31:59 | INFO     |   forense_biometrico: [1, 2, 8, 9, 10, 11, 13, 16, 18, 19] [Score ADN: 4.9]
2026-01-18 19:32:43 | INFO     |   oraculo_neural_v3 (Pool: 81): [3, 5, 6, 10, 12, 13, 15, 16, 17, 18] [OK] [Confianza: 2.23x]
2026-01-18 19:33:25 | INFO     |   oraculo_neural_v4 (Pool: 100): [1, 2, 3, 6, 7, 8, 9, 11, 13, 15] [OK] [Confianza: 1.85x]
2026-01-18 19:33:25 | INFO     | Consenso Determinista validado (Score ADN: 12.7)
2026-01-18 19:33:25 | INFO     | TICKET FINAL: [1, 3, 6, 10, 12, 13, 15, 16, 17, 18] | 🔥 ALTA CONFIANZA (68.05%)
2026-01-18 19:33:25 | INFO     | Forzando sincronización del laboratorio...
2026-01-18 19:33:25 | INFO     | Dashboard sincronizado correctamente.
2026-01-18 19:33:25 | INFO     | ============================================================
2026-01-18 19:33:25 | INFO     | PROCESO DEL SOÑADOR TERMINADO
2026-01-18 19:33:25 | INFO     | Total predicciones generadas: 20
2026-01-18 19:33:25 | INFO     | Log guardado en: /home/runner/work/lotus-2026/lotus-2026/engine/models/../../logs/bot_dreamer_20260118_192913.log
2026-01-18 19:33:25 | INFO     | ============================================================
