2026-01-18 16:47:07 | INFO     | === LOG INICIADO: /home/runner/work/lotus-2026/lotus-2026/engine/models/../../logs/bot_dreamer_20260118_164707.log ===
2026-01-18 16:47:08 | DEBUG    | OraculoNeural importado correctamente
2026-01-18 16:47:08 | DEBUG    | LotoForense importado correctamente
2026-01-18 16:47:08 | DEBUG    | MetaLearner importado correctamente
2026-01-18 16:47:08 | DEBUG    | Loto3Ultra importado correctamente
2026-01-18 16:47:08 | INFO     | ============================================================
2026-01-18 16:47:08 | INFO     | INICIANDO BOT SOÑADOR: LÓBULOS ESPECIALIZADOS v12.4
2026-01-18 16:47:08 | INFO     | ============================================================
2026-01-18 16:47:08 | DEBUG    | MetaLearner activo: True
2026-01-18 16:47:08 | INFO     | Hora Chile: 2026-01-18 13:47:08 | Día: 6 | Hora: 13
2026-01-18 16:47:08 | INFO     | Cortex cargado: Rankings y Morfología segmentados por juego.
2026-01-18 16:47:08 | DEBUG    | Juegos en genoma: ['LOTO', 'LOTO3', 'LOTO4', 'RACHA']
2026-01-18 16:47:08 | INFO     | ----------------------------------------
2026-01-18 16:47:08 | INFO     | UNIVERSO: LOTO
2026-01-18 16:47:08 | DEBUG    | Pesos de confianza: {'consenso_meritocratico_v2': 0.6931471805599453, 'consenso_v1': 0.7929925155296614, 'delta_tactico_v1': 0.6931471805599453, 'forense_biometrico_v1': 0.6931471805599453, 'gaussiano_tactico_v1': 0.6931471805599453, 'markov_chain_v1': 0.6931471805599453, 'oraculo_neural_v3': 0.6931471805599453, 'oraculo_neural_v4': 0.6931471805599453}
2026-01-18 16:47:08 | INFO     | Objetivo Crononauta: #5375 | Fecha: 18/01/2026 21:00
2026-01-18 16:47:09 | INFO     |   forense_biometrico: [6, 12, 13, 16, 23, 41] [Score ADN: 5.95]
2026-01-18 16:47:09 | INFO     |   gaussiano_inteligente: [7, 8, 17, 28, 31, 40] [Score ADN: 5.95]
2026-01-18 16:47:09 | INFO     |   delta_dna: [11, 12, 17, 23, 28, 36] [Score ADN: 5.95]
2026-01-18 16:47:09 | INFO     |   markov_chain: [12, 14, 18, 22, 28, 32] [Score ADN: 33.05]
2026-01-18 16:48:01 | INFO     |   oraculo_neural_v3 (Pool: 86): [2, 10, 29, 33, 37, 38] [OK] [Confianza: 1.83x]
2026-01-18 16:48:16 | INFO     |   oraculo_neural_v4 (Pool: 100): [1, 13, 15, 29, 33, 35] [OK] [Confianza: 2.11x]
2026-01-18 16:48:16 | INFO     | Consenso Determinista validado (Score ADN: 9.05)
2026-01-18 16:48:16 | INFO     | TICKET FINAL: [2, 15, 29, 33, 35, 38] | 🔥 ALTA CONFIANZA (35.74%)
2026-01-18 16:48:16 | INFO     | ----------------------------------------
2026-01-18 16:48:16 | INFO     | UNIVERSO: LOTO3
2026-01-18 16:48:16 | INFO     | Activando LOTO3 ULTRA (Ensemble Avanzado)...
2026-01-18 16:48:16 | INFO     | LOTO3 ULTRA: 10 predicciones generadas
2026-01-18 16:48:16 | INFO     | ----------------------------------------
2026-01-18 16:48:16 | INFO     | UNIVERSO: LOTO4
2026-01-18 16:48:16 | DEBUG    | Pesos de confianza: {'oraculo_neural_v4': 1.0818051703517284}
2026-01-18 16:48:16 | INFO     | Objetivo Crononauta: #11570 | Fecha: 18/01/2026 14:00
2026-01-18 16:48:16 | INFO     |   forense_biometrico: [1, 7, 8, 17] [Score ADN: 3.25]
2026-01-18 16:48:49 | INFO     |   oraculo_neural_v3 (Pool: 86): [3, 4, 15, 23] [OK] [Confianza: 2.22x]
2026-01-18 16:49:00 | INFO     |   oraculo_neural_v4 (Pool: 100): [1, 6, 14, 15] [OK] [Confianza: 2.38x]
2026-01-18 16:49:00 | INFO     | Consenso Determinista validado (Score ADN: 12.85)
2026-01-18 16:49:00 | INFO     | TICKET FINAL: [1, 6, 14, 15] | 🔥 ALTA CONFIANZA (55.07%)
2026-01-18 16:49:00 | INFO     | ----------------------------------------
2026-01-18 16:49:00 | INFO     | UNIVERSO: RACHA
2026-01-18 16:49:00 | DEBUG    | Pesos de confianza: {'consenso_meritocratico_v2': 2.900871992530031, 'forense_biometrico_v1': 2.8148097376737438, 'oraculo_neural_v3': 2.853015971352396, 'oraculo_neural_v4': 2.7806808921371178}
2026-01-18 16:49:00 | INFO     | Objetivo Crononauta: #10303 | Fecha: 18/01/2026 15:00
2026-01-18 16:49:00 | INFO     |   forense_biometrico: [2, 3, 5, 6, 8, 9, 12, 17, 18, 19] [Score ADN: 5.9]
2026-01-18 16:49:28 | INFO     |   oraculo_neural_v3 (Pool: 75): [3, 4, 5, 6, 8, 9, 12, 16, 17, 19] [OK] [Confianza: 2.21x]
2026-01-18 16:49:55 | INFO     |   oraculo_neural_v4 (Pool: 100): [1, 2, 3, 6, 7, 8, 9, 11, 13, 15] [OK] [Confianza: 1.89x]
2026-01-18 16:49:55 | INFO     | Consenso Determinista validado (Score ADN: 12.3)
2026-01-18 16:49:55 | INFO     | TICKET FINAL: [3, 4, 5, 6, 7, 8, 9, 12, 17, 19] | 🔥 ALTA CONFIANZA (68.81%)
2026-01-18 16:49:55 | INFO     | Forzando sincronización del laboratorio...
2026-01-18 16:49:55 | INFO     | Dashboard sincronizado correctamente.
2026-01-18 16:49:55 | INFO     | ============================================================
2026-01-18 16:49:55 | INFO     | PROCESO DEL SOÑADOR TERMINADO
2026-01-18 16:49:55 | INFO     | Total predicciones generadas: 20
2026-01-18 16:49:55 | INFO     | Log guardado en: /home/runner/work/lotus-2026/lotus-2026/engine/models/../../logs/bot_dreamer_20260118_164707.log
2026-01-18 16:49:55 | INFO     | ============================================================
