2026-01-19 07:40:04 | INFO     | === LOG INICIADO: /home/runner/work/lotus-2026/lotus-2026/engine/models/../../logs/bot_dreamer_20260119_074004.log ===
2026-01-19 07:40:05 | DEBUG    | OraculoNeural importado correctamente
2026-01-19 07:40:05 | DEBUG    | LotoForense importado correctamente
2026-01-19 07:40:05 | DEBUG    | MetaLearner importado correctamente
2026-01-19 07:40:05 | DEBUG    | Loto3Ultra importado correctamente
2026-01-19 07:40:05 | INFO     | ============================================================
2026-01-19 07:40:05 | INFO     | INICIANDO BOT SOÑADOR: LÓBULOS ESPECIALIZADOS v12.4
2026-01-19 07:40:05 | INFO     | ============================================================
2026-01-19 07:40:05 | DEBUG    | MetaLearner activo: True
2026-01-19 07:40:05 | INFO     | Hora Chile: 2026-01-19 04:40:05 | Día: 0 | Hora: 4
2026-01-19 07:40:05 | INFO     | Cortex cargado: Rankings y Morfología segmentados por juego.
2026-01-19 07:40:05 | DEBUG    | Juegos en genoma: ['LOTO', 'LOTO3', 'LOTO4', 'RACHA']
2026-01-19 07:40:05 | INFO     | ----------------------------------------
2026-01-19 07:40:05 | INFO     | UNIVERSO: LOTO
2026-01-19 07:40:05 | DEBUG    | Pesos de confianza: {'consenso_meritocratico_v2': 0.6931471805599453, 'consenso_v1': 0.7929925155296614, 'delta_tactico_v1': 0.6931471805599453, 'forense_biometrico_v1': 0.6931471805599453, 'gaussiano_tactico_v1': 0.6931471805599453, 'markov_chain_v1': 0.6931471805599453, 'oraculo_neural_v3': 0.6931471805599453, 'oraculo_neural_v4': 0.6931471805599453}
2026-01-19 07:40:05 | INFO     | Objetivo Crononauta: #5376 | Fecha: 20/01/2026 21:00
2026-01-19 07:40:05 | INFO     |   forense_biometrico: [4, 5, 8, 23, 28, 37] [Score ADN: 5.95]
2026-01-19 07:40:05 | INFO     |   gaussiano_inteligente: [5, 17, 18, 29, 36, 40] [Score ADN: 5.95]
2026-01-19 07:40:05 | INFO     |   delta_dna: [10, 13, 17, 18, 21, 26] [Score ADN: 6.35]
2026-01-19 07:40:05 | INFO     |   markov_chain: [1, 16, 21, 24, 30, 34] [Score ADN: 23.05]
2026-01-19 07:41:37 | INFO     |   oraculo_neural_v3 (Pool: 87): [3, 16, 20, 31, 40, 41] [OK] [Confianza: 1.83x]
2026-01-19 07:41:53 | INFO     |   oraculo_neural_v4 (Pool: 100): [4, 18, 20, 27, 29, 35] [OK] [Confianza: 2.22x]
2026-01-19 07:41:53 | INFO     | Consenso Determinista validado (Score ADN: 16.35)
2026-01-19 07:41:53 | INFO     | TICKET FINAL: [16, 18, 20, 35, 40, 41] | 🔥 ALTA CONFIANZA (34.83%)
2026-01-19 07:41:53 | INFO     | ----------------------------------------
2026-01-19 07:41:53 | INFO     | UNIVERSO: LOTO3
2026-01-19 07:41:53 | INFO     | Activando LOTO3 ULTRA (Ensemble Avanzado)...
2026-01-19 07:41:54 | INFO     | LOTO3 ULTRA: 10 predicciones generadas
2026-01-19 07:41:54 | INFO     | ----------------------------------------
2026-01-19 07:41:54 | INFO     | UNIVERSO: LOTO4
2026-01-19 07:41:54 | DEBUG    | Pesos de confianza: {'consenso_meritocratico_v2': 0.6931471805599453, 'forense_biometrico_v1': 0.6931471805599453, 'oraculo_neural_v3': 0.8919980393051105, 'oraculo_neural_v4': 0.7929925155296614}
2026-01-19 07:41:54 | INFO     | Objetivo Crononauta: #11572 | Fecha: 19/01/2026 14:00
2026-01-19 07:41:54 | INFO     |   forense_biometrico: [6, 13, 16, 17] [Score ADN: 4.55]
2026-01-19 07:42:51 | INFO     |   oraculo_neural_v3 (Pool: 84): [13, 14, 21, 23] [OK] [Confianza: 2.22x]
2026-01-19 07:43:01 | INFO     |   oraculo_neural_v4 (Pool: 100): [5, 9, 10, 19] [OK] [Confianza: 2.22x]
2026-01-19 07:43:01 | INFO     | Consenso Determinista validado (Score ADN: 3.25)
2026-01-19 07:43:01 | INFO     | TICKET FINAL: [13, 14, 21, 23] | 🔥 ALTA CONFIANZA (45.18%)
2026-01-19 07:43:01 | INFO     | ----------------------------------------
2026-01-19 07:43:01 | INFO     | UNIVERSO: RACHA
2026-01-19 07:43:01 | DEBUG    | Pesos de confianza: {'consenso_meritocratico_v2': 2.900871992530031, 'forense_biometrico_v1': 2.8148097376737438, 'oraculo_neural_v3': 2.853015971352396, 'oraculo_neural_v4': 2.7806808921371178}
2026-01-19 07:43:01 | INFO     | Objetivo Crononauta: #10305 | Fecha: 19/01/2026 15:00
2026-01-19 07:43:01 | INFO     |   forense_biometrico: [1, 2, 4, 11, 12, 13, 15, 16, 18, 19] [Score ADN: 4.9]
2026-01-19 07:43:48 | INFO     |   oraculo_neural_v3 (Pool: 80): [3, 4, 5, 6, 11, 12, 14, 16, 17, 19] [OK] [Confianza: 2.21x]
2026-01-19 07:44:33 | INFO     |   oraculo_neural_v4 (Pool: 100): [1, 2, 3, 4, 8, 9, 14, 16, 17, 19] [OK] [Confianza: 2.15x]
2026-01-19 07:44:33 | INFO     | Consenso Determinista validado (Score ADN: 20.1)
2026-01-19 07:44:33 | INFO     | TICKET FINAL: [1, 3, 4, 5, 9, 11, 14, 16, 17, 19] | 🔥 ALTA CONFIANZA (74.22%)
2026-01-19 07:44:33 | INFO     | Forzando sincronización del laboratorio...
2026-01-19 07:44:33 | INFO     | Dashboard sincronizado correctamente.
2026-01-19 07:44:33 | INFO     | ============================================================
2026-01-19 07:44:33 | INFO     | PROCESO DEL SOÑADOR TERMINADO
2026-01-19 07:44:33 | INFO     | Total predicciones generadas: 20
2026-01-19 07:44:33 | INFO     | Log guardado en: /home/runner/work/lotus-2026/lotus-2026/engine/models/../../logs/bot_dreamer_20260119_074004.log
2026-01-19 07:44:33 | INFO     | ============================================================
