2026-01-19 23:17:59 | INFO     | === LOG INICIADO: /home/runner/work/lotus-2026/lotus-2026/engine/models/../../logs/bot_dreamer_20260119_231759.log ===
2026-01-19 23:18:00 | DEBUG    | OraculoNeural importado correctamente
2026-01-19 23:18:00 | DEBUG    | LotoForense importado correctamente
2026-01-19 23:18:00 | DEBUG    | MetaLearner importado correctamente
2026-01-19 23:18:00 | DEBUG    | Loto3Ultra importado correctamente
2026-01-19 23:18:00 | INFO     | ============================================================
2026-01-19 23:18:00 | INFO     | INICIANDO BOT SOÑADOR: LÓBULOS ESPECIALIZADOS v12.4
2026-01-19 23:18:00 | INFO     | ============================================================
2026-01-19 23:18:00 | DEBUG    | MetaLearner activo: True
2026-01-19 23:18:00 | INFO     | Hora Chile: 2026-01-19 20:18:00 | Día: 0 | Hora: 20
2026-01-19 23:18:00 | INFO     | Cortex cargado: Rankings y Morfología segmentados por juego.
2026-01-19 23:18:00 | DEBUG    | Juegos en genoma: ['LOTO', 'LOTO3', 'LOTO4', 'RACHA']
2026-01-19 23:18:00 | INFO     | ----------------------------------------
2026-01-19 23:18:00 | INFO     | UNIVERSO: LOTO
2026-01-19 23:18:00 | DEBUG    | Pesos de confianza: {'consenso_meritocratico_v2': 0.6931471805599453, 'consenso_v1': 0.7929925155296614, 'delta_tactico_v1': 0.6931471805599453, 'forense_biometrico_v1': 0.6931471805599453, 'gaussiano_tactico_v1': 0.6931471805599453, 'markov_chain_v1': 0.6931471805599453, 'oraculo_neural_v3': 0.7323678937132266, 'oraculo_neural_v4': 0.6931471805599453}
2026-01-19 23:18:00 | INFO     | Objetivo Crononauta: #5376 | Fecha: 20/01/2026 21:00
2026-01-19 23:18:00 | INFO     |   forense_biometrico: [5, 6, 10, 13, 28, 41] [Score ADN: 5.95]
2026-01-19 23:18:00 | INFO     |   gaussiano_inteligente: [2, 7, 23, 30, 39, 40] [Score ADN: 5.95]
2026-01-19 23:18:00 | INFO     |   delta_dna: [14, 17, 23, 32, 40, 41] [Score ADN: 5.95]
2026-01-19 23:18:00 | INFO     |   markov_chain: [1, 16, 21, 24, 30, 34] [Score ADN: 23.05]
2026-01-19 23:19:26 | INFO     |   oraculo_neural_v3 (Pool: 84): [15, 19, 28, 31, 32, 40] [OK] [Confianza: 1.83x]
2026-01-19 23:19:41 | INFO     |   oraculo_neural_v4 (Pool: 100): [4, 18, 20, 27, 29, 35] [OK] [Confianza: 2.22x]
2026-01-19 23:19:41 | INFO     | Consenso Determinista validado (Score ADN: 21.35)
2026-01-19 23:19:41 | INFO     | TICKET FINAL: [18, 27, 28, 29, 30, 35] | 🔥 ALTA CONFIANZA (30.42%)
2026-01-19 23:19:41 | INFO     | ----------------------------------------
2026-01-19 23:19:41 | INFO     | UNIVERSO: LOTO3
2026-01-19 23:19:41 | INFO     | Activando LOTO3 ULTRA (Ensemble Avanzado)...
2026-01-19 23:19:42 | INFO     | LOTO3 ULTRA: 10 predicciones generadas
2026-01-19 23:19:42 | INFO     | ----------------------------------------
2026-01-19 23:19:42 | INFO     | UNIVERSO: LOTO4
2026-01-19 23:19:42 | DEBUG    | Pesos de confianza: {'oraculo_neural_v3': 1.0818051703517284}
2026-01-19 23:19:42 | INFO     | Objetivo Crononauta: #11573 | Fecha: 19/01/2026 21:00
2026-01-19 23:19:42 | INFO     |   forense_biometrico: [7, 8, 11, 21] [Score ADN: 3.25]
2026-01-19 23:20:35 | INFO     |   oraculo_neural_v3 (Pool: 88): [9, 13, 19, 20] [OK] [Confianza: 2.22x]
2026-01-19 23:20:44 | INFO     |   oraculo_neural_v4 (Pool: 100): [4, 6, 9, 23] [OK] [Confianza: 2.23x]
2026-01-19 23:20:44 | INFO     | Consenso Determinista validado (Score ADN: 7.15)
2026-01-19 23:20:44 | INFO     | TICKET FINAL: [4, 9, 13, 23] | 🔥 ALTA CONFIANZA (55.8%)
2026-01-19 23:20:44 | INFO     | ----------------------------------------
2026-01-19 23:20:44 | INFO     | UNIVERSO: RACHA
2026-01-19 23:20:44 | DEBUG    | Pesos de confianza: {'consenso_meritocratico_v2': 2.900871992530031, 'forense_biometrico_v1': 2.8148097376737438, 'oraculo_neural_v3': 2.853015971352396, 'oraculo_neural_v4': 2.7806808921371178}
2026-01-19 23:20:44 | INFO     | Objetivo Crononauta: #10306 | Fecha: 19/01/2026 22:00
2026-01-19 23:20:44 | INFO     |   forense_biometrico: [1, 2, 3, 8, 12, 13, 14, 16, 17, 19] [Score ADN: 5.9]
2026-01-19 23:21:28 | INFO     |   oraculo_neural_v3 (Pool: 85): [1, 3, 4, 5, 6, 10, 13, 18, 19, 20] [OK] [Confianza: 2.22x]
2026-01-19 23:21:52 | INFO     |   oraculo_neural_v4 (Pool: 100): [2, 5, 7, 10, 11, 13, 14, 17, 18, 20] [OK] [Confianza: 2.27x]
2026-01-19 23:21:52 | INFO     | Consenso Determinista validado (Score ADN: 15.1)
2026-01-19 23:21:52 | INFO     | TICKET FINAL: [3, 5, 6, 7, 10, 11, 13, 17, 18, 20] | 🔥 ALTA CONFIANZA (71.44%)
2026-01-19 23:21:52 | INFO     | Forzando sincronización del laboratorio...
2026-01-19 23:21:52 | INFO     | Dashboard sincronizado correctamente.
2026-01-19 23:21:52 | INFO     | ============================================================
2026-01-19 23:21:52 | INFO     | PROCESO DEL SOÑADOR TERMINADO
2026-01-19 23:21:52 | INFO     | Total predicciones generadas: 20
2026-01-19 23:21:52 | INFO     | Log guardado en: /home/runner/work/lotus-2026/lotus-2026/engine/models/../../logs/bot_dreamer_20260119_231759.log
2026-01-19 23:21:52 | INFO     | ============================================================
