2026-01-19 22:17:31 | INFO     | === LOG INICIADO: /home/runner/work/lotus-2026/lotus-2026/engine/models/../../logs/bot_dreamer_20260119_221731.log ===
2026-01-19 22:17:33 | DEBUG    | OraculoNeural importado correctamente
2026-01-19 22:17:33 | DEBUG    | LotoForense importado correctamente
2026-01-19 22:17:33 | DEBUG    | MetaLearner importado correctamente
2026-01-19 22:17:33 | DEBUG    | Loto3Ultra importado correctamente
2026-01-19 22:17:33 | INFO     | ============================================================
2026-01-19 22:17:33 | INFO     | INICIANDO BOT SOÑADOR: LÓBULOS ESPECIALIZADOS v12.4
2026-01-19 22:17:33 | INFO     | ============================================================
2026-01-19 22:17:33 | DEBUG    | MetaLearner activo: True
2026-01-19 22:17:33 | INFO     | Hora Chile: 2026-01-19 19:17:33 | Día: 0 | Hora: 19
2026-01-19 22:17:33 | INFO     | Cortex cargado: Rankings y Morfología segmentados por juego.
2026-01-19 22:17:33 | DEBUG    | Juegos en genoma: ['LOTO', 'LOTO3', 'LOTO4', 'RACHA']
2026-01-19 22:17:33 | INFO     | ----------------------------------------
2026-01-19 22:17:33 | INFO     | UNIVERSO: LOTO
2026-01-19 22:17:33 | DEBUG    | Pesos de confianza: {'consenso_meritocratico_v2': 0.6931471805599453, 'consenso_v1': 0.7929925155296614, 'delta_tactico_v1': 0.6931471805599453, 'forense_biometrico_v1': 0.6931471805599453, 'gaussiano_tactico_v1': 0.6931471805599453, 'markov_chain_v1': 0.6931471805599453, 'oraculo_neural_v3': 0.7323678937132266, 'oraculo_neural_v4': 0.6931471805599453}
2026-01-19 22:17:33 | INFO     | Objetivo Crononauta: #5376 | Fecha: 20/01/2026 21:00
2026-01-19 22:17:33 | INFO     |   forense_biometrico: [4, 7, 17, 28, 30, 31] [Score ADN: 5.95]
2026-01-19 22:17:33 | INFO     |   gaussiano_inteligente: [6, 20, 22, 23, 29, 39] [Score ADN: 6.35]
2026-01-19 22:17:33 | INFO     |   delta_dna: [2, 4, 17, 19, 33, 34] [Score ADN: 5.95]
2026-01-19 22:17:33 | INFO     |   markov_chain: [1, 16, 21, 24, 30, 34] [Score ADN: 23.05]
2026-01-19 22:18:47 | INFO     |   oraculo_neural_v3 (Pool: 85): [2, 10, 21, 31, 37, 38] [OK] [Confianza: 1.83x]
2026-01-19 22:19:03 | INFO     |   oraculo_neural_v4 (Pool: 100): [4, 18, 20, 27, 29, 35] [OK] [Confianza: 2.22x]
2026-01-19 22:19:03 | INFO     | Consenso Determinista validado (Score ADN: 18.05)
2026-01-19 22:19:03 | INFO     | TICKET FINAL: [4, 18, 21, 27, 30, 35] | 🔥 ALTA CONFIANZA (33.44%)
2026-01-19 22:19:03 | INFO     | ----------------------------------------
2026-01-19 22:19:03 | INFO     | UNIVERSO: LOTO3
2026-01-19 22:19:03 | INFO     | Activando LOTO3 ULTRA (Ensemble Avanzado)...
2026-01-19 22:19:04 | INFO     | LOTO3 ULTRA: 10 predicciones generadas
2026-01-19 22:19:04 | INFO     | ----------------------------------------
2026-01-19 22:19:04 | INFO     | UNIVERSO: LOTO4
2026-01-19 22:19:04 | DEBUG    | Pesos de confianza: {'consenso_meritocratico_v2': 0.6931471805599453, 'forense_biometrico_v1': 0.6931471805599453, 'oraculo_neural_v3': 0.8919980393051105, 'oraculo_neural_v4': 0.7929925155296614}
2026-01-19 22:19:04 | INFO     | Objetivo Crononauta: #11573 | Fecha: 19/01/2026 21:00
2026-01-19 22:19:04 | INFO     |   forense_biometrico: [10, 11, 21, 23] [Score ADN: 3.25]
2026-01-19 22:19:47 | INFO     |   oraculo_neural_v3 (Pool: 89): [3, 4, 21, 23] [OK] [Confianza: 2.22x]
2026-01-19 22:19:55 | INFO     |   oraculo_neural_v4 (Pool: 100): [4, 6, 9, 23] [OK] [Confianza: 2.23x]
2026-01-19 22:19:55 | INFO     | Consenso Determinista validado (Score ADN: 3.25)
2026-01-19 22:19:55 | INFO     | TICKET FINAL: [3, 4, 21, 23] | 🔥 ALTA CONFIANZA (66.94%)
2026-01-19 22:19:55 | INFO     | ----------------------------------------
2026-01-19 22:19:55 | INFO     | UNIVERSO: RACHA
2026-01-19 22:19:55 | DEBUG    | Pesos de confianza: {'consenso_meritocratico_v2': 2.900871992530031, 'forense_biometrico_v1': 2.8148097376737438, 'oraculo_neural_v3': 2.853015971352396, 'oraculo_neural_v4': 2.7806808921371178}
2026-01-19 22:19:55 | INFO     | Objetivo Crononauta: #10306 | Fecha: 19/01/2026 22:00
2026-01-19 22:19:55 | INFO     |   forense_biometrico: [3, 6, 7, 8, 10, 11, 15, 16, 18, 19] [Score ADN: 4.9]
2026-01-19 22:20:34 | INFO     |   oraculo_neural_v3 (Pool: 82): [1, 2, 4, 11, 12, 13, 15, 18, 19, 20] [OK] [Confianza: 2.23x]
2026-01-19 22:20:54 | INFO     |   oraculo_neural_v4 (Pool: 100): [2, 5, 7, 10, 11, 13, 14, 17, 18, 20] [OK] [Confianza: 2.26x]
2026-01-19 22:20:54 | INFO     | Consenso Determinista validado (Score ADN: 14.7)
2026-01-19 22:20:54 | INFO     | TICKET FINAL: [2, 4, 5, 11, 12, 13, 15, 17, 18, 20] | 🔥 ALTA CONFIANZA (70.99%)
2026-01-19 22:20:54 | INFO     | Forzando sincronización del laboratorio...
2026-01-19 22:20:54 | INFO     | Dashboard sincronizado correctamente.
2026-01-19 22:20:54 | INFO     | ============================================================
2026-01-19 22:20:54 | INFO     | PROCESO DEL SOÑADOR TERMINADO
2026-01-19 22:20:54 | INFO     | Total predicciones generadas: 20
2026-01-19 22:20:54 | INFO     | Log guardado en: /home/runner/work/lotus-2026/lotus-2026/engine/models/../../logs/bot_dreamer_20260119_221731.log
2026-01-19 22:20:54 | INFO     | ============================================================
