2026-01-21 10:26:42 | INFO     | === LOG INICIADO: /home/runner/work/lotus-2026/lotus-2026/engine/models/../../logs/bot_dreamer_20260121_102642.log ===
2026-01-21 10:26:43 | DEBUG    | OraculoNeural importado correctamente
2026-01-21 10:26:43 | DEBUG    | LotoForense importado correctamente
2026-01-21 10:26:43 | DEBUG    | MetaLearner importado correctamente
2026-01-21 10:26:43 | DEBUG    | Loto3Ultra importado correctamente
2026-01-21 10:26:43 | INFO     | ============================================================
2026-01-21 10:26:43 | INFO     | INICIANDO BOT SOÑADOR: LÓBULOS ESPECIALIZADOS v12.4
2026-01-21 10:26:43 | INFO     | ============================================================
2026-01-21 10:26:43 | DEBUG    | MetaLearner activo: True
2026-01-21 10:26:43 | INFO     | Hora Chile: 2026-01-21 07:26:43 | Día: 2 | Hora: 7
2026-01-21 10:26:43 | INFO     | Cortex cargado: Rankings y Morfología segmentados por juego.
2026-01-21 10:26:43 | DEBUG    | Juegos en genoma: ['LOTO', 'LOTO3', 'LOTO4', 'RACHA']
2026-01-21 10:26:43 | INFO     | ----------------------------------------
2026-01-21 10:26:43 | INFO     | UNIVERSO: LOTO
2026-01-21 10:26:43 | DEBUG    | Pesos de confianza: {'consenso_meritocratico_v2': 0.6931471805599453, 'consenso_v1': 0.7929925155296614, 'delta_tactico_v1': 0.6931471805599453, 'forense_biometrico_v1': 0.6931471805599453, 'gaussiano_tactico_v1': 0.6931471805599453, 'markov_chain_v1': 0.6931471805599453, 'oraculo_neural_v3': 1.0612565021243408, 'oraculo_neural_v4': 0.6931471805599453}
2026-01-21 10:26:43 | INFO     | Objetivo Crononauta: #5377 | Fecha: 22/01/2026 21:00
2026-01-21 10:26:44 | INFO     |   forense_biometrico: [3, 12, 14, 17, 18, 41] [Score ADN: 5.95]
2026-01-21 10:26:44 | INFO     |   gaussiano_inteligente: [12, 16, 17, 31, 34, 41] [Score ADN: 5.95]
2026-01-21 10:26:44 | INFO     |   delta_dna: [2, 8, 19, 23, 24, 39] [Score ADN: 5.95]
2026-01-21 10:26:44 | INFO     |   markov_chain: [11, 12, 20, 28, 34, 41] [Score ADN: 11.35]
2026-01-21 10:27:37 | INFO     |   oraculo_neural_v3 (Pool: 87): [11, 14, 20, 23, 37, 38] [OK] [Confianza: 1.83x]
2026-01-21 10:27:46 | INFO     |   oraculo_neural_v4 (Pool: 100): [2, 5, 15, 29, 30, 41] [OK] [Confianza: 1.84x]
2026-01-21 10:27:46 | INFO     | Consenso Determinista validado (Score ADN: 7.65)
2026-01-21 10:27:46 | INFO     | TICKET FINAL: [11, 20, 23, 30, 38, 41] | 🔥 ALTA CONFIANZA (38.58%)
2026-01-21 10:27:46 | INFO     | ----------------------------------------
2026-01-21 10:27:46 | INFO     | UNIVERSO: LOTO3
2026-01-21 10:27:46 | INFO     | Activando LOTO3 ULTRA (Ensemble Avanzado)...
2026-01-21 10:27:47 | INFO     | LOTO3 ULTRA: 10 predicciones generadas
2026-01-21 10:27:47 | INFO     | ----------------------------------------
2026-01-21 10:27:47 | INFO     | UNIVERSO: LOTO4
2026-01-21 10:27:47 | DEBUG    | Pesos de confianza: {'consenso_meritocratico_v2': 0.6931471805599453, 'forense_biometrico_v1': 0.6931471805599453, 'oraculo_neural_v3': 0.8919980393051105, 'oraculo_neural_v4': 0.7929925155296614}
2026-01-21 10:27:47 | INFO     | Objetivo Crononauta: #11576 | Fecha: 21/01/2026 14:00
2026-01-21 10:27:47 | INFO     |   forense_biometrico: [7, 11, 12, 20] [Score ADN: 4.55]
2026-01-21 10:28:47 | INFO     |   oraculo_neural_v3 (Pool: 83): [1, 5, 13, 14] [OK] [Confianza: 2.22x]
2026-01-21 10:28:53 | INFO     |   oraculo_neural_v4 (Pool: 100): [5, 9, 15, 20] [OK] [Confianza: 2.23x]
2026-01-21 10:28:53 | INFO     | Consenso Determinista validado (Score ADN: 3.25)
2026-01-21 10:28:53 | INFO     | TICKET FINAL: [1, 5, 13, 14] | 🔥 ALTA CONFIANZA (56.55%)
2026-01-21 10:28:53 | INFO     | ----------------------------------------
2026-01-21 10:28:53 | INFO     | UNIVERSO: RACHA
2026-01-21 10:28:53 | DEBUG    | Pesos de confianza: {'consenso_meritocratico_v2': 2.900871992530031, 'forense_biometrico_v1': 2.8148097376737438, 'oraculo_neural_v3': 2.853015971352396, 'oraculo_neural_v4': 2.7806808921371178}
2026-01-21 10:28:53 | INFO     | Objetivo Crononauta: #10309 | Fecha: 21/01/2026 15:00
2026-01-21 10:28:53 | INFO     |   forense_biometrico: [4, 5, 6, 9, 11, 12, 13, 16, 19, 20] [Score ADN: 4.9]
2026-01-21 10:29:21 | INFO     |   oraculo_neural_v3 (Pool: 76): [3, 5, 6, 7, 9, 10, 11, 12, 16, 18] [OK] [Confianza: 2.21x]
2026-01-21 10:29:47 | INFO     |   oraculo_neural_v4 (Pool: 100): [1, 2, 3, 4, 8, 11, 12, 16, 19, 20] [OK] [Confianza: 2.13x]
2026-01-21 10:29:47 | INFO     | Consenso Determinista validado (Score ADN: 17.7)
2026-01-21 10:29:47 | INFO     | TICKET FINAL: [1, 3, 7, 9, 10, 11, 12, 16, 18, 20] | 🔥 ALTA CONFIANZA (69.75%)
2026-01-21 10:29:47 | INFO     | Forzando sincronización del laboratorio...
2026-01-21 10:29:47 | INFO     | Dashboard sincronizado correctamente.
2026-01-21 10:29:47 | INFO     | ============================================================
2026-01-21 10:29:47 | INFO     | PROCESO DEL SOÑADOR TERMINADO
2026-01-21 10:29:47 | INFO     | Total predicciones generadas: 20
2026-01-21 10:29:47 | INFO     | Log guardado en: /home/runner/work/lotus-2026/lotus-2026/engine/models/../../logs/bot_dreamer_20260121_102642.log
2026-01-21 10:29:47 | INFO     | ============================================================
