2026-01-19 16:15:10 | INFO     | === LOG INICIADO: /home/runner/work/lotus-2026/lotus-2026/engine/models/../../logs/bot_dreamer_20260119_161510.log ===
2026-01-19 16:15:11 | DEBUG    | OraculoNeural importado correctamente
2026-01-19 16:15:11 | DEBUG    | LotoForense importado correctamente
2026-01-19 16:15:11 | DEBUG    | MetaLearner importado correctamente
2026-01-19 16:15:11 | DEBUG    | Loto3Ultra importado correctamente
2026-01-19 16:15:11 | INFO     | ============================================================
2026-01-19 16:15:11 | INFO     | INICIANDO BOT SOÑADOR: LÓBULOS ESPECIALIZADOS v12.4
2026-01-19 16:15:11 | INFO     | ============================================================
2026-01-19 16:15:11 | DEBUG    | MetaLearner activo: True
2026-01-19 16:15:11 | INFO     | Hora Chile: 2026-01-19 13:15:11 | Día: 0 | Hora: 13
2026-01-19 16:15:11 | INFO     | Cortex cargado: Rankings y Morfología segmentados por juego.
2026-01-19 16:15:11 | DEBUG    | Juegos en genoma: ['LOTO', 'LOTO3', 'LOTO4', 'RACHA']
2026-01-19 16:15:11 | INFO     | ----------------------------------------
2026-01-19 16:15:11 | INFO     | UNIVERSO: LOTO
2026-01-19 16:15:11 | DEBUG    | Pesos de confianza: {'consenso_meritocratico_v2': 0.6931471805599453, 'consenso_v1': 0.7929925155296614, 'delta_tactico_v1': 0.6931471805599453, 'forense_biometrico_v1': 0.6931471805599453, 'gaussiano_tactico_v1': 0.6931471805599453, 'markov_chain_v1': 0.6931471805599453, 'oraculo_neural_v3': 0.6931471805599453, 'oraculo_neural_v4': 0.6931471805599453}
2026-01-19 16:15:11 | INFO     | Objetivo Crononauta: #5376 | Fecha: 20/01/2026 21:00
2026-01-19 16:15:11 | INFO     |   forense_biometrico: [2, 5, 24, 25, 29, 34] [Score ADN: 5.95]
2026-01-19 16:15:11 | INFO     |   gaussiano_inteligente: [11, 13, 14, 17, 28, 36] [Score ADN: 5.95]
2026-01-19 16:15:11 | INFO     |   delta_dna: [10, 19, 26, 29, 35, 36] [Score ADN: 6.35]
2026-01-19 16:15:11 | INFO     |   markov_chain: [1, 16, 21, 24, 30, 34] [Score ADN: 23.05]
2026-01-19 16:16:36 | INFO     |   oraculo_neural_v3 (Pool: 90): [6, 17, 19, 28, 36, 37] [OK] [Confianza: 1.83x]
2026-01-19 16:16:52 | INFO     |   oraculo_neural_v4 (Pool: 100): [4, 18, 20, 27, 29, 35] [OK] [Confianza: 2.22x]
2026-01-19 16:16:52 | INFO     | Consenso Determinista validado (Score ADN: 11.35)
2026-01-19 16:16:52 | INFO     | TICKET FINAL: [4, 17, 20, 27, 28, 29] | 🔥 ALTA CONFIANZA (34.5%)
2026-01-19 16:16:52 | INFO     | ----------------------------------------
2026-01-19 16:16:52 | INFO     | UNIVERSO: LOTO3
2026-01-19 16:16:52 | INFO     | Activando LOTO3 ULTRA (Ensemble Avanzado)...
2026-01-19 16:16:53 | INFO     | LOTO3 ULTRA: 10 predicciones generadas
2026-01-19 16:16:53 | INFO     | ----------------------------------------
2026-01-19 16:16:53 | INFO     | UNIVERSO: LOTO4
2026-01-19 16:16:53 | DEBUG    | Pesos de confianza: {'oraculo_neural_v4': 1.0818051703517284}
2026-01-19 16:16:53 | INFO     | Objetivo Crononauta: #11572 | Fecha: 19/01/2026 14:00
2026-01-19 16:16:53 | INFO     |   forense_biometrico: [5, 10, 17, 18] [Score ADN: 4.55]
2026-01-19 16:17:45 | INFO     |   oraculo_neural_v3 (Pool: 87): [5, 13, 20, 21] [OK] [Confianza: 2.22x]
2026-01-19 16:17:55 | INFO     |   oraculo_neural_v4 (Pool: 100): [5, 9, 10, 19] [OK] [Confianza: 2.22x]
2026-01-19 16:17:55 | INFO     | Consenso Determinista validado (Score ADN: 3.25)
2026-01-19 16:17:55 | INFO     | TICKET FINAL: [5, 9, 10, 13] | 🔥 ALTA CONFIANZA (53.06%)
2026-01-19 16:17:55 | INFO     | ----------------------------------------
2026-01-19 16:17:55 | INFO     | UNIVERSO: RACHA
2026-01-19 16:17:55 | DEBUG    | Pesos de confianza: {'consenso_meritocratico_v2': 2.900871992530031, 'forense_biometrico_v1': 2.8148097376737438, 'oraculo_neural_v3': 2.853015971352396, 'oraculo_neural_v4': 2.7806808921371178}
2026-01-19 16:17:55 | INFO     | Objetivo Crononauta: #10305 | Fecha: 19/01/2026 15:00
2026-01-19 16:17:55 | INFO     |   forense_biometrico: [1, 2, 7, 9, 10, 12, 13, 14, 16, 17] [Score ADN: 4.9]
2026-01-19 16:18:39 | INFO     |   oraculo_neural_v3 (Pool: 75): [1, 4, 7, 8, 11, 12, 13, 18, 19, 20] [OK] [Confianza: 2.21x]
2026-01-19 16:19:22 | INFO     |   oraculo_neural_v4 (Pool: 100): [1, 2, 3, 4, 8, 9, 14, 16, 17, 19] [OK] [Confianza: 2.14x]
2026-01-19 16:19:22 | INFO     | Consenso Determinista validado (Score ADN: 9.1)
2026-01-19 16:19:22 | INFO     | TICKET FINAL: [1, 3, 4, 7, 8, 9, 13, 16, 18, 19] | 🔥 ALTA CONFIANZA (66.6%)
2026-01-19 16:19:22 | INFO     | Forzando sincronización del laboratorio...
2026-01-19 16:19:22 | INFO     | Dashboard sincronizado correctamente.
2026-01-19 16:19:22 | INFO     | ============================================================
2026-01-19 16:19:22 | INFO     | PROCESO DEL SOÑADOR TERMINADO
2026-01-19 16:19:22 | INFO     | Total predicciones generadas: 20
2026-01-19 16:19:22 | INFO     | Log guardado en: /home/runner/work/lotus-2026/lotus-2026/engine/models/../../logs/bot_dreamer_20260119_161510.log
2026-01-19 16:19:22 | INFO     | ============================================================
