2026-01-20 07:02:44 | INFO     | === LOG INICIADO: /home/runner/work/lotus-2026/lotus-2026/engine/models/../../logs/bot_dreamer_20260120_070244.log ===
2026-01-20 07:02:45 | DEBUG    | OraculoNeural importado correctamente
2026-01-20 07:02:45 | DEBUG    | LotoForense importado correctamente
2026-01-20 07:02:45 | DEBUG    | MetaLearner importado correctamente
2026-01-20 07:02:45 | DEBUG    | Loto3Ultra importado correctamente
2026-01-20 07:02:45 | INFO     | ============================================================
2026-01-20 07:02:45 | INFO     | INICIANDO BOT SOÑADOR: LÓBULOS ESPECIALIZADOS v12.4
2026-01-20 07:02:45 | INFO     | ============================================================
2026-01-20 07:02:45 | DEBUG    | MetaLearner activo: True
2026-01-20 07:02:45 | INFO     | Hora Chile: 2026-01-20 04:02:45 | Día: 1 | Hora: 4
2026-01-20 07:02:45 | INFO     | Cortex cargado: Rankings y Morfología segmentados por juego.
2026-01-20 07:02:45 | DEBUG    | Juegos en genoma: ['LOTO', 'LOTO3', 'LOTO4', 'RACHA']
2026-01-20 07:02:45 | INFO     | ----------------------------------------
2026-01-20 07:02:45 | INFO     | UNIVERSO: LOTO
2026-01-20 07:02:45 | DEBUG    | Pesos de confianza: {'consenso_meritocratico_v2': 0.6931471805599453, 'consenso_v1': 0.7929925155296614, 'delta_tactico_v1': 0.6931471805599453, 'forense_biometrico_v1': 0.6931471805599453, 'gaussiano_tactico_v1': 0.6931471805599453, 'markov_chain_v1': 0.6931471805599453, 'oraculo_neural_v3': 0.8064758658669485, 'oraculo_neural_v4': 0.6931471805599453}
2026-01-20 07:02:45 | INFO     | Objetivo Crononauta: #5376 | Fecha: 20/01/2026 21:00
2026-01-20 07:02:45 | INFO     |   forense_biometrico: [2, 8, 17, 18, 27, 37] [Score ADN: 5.95]
2026-01-20 07:02:45 | INFO     |   gaussiano_inteligente: [10, 13, 16, 18, 19, 31] [Score ADN: 5.95]
2026-01-20 07:02:45 | INFO     |   delta_dna: [5, 13, 22, 26, 37, 38] [Score ADN: 5.95]
2026-01-20 07:02:45 | INFO     |   markov_chain: [7, 18, 21, 29, 31, 37] [Score ADN: 18.65]
2026-01-20 07:03:38 | INFO     |   oraculo_neural_v3 (Pool: 92): [2, 5, 6, 8, 39, 41] [OK] [Confianza: 1.83x]
2026-01-20 07:03:40 | WARNING  | v4 SILENCIADO. Motivos: {}
2026-01-20 07:03:40 | INFO     | Consenso Determinista validado (Score ADN: 6.95)
2026-01-20 07:03:40 | INFO     | TICKET FINAL: [5, 6, 8, 37, 39, 41] | 🔥 ALTA CONFIANZA (33.75%)
2026-01-20 07:03:40 | INFO     | ----------------------------------------
2026-01-20 07:03:40 | INFO     | UNIVERSO: LOTO3
2026-01-20 07:03:40 | INFO     | Activando LOTO3 ULTRA (Ensemble Avanzado)...
2026-01-20 07:03:41 | INFO     | LOTO3 ULTRA: 10 predicciones generadas
2026-01-20 07:03:41 | INFO     | ----------------------------------------
2026-01-20 07:03:41 | INFO     | UNIVERSO: LOTO4
2026-01-20 07:03:41 | DEBUG    | Pesos de confianza: {'consenso_meritocratico_v2': 0.6931471805599453, 'forense_biometrico_v1': 0.6931471805599453, 'oraculo_neural_v3': 0.8919980393051105, 'oraculo_neural_v4': 0.7929925155296614}
2026-01-20 07:03:41 | INFO     | Objetivo Crononauta: #11574 | Fecha: 20/01/2026 14:00
2026-01-20 07:03:41 | INFO     |   forense_biometrico: [11, 14, 15, 19] [Score ADN: 3.25]
2026-01-20 07:03:42 | WARNING  | v3 SILENCIADO. Motivos: {}
2026-01-20 07:03:43 | WARNING  | v4 SILENCIADO. Motivos: {}
2026-01-20 07:03:43 | INFO     | Consenso Determinista validado (Score ADN: 8.45)
2026-01-20 07:03:43 | INFO     | TICKET FINAL: [2, 9, 13, 22] | 🔥 ALTA CONFIANZA (45.0%)
2026-01-20 07:03:43 | INFO     | ----------------------------------------
2026-01-20 07:03:43 | INFO     | UNIVERSO: RACHA
2026-01-20 07:03:43 | DEBUG    | Pesos de confianza: {'consenso_meritocratico_v2': 2.900871992530031, 'forense_biometrico_v1': 2.8148097376737438, 'oraculo_neural_v3': 2.853015971352396, 'oraculo_neural_v4': 2.7806808921371178}
2026-01-20 07:03:43 | INFO     | Objetivo Crononauta: #10307 | Fecha: 20/01/2026 15:00
2026-01-20 07:03:43 | INFO     |   forense_biometrico: [1, 2, 4, 8, 9, 11, 12, 13, 19, 20] [Score ADN: 4.9]
2026-01-20 07:03:46 | WARNING  | v3 SILENCIADO. Motivos: {}
2026-01-20 07:03:48 | WARNING  | v4 SILENCIADO. Motivos: {}
2026-01-20 07:03:48 | INFO     | Consenso Determinista validado (Score ADN: 12.7)
2026-01-20 07:03:48 | INFO     | TICKET FINAL: [2, 3, 6, 8, 11, 12, 13, 15, 16, 20] | 🔥 ALTA CONFIANZA (68.0%)
2026-01-20 07:03:48 | INFO     | Forzando sincronización del laboratorio...
2026-01-20 07:03:48 | INFO     | Dashboard sincronizado correctamente.
2026-01-20 07:03:48 | INFO     | ============================================================
2026-01-20 07:03:48 | INFO     | PROCESO DEL SOÑADOR TERMINADO
2026-01-20 07:03:48 | INFO     | Total predicciones generadas: 15
2026-01-20 07:03:48 | INFO     | Log guardado en: /home/runner/work/lotus-2026/lotus-2026/engine/models/../../logs/bot_dreamer_20260120_070244.log
2026-01-20 07:03:48 | INFO     | ============================================================
