2026-01-21 15:35:21 | INFO     | === LOG INICIADO: /home/runner/work/lotus-2026/lotus-2026/engine/models/../../logs/bot_dreamer_20260121_153521.log ===
2026-01-21 15:35:22 | DEBUG    | OraculoNeural importado correctamente
2026-01-21 15:35:22 | DEBUG    | LotoForense importado correctamente
2026-01-21 15:35:22 | DEBUG    | MetaLearner importado correctamente
2026-01-21 15:35:22 | DEBUG    | Loto3Ultra importado correctamente
2026-01-21 15:35:22 | INFO     | ============================================================
2026-01-21 15:35:22 | INFO     | INICIANDO BOT SOÑADOR: LÓBULOS ESPECIALIZADOS v12.4
2026-01-21 15:35:22 | INFO     | ============================================================
2026-01-21 15:35:22 | DEBUG    | MetaLearner activo: True
2026-01-21 15:35:22 | INFO     | Hora Chile: 2026-01-21 12:35:22 | Día: 2 | Hora: 12
2026-01-21 15:35:22 | INFO     | Cortex cargado: Rankings y Morfología segmentados por juego.
2026-01-21 15:35:22 | DEBUG    | Juegos en genoma: ['LOTO', 'LOTO3', 'LOTO4', 'RACHA']
2026-01-21 15:35:22 | INFO     | ----------------------------------------
2026-01-21 15:35:22 | INFO     | UNIVERSO: LOTO
2026-01-21 15:35:22 | DEBUG    | Pesos de confianza: {'consenso_meritocratico_v2': 0.6931471805599453, 'consenso_v1': 0.7929925155296614, 'delta_tactico_v1': 0.6931471805599453, 'forense_biometrico_v1': 0.6931471805599453, 'gaussiano_tactico_v1': 0.6931471805599453, 'markov_chain_v1': 0.6931471805599453, 'oraculo_neural_v3': 1.0612565021243408, 'oraculo_neural_v4': 0.6931471805599453}
2026-01-21 15:35:22 | INFO     | Objetivo Crononauta: #5377 | Fecha: 22/01/2026 21:00
2026-01-21 15:35:22 | INFO     |   forense_biometrico: [3, 7, 14, 26, 37, 38] [Score ADN: 5.95]
2026-01-21 15:35:22 | INFO     |   gaussiano_inteligente: [6, 18, 27, 30, 31, 41] [Score ADN: 6.35]
2026-01-21 15:35:22 | INFO     |   delta_dna: [5, 6, 17, 20, 29, 38] [Score ADN: 5.95]
2026-01-21 15:35:22 | INFO     |   markov_chain: [11, 12, 20, 28, 34, 41] [Score ADN: 11.35]
2026-01-21 15:36:15 | INFO     |   oraculo_neural_v3 (Pool: 85): [5, 7, 14, 28, 29, 36] [OK] [Confianza: 1.83x]
2026-01-21 15:36:24 | INFO     |   oraculo_neural_v4 (Pool: 100): [2, 5, 15, 29, 30, 41] [OK] [Confianza: 1.84x]
2026-01-21 15:36:24 | INFO     | Consenso Determinista validado (Score ADN: 11.95)
2026-01-21 15:36:24 | INFO     | TICKET FINAL: [5, 7, 14, 28, 29, 41] | 🔥 ALTA CONFIANZA (41.38%)
2026-01-21 15:36:24 | INFO     | ----------------------------------------
2026-01-21 15:36:24 | INFO     | UNIVERSO: LOTO3
2026-01-21 15:36:24 | INFO     | Activando LOTO3 ULTRA (Ensemble Avanzado)...
2026-01-21 15:36:25 | INFO     | LOTO3 ULTRA: 10 predicciones generadas
2026-01-21 15:36:25 | INFO     | ----------------------------------------
2026-01-21 15:36:25 | INFO     | UNIVERSO: LOTO4
2026-01-21 15:36:25 | DEBUG    | Pesos de confianza: {'consenso_meritocratico_v2': 0.6931471805599453, 'forense_biometrico_v1': 0.6931471805599453, 'oraculo_neural_v3': 0.8919980393051105, 'oraculo_neural_v4': 0.7929925155296614}
2026-01-21 15:36:25 | INFO     | Objetivo Crononauta: #11576 | Fecha: 21/01/2026 14:00
2026-01-21 15:36:25 | INFO     |   forense_biometrico: [1, 7, 19, 20] [Score ADN: 3.25]
2026-01-21 15:37:27 | INFO     |   oraculo_neural_v3 (Pool: 83): [3, 9, 16, 17] [OK] [Confianza: 2.22x]
2026-01-21 15:37:33 | INFO     |   oraculo_neural_v4 (Pool: 100): [5, 9, 15, 20] [OK] [Confianza: 2.23x]
2026-01-21 15:37:33 | INFO     | Consenso Determinista validado (Score ADN: 6.55)
2026-01-21 15:37:33 | INFO     | TICKET FINAL: [3, 9, 15, 16] | 🔥 ALTA CONFIANZA (57.45%)
2026-01-21 15:37:33 | INFO     | ----------------------------------------
2026-01-21 15:37:33 | INFO     | UNIVERSO: RACHA
2026-01-21 15:37:33 | DEBUG    | Pesos de confianza: {'consenso_meritocratico_v2': 2.900871992530031, 'forense_biometrico_v1': 2.8148097376737438, 'oraculo_neural_v3': 2.853015971352396, 'oraculo_neural_v4': 2.7806808921371178}
2026-01-21 15:37:33 | INFO     | Objetivo Crononauta: #10309 | Fecha: 21/01/2026 15:00
2026-01-21 15:37:33 | INFO     |   forense_biometrico: [4, 5, 7, 8, 12, 13, 14, 15, 17, 20] [Score ADN: 4.9]
2026-01-21 15:38:01 | INFO     |   oraculo_neural_v3 (Pool: 82): [2, 3, 7, 8, 9, 10, 12, 14, 15, 19] [OK] [Confianza: 2.21x]
2026-01-21 15:38:27 | INFO     |   oraculo_neural_v4 (Pool: 100): [1, 2, 3, 4, 8, 11, 12, 16, 19, 20] [OK] [Confianza: 2.14x]
2026-01-21 15:38:27 | INFO     | Consenso Determinista validado (Score ADN: 5.9)
2026-01-21 15:38:27 | INFO     | TICKET FINAL: [2, 3, 7, 8, 10, 11, 12, 14, 15, 19] | 🔥 ALTA CONFIANZA (71.22%)
2026-01-21 15:38:27 | INFO     | Forzando sincronización del laboratorio...
2026-01-21 15:38:27 | INFO     | Dashboard sincronizado correctamente.
2026-01-21 15:38:27 | INFO     | ============================================================
2026-01-21 15:38:27 | INFO     | PROCESO DEL SOÑADOR TERMINADO
2026-01-21 15:38:27 | INFO     | Total predicciones generadas: 20
2026-01-21 15:38:27 | INFO     | Log guardado en: /home/runner/work/lotus-2026/lotus-2026/engine/models/../../logs/bot_dreamer_20260121_153521.log
2026-01-21 15:38:27 | INFO     | ============================================================
