2026-01-18 11:42:10 | INFO     | === LOG INICIADO: /home/runner/work/lotus-2026/lotus-2026/engine/models/../../logs/bot_dreamer_20260118_114210.log ===
2026-01-18 11:42:12 | DEBUG    | OraculoNeural importado correctamente
2026-01-18 11:42:12 | DEBUG    | LotoForense importado correctamente
2026-01-18 11:42:12 | DEBUG    | MetaLearner importado correctamente
2026-01-18 11:42:12 | DEBUG    | Loto3Ultra importado correctamente
2026-01-18 11:42:12 | INFO     | ============================================================
2026-01-18 11:42:12 | INFO     | INICIANDO BOT SOÑADOR: LÓBULOS ESPECIALIZADOS v12.4
2026-01-18 11:42:12 | INFO     | ============================================================
2026-01-18 11:42:12 | DEBUG    | MetaLearner activo: True
2026-01-18 11:42:12 | INFO     | Hora Chile: 2026-01-18 08:42:12 | Día: 6 | Hora: 8
2026-01-18 11:42:12 | INFO     | Cortex cargado: Rankings y Morfología segmentados por juego.
2026-01-18 11:42:12 | DEBUG    | Juegos en genoma: ['LOTO', 'LOTO3', 'LOTO4', 'RACHA']
2026-01-18 11:42:12 | INFO     | ----------------------------------------
2026-01-18 11:42:12 | INFO     | UNIVERSO: LOTO
2026-01-18 11:42:12 | DEBUG    | Pesos de confianza: {'consenso_meritocratico_v2': 0.6931471805599453, 'consenso_v1': 0.7929925155296614, 'delta_tactico_v1': 0.6931471805599453, 'forense_biometrico_v1': 0.6931471805599453, 'gaussiano_tactico_v1': 0.6931471805599453, 'markov_chain_v1': 0.6931471805599453, 'oraculo_neural_v3': 0.6931471805599453, 'oraculo_neural_v4': 0.6931471805599453}
2026-01-18 11:42:12 | INFO     | Objetivo Crononauta: #5375 | Fecha: 18/01/2026 21:00
2026-01-18 11:42:12 | INFO     |   forense_biometrico: [3, 12, 16, 30, 31, 41] [Score ADN: 5.95]
2026-01-18 11:42:12 | INFO     |   gaussiano_inteligente: [2, 15, 24, 29, 30, 37] [Score ADN: 5.95]
2026-01-18 11:42:12 | INFO     |   delta_dna: [11, 12, 17, 19, 26, 30] [Score ADN: 5.95]
2026-01-18 11:42:12 | INFO     |   markov_chain: [12, 14, 18, 22, 28, 32] [Score ADN: 33.05]
2026-01-18 11:43:35 | INFO     |   oraculo_neural_v3 (Pool: 91): [11, 14, 16, 17, 22, 31] [OK] [Confianza: 1.83x]
2026-01-18 11:43:50 | INFO     |   oraculo_neural_v4 (Pool: 100): [1, 13, 15, 29, 33, 35] [OK] [Confianza: 2.11x]
2026-01-18 11:43:50 | INFO     | Consenso Determinista validado (Score ADN: 12.35)
2026-01-18 11:43:50 | INFO     | TICKET FINAL: [13, 14, 15, 22, 29, 33] | 🔥 ALTA CONFIANZA (36.32%)
2026-01-18 11:43:50 | INFO     | ----------------------------------------
2026-01-18 11:43:50 | INFO     | UNIVERSO: LOTO3
2026-01-18 11:43:50 | INFO     | Activando LOTO3 ULTRA (Ensemble Avanzado)...
2026-01-18 11:43:51 | INFO     | LOTO3 ULTRA: 10 predicciones generadas
2026-01-18 11:43:51 | INFO     | ----------------------------------------
2026-01-18 11:43:51 | INFO     | UNIVERSO: LOTO4
2026-01-18 11:43:51 | DEBUG    | Pesos de confianza: {'consenso_meritocratico_v2': 0.6931471805599453, 'forense_biometrico_v1': 0.6931471805599453, 'oraculo_neural_v3': 0.8919980393051105, 'oraculo_neural_v4': 0.7929925155296614}
2026-01-18 11:43:51 | INFO     | Objetivo Crononauta: #11570 | Fecha: 18/01/2026 14:00
2026-01-18 11:43:51 | INFO     |   forense_biometrico: [11, 13, 14, 21] [Score ADN: 3.25]
2026-01-18 11:44:42 | INFO     |   oraculo_neural_v3 (Pool: 92): [1, 7, 18, 19] [OK] [Confianza: 2.22x]
2026-01-18 11:44:59 | INFO     |   oraculo_neural_v4 (Pool: 100): [1, 6, 14, 15] [OK] [Confianza: 2.38x]
2026-01-18 11:44:59 | INFO     | Consenso Determinista validado (Score ADN: 3.25)
2026-01-18 11:44:59 | INFO     | TICKET FINAL: [1, 7, 18, 19] | 🔥 ALTA CONFIANZA (56.78%)
2026-01-18 11:44:59 | INFO     | ----------------------------------------
2026-01-18 11:44:59 | INFO     | UNIVERSO: RACHA
2026-01-18 11:44:59 | DEBUG    | Pesos de confianza: {'consenso_meritocratico_v2': 2.900871992530031, 'forense_biometrico_v1': 2.8148097376737438, 'oraculo_neural_v3': 2.853015971352396, 'oraculo_neural_v4': 2.7806808921371178}
2026-01-18 11:44:59 | INFO     | Objetivo Crononauta: #10303 | Fecha: 18/01/2026 15:00
2026-01-18 11:44:59 | INFO     |   forense_biometrico: [2, 3, 6, 7, 9, 10, 14, 15, 18, 19] [Score ADN: 4.9]
2026-01-18 11:45:41 | INFO     |   oraculo_neural_v3 (Pool: 89): [1, 3, 6, 10, 11, 12, 16, 17, 18, 19] [OK] [Confianza: 2.21x]
2026-01-18 11:46:24 | INFO     |   oraculo_neural_v4 (Pool: 100): [1, 2, 3, 6, 7, 8, 9, 11, 13, 15] [OK] [Confianza: 2.07x]
2026-01-18 11:46:24 | INFO     | Consenso Determinista validado (Score ADN: 17.3)
2026-01-18 11:46:24 | INFO     | TICKET FINAL: [1, 2, 3, 6, 7, 11, 12, 13, 17, 18] | 🔥 ALTA CONFIANZA (68.04%)
2026-01-18 11:46:24 | INFO     | Forzando sincronización del laboratorio...
2026-01-18 11:46:24 | INFO     | Dashboard sincronizado correctamente.
2026-01-18 11:46:24 | INFO     | ============================================================
2026-01-18 11:46:24 | INFO     | PROCESO DEL SOÑADOR TERMINADO
2026-01-18 11:46:24 | INFO     | Total predicciones generadas: 20
2026-01-18 11:46:24 | INFO     | Log guardado en: /home/runner/work/lotus-2026/lotus-2026/engine/models/../../logs/bot_dreamer_20260118_114210.log
2026-01-18 11:46:24 | INFO     | ============================================================
