2026-01-19 08:18:33 | INFO     | === LOG INICIADO: /home/runner/work/lotus-2026/lotus-2026/engine/models/../../logs/bot_dreamer_20260119_081833.log ===
2026-01-19 08:18:34 | DEBUG    | OraculoNeural importado correctamente
2026-01-19 08:18:34 | DEBUG    | LotoForense importado correctamente
2026-01-19 08:18:34 | DEBUG    | MetaLearner importado correctamente
2026-01-19 08:18:34 | DEBUG    | Loto3Ultra importado correctamente
2026-01-19 08:18:34 | INFO     | ============================================================
2026-01-19 08:18:34 | INFO     | INICIANDO BOT SOÑADOR: LÓBULOS ESPECIALIZADOS v12.4
2026-01-19 08:18:34 | INFO     | ============================================================
2026-01-19 08:18:34 | DEBUG    | MetaLearner activo: True
2026-01-19 08:18:34 | INFO     | Hora Chile: 2026-01-19 05:18:34 | Día: 0 | Hora: 5
2026-01-19 08:18:34 | INFO     | Cortex cargado: Rankings y Morfología segmentados por juego.
2026-01-19 08:18:34 | DEBUG    | Juegos en genoma: ['LOTO', 'LOTO3', 'LOTO4', 'RACHA']
2026-01-19 08:18:34 | INFO     | ----------------------------------------
2026-01-19 08:18:34 | INFO     | UNIVERSO: LOTO
2026-01-19 08:18:34 | DEBUG    | Pesos de confianza: {'consenso_meritocratico_v2': 0.6931471805599453, 'consenso_v1': 0.7929925155296614, 'delta_tactico_v1': 0.6931471805599453, 'forense_biometrico_v1': 0.6931471805599453, 'gaussiano_tactico_v1': 0.6931471805599453, 'markov_chain_v1': 0.6931471805599453, 'oraculo_neural_v3': 0.6931471805599453, 'oraculo_neural_v4': 0.6931471805599453}
2026-01-19 08:18:34 | INFO     | Objetivo Crononauta: #5376 | Fecha: 20/01/2026 21:00
2026-01-19 08:18:34 | INFO     |   forense_biometrico: [4, 11, 18, 19, 28, 33] [Score ADN: 6.35]
2026-01-19 08:18:34 | INFO     |   gaussiano_inteligente: [7, 8, 11, 26, 29, 36] [Score ADN: 5.95]
2026-01-19 08:18:34 | INFO     |   delta_dna: [7, 10, 11, 19, 24, 32] [Score ADN: 5.95]
2026-01-19 08:18:34 | INFO     |   markov_chain: [1, 16, 21, 24, 30, 34] [Score ADN: 23.05]
2026-01-19 08:19:47 | INFO     |   oraculo_neural_v3 (Pool: 86): [7, 8, 11, 20, 30, 41] [OK] [Confianza: 1.83x]
2026-01-19 08:20:03 | INFO     |   oraculo_neural_v4 (Pool: 100): [4, 18, 20, 27, 29, 35] [OK] [Confianza: 2.22x]
2026-01-19 08:20:03 | INFO     | Consenso Determinista validado (Score ADN: 23.05)
2026-01-19 08:20:03 | INFO     | TICKET FINAL: [4, 18, 20, 27, 30, 35] | 🔥 ALTA CONFIANZA (35.71%)
2026-01-19 08:20:03 | INFO     | ----------------------------------------
2026-01-19 08:20:03 | INFO     | UNIVERSO: LOTO3
2026-01-19 08:20:03 | INFO     | Activando LOTO3 ULTRA (Ensemble Avanzado)...
2026-01-19 08:20:03 | INFO     | LOTO3 ULTRA: 10 predicciones generadas
2026-01-19 08:20:03 | INFO     | ----------------------------------------
2026-01-19 08:20:03 | INFO     | UNIVERSO: LOTO4
2026-01-19 08:20:03 | DEBUG    | Pesos de confianza: {'consenso_meritocratico_v2': 0.6931471805599453, 'forense_biometrico_v1': 0.6931471805599453, 'oraculo_neural_v3': 0.8919980393051105, 'oraculo_neural_v4': 0.7929925155296614}
2026-01-19 08:20:03 | INFO     | Objetivo Crononauta: #11572 | Fecha: 19/01/2026 14:00
2026-01-19 08:20:03 | INFO     |   forense_biometrico: [6, 7, 13, 15] [Score ADN: 3.25]
2026-01-19 08:20:48 | INFO     |   oraculo_neural_v3 (Pool: 84): [5, 10, 17, 18] [OK] [Confianza: 2.22x]
2026-01-19 08:20:55 | INFO     |   oraculo_neural_v4 (Pool: 100): [5, 9, 10, 19] [OK] [Confianza: 2.22x]
2026-01-19 08:20:55 | INFO     | Consenso Determinista validado (Score ADN: 4.55)
2026-01-19 08:20:55 | INFO     | TICKET FINAL: [5, 10, 17, 18] | 🔥 ALTA CONFIANZA (61.85%)
2026-01-19 08:20:55 | INFO     | ----------------------------------------
2026-01-19 08:20:55 | INFO     | UNIVERSO: RACHA
2026-01-19 08:20:55 | DEBUG    | Pesos de confianza: {'consenso_meritocratico_v2': 2.900871992530031, 'forense_biometrico_v1': 2.8148097376737438, 'oraculo_neural_v3': 2.853015971352396, 'oraculo_neural_v4': 2.7806808921371178}
2026-01-19 08:20:55 | INFO     | Objetivo Crononauta: #10305 | Fecha: 19/01/2026 15:00
2026-01-19 08:20:55 | INFO     |   forense_biometrico: [2, 3, 4, 7, 9, 12, 13, 14, 15, 20] [Score ADN: 4.9]
2026-01-19 08:21:34 | INFO     |   oraculo_neural_v3 (Pool: 85): [2, 3, 6, 8, 9, 11, 15, 16, 17, 18] [OK] [Confianza: 2.21x]
2026-01-19 08:22:10 | INFO     |   oraculo_neural_v4 (Pool: 100): [1, 2, 3, 4, 8, 9, 14, 16, 17, 19] [OK] [Confianza: 2.14x]
2026-01-19 08:22:10 | INFO     | Consenso Determinista validado (Score ADN: 9.9)
2026-01-19 08:22:10 | INFO     | TICKET FINAL: [2, 3, 4, 8, 9, 11, 15, 16, 17, 18] | 🔥 ALTA CONFIANZA (73.91%)
2026-01-19 08:22:10 | INFO     | Forzando sincronización del laboratorio...
2026-01-19 08:22:10 | INFO     | Dashboard sincronizado correctamente.
2026-01-19 08:22:10 | INFO     | ============================================================
2026-01-19 08:22:10 | INFO     | PROCESO DEL SOÑADOR TERMINADO
2026-01-19 08:22:10 | INFO     | Total predicciones generadas: 20
2026-01-19 08:22:10 | INFO     | Log guardado en: /home/runner/work/lotus-2026/lotus-2026/engine/models/../../logs/bot_dreamer_20260119_081833.log
2026-01-19 08:22:10 | INFO     | ============================================================
