2026-01-21 07:57:42 | INFO     | === LOG INICIADO: /home/runner/work/lotus-2026/lotus-2026/engine/models/../../logs/bot_dreamer_20260121_075742.log ===
2026-01-21 07:57:43 | DEBUG    | OraculoNeural importado correctamente
2026-01-21 07:57:43 | DEBUG    | LotoForense importado correctamente
2026-01-21 07:57:43 | DEBUG    | MetaLearner importado correctamente
2026-01-21 07:57:43 | DEBUG    | Loto3Ultra importado correctamente
2026-01-21 07:57:43 | INFO     | ============================================================
2026-01-21 07:57:43 | INFO     | INICIANDO BOT SOÑADOR: LÓBULOS ESPECIALIZADOS v12.4
2026-01-21 07:57:43 | INFO     | ============================================================
2026-01-21 07:57:43 | DEBUG    | MetaLearner activo: True
2026-01-21 07:57:43 | INFO     | Hora Chile: 2026-01-21 04:57:43 | Día: 2 | Hora: 4
2026-01-21 07:57:43 | INFO     | Cortex cargado: Rankings y Morfología segmentados por juego.
2026-01-21 07:57:43 | DEBUG    | Juegos en genoma: ['LOTO', 'LOTO3', 'LOTO4', 'RACHA']
2026-01-21 07:57:43 | INFO     | ----------------------------------------
2026-01-21 07:57:43 | INFO     | UNIVERSO: LOTO
2026-01-21 07:57:43 | DEBUG    | Pesos de confianza: {'consenso_meritocratico_v2': 0.6931471805599453, 'consenso_v1': 0.7929925155296614, 'delta_tactico_v1': 0.6931471805599453, 'forense_biometrico_v1': 0.6931471805599453, 'gaussiano_tactico_v1': 0.6931471805599453, 'markov_chain_v1': 0.6931471805599453, 'oraculo_neural_v3': 1.0612565021243408, 'oraculo_neural_v4': 0.6931471805599453}
2026-01-21 07:57:43 | INFO     | Objetivo Crononauta: #5377 | Fecha: 22/01/2026 21:00
2026-01-21 07:57:43 | INFO     |   forense_biometrico: [2, 5, 22, 26, 27, 41] [Score ADN: 5.95]
2026-01-21 07:57:43 | INFO     |   gaussiano_inteligente: [18, 20, 23, 31, 37, 38] [Score ADN: 5.95]
2026-01-21 07:57:43 | INFO     |   delta_dna: [7, 10, 17, 20, 26, 27] [Score ADN: 6.35]
2026-01-21 07:57:43 | INFO     |   markov_chain: [11, 12, 20, 28, 34, 41] [Score ADN: 11.35]
2026-01-21 07:58:37 | INFO     |   oraculo_neural_v3 (Pool: 93): [7, 10, 12, 13, 31, 38] [OK] [Confianza: 1.83x]
2026-01-21 07:58:46 | INFO     |   oraculo_neural_v4 (Pool: 100): [2, 5, 15, 29, 30, 41] [OK] [Confianza: 1.84x]
2026-01-21 07:58:46 | INFO     | Consenso Determinista validado (Score ADN: 6.95)
2026-01-21 07:58:46 | INFO     | TICKET FINAL: [10, 12, 13, 15, 31, 41] | 🔥 ALTA CONFIANZA (37.91%)
2026-01-21 07:58:46 | INFO     | ----------------------------------------
2026-01-21 07:58:46 | INFO     | UNIVERSO: LOTO3
2026-01-21 07:58:46 | INFO     | Activando LOTO3 ULTRA (Ensemble Avanzado)...
2026-01-21 07:58:47 | INFO     | LOTO3 ULTRA: 10 predicciones generadas
2026-01-21 07:58:47 | INFO     | ----------------------------------------
2026-01-21 07:58:47 | INFO     | UNIVERSO: LOTO4
2026-01-21 07:58:47 | DEBUG    | Pesos de confianza: {'consenso_meritocratico_v2': 0.6931471805599453, 'forense_biometrico_v1': 0.6931471805599453, 'oraculo_neural_v3': 0.8919980393051105, 'oraculo_neural_v4': 0.7929925155296614}
2026-01-21 07:58:47 | INFO     | Objetivo Crononauta: #11576 | Fecha: 21/01/2026 14:00
2026-01-21 07:58:47 | INFO     |   forense_biometrico: [5, 8, 9, 17] [Score ADN: 3.25]
2026-01-21 07:59:43 | INFO     |   oraculo_neural_v3 (Pool: 79): [7, 8, 17, 21] [OK] [Confianza: 2.22x]
2026-01-21 07:59:49 | INFO     |   oraculo_neural_v4 (Pool: 100): [5, 9, 15, 20] [OK] [Confianza: 2.23x]
2026-01-21 07:59:49 | INFO     | Consenso Determinista validado (Score ADN: 3.25)
2026-01-21 07:59:49 | INFO     | TICKET FINAL: [7, 17, 20, 21] | 🔥 ALTA CONFIANZA (45.01%)
2026-01-21 07:59:49 | INFO     | ----------------------------------------
2026-01-21 07:59:49 | INFO     | UNIVERSO: RACHA
2026-01-21 07:59:49 | DEBUG    | Pesos de confianza: {'consenso_meritocratico_v2': 2.900871992530031, 'forense_biometrico_v1': 2.8148097376737438, 'oraculo_neural_v3': 2.853015971352396, 'oraculo_neural_v4': 2.7806808921371178}
2026-01-21 07:59:49 | INFO     | Objetivo Crononauta: #10309 | Fecha: 21/01/2026 15:00
2026-01-21 07:59:50 | INFO     |   forense_biometrico: [1, 5, 6, 7, 10, 12, 13, 14, 17, 18] [Score ADN: 4.9]
2026-01-21 08:00:18 | INFO     |   oraculo_neural_v3 (Pool: 76): [1, 2, 3, 8, 10, 13, 14, 15, 18, 19] [OK] [Confianza: 2.21x]
2026-01-21 08:00:44 | INFO     |   oraculo_neural_v4 (Pool: 100): [1, 2, 3, 4, 8, 11, 12, 16, 19, 20] [OK] [Confianza: 2.15x]
2026-01-21 08:00:44 | INFO     | Consenso Determinista validado (Score ADN: 10.1)
2026-01-21 08:00:44 | INFO     | TICKET FINAL: [1, 2, 3, 8, 10, 11, 13, 15, 18, 19] | 🔥 ALTA CONFIANZA (71.21%)
2026-01-21 08:00:44 | INFO     | Forzando sincronización del laboratorio...
2026-01-21 08:00:44 | INFO     | Dashboard sincronizado correctamente.
2026-01-21 08:00:44 | INFO     | ============================================================
2026-01-21 08:00:44 | INFO     | PROCESO DEL SOÑADOR TERMINADO
2026-01-21 08:00:44 | INFO     | Total predicciones generadas: 20
2026-01-21 08:00:44 | INFO     | Log guardado en: /home/runner/work/lotus-2026/lotus-2026/engine/models/../../logs/bot_dreamer_20260121_075742.log
2026-01-21 08:00:44 | INFO     | ============================================================
