2026-01-21 08:37:57 | INFO     | === LOG INICIADO: /home/runner/work/lotus-2026/lotus-2026/engine/models/../../logs/bot_dreamer_20260121_083757.log ===
2026-01-21 08:37:58 | DEBUG    | OraculoNeural importado correctamente
2026-01-21 08:37:58 | DEBUG    | LotoForense importado correctamente
2026-01-21 08:37:58 | DEBUG    | MetaLearner importado correctamente
2026-01-21 08:37:58 | DEBUG    | Loto3Ultra importado correctamente
2026-01-21 08:37:58 | INFO     | ============================================================
2026-01-21 08:37:58 | INFO     | INICIANDO BOT SOÑADOR: LÓBULOS ESPECIALIZADOS v12.4
2026-01-21 08:37:58 | INFO     | ============================================================
2026-01-21 08:37:58 | DEBUG    | MetaLearner activo: True
2026-01-21 08:37:58 | INFO     | Hora Chile: 2026-01-21 05:37:58 | Día: 2 | Hora: 5
2026-01-21 08:37:58 | INFO     | Cortex cargado: Rankings y Morfología segmentados por juego.
2026-01-21 08:37:58 | DEBUG    | Juegos en genoma: ['LOTO', 'LOTO3', 'LOTO4', 'RACHA']
2026-01-21 08:37:58 | INFO     | ----------------------------------------
2026-01-21 08:37:58 | INFO     | UNIVERSO: LOTO
2026-01-21 08:37:58 | DEBUG    | Pesos de confianza: {'consenso_meritocratico_v2': 0.6931471805599453, 'consenso_v1': 0.7929925155296614, 'delta_tactico_v1': 0.6931471805599453, 'forense_biometrico_v1': 0.6931471805599453, 'gaussiano_tactico_v1': 0.6931471805599453, 'markov_chain_v1': 0.6931471805599453, 'oraculo_neural_v3': 1.0612565021243408, 'oraculo_neural_v4': 0.6931471805599453}
2026-01-21 08:37:59 | INFO     | Objetivo Crononauta: #5377 | Fecha: 22/01/2026 21:00
2026-01-21 08:37:59 | INFO     |   forense_biometrico: [7, 17, 26, 30, 40, 41] [Score ADN: 5.95]
2026-01-21 08:37:59 | INFO     |   gaussiano_inteligente: [8, 17, 19, 22, 23, 32] [Score ADN: 5.95]
2026-01-21 08:37:59 | INFO     |   delta_dna: [5, 11, 24, 34, 40, 41] [Score ADN: 5.95]
2026-01-21 08:37:59 | INFO     |   markov_chain: [11, 12, 20, 28, 34, 41] [Score ADN: 11.35]
2026-01-21 08:38:51 | INFO     |   oraculo_neural_v3 (Pool: 89): [2, 18, 19, 21, 26, 31] [OK] [Confianza: 1.83x]
2026-01-21 08:39:00 | INFO     |   oraculo_neural_v4 (Pool: 100): [2, 5, 15, 29, 30, 41] [OK] [Confianza: 1.84x]
2026-01-21 08:39:00 | INFO     | Consenso Determinista validado (Score ADN: 10.95)
2026-01-21 08:39:00 | INFO     | TICKET FINAL: [2, 18, 19, 26, 31, 41] | 🔥 ALTA CONFIANZA (38.98%)
2026-01-21 08:39:00 | INFO     | ----------------------------------------
2026-01-21 08:39:00 | INFO     | UNIVERSO: LOTO3
2026-01-21 08:39:00 | INFO     | Activando LOTO3 ULTRA (Ensemble Avanzado)...
2026-01-21 08:39:01 | INFO     | LOTO3 ULTRA: 10 predicciones generadas
2026-01-21 08:39:01 | INFO     | ----------------------------------------
2026-01-21 08:39:01 | INFO     | UNIVERSO: LOTO4
2026-01-21 08:39:01 | DEBUG    | Pesos de confianza: {'consenso_meritocratico_v2': 0.6931471805599453, 'forense_biometrico_v1': 0.6931471805599453, 'oraculo_neural_v3': 0.8919980393051105, 'oraculo_neural_v4': 0.7929925155296614}
2026-01-21 08:39:01 | INFO     | Objetivo Crononauta: #11576 | Fecha: 21/01/2026 14:00
2026-01-21 08:39:01 | INFO     |   forense_biometrico: [3, 7, 14, 15] [Score ADN: 3.25]
2026-01-21 08:39:58 | INFO     |   oraculo_neural_v3 (Pool: 86): [7, 9, 17, 18] [OK] [Confianza: 2.22x]
2026-01-21 08:40:04 | INFO     |   oraculo_neural_v4 (Pool: 100): [5, 9, 15, 20] [OK] [Confianza: 2.23x]
2026-01-21 08:40:04 | INFO     | Consenso Determinista validado (Score ADN: 3.25)
2026-01-21 08:40:04 | INFO     | TICKET FINAL: [7, 9, 17, 18] | 🔥 ALTA CONFIANZA (54.5%)
2026-01-21 08:40:04 | INFO     | ----------------------------------------
2026-01-21 08:40:04 | INFO     | UNIVERSO: RACHA
2026-01-21 08:40:04 | DEBUG    | Pesos de confianza: {'consenso_meritocratico_v2': 2.900871992530031, 'forense_biometrico_v1': 2.8148097376737438, 'oraculo_neural_v3': 2.853015971352396, 'oraculo_neural_v4': 2.7806808921371178}
2026-01-21 08:40:04 | INFO     | Objetivo Crononauta: #10309 | Fecha: 21/01/2026 15:00
2026-01-21 08:40:04 | INFO     |   forense_biometrico: [2, 3, 8, 9, 10, 11, 14, 15, 17, 20] [Score ADN: 4.9]
2026-01-21 08:40:31 | INFO     |   oraculo_neural_v3 (Pool: 80): [2, 5, 6, 9, 10, 11, 12, 13, 15, 20] [OK] [Confianza: 2.21x]
2026-01-21 08:40:57 | INFO     |   oraculo_neural_v4 (Pool: 100): [1, 2, 3, 4, 8, 11, 12, 16, 19, 20] [OK] [Confianza: 2.14x]
2026-01-21 08:40:57 | INFO     | Consenso Determinista validado (Score ADN: 4.9)
2026-01-21 08:40:57 | INFO     | TICKET FINAL: [2, 3, 4, 5, 9, 11, 12, 15, 16, 20] | 🔥 ALTA CONFIANZA (67.09%)
2026-01-21 08:40:57 | INFO     | Forzando sincronización del laboratorio...
2026-01-21 08:40:57 | INFO     | Dashboard sincronizado correctamente.
2026-01-21 08:40:57 | INFO     | ============================================================
2026-01-21 08:40:57 | INFO     | PROCESO DEL SOÑADOR TERMINADO
2026-01-21 08:40:57 | INFO     | Total predicciones generadas: 20
2026-01-21 08:40:57 | INFO     | Log guardado en: /home/runner/work/lotus-2026/lotus-2026/engine/models/../../logs/bot_dreamer_20260121_083757.log
2026-01-21 08:40:57 | INFO     | ============================================================
