2026-01-20 11:30:54 | INFO     | === LOG INICIADO: /home/runner/work/lotus-2026/lotus-2026/engine/models/../../logs/bot_dreamer_20260120_113054.log ===
2026-01-20 11:30:55 | DEBUG    | OraculoNeural importado correctamente
2026-01-20 11:30:55 | DEBUG    | LotoForense importado correctamente
2026-01-20 11:30:55 | DEBUG    | MetaLearner importado correctamente
2026-01-20 11:30:55 | DEBUG    | Loto3Ultra importado correctamente
2026-01-20 11:30:55 | INFO     | ============================================================
2026-01-20 11:30:55 | INFO     | INICIANDO BOT SOÑADOR: LÓBULOS ESPECIALIZADOS v12.4
2026-01-20 11:30:55 | INFO     | ============================================================
2026-01-20 11:30:55 | DEBUG    | MetaLearner activo: True
2026-01-20 11:30:55 | INFO     | Hora Chile: 2026-01-20 08:30:55 | Día: 1 | Hora: 8
2026-01-20 11:30:55 | INFO     | Cortex cargado: Rankings y Morfología segmentados por juego.
2026-01-20 11:30:55 | DEBUG    | Juegos en genoma: ['LOTO', 'LOTO3', 'LOTO4', 'RACHA']
2026-01-20 11:30:55 | INFO     | ----------------------------------------
2026-01-20 11:30:55 | INFO     | UNIVERSO: LOTO
2026-01-20 11:30:55 | DEBUG    | Pesos de confianza: {'consenso_meritocratico_v2': 0.6931471805599453, 'consenso_v1': 0.7929925155296614, 'delta_tactico_v1': 0.6931471805599453, 'forense_biometrico_v1': 0.6931471805599453, 'gaussiano_tactico_v1': 0.6931471805599453, 'markov_chain_v1': 0.6931471805599453, 'oraculo_neural_v3': 0.8064758658669485, 'oraculo_neural_v4': 0.6931471805599453}
2026-01-20 11:30:55 | INFO     | Objetivo Crononauta: #5376 | Fecha: 20/01/2026 21:00
2026-01-20 11:30:55 | INFO     |   forense_biometrico: [1, 6, 17, 26, 30, 31] [Score ADN: 6.35]
2026-01-20 11:30:55 | INFO     |   gaussiano_inteligente: [2, 8, 23, 26, 27, 37] [Score ADN: 5.95]
2026-01-20 11:30:55 | INFO     |   delta_dna: [3, 17, 18, 24, 29, 32] [Score ADN: 5.95]
2026-01-20 11:30:55 | INFO     |   markov_chain: [7, 18, 21, 29, 31, 37] [Score ADN: 18.65]
2026-01-20 11:31:48 | INFO     |   oraculo_neural_v3 (Pool: 83): [5, 13, 16, 19, 20, 32] [OK] [Confianza: 1.83x]
2026-01-20 11:31:50 | WARNING  | v4 SILENCIADO. Motivos: {}
2026-01-20 11:31:50 | INFO     | Consenso Determinista validado (Score ADN: 5.95)
2026-01-20 11:31:50 | INFO     | TICKET FINAL: [5, 13, 16, 19, 20, 32] | 🔥 ALTA CONFIANZA (35.63%)
2026-01-20 11:31:50 | INFO     | ----------------------------------------
2026-01-20 11:31:50 | INFO     | UNIVERSO: LOTO3
2026-01-20 11:31:50 | INFO     | Activando LOTO3 ULTRA (Ensemble Avanzado)...
2026-01-20 11:31:50 | INFO     | LOTO3 ULTRA: 10 predicciones generadas
2026-01-20 11:31:50 | INFO     | ----------------------------------------
2026-01-20 11:31:50 | INFO     | UNIVERSO: LOTO4
2026-01-20 11:31:50 | DEBUG    | Pesos de confianza: {'consenso_meritocratico_v2': 0.6931471805599453, 'forense_biometrico_v1': 0.6931471805599453, 'oraculo_neural_v3': 0.8919980393051105, 'oraculo_neural_v4': 0.7929925155296614}
2026-01-20 11:31:50 | INFO     | Objetivo Crononauta: #11574 | Fecha: 20/01/2026 14:00
2026-01-20 11:31:51 | INFO     |   forense_biometrico: [1, 12, 13, 19] [Score ADN: 3.25]
2026-01-20 11:31:52 | WARNING  | v3 SILENCIADO. Motivos: {}
2026-01-20 11:31:53 | WARNING  | v4 SILENCIADO. Motivos: {}
2026-01-20 11:31:53 | INFO     | Consenso Determinista validado (Score ADN: 12.15)
2026-01-20 11:31:53 | INFO     | TICKET FINAL: [2, 5, 7, 21] | 🔥 ALTA CONFIANZA (50.0%)
2026-01-20 11:31:53 | INFO     | ----------------------------------------
2026-01-20 11:31:53 | INFO     | UNIVERSO: RACHA
2026-01-20 11:31:53 | DEBUG    | Pesos de confianza: {'consenso_meritocratico_v2': 2.900871992530031, 'forense_biometrico_v1': 2.8148097376737438, 'oraculo_neural_v3': 2.853015971352396, 'oraculo_neural_v4': 2.7806808921371178}
2026-01-20 11:31:53 | INFO     | Objetivo Crononauta: #10307 | Fecha: 20/01/2026 15:00
2026-01-20 11:31:53 | INFO     |   forense_biometrico: [3, 5, 6, 7, 8, 10, 15, 16, 17, 20] [Score ADN: 4.9]
2026-01-20 11:31:55 | WARNING  | v3 SILENCIADO. Motivos: {}
2026-01-20 11:31:57 | WARNING  | v4 SILENCIADO. Motivos: {}
2026-01-20 11:31:57 | INFO     | Consenso Determinista validado (Score ADN: 12.7)
2026-01-20 11:31:57 | INFO     | TICKET FINAL: [2, 4, 7, 8, 12, 13, 15, 16, 17, 20] | 🔥 ALTA CONFIANZA (72.0%)
2026-01-20 11:31:57 | INFO     | Forzando sincronización del laboratorio...
2026-01-20 11:31:58 | INFO     | Dashboard sincronizado correctamente.
2026-01-20 11:31:58 | INFO     | ============================================================
2026-01-20 11:31:58 | INFO     | PROCESO DEL SOÑADOR TERMINADO
2026-01-20 11:31:58 | INFO     | Total predicciones generadas: 15
2026-01-20 11:31:58 | INFO     | Log guardado en: /home/runner/work/lotus-2026/lotus-2026/engine/models/../../logs/bot_dreamer_20260120_113054.log
2026-01-20 11:31:58 | INFO     | ============================================================
