2026-01-18 19:50:31 | INFO     | === LOG INICIADO: /home/runner/work/lotus-2026/lotus-2026/engine/models/../../logs/bot_dreamer_20260118_195031.log ===
2026-01-18 19:50:32 | DEBUG    | OraculoNeural importado correctamente
2026-01-18 19:50:32 | DEBUG    | LotoForense importado correctamente
2026-01-18 19:50:32 | DEBUG    | MetaLearner importado correctamente
2026-01-18 19:50:32 | DEBUG    | Loto3Ultra importado correctamente
2026-01-18 19:50:32 | INFO     | ============================================================
2026-01-18 19:50:32 | INFO     | INICIANDO BOT SOÑADOR: LÓBULOS ESPECIALIZADOS v12.4
2026-01-18 19:50:32 | INFO     | ============================================================
2026-01-18 19:50:32 | DEBUG    | MetaLearner activo: True
2026-01-18 19:50:32 | INFO     | Hora Chile: 2026-01-18 16:50:32 | Día: 6 | Hora: 16
2026-01-18 19:50:32 | INFO     | Cortex cargado: Rankings y Morfología segmentados por juego.
2026-01-18 19:50:32 | DEBUG    | Juegos en genoma: ['LOTO', 'LOTO3', 'LOTO4', 'RACHA']
2026-01-18 19:50:32 | INFO     | ----------------------------------------
2026-01-18 19:50:32 | INFO     | UNIVERSO: LOTO
2026-01-18 19:50:32 | DEBUG    | Pesos de confianza: {'consenso_meritocratico_v2': 0.6931471805599453, 'consenso_v1': 0.7929925155296614, 'delta_tactico_v1': 0.6931471805599453, 'forense_biometrico_v1': 0.6931471805599453, 'gaussiano_tactico_v1': 0.6931471805599453, 'markov_chain_v1': 0.6931471805599453, 'oraculo_neural_v3': 0.6931471805599453, 'oraculo_neural_v4': 0.6931471805599453}
2026-01-18 19:50:32 | INFO     | Objetivo Crononauta: #5375 | Fecha: 18/01/2026 21:00
2026-01-18 19:50:32 | INFO     |   forense_biometrico: [5, 14, 23, 28, 30, 31] [Score ADN: 5.95]
2026-01-18 19:50:32 | INFO     |   gaussiano_inteligente: [10, 13, 14, 19, 22, 31] [Score ADN: 5.95]
2026-01-18 19:50:32 | INFO     |   delta_dna: [5, 10, 20, 23, 36, 37] [Score ADN: 5.95]
2026-01-18 19:50:32 | INFO     |   markov_chain: [12, 14, 18, 22, 28, 32] [Score ADN: 33.05]
2026-01-18 19:51:46 | INFO     |   oraculo_neural_v3 (Pool: 83): [3, 4, 7, 32, 34, 41] [OK] [Confianza: 1.83x]
2026-01-18 19:52:02 | INFO     |   oraculo_neural_v4 (Pool: 100): [1, 13, 15, 29, 33, 35] [OK] [Confianza: 2.11x]
2026-01-18 19:52:02 | INFO     | Consenso Determinista validado (Score ADN: 12.35)
2026-01-18 19:52:02 | INFO     | TICKET FINAL: [13, 15, 29, 32, 33, 34] | 🔥 ALTA CONFIANZA (32.15%)
2026-01-18 19:52:02 | INFO     | ----------------------------------------
2026-01-18 19:52:02 | INFO     | UNIVERSO: LOTO3
2026-01-18 19:52:02 | INFO     | Activando LOTO3 ULTRA (Ensemble Avanzado)...
2026-01-18 19:52:03 | INFO     | LOTO3 ULTRA: 10 predicciones generadas
2026-01-18 19:52:03 | INFO     | ----------------------------------------
2026-01-18 19:52:03 | INFO     | UNIVERSO: LOTO4
2026-01-18 19:52:03 | DEBUG    | Pesos de confianza: {'consenso_meritocratico_v2': 0.6931471805599453, 'forense_biometrico_v1': 0.6931471805599453, 'oraculo_neural_v3': 0.8919980393051105, 'oraculo_neural_v4': 0.7929925155296614}
2026-01-18 19:52:03 | INFO     | Objetivo Crononauta: #11571 | Fecha: 18/01/2026 21:00
2026-01-18 19:52:03 | INFO     |   forense_biometrico: [5, 19, 21, 22] [Score ADN: 3.25]
2026-01-18 19:52:49 | INFO     |   oraculo_neural_v3 (Pool: 83): [8, 9, 11, 19] [OK] [Confianza: 2.22x]
2026-01-18 19:52:57 | INFO     |   oraculo_neural_v4 (Pool: 100): [4, 6, 17, 18] [OK] [Confianza: 2.38x]
2026-01-18 19:52:57 | INFO     | Consenso Determinista validado (Score ADN: 8.45)
2026-01-18 19:52:57 | INFO     | TICKET FINAL: [6, 8, 17, 19] | 🔥 ALTA CONFIANZA (45.02%)
2026-01-18 19:52:57 | INFO     | ----------------------------------------
2026-01-18 19:52:57 | INFO     | UNIVERSO: RACHA
2026-01-18 19:52:57 | DEBUG    | Pesos de confianza: {'consenso_meritocratico_v2': 2.900871992530031, 'forense_biometrico_v1': 2.8148097376737438, 'oraculo_neural_v3': 2.853015971352396, 'oraculo_neural_v4': 2.7806808921371178}
2026-01-18 19:52:57 | INFO     | Objetivo Crononauta: #10304 | Fecha: 18/01/2026 22:00
2026-01-18 19:52:57 | INFO     |   forense_biometrico: [3, 4, 5, 9, 11, 12, 16, 17, 18, 20] [Score ADN: 4.9]
2026-01-18 19:53:35 | INFO     |   oraculo_neural_v3 (Pool: 84): [1, 2, 7, 8, 9, 11, 12, 16, 19, 20] [OK] [Confianza: 2.23x]
2026-01-18 19:54:12 | INFO     |   oraculo_neural_v4 (Pool: 100): [1, 2, 3, 6, 7, 8, 9, 11, 13, 15] [OK] [Confianza: 1.85x]
2026-01-18 19:54:12 | INFO     | Consenso Determinista validado (Score ADN: 6.3)
2026-01-18 19:54:12 | INFO     | TICKET FINAL: [1, 2, 7, 8, 9, 11, 15, 16, 19, 20] | 🔥 ALTA CONFIANZA (74.71%)
2026-01-18 19:54:12 | INFO     | Forzando sincronización del laboratorio...
2026-01-18 19:54:12 | INFO     | Dashboard sincronizado correctamente.
2026-01-18 19:54:12 | INFO     | ============================================================
2026-01-18 19:54:12 | INFO     | PROCESO DEL SOÑADOR TERMINADO
2026-01-18 19:54:12 | INFO     | Total predicciones generadas: 20
2026-01-18 19:54:12 | INFO     | Log guardado en: /home/runner/work/lotus-2026/lotus-2026/engine/models/../../logs/bot_dreamer_20260118_195031.log
2026-01-18 19:54:12 | INFO     | ============================================================
