2026-01-17 14:56:31 | INFO     | === LOG INICIADO: /home/runner/work/lotus-2026/lotus-2026/engine/models/../../logs/bot_dreamer_20260117_145631.log ===
2026-01-17 14:56:32 | DEBUG    | OraculoNeural importado correctamente
2026-01-17 14:56:32 | DEBUG    | LotoForense importado correctamente
2026-01-17 14:56:32 | DEBUG    | MetaLearner importado correctamente
2026-01-17 14:56:32 | INFO     | ============================================================
2026-01-17 14:56:32 | INFO     | INICIANDO BOT SOÑADOR: LÓBULOS ESPECIALIZADOS v12.4
2026-01-17 14:56:32 | INFO     | ============================================================
2026-01-17 14:56:32 | DEBUG    | MetaLearner activo: True
2026-01-17 14:56:32 | INFO     | Hora Chile: 2026-01-17 11:56:32 | Día: 5 | Hora: 11
2026-01-17 14:56:32 | INFO     | Cortex cargado: Rankings y Morfología segmentados por juego.
2026-01-17 14:56:32 | DEBUG    | Juegos en genoma: ['LOTO', 'LOTO3', 'LOTO4', 'RACHA']
2026-01-17 14:56:32 | INFO     | ----------------------------------------
2026-01-17 14:56:32 | INFO     | UNIVERSO: LOTO
2026-01-17 14:56:32 | DEBUG    | Pesos de confianza: {'consenso_meritocratico_v2': 0.6931471805599453, 'consenso_v1': 0.7929925155296614, 'delta_tactico_v1': 0.6931471805599453, 'forense_biometrico_v1': 0.6931471805599453, 'gaussiano_tactico_v1': 0.6931471805599453, 'markov_chain_v1': 0.6931471805599453, 'oraculo_neural_v3': 0.6931471805599453, 'oraculo_neural_v4': 0.6931471805599453}
2026-01-17 14:56:32 | INFO     | Objetivo Crononauta: #5375 | Fecha: 18/01/2026 21:00
2026-01-17 14:56:32 | INFO     |   forense_biometrico: [3, 6, 14, 29, 30, 33] [Score ADN: 6.35]
2026-01-17 14:56:32 | INFO     |   gaussiano_inteligente: [11, 23, 26, 30, 31, 36] [Score ADN: 5.95]
2026-01-17 14:56:32 | INFO     |   delta_dna: [2, 10, 25, 26, 31, 37] [Score ADN: 5.95]
2026-01-17 14:56:32 | INFO     |   markov_chain: [8, 21, 27, 29, 37, 39] [Score ADN: 14.05]
2026-01-17 14:57:59 | INFO     |   oraculo_neural_v3 (Pool: 85): [6, 7, 10, 23, 34, 37] [OK] [Confianza: 1.83x]
2026-01-17 14:58:14 | INFO     |   oraculo_neural_v4 (Pool: 100): [1, 13, 15, 29, 33, 35] [OK] [Confianza: 2.11x]
2026-01-17 14:58:14 | INFO     | Consenso Determinista validado (Score ADN: 18.65)
2026-01-17 14:58:14 | INFO     | TICKET FINAL: [1, 13, 15, 29, 33, 37] | 🔥 ALTA CONFIANZA (36.26%)
2026-01-17 14:58:14 | INFO     | ----------------------------------------
2026-01-17 14:58:14 | INFO     | UNIVERSO: LOTO3
2026-01-17 14:58:14 | DEBUG    | Pesos de confianza: {'consenso_meritocratico_v2': 3.150596984114906, 'forense_biometrico_v1': 2.990719731730447, 'oraculo_neural_v3': 2.9349201341572337, 'oraculo_neural_v4': 3.2280337626529665}
2026-01-17 14:58:14 | INFO     | Objetivo Crononauta: #23998 | Fecha: 17/01/2026 14:00
2026-01-17 14:58:14 | INFO     |   forense_biometrico: [0, 1, 7] [Score ADN: 5.0]
2026-01-17 14:58:22 | WARNING  | v3 SILENCIADO. Motivos: {'OK': 100}
2026-01-17 14:58:30 | INFO     |   oraculo_neural_v4 (Pool: 100): [0, 7, 9] [OK] [Confianza: 1.84x]
2026-01-17 14:58:30 | INFO     | Consenso Determinista validado (Score ADN: 6.1)
2026-01-17 14:58:30 | INFO     | TICKET FINAL: [0, 7, 9] | 🔥 ALTA CONFIANZA (68.22%)
2026-01-17 14:58:30 | INFO     | ----------------------------------------
2026-01-17 14:58:30 | INFO     | UNIVERSO: LOTO4
2026-01-17 14:58:30 | DEBUG    | Pesos de confianza: {'consenso_meritocratico_v2': 0.6931471805599453, 'forense_biometrico_v1': 0.6931471805599453, 'oraculo_neural_v3': 0.8919980393051105, 'oraculo_neural_v4': 0.6931471805599453}
2026-01-17 14:58:30 | INFO     | Objetivo Crononauta: #11568 | Fecha: 17/01/2026 14:00
2026-01-17 14:58:30 | INFO     |   forense_biometrico: [1, 11, 17, 18] [Score ADN: 3.25]
2026-01-17 14:59:24 | INFO     |   oraculo_neural_v3 (Pool: 89): [6, 7, 9, 11] [OK] [Confianza: 2.22x]
2026-01-17 14:59:34 | INFO     |   oraculo_neural_v4 (Pool: 100): [1, 5, 9, 16] [OK] [Confianza: 2.38x]
2026-01-17 14:59:34 | DEBUG    | Consenso Top-N rechazado por morfología. Iniciando Muestreo Estocástico...
2026-01-17 14:59:34 | INFO     | Muestreo exitoso tras 0 intentos (Score ADN: 8.45)
2026-01-17 14:59:34 | INFO     | TICKET FINAL: [2, 7, 10, 21] | 🔥 ALTA CONFIANZA (54.5%)
2026-01-17 14:59:34 | INFO     | ----------------------------------------
2026-01-17 14:59:34 | INFO     | UNIVERSO: RACHA
2026-01-17 14:59:34 | DEBUG    | Pesos de confianza: {'consenso_meritocratico_v2': 2.900871992530031, 'forense_biometrico_v1': 2.8148097376737438, 'oraculo_neural_v3': 2.853015971352396, 'oraculo_neural_v4': 2.7806808921371178}
2026-01-17 14:59:34 | INFO     | Objetivo Crononauta: #10301 | Fecha: 17/01/2026 15:00
2026-01-17 14:59:34 | INFO     |   forense_biometrico: [3, 4, 7, 8, 9, 11, 14, 16, 17, 18] [Score ADN: 4.9]
2026-01-17 15:00:18 | INFO     |   oraculo_neural_v3 (Pool: 78): [4, 5, 6, 7, 8, 10, 11, 13, 15, 20] [OK] [Confianza: 2.22x]
2026-01-17 15:01:01 | INFO     |   oraculo_neural_v4 (Pool: 100): [1, 2, 3, 4, 8, 13, 15, 17, 18, 19] [OK] [Confianza: 2.14x]
2026-01-17 15:01:01 | INFO     | Consenso Determinista validado (Score ADN: 22.7)
2026-01-17 15:01:01 | INFO     | TICKET FINAL: [1, 4, 5, 8, 10, 11, 13, 15, 18, 20] | 🔥 ALTA CONFIANZA (68.3%)
2026-01-17 15:01:01 | INFO     | Forzando sincronización del laboratorio...
2026-01-17 15:01:01 | INFO     | Dashboard sincronizado correctamente.
2026-01-17 15:01:01 | INFO     | ============================================================
2026-01-17 15:01:01 | INFO     | PROCESO DEL SOÑADOR TERMINADO
2026-01-17 15:01:01 | INFO     | Total predicciones generadas: 18
2026-01-17 15:01:01 | INFO     | Log guardado en: /home/runner/work/lotus-2026/lotus-2026/engine/models/../../logs/bot_dreamer_20260117_145631.log
2026-01-17 15:01:01 | INFO     | ============================================================
