2026-01-19 14:23:29 | INFO     | === LOG INICIADO: /home/runner/work/lotus-2026/lotus-2026/engine/models/../../logs/bot_dreamer_20260119_142329.log ===
2026-01-19 14:23:30 | DEBUG    | OraculoNeural importado correctamente
2026-01-19 14:23:30 | DEBUG    | LotoForense importado correctamente
2026-01-19 14:23:30 | DEBUG    | MetaLearner importado correctamente
2026-01-19 14:23:30 | DEBUG    | Loto3Ultra importado correctamente
2026-01-19 14:23:30 | INFO     | ============================================================
2026-01-19 14:23:30 | INFO     | INICIANDO BOT SOÑADOR: LÓBULOS ESPECIALIZADOS v12.4
2026-01-19 14:23:30 | INFO     | ============================================================
2026-01-19 14:23:30 | DEBUG    | MetaLearner activo: True
2026-01-19 14:23:30 | INFO     | Hora Chile: 2026-01-19 11:23:30 | Día: 0 | Hora: 11
2026-01-19 14:23:30 | INFO     | Cortex cargado: Rankings y Morfología segmentados por juego.
2026-01-19 14:23:30 | DEBUG    | Juegos en genoma: ['LOTO', 'LOTO3', 'LOTO4', 'RACHA']
2026-01-19 14:23:30 | INFO     | ----------------------------------------
2026-01-19 14:23:30 | INFO     | UNIVERSO: LOTO
2026-01-19 14:23:30 | DEBUG    | Pesos de confianza: {'consenso_meritocratico_v2': 0.6931471805599453, 'consenso_v1': 0.7929925155296614, 'delta_tactico_v1': 0.6931471805599453, 'forense_biometrico_v1': 0.6931471805599453, 'gaussiano_tactico_v1': 0.6931471805599453, 'markov_chain_v1': 0.6931471805599453, 'oraculo_neural_v3': 0.6931471805599453, 'oraculo_neural_v4': 0.6931471805599453}
2026-01-19 14:23:30 | INFO     | Objetivo Crononauta: #5376 | Fecha: 20/01/2026 21:00
2026-01-19 14:23:30 | INFO     |   forense_biometrico: [8, 13, 14, 16, 27, 37] [Score ADN: 6.35]
2026-01-19 14:23:30 | INFO     |   gaussiano_inteligente: [5, 11, 12, 18, 32, 37] [Score ADN: 5.95]
2026-01-19 14:23:30 | INFO     |   delta_dna: [7, 12, 19, 26, 34, 35] [Score ADN: 6.35]
2026-01-19 14:23:30 | INFO     |   markov_chain: [1, 16, 21, 24, 30, 34] [Score ADN: 23.05]
2026-01-19 14:24:49 | INFO     |   oraculo_neural_v3 (Pool: 82): [8, 11, 16, 17, 38, 41] [OK] [Confianza: 1.83x]
2026-01-19 14:25:04 | INFO     |   oraculo_neural_v4 (Pool: 100): [4, 18, 20, 27, 29, 35] [OK] [Confianza: 2.22x]
2026-01-19 14:25:04 | INFO     | Consenso Determinista validado (Score ADN: 7.35)
2026-01-19 14:25:04 | INFO     | TICKET FINAL: [16, 17, 20, 27, 29, 35] | 🔥 ALTA CONFIANZA (34.23%)
2026-01-19 14:25:04 | INFO     | ----------------------------------------
2026-01-19 14:25:04 | INFO     | UNIVERSO: LOTO3
2026-01-19 14:25:04 | INFO     | Activando LOTO3 ULTRA (Ensemble Avanzado)...
2026-01-19 14:25:05 | INFO     | LOTO3 ULTRA: 10 predicciones generadas
2026-01-19 14:25:05 | INFO     | ----------------------------------------
2026-01-19 14:25:05 | INFO     | UNIVERSO: LOTO4
2026-01-19 14:25:05 | DEBUG    | Pesos de confianza: {'consenso_meritocratico_v2': 0.6931471805599453, 'forense_biometrico_v1': 0.6931471805599453, 'oraculo_neural_v3': 0.8919980393051105, 'oraculo_neural_v4': 0.7929925155296614}
2026-01-19 14:25:05 | INFO     | Objetivo Crononauta: #11572 | Fecha: 19/01/2026 14:00
2026-01-19 14:25:05 | INFO     |   forense_biometrico: [7, 13, 15, 16] [Score ADN: 3.25]
2026-01-19 14:25:54 | INFO     |   oraculo_neural_v3 (Pool: 91): [1, 11, 17, 18] [OK] [Confianza: 2.22x]
2026-01-19 14:26:03 | INFO     |   oraculo_neural_v4 (Pool: 100): [5, 9, 10, 19] [OK] [Confianza: 2.22x]
2026-01-19 14:26:03 | INFO     | Consenso Determinista validado (Score ADN: 10.45)
2026-01-19 14:26:03 | INFO     | TICKET FINAL: [1, 9, 11, 18] | 🔥 ALTA CONFIANZA (46.06%)
2026-01-19 14:26:03 | INFO     | ----------------------------------------
2026-01-19 14:26:03 | INFO     | UNIVERSO: RACHA
2026-01-19 14:26:03 | DEBUG    | Pesos de confianza: {'consenso_meritocratico_v2': 2.900871992530031, 'forense_biometrico_v1': 2.8148097376737438, 'oraculo_neural_v3': 2.853015971352396, 'oraculo_neural_v4': 2.7806808921371178}
2026-01-19 14:26:03 | INFO     | Objetivo Crononauta: #10305 | Fecha: 19/01/2026 15:00
2026-01-19 14:26:03 | INFO     |   forense_biometrico: [4, 5, 6, 9, 10, 11, 13, 16, 18, 19] [Score ADN: 4.9]
2026-01-19 14:26:44 | INFO     |   oraculo_neural_v3 (Pool: 76): [1, 2, 8, 9, 10, 12, 13, 16, 17, 19] [OK] [Confianza: 2.22x]
2026-01-19 14:27:22 | INFO     |   oraculo_neural_v4 (Pool: 100): [1, 2, 3, 4, 8, 9, 14, 16, 17, 19] [OK] [Confianza: 2.14x]
2026-01-19 14:27:22 | INFO     | Consenso Determinista validado (Score ADN: 4.9)
2026-01-19 14:27:22 | INFO     | TICKET FINAL: [1, 2, 8, 9, 12, 13, 14, 16, 17, 19] | 🔥 ALTA CONFIANZA (77.61%)
2026-01-19 14:27:22 | INFO     | Forzando sincronización del laboratorio...
2026-01-19 14:27:22 | INFO     | Dashboard sincronizado correctamente.
2026-01-19 14:27:22 | INFO     | ============================================================
2026-01-19 14:27:22 | INFO     | PROCESO DEL SOÑADOR TERMINADO
2026-01-19 14:27:22 | INFO     | Total predicciones generadas: 20
2026-01-19 14:27:22 | INFO     | Log guardado en: /home/runner/work/lotus-2026/lotus-2026/engine/models/../../logs/bot_dreamer_20260119_142329.log
2026-01-19 14:27:22 | INFO     | ============================================================
