2026-01-22 19:40:05 | INFO     | === LOG INICIADO: /home/runner/work/lotus-2026/lotus-2026/engine/models/../../logs/bot_dreamer_20260122_194005.log ===
2026-01-22 19:40:06 | DEBUG    | OraculoNeural importado correctamente
2026-01-22 19:40:06 | DEBUG    | LotoForense importado correctamente
2026-01-22 19:40:06 | DEBUG    | MetaLearner importado correctamente
2026-01-22 19:40:06 | DEBUG    | Loto3Ultra importado correctamente
2026-01-22 19:40:06 | INFO     | ============================================================
2026-01-22 19:40:06 | INFO     | INICIANDO BOT SOÑADOR: LÓBULOS ESPECIALIZADOS v12.4
2026-01-22 19:40:06 | INFO     | ============================================================
2026-01-22 19:40:06 | DEBUG    | MetaLearner activo: True
2026-01-22 19:40:06 | INFO     | Hora Chile: 2026-01-22 16:40:06 | Día: 3 | Hora: 16
2026-01-22 19:40:06 | INFO     | Cortex cargado: Rankings y Morfología segmentados por juego.
2026-01-22 19:40:06 | DEBUG    | Juegos en genoma: ['LOTO', 'LOTO3', 'LOTO4', 'RACHA']
2026-01-22 19:40:06 | INFO     | ----------------------------------------
2026-01-22 19:40:06 | INFO     | UNIVERSO: LOTO
2026-01-22 19:40:06 | DEBUG    | Pesos de confianza: {'consenso_meritocratico_v2': 0.6931471805599453, 'consenso_v1': 0.7929925155296614, 'delta_tactico_v1': 0.6931471805599453, 'forense_biometrico_v1': 0.6931471805599453, 'gaussiano_tactico_v1': 0.6931471805599453, 'markov_chain_v1': 0.6931471805599453, 'oraculo_neural_v3': 1.1537315878891892, 'oraculo_neural_v4': 0.6931471805599453}
2026-01-22 19:40:06 | INFO     | Objetivo Crononauta: #5377 | Fecha: 22/01/2026 21:00
2026-01-22 19:40:06 | INFO     |   forense_biometrico: [7, 10, 11, 18, 31, 36] [Score ADN: 5.95]
2026-01-22 19:40:06 | INFO     |   gaussiano_inteligente: [2, 16, 29, 31, 34, 35] [Score ADN: 5.95]
2026-01-22 19:40:06 | INFO     |   delta_dna: [2, 13, 14, 18, 27, 31] [Score ADN: 5.95]
2026-01-22 19:40:06 | INFO     |   markov_chain: [7, 15, 19, 22, 28, 41] [Score ADN: 8.65]
2026-01-22 19:40:59 | INFO     |   oraculo_neural_v3 (Pool: 89): [2, 13, 14, 18, 35, 41] [OK] [Confianza: 1.83x]
2026-01-22 19:41:08 | INFO     |   oraculo_neural_v4 (Pool: 100): [2, 5, 15, 29, 30, 41] [OK] [Confianza: 1.84x]
2026-01-22 19:41:08 | INFO     | Consenso Determinista validado (Score ADN: 11.95)
2026-01-22 19:41:08 | INFO     | TICKET FINAL: [2, 13, 14, 15, 35, 41] | 🔥 ALTA CONFIANZA (41.58%)
2026-01-22 19:41:08 | INFO     | ----------------------------------------
2026-01-22 19:41:08 | INFO     | UNIVERSO: LOTO3
2026-01-22 19:41:08 | INFO     | Activando LOTO3 ULTRA (Ensemble Avanzado)...
2026-01-22 19:41:08 | INFO     | LOTO3 ULTRA: 10 predicciones generadas y guardadas.
2026-01-22 19:41:08 | INFO     | ----------------------------------------
2026-01-22 19:41:08 | INFO     | UNIVERSO: LOTO4
2026-01-22 19:41:08 | DEBUG    | Pesos de confianza: {'consenso_meritocratico_v2': 0.6931471805599453, 'forense_biometrico_v1': 0.6931471805599453, 'oraculo_neural_v3': 0.8919980393051105, 'oraculo_neural_v4': 0.7929925155296614}
2026-01-22 19:41:08 | INFO     | Objetivo Crononauta: #11579 | Fecha: 22/01/2026 21:00
2026-01-22 19:41:08 | INFO     |   forense_biometrico: [7, 17, 18, 21] [Score ADN: 3.25]
2026-01-22 19:42:06 | INFO     |   oraculo_neural_v3 (Pool: 84): [3, 19, 21, 22] [OK] [Confianza: 2.22x]
2026-01-22 19:42:12 | INFO     |   oraculo_neural_v4 (Pool: 100): [3, 9, 15, 18] [OK] [Confianza: 2.23x]
2026-01-22 19:42:12 | INFO     | Consenso Determinista validado (Score ADN: 3.25)
2026-01-22 19:42:12 | INFO     | TICKET FINAL: [3, 19, 21, 22] | 🔥 ALTA CONFIANZA (51.44%)
2026-01-22 19:42:12 | INFO     | ----------------------------------------
2026-01-22 19:42:12 | INFO     | UNIVERSO: RACHA
2026-01-22 19:42:12 | DEBUG    | Pesos de confianza: {'consenso_meritocratico_v2': 2.900871992530031, 'forense_biometrico_v1': 2.8148097376737438, 'oraculo_neural_v3': 2.853015971352396, 'oraculo_neural_v4': 2.7806808921371178}
2026-01-22 19:42:12 | INFO     | Objetivo Crononauta: #10312 | Fecha: 22/01/2026 22:00
2026-01-22 19:42:12 | INFO     |   forense_biometrico: [3, 4, 5, 7, 11, 12, 13, 14, 18, 20] [Score ADN: 5.9]
2026-01-22 19:42:39 | INFO     |   oraculo_neural_v3 (Pool: 83): [1, 2, 6, 7, 8, 11, 14, 15, 18, 19] [OK] [Confianza: 2.23x]
2026-01-22 19:43:05 | INFO     |   oraculo_neural_v4 (Pool: 100): [1, 2, 3, 6, 7, 9, 10, 11, 16, 20] [OK] [Confianza: 2.14x]
2026-01-22 19:43:05 | INFO     | Consenso Determinista validado (Score ADN: 12.7)
2026-01-22 19:43:05 | INFO     | TICKET FINAL: [1, 2, 3, 6, 7, 10, 11, 14, 16, 20] | 🔥 ALTA CONFIANZA (70.04%)
2026-01-22 19:43:05 | INFO     | Forzando sincronización del laboratorio...
2026-01-22 19:43:05 | INFO     | Dashboard sincronizado correctamente.
2026-01-22 19:43:05 | INFO     | ============================================================
2026-01-22 19:43:05 | INFO     | PROCESO DEL SOÑADOR TERMINADO
2026-01-22 19:43:05 | INFO     | Total predicciones generadas: 15
2026-01-22 19:43:05 | INFO     | Log guardado en: /home/runner/work/lotus-2026/lotus-2026/engine/models/../../logs/bot_dreamer_20260122_194005.log
2026-01-22 19:43:05 | INFO     | ============================================================
