2026-01-19 17:15:14 | INFO     | === LOG INICIADO: /home/runner/work/lotus-2026/lotus-2026/engine/models/../../logs/bot_dreamer_20260119_171514.log ===
2026-01-19 17:15:15 | DEBUG    | OraculoNeural importado correctamente
2026-01-19 17:15:15 | DEBUG    | LotoForense importado correctamente
2026-01-19 17:15:15 | DEBUG    | MetaLearner importado correctamente
2026-01-19 17:15:15 | DEBUG    | Loto3Ultra importado correctamente
2026-01-19 17:15:15 | INFO     | ============================================================
2026-01-19 17:15:15 | INFO     | INICIANDO BOT SOÑADOR: LÓBULOS ESPECIALIZADOS v12.4
2026-01-19 17:15:15 | INFO     | ============================================================
2026-01-19 17:15:15 | DEBUG    | MetaLearner activo: True
2026-01-19 17:15:15 | INFO     | Hora Chile: 2026-01-19 14:15:15 | Día: 0 | Hora: 14
2026-01-19 17:15:15 | INFO     | Cortex cargado: Rankings y Morfología segmentados por juego.
2026-01-19 17:15:15 | DEBUG    | Juegos en genoma: ['LOTO', 'LOTO3', 'LOTO4', 'RACHA']
2026-01-19 17:15:15 | INFO     | ----------------------------------------
2026-01-19 17:15:15 | INFO     | UNIVERSO: LOTO
2026-01-19 17:15:15 | DEBUG    | Pesos de confianza: {'consenso_meritocratico_v2': 0.6931471805599453, 'consenso_v1': 0.7929925155296614, 'delta_tactico_v1': 0.6931471805599453, 'forense_biometrico_v1': 0.6931471805599453, 'gaussiano_tactico_v1': 0.6931471805599453, 'markov_chain_v1': 0.6931471805599453, 'oraculo_neural_v3': 0.6931471805599453, 'oraculo_neural_v4': 0.6931471805599453}
2026-01-19 17:15:15 | INFO     | Objetivo Crononauta: #5376 | Fecha: 20/01/2026 21:00
2026-01-19 17:15:15 | INFO     |   forense_biometrico: [8, 10, 23, 24, 31, 37] [Score ADN: 5.95]
2026-01-19 17:15:15 | INFO     |   gaussiano_inteligente: [2, 3, 16, 30, 33, 41] [Score ADN: 5.95]
2026-01-19 17:15:15 | INFO     |   delta_dna: [5, 13, 18, 28, 29, 34] [Score ADN: 5.95]
2026-01-19 17:15:15 | INFO     |   markov_chain: [1, 16, 21, 24, 30, 34] [Score ADN: 23.05]
2026-01-19 17:16:35 | INFO     |   oraculo_neural_v3 (Pool: 88): [19, 20, 23, 28, 38, 41] [OK] [Confianza: 1.83x]
2026-01-19 17:16:50 | INFO     |   oraculo_neural_v4 (Pool: 100): [4, 18, 20, 27, 29, 35] [OK] [Confianza: 2.22x]
2026-01-19 17:16:50 | INFO     | Consenso Determinista validado (Score ADN: 16.35)
2026-01-19 17:16:50 | INFO     | TICKET FINAL: [4, 18, 19, 20, 27, 35] | 🔥 ALTA CONFIANZA (32.92%)
2026-01-19 17:16:50 | INFO     | ----------------------------------------
2026-01-19 17:16:50 | INFO     | UNIVERSO: LOTO3
2026-01-19 17:16:50 | INFO     | Activando LOTO3 ULTRA (Ensemble Avanzado)...
2026-01-19 17:16:51 | INFO     | LOTO3 ULTRA: 10 predicciones generadas
2026-01-19 17:16:51 | INFO     | ----------------------------------------
2026-01-19 17:16:51 | INFO     | UNIVERSO: LOTO4
2026-01-19 17:16:51 | DEBUG    | Pesos de confianza: {'consenso_meritocratico_v2': 0.6931471805599453, 'forense_biometrico_v1': 0.6931471805599453, 'oraculo_neural_v3': 0.8919980393051105, 'oraculo_neural_v4': 0.7929925155296614}
2026-01-19 17:16:51 | INFO     | Objetivo Crononauta: #11573 | Fecha: 19/01/2026 21:00
2026-01-19 17:16:51 | INFO     |   forense_biometrico: [3, 9, 19, 20] [Score ADN: 3.25]
2026-01-19 17:17:41 | INFO     |   oraculo_neural_v3 (Pool: 94): [3, 17, 18, 21] [OK] [Confianza: 2.22x]
2026-01-19 17:17:49 | INFO     |   oraculo_neural_v4 (Pool: 100): [5, 9, 10, 19] [OK] [Confianza: 2.22x]
2026-01-19 17:17:49 | INFO     | Consenso Determinista validado (Score ADN: 3.25)
2026-01-19 17:17:49 | INFO     | TICKET FINAL: [3, 17, 18, 21] | 🔥 ALTA CONFIANZA (44.16%)
2026-01-19 17:17:49 | INFO     | ----------------------------------------
2026-01-19 17:17:49 | INFO     | UNIVERSO: RACHA
2026-01-19 17:17:49 | DEBUG    | Pesos de confianza: {'oraculo_neural_v3': 1.3862943611198906, 'oraculo_neural_v4': 1.308332819650179}
2026-01-19 17:17:49 | INFO     | Objetivo Crononauta: #10305 | Fecha: 19/01/2026 15:00
2026-01-19 17:17:49 | INFO     |   forense_biometrico: [1, 2, 3, 8, 9, 10, 13, 14, 17, 20] [Score ADN: 4.9]
2026-01-19 17:18:30 | INFO     |   oraculo_neural_v3 (Pool: 82): [1, 4, 5, 6, 10, 11, 12, 13, 16, 19] [OK] [Confianza: 2.24x]
2026-01-19 17:19:11 | INFO     |   oraculo_neural_v4 (Pool: 100): [1, 2, 3, 4, 8, 9, 14, 16, 17, 19] [OK] [Confianza: 2.21x]
2026-01-19 17:19:11 | DEBUG    | Consenso Top-N rechazado por morfología. Iniciando Muestreo Estocástico...
2026-01-19 17:19:11 | INFO     | Muestreo exitoso tras 0 intentos (Score ADN: 7.7)
2026-01-19 17:19:11 | INFO     | TICKET FINAL: [1, 4, 8, 10, 11, 12, 13, 17, 19, 20] | 🔥 ALTA CONFIANZA (68.1%)
2026-01-19 17:19:11 | INFO     | Forzando sincronización del laboratorio...
2026-01-19 17:19:11 | INFO     | Dashboard sincronizado correctamente.
2026-01-19 17:19:11 | INFO     | ============================================================
2026-01-19 17:19:11 | INFO     | PROCESO DEL SOÑADOR TERMINADO
2026-01-19 17:19:11 | INFO     | Total predicciones generadas: 20
2026-01-19 17:19:11 | INFO     | Log guardado en: /home/runner/work/lotus-2026/lotus-2026/engine/models/../../logs/bot_dreamer_20260119_171514.log
2026-01-19 17:19:11 | INFO     | ============================================================
