2026-01-18 17:34:02 | INFO     | === LOG INICIADO: /home/runner/work/lotus-2026/lotus-2026/engine/models/../../logs/bot_dreamer_20260118_173402.log ===
2026-01-18 17:34:03 | DEBUG    | OraculoNeural importado correctamente
2026-01-18 17:34:03 | DEBUG    | LotoForense importado correctamente
2026-01-18 17:34:03 | DEBUG    | MetaLearner importado correctamente
2026-01-18 17:34:03 | DEBUG    | Loto3Ultra importado correctamente
2026-01-18 17:34:03 | INFO     | ============================================================
2026-01-18 17:34:03 | INFO     | INICIANDO BOT SOÑADOR: LÓBULOS ESPECIALIZADOS v12.4
2026-01-18 17:34:03 | INFO     | ============================================================
2026-01-18 17:34:03 | DEBUG    | MetaLearner activo: True
2026-01-18 17:34:03 | INFO     | Hora Chile: 2026-01-18 14:34:03 | Día: 6 | Hora: 14
2026-01-18 17:34:03 | INFO     | Cortex cargado: Rankings y Morfología segmentados por juego.
2026-01-18 17:34:03 | DEBUG    | Juegos en genoma: ['LOTO', 'LOTO3', 'LOTO4', 'RACHA']
2026-01-18 17:34:03 | INFO     | ----------------------------------------
2026-01-18 17:34:03 | INFO     | UNIVERSO: LOTO
2026-01-18 17:34:03 | DEBUG    | Pesos de confianza: {'consenso_meritocratico_v2': 0.6931471805599453, 'consenso_v1': 0.7929925155296614, 'delta_tactico_v1': 0.6931471805599453, 'forense_biometrico_v1': 0.6931471805599453, 'gaussiano_tactico_v1': 0.6931471805599453, 'markov_chain_v1': 0.6931471805599453, 'oraculo_neural_v3': 0.6931471805599453, 'oraculo_neural_v4': 0.6931471805599453}
2026-01-18 17:34:03 | INFO     | Objetivo Crononauta: #5375 | Fecha: 18/01/2026 21:00
2026-01-18 17:34:03 | INFO     |   forense_biometrico: [2, 21, 22, 32, 37, 41] [Score ADN: 5.95]
2026-01-18 17:34:03 | INFO     |   gaussiano_inteligente: [4, 10, 23, 37, 40, 41] [Score ADN: 5.95]
2026-01-18 17:34:03 | INFO     |   delta_dna: [19, 20, 24, 29, 31, 40] [Score ADN: 5.95]
2026-01-18 17:34:03 | INFO     |   markov_chain: [12, 14, 18, 22, 28, 32] [Score ADN: 33.05]
2026-01-18 17:35:26 | INFO     |   oraculo_neural_v3 (Pool: 92): [3, 6, 7, 32, 36, 41] [OK] [Confianza: 1.83x]
2026-01-18 17:35:41 | INFO     |   oraculo_neural_v4 (Pool: 100): [1, 13, 15, 29, 33, 35] [OK] [Confianza: 2.11x]
2026-01-18 17:35:41 | INFO     | Consenso Determinista validado (Score ADN: 7.35)
2026-01-18 17:35:41 | INFO     | TICKET FINAL: [6, 13, 15, 29, 32, 33] | 🔥 ALTA CONFIANZA (32.37%)
2026-01-18 17:35:41 | INFO     | ----------------------------------------
2026-01-18 17:35:41 | INFO     | UNIVERSO: LOTO3
2026-01-18 17:35:41 | INFO     | Activando LOTO3 ULTRA (Ensemble Avanzado)...
2026-01-18 17:35:42 | INFO     | LOTO3 ULTRA: 10 predicciones generadas
2026-01-18 17:35:42 | INFO     | ----------------------------------------
2026-01-18 17:35:42 | INFO     | UNIVERSO: LOTO4
2026-01-18 17:35:42 | DEBUG    | Pesos de confianza: {'consenso_meritocratico_v2': 0.6931471805599453, 'forense_biometrico_v1': 0.6931471805599453, 'oraculo_neural_v3': 0.8919980393051105, 'oraculo_neural_v4': 0.7929925155296614}
2026-01-18 17:35:42 | INFO     | Objetivo Crononauta: #11571 | Fecha: 18/01/2026 21:00
2026-01-18 17:35:42 | INFO     |   forense_biometrico: [7, 11, 12, 15] [Score ADN: 3.25]
2026-01-18 17:36:32 | INFO     |   oraculo_neural_v3 (Pool: 89): [5, 11, 15, 16] [OK] [Confianza: 2.22x]
2026-01-18 17:36:41 | INFO     |   oraculo_neural_v4 (Pool: 100): [4, 6, 17, 18] [OK] [Confianza: 2.38x]
2026-01-18 17:36:41 | INFO     | Consenso Determinista validado (Score ADN: 3.25)
2026-01-18 17:36:41 | INFO     | TICKET FINAL: [4, 5, 11, 15] | 🔥 ALTA CONFIANZA (45.52%)
2026-01-18 17:36:41 | INFO     | ----------------------------------------
2026-01-18 17:36:41 | INFO     | UNIVERSO: RACHA
2026-01-18 17:36:41 | DEBUG    | Pesos de confianza: {'oraculo_neural_v3': 1.3862943611198906, 'oraculo_neural_v4': 1.308332819650179}
2026-01-18 17:36:41 | INFO     | Objetivo Crononauta: #10303 | Fecha: 18/01/2026 15:00
2026-01-18 17:36:41 | INFO     |   forense_biometrico: [4, 5, 7, 9, 10, 11, 12, 16, 18, 19] [Score ADN: 4.9]
2026-01-18 17:37:21 | INFO     |   oraculo_neural_v3 (Pool: 87): [1, 3, 8, 10, 11, 12, 13, 14, 18, 19] [OK] [Confianza: 2.24x]
2026-01-18 17:38:02 | INFO     |   oraculo_neural_v4 (Pool: 100): [1, 2, 3, 6, 7, 8, 9, 11, 13, 15] [OK] [Confianza: 1.69x]
2026-01-18 17:38:02 | INFO     | Consenso Determinista validado (Score ADN: 4.9)
2026-01-18 17:38:02 | INFO     | TICKET FINAL: [1, 3, 8, 10, 11, 12, 13, 14, 18, 19] | 🔥 ALTA CONFIANZA (73.51%)
2026-01-18 17:38:02 | INFO     | Forzando sincronización del laboratorio...
2026-01-18 17:38:02 | INFO     | Dashboard sincronizado correctamente.
2026-01-18 17:38:02 | INFO     | ============================================================
2026-01-18 17:38:02 | INFO     | PROCESO DEL SOÑADOR TERMINADO
2026-01-18 17:38:02 | INFO     | Total predicciones generadas: 20
2026-01-18 17:38:02 | INFO     | Log guardado en: /home/runner/work/lotus-2026/lotus-2026/engine/models/../../logs/bot_dreamer_20260118_173402.log
2026-01-18 17:38:02 | INFO     | ============================================================
