2026-01-18 10:44:11 | INFO     | === LOG INICIADO: /home/runner/work/lotus-2026/lotus-2026/engine/models/../../logs/bot_dreamer_20260118_104411.log ===
2026-01-18 10:44:12 | DEBUG    | OraculoNeural importado correctamente
2026-01-18 10:44:12 | DEBUG    | LotoForense importado correctamente
2026-01-18 10:44:12 | DEBUG    | MetaLearner importado correctamente
2026-01-18 10:44:12 | DEBUG    | Loto3Ultra importado correctamente
2026-01-18 10:44:12 | INFO     | ============================================================
2026-01-18 10:44:12 | INFO     | INICIANDO BOT SOÑADOR: LÓBULOS ESPECIALIZADOS v12.4
2026-01-18 10:44:12 | INFO     | ============================================================
2026-01-18 10:44:12 | DEBUG    | MetaLearner activo: True
2026-01-18 10:44:12 | INFO     | Hora Chile: 2026-01-18 07:44:12 | Día: 6 | Hora: 7
2026-01-18 10:44:12 | INFO     | Cortex cargado: Rankings y Morfología segmentados por juego.
2026-01-18 10:44:12 | DEBUG    | Juegos en genoma: ['LOTO', 'LOTO3', 'LOTO4', 'RACHA']
2026-01-18 10:44:12 | INFO     | ----------------------------------------
2026-01-18 10:44:12 | INFO     | UNIVERSO: LOTO
2026-01-18 10:44:12 | DEBUG    | Pesos de confianza: {'consenso_meritocratico_v2': 0.6931471805599453, 'consenso_v1': 0.7929925155296614, 'delta_tactico_v1': 0.6931471805599453, 'forense_biometrico_v1': 0.6931471805599453, 'gaussiano_tactico_v1': 0.6931471805599453, 'markov_chain_v1': 0.6931471805599453, 'oraculo_neural_v3': 0.6931471805599453, 'oraculo_neural_v4': 0.6931471805599453}
2026-01-18 10:44:12 | INFO     | Objetivo Crononauta: #5375 | Fecha: 18/01/2026 21:00
2026-01-18 10:44:12 | INFO     |   forense_biometrico: [5, 11, 18, 20, 23, 24] [Score ADN: 5.95]
2026-01-18 10:44:12 | INFO     |   gaussiano_inteligente: [2, 19, 21, 26, 40, 41] [Score ADN: 5.95]
2026-01-18 10:44:12 | INFO     |   delta_dna: [16, 19, 20, 23, 34, 37] [Score ADN: 5.95]
2026-01-18 10:44:12 | INFO     |   markov_chain: [12, 14, 18, 22, 28, 32] [Score ADN: 33.05]
2026-01-18 10:45:31 | INFO     |   oraculo_neural_v3 (Pool: 85): [2, 14, 17, 21, 31, 32] [OK] [Confianza: 1.83x]
2026-01-18 10:45:47 | INFO     |   oraculo_neural_v4 (Pool: 100): [1, 13, 15, 29, 33, 35] [OK] [Confianza: 2.11x]
2026-01-18 10:45:47 | INFO     | Consenso Determinista validado (Score ADN: 12.35)
2026-01-18 10:45:47 | INFO     | TICKET FINAL: [14, 15, 17, 31, 32, 35] | 🔥 ALTA CONFIANZA (35.04%)
2026-01-18 10:45:47 | INFO     | ----------------------------------------
2026-01-18 10:45:47 | INFO     | UNIVERSO: LOTO3
2026-01-18 10:45:47 | INFO     | Activando LOTO3 ULTRA (Ensemble Avanzado)...
2026-01-18 10:45:47 | INFO     | LOTO3 ULTRA: 10 predicciones generadas
2026-01-18 10:45:47 | INFO     | ----------------------------------------
2026-01-18 10:45:47 | INFO     | UNIVERSO: LOTO4
2026-01-18 10:45:47 | DEBUG    | Pesos de confianza: {'consenso_meritocratico_v2': 0.6931471805599453, 'forense_biometrico_v1': 0.6931471805599453, 'oraculo_neural_v3': 0.8919980393051105, 'oraculo_neural_v4': 0.7929925155296614}
2026-01-18 10:45:47 | INFO     | Objetivo Crononauta: #11570 | Fecha: 18/01/2026 14:00
2026-01-18 10:45:47 | INFO     |   forense_biometrico: [1, 18, 19, 23] [Score ADN: 3.25]
2026-01-18 10:46:36 | INFO     |   oraculo_neural_v3 (Pool: 89): [9, 13, 14, 23] [OK] [Confianza: 2.22x]
2026-01-18 10:46:52 | INFO     |   oraculo_neural_v4 (Pool: 100): [1, 6, 14, 15] [OK] [Confianza: 2.38x]
2026-01-18 10:46:52 | INFO     | Consenso Determinista validado (Score ADN: 11.55)
2026-01-18 10:46:52 | INFO     | TICKET FINAL: [1, 13, 14, 15] | 🔥 ALTA CONFIANZA (55.77%)
2026-01-18 10:46:52 | INFO     | ----------------------------------------
2026-01-18 10:46:52 | INFO     | UNIVERSO: RACHA
2026-01-18 10:46:52 | DEBUG    | Pesos de confianza: {'consenso_meritocratico_v2': 2.900871992530031, 'forense_biometrico_v1': 2.8148097376737438, 'oraculo_neural_v3': 2.853015971352396, 'oraculo_neural_v4': 2.7806808921371178}
2026-01-18 10:46:52 | INFO     | Objetivo Crononauta: #10303 | Fecha: 18/01/2026 15:00
2026-01-18 10:46:52 | INFO     |   forense_biometrico: [2, 3, 7, 9, 10, 12, 16, 17, 18, 19] [Score ADN: 5.9]
2026-01-18 10:47:33 | INFO     |   oraculo_neural_v3 (Pool: 76): [1, 2, 4, 5, 11, 12, 14, 15, 18, 19] [OK] [Confianza: 2.21x]
2026-01-18 10:48:12 | INFO     |   oraculo_neural_v4 (Pool: 100): [1, 2, 3, 6, 7, 8, 9, 11, 13, 15] [OK] [Confianza: 2.05x]
2026-01-18 10:48:12 | INFO     | Consenso Determinista validado (Score ADN: 14.9)
2026-01-18 10:48:12 | INFO     | TICKET FINAL: [1, 2, 6, 7, 8, 11, 12, 14, 15, 18] | 🔥 ALTA CONFIANZA (67.54%)
2026-01-18 10:48:12 | INFO     | Forzando sincronización del laboratorio...
2026-01-18 10:48:12 | INFO     | Dashboard sincronizado correctamente.
2026-01-18 10:48:12 | INFO     | ============================================================
2026-01-18 10:48:12 | INFO     | PROCESO DEL SOÑADOR TERMINADO
2026-01-18 10:48:12 | INFO     | Total predicciones generadas: 20
2026-01-18 10:48:12 | INFO     | Log guardado en: /home/runner/work/lotus-2026/lotus-2026/engine/models/../../logs/bot_dreamer_20260118_104411.log
2026-01-18 10:48:12 | INFO     | ============================================================
