2026-01-18 23:17:54 | INFO     | === LOG INICIADO: /home/runner/work/lotus-2026/lotus-2026/engine/models/../../logs/bot_dreamer_20260118_231754.log ===
2026-01-18 23:17:55 | DEBUG    | OraculoNeural importado correctamente
2026-01-18 23:17:55 | DEBUG    | LotoForense importado correctamente
2026-01-18 23:17:55 | DEBUG    | MetaLearner importado correctamente
2026-01-18 23:17:55 | DEBUG    | Loto3Ultra importado correctamente
2026-01-18 23:17:55 | INFO     | ============================================================
2026-01-18 23:17:55 | INFO     | INICIANDO BOT SOÑADOR: LÓBULOS ESPECIALIZADOS v12.4
2026-01-18 23:17:55 | INFO     | ============================================================
2026-01-18 23:17:55 | DEBUG    | MetaLearner activo: True
2026-01-18 23:17:55 | INFO     | Hora Chile: 2026-01-18 20:17:55 | Día: 6 | Hora: 20
2026-01-18 23:17:55 | INFO     | Cortex cargado: Rankings y Morfología segmentados por juego.
2026-01-18 23:17:55 | DEBUG    | Juegos en genoma: ['LOTO', 'LOTO3', 'LOTO4', 'RACHA']
2026-01-18 23:17:55 | INFO     | ----------------------------------------
2026-01-18 23:17:55 | INFO     | UNIVERSO: LOTO
2026-01-18 23:17:55 | DEBUG    | Pesos de confianza: {'consenso_meritocratico_v2': 0.6931471805599453, 'consenso_v1': 0.7929925155296614, 'delta_tactico_v1': 0.6931471805599453, 'forense_biometrico_v1': 0.6931471805599453, 'gaussiano_tactico_v1': 0.6931471805599453, 'markov_chain_v1': 0.6931471805599453, 'oraculo_neural_v3': 0.6931471805599453, 'oraculo_neural_v4': 0.6931471805599453}
2026-01-18 23:17:55 | INFO     | Objetivo Crononauta: #5375 | Fecha: 18/01/2026 21:00
2026-01-18 23:17:55 | INFO     |   forense_biometrico: [2, 7, 21, 22, 31, 40] [Score ADN: 5.95]
2026-01-18 23:17:55 | INFO     |   gaussiano_inteligente: [5, 16, 23, 34, 36, 37] [Score ADN: 5.95]
2026-01-18 23:17:55 | INFO     |   delta_dna: [7, 11, 14, 22, 29, 30] [Score ADN: 5.95]
2026-01-18 23:17:55 | INFO     |   markov_chain: [12, 14, 18, 22, 28, 32] [Score ADN: 33.05]
2026-01-18 23:19:20 | INFO     |   oraculo_neural_v3 (Pool: 87): [2, 10, 11, 22, 35, 37] [OK] [Confianza: 1.83x]
2026-01-18 23:19:36 | INFO     |   oraculo_neural_v4 (Pool: 100): [1, 13, 15, 29, 33, 35] [OK] [Confianza: 2.11x]
2026-01-18 23:19:36 | INFO     | Consenso Determinista validado (Score ADN: 19.05)
2026-01-18 23:19:36 | INFO     | TICKET FINAL: [1, 15, 22, 29, 33, 35] | 🔥 ALTA CONFIANZA (35.43%)
2026-01-18 23:19:36 | INFO     | ----------------------------------------
2026-01-18 23:19:36 | INFO     | UNIVERSO: LOTO3
2026-01-18 23:19:36 | INFO     | Activando LOTO3 ULTRA (Ensemble Avanzado)...
2026-01-18 23:19:37 | INFO     | LOTO3 ULTRA: 10 predicciones generadas
2026-01-18 23:19:37 | INFO     | ----------------------------------------
2026-01-18 23:19:37 | INFO     | UNIVERSO: LOTO4
2026-01-18 23:19:37 | DEBUG    | Pesos de confianza: {'oraculo_neural_v3': 1.0818051703517284}
2026-01-18 23:19:37 | INFO     | Objetivo Crononauta: #11571 | Fecha: 18/01/2026 21:00
2026-01-18 23:19:37 | INFO     |   forense_biometrico: [5, 6, 15, 23] [Score ADN: 3.25]
2026-01-18 23:20:30 | INFO     |   oraculo_neural_v3 (Pool: 91): [9, 17, 22, 23] [OK] [Confianza: 2.22x]
2026-01-18 23:20:39 | INFO     |   oraculo_neural_v4 (Pool: 100): [4, 6, 17, 18] [OK] [Confianza: 2.4x]
2026-01-18 23:20:39 | INFO     | Consenso Determinista validado (Score ADN: 7.85)
2026-01-18 23:20:39 | INFO     | TICKET FINAL: [9, 17, 18, 22] | 🔥 ALTA CONFIANZA (57.46%)
2026-01-18 23:20:39 | INFO     | ----------------------------------------
2026-01-18 23:20:39 | INFO     | UNIVERSO: RACHA
2026-01-18 23:20:39 | DEBUG    | Pesos de confianza: {'consenso_meritocratico_v2': 2.900871992530031, 'forense_biometrico_v1': 2.8148097376737438, 'oraculo_neural_v3': 2.853015971352396, 'oraculo_neural_v4': 2.7806808921371178}
2026-01-18 23:20:39 | INFO     | Objetivo Crononauta: #10304 | Fecha: 18/01/2026 22:00
2026-01-18 23:20:39 | INFO     |   forense_biometrico: [3, 5, 6, 8, 11, 12, 13, 14, 15, 18] [Score ADN: 4.9]
2026-01-18 23:21:24 | INFO     |   oraculo_neural_v3 (Pool: 77): [2, 3, 4, 7, 8, 9, 12, 15, 16, 19] [OK] [Confianza: 2.22x]
2026-01-18 23:22:08 | INFO     |   oraculo_neural_v4 (Pool: 100): [1, 2, 3, 6, 7, 8, 9, 11, 13, 15] [OK] [Confianza: 2.05x]
2026-01-18 23:22:08 | INFO     | Consenso Determinista validado (Score ADN: 7.3)
2026-01-18 23:22:08 | INFO     | TICKET FINAL: [2, 3, 7, 8, 9, 11, 12, 15, 16, 19] | 🔥 ALTA CONFIANZA (74.5%)
2026-01-18 23:22:08 | INFO     | Forzando sincronización del laboratorio...
2026-01-18 23:22:08 | INFO     | Dashboard sincronizado correctamente.
2026-01-18 23:22:08 | INFO     | ============================================================
2026-01-18 23:22:08 | INFO     | PROCESO DEL SOÑADOR TERMINADO
2026-01-18 23:22:08 | INFO     | Total predicciones generadas: 20
2026-01-18 23:22:08 | INFO     | Log guardado en: /home/runner/work/lotus-2026/lotus-2026/engine/models/../../logs/bot_dreamer_20260118_231754.log
2026-01-18 23:22:08 | INFO     | ============================================================
