2026-01-18 07:49:42 | INFO     | === LOG INICIADO: /home/runner/work/lotus-2026/lotus-2026/engine/models/../../logs/bot_dreamer_20260118_074942.log ===
2026-01-18 07:49:43 | DEBUG    | OraculoNeural importado correctamente
2026-01-18 07:49:43 | DEBUG    | LotoForense importado correctamente
2026-01-18 07:49:43 | DEBUG    | MetaLearner importado correctamente
2026-01-18 07:49:43 | DEBUG    | Loto3Ultra importado correctamente
2026-01-18 07:49:43 | INFO     | ============================================================
2026-01-18 07:49:43 | INFO     | INICIANDO BOT SOÑADOR: LÓBULOS ESPECIALIZADOS v12.4
2026-01-18 07:49:43 | INFO     | ============================================================
2026-01-18 07:49:43 | DEBUG    | MetaLearner activo: True
2026-01-18 07:49:43 | INFO     | Hora Chile: 2026-01-18 04:49:43 | Día: 6 | Hora: 4
2026-01-18 07:49:43 | INFO     | Cortex cargado: Rankings y Morfología segmentados por juego.
2026-01-18 07:49:43 | DEBUG    | Juegos en genoma: ['LOTO', 'LOTO3', 'LOTO4', 'RACHA']
2026-01-18 07:49:43 | INFO     | ----------------------------------------
2026-01-18 07:49:43 | INFO     | UNIVERSO: LOTO
2026-01-18 07:49:43 | DEBUG    | Pesos de confianza: {'consenso_meritocratico_v2': 0.6931471805599453, 'consenso_v1': 0.7929925155296614, 'delta_tactico_v1': 0.6931471805599453, 'forense_biometrico_v1': 0.6931471805599453, 'gaussiano_tactico_v1': 0.6931471805599453, 'markov_chain_v1': 0.6931471805599453, 'oraculo_neural_v3': 0.6931471805599453, 'oraculo_neural_v4': 0.6931471805599453}
2026-01-18 07:49:43 | INFO     | Objetivo Crononauta: #5375 | Fecha: 18/01/2026 21:00
2026-01-18 07:49:43 | INFO     |   forense_biometrico: [6, 11, 12, 17, 30, 41] [Score ADN: 5.95]
2026-01-18 07:49:43 | INFO     |   gaussiano_inteligente: [3, 10, 11, 28, 30, 37] [Score ADN: 5.95]
2026-01-18 07:49:43 | INFO     |   delta_dna: [8, 17, 18, 21, 23, 32] [Score ADN: 6.35]
2026-01-18 07:49:43 | INFO     |   markov_chain: [12, 14, 18, 22, 28, 32] [Score ADN: 33.05]
2026-01-18 07:51:01 | INFO     |   oraculo_neural_v3 (Pool: 94): [6, 7, 23, 34, 36, 41] [OK] [Confianza: 1.83x]
2026-01-18 07:51:16 | INFO     |   oraculo_neural_v4 (Pool: 100): [1, 13, 15, 29, 33, 35] [OK] [Confianza: 2.11x]
2026-01-18 07:51:16 | INFO     | Consenso Determinista validado (Score ADN: 24.65)
2026-01-18 07:51:16 | INFO     | TICKET FINAL: [1, 7, 13, 15, 29, 33] | 🔥 ALTA CONFIANZA (29.41%)
2026-01-18 07:51:16 | INFO     | ----------------------------------------
2026-01-18 07:51:16 | INFO     | UNIVERSO: LOTO3
2026-01-18 07:51:16 | INFO     | Activando LOTO3 ULTRA (Ensemble Avanzado)...
2026-01-18 07:51:17 | INFO     | LOTO3 ULTRA: 10 predicciones generadas
2026-01-18 07:51:17 | INFO     | ----------------------------------------
2026-01-18 07:51:17 | INFO     | UNIVERSO: LOTO4
2026-01-18 07:51:17 | DEBUG    | Pesos de confianza: {'consenso_meritocratico_v2': 0.6931471805599453, 'forense_biometrico_v1': 0.6931471805599453, 'oraculo_neural_v3': 0.8919980393051105, 'oraculo_neural_v4': 0.7929925155296614}
2026-01-18 07:51:17 | INFO     | Objetivo Crononauta: #11570 | Fecha: 18/01/2026 14:00
2026-01-18 07:51:17 | INFO     |   forense_biometrico: [6, 7, 13, 15] [Score ADN: 3.25]
2026-01-18 07:52:05 | INFO     |   oraculo_neural_v3 (Pool: 85): [15, 17, 18, 23] [OK] [Confianza: 2.22x]
2026-01-18 07:52:21 | INFO     |   oraculo_neural_v4 (Pool: 100): [1, 6, 14, 15] [OK] [Confianza: 2.38x]
2026-01-18 07:52:21 | INFO     | Consenso Determinista validado (Score ADN: 3.25)
2026-01-18 07:52:21 | INFO     | TICKET FINAL: [15, 17, 18, 23] | 🔥 ALTA CONFIANZA (54.79%)
2026-01-18 07:52:21 | INFO     | ----------------------------------------
2026-01-18 07:52:21 | INFO     | UNIVERSO: RACHA
2026-01-18 07:52:21 | DEBUG    | Pesos de confianza: {'consenso_meritocratico_v2': 2.900871992530031, 'forense_biometrico_v1': 2.8148097376737438, 'oraculo_neural_v3': 2.853015971352396, 'oraculo_neural_v4': 2.7806808921371178}
2026-01-18 07:52:21 | INFO     | Objetivo Crononauta: #10303 | Fecha: 18/01/2026 15:00
2026-01-18 07:52:21 | INFO     |   forense_biometrico: [4, 6, 7, 8, 11, 12, 15, 16, 17, 19] [Score ADN: 4.9]
2026-01-18 07:53:01 | INFO     |   oraculo_neural_v3 (Pool: 81): [2, 3, 4, 8, 9, 13, 15, 16, 17, 20] [OK] [Confianza: 2.21x]
2026-01-18 07:53:41 | INFO     |   oraculo_neural_v4 (Pool: 100): [1, 2, 3, 6, 7, 8, 9, 11, 13, 15] [OK] [Confianza: 1.75x]
2026-01-18 07:53:41 | INFO     | Consenso Determinista validado (Score ADN: 6.3)
2026-01-18 07:53:41 | INFO     | TICKET FINAL: [1, 2, 3, 8, 9, 13, 15, 16, 17, 20] | 🔥 ALTA CONFIANZA (74.75%)
2026-01-18 07:53:41 | INFO     | Forzando sincronización del laboratorio...
2026-01-18 07:53:41 | INFO     | Dashboard sincronizado correctamente.
2026-01-18 07:53:41 | INFO     | ============================================================
2026-01-18 07:53:41 | INFO     | PROCESO DEL SOÑADOR TERMINADO
2026-01-18 07:53:41 | INFO     | Total predicciones generadas: 20
2026-01-18 07:53:41 | INFO     | Log guardado en: /home/runner/work/lotus-2026/lotus-2026/engine/models/../../logs/bot_dreamer_20260118_074942.log
2026-01-18 07:53:41 | INFO     | ============================================================
