2026-01-18 20:53:31 | INFO     | === LOG INICIADO: /home/runner/work/lotus-2026/lotus-2026/engine/models/../../logs/bot_dreamer_20260118_205331.log ===
2026-01-18 20:53:33 | DEBUG    | OraculoNeural importado correctamente
2026-01-18 20:53:33 | DEBUG    | LotoForense importado correctamente
2026-01-18 20:53:33 | DEBUG    | MetaLearner importado correctamente
2026-01-18 20:53:33 | DEBUG    | Loto3Ultra importado correctamente
2026-01-18 20:53:33 | INFO     | ============================================================
2026-01-18 20:53:33 | INFO     | INICIANDO BOT SOÑADOR: LÓBULOS ESPECIALIZADOS v12.4
2026-01-18 20:53:33 | INFO     | ============================================================
2026-01-18 20:53:33 | DEBUG    | MetaLearner activo: True
2026-01-18 20:53:33 | INFO     | Hora Chile: 2026-01-18 17:53:33 | Día: 6 | Hora: 17
2026-01-18 20:53:33 | INFO     | Cortex cargado: Rankings y Morfología segmentados por juego.
2026-01-18 20:53:33 | DEBUG    | Juegos en genoma: ['LOTO', 'LOTO3', 'LOTO4', 'RACHA']
2026-01-18 20:53:33 | INFO     | ----------------------------------------
2026-01-18 20:53:33 | INFO     | UNIVERSO: LOTO
2026-01-18 20:53:33 | DEBUG    | Pesos de confianza: {'consenso_meritocratico_v2': 0.6931471805599453, 'consenso_v1': 0.7929925155296614, 'delta_tactico_v1': 0.6931471805599453, 'forense_biometrico_v1': 0.6931471805599453, 'gaussiano_tactico_v1': 0.6931471805599453, 'markov_chain_v1': 0.6931471805599453, 'oraculo_neural_v3': 0.6931471805599453, 'oraculo_neural_v4': 0.6931471805599453}
2026-01-18 20:53:33 | INFO     | Objetivo Crononauta: #5375 | Fecha: 18/01/2026 21:00
2026-01-18 20:53:33 | INFO     |   forense_biometrico: [12, 17, 18, 22, 29, 37] [Score ADN: 5.95]
2026-01-18 20:53:33 | INFO     |   gaussiano_inteligente: [2, 3, 6, 19, 34, 39] [Score ADN: 5.95]
2026-01-18 20:53:33 | INFO     |   delta_dna: [3, 7, 16, 17, 26, 34] [Score ADN: 5.95]
2026-01-18 20:53:33 | INFO     |   markov_chain: [12, 14, 18, 22, 28, 32] [Score ADN: 33.05]
2026-01-18 20:54:46 | INFO     |   oraculo_neural_v3 (Pool: 82): [4, 7, 25, 26, 31, 38] [OK] [Confianza: 1.83x]
2026-01-18 20:55:01 | INFO     |   oraculo_neural_v4 (Pool: 100): [1, 13, 15, 29, 33, 35] [OK] [Confianza: 2.11x]
2026-01-18 20:55:01 | INFO     | Consenso Determinista validado (Score ADN: 12.35)
2026-01-18 20:55:01 | INFO     | TICKET FINAL: [13, 15, 25, 26, 31, 33] | 🔥 ALTA CONFIANZA (29.78%)
2026-01-18 20:55:01 | INFO     | ----------------------------------------
2026-01-18 20:55:01 | INFO     | UNIVERSO: LOTO3
2026-01-18 20:55:01 | INFO     | Activando LOTO3 ULTRA (Ensemble Avanzado)...
2026-01-18 20:55:02 | INFO     | LOTO3 ULTRA: 10 predicciones generadas
2026-01-18 20:55:02 | INFO     | ----------------------------------------
2026-01-18 20:55:02 | INFO     | UNIVERSO: LOTO4
2026-01-18 20:55:02 | DEBUG    | Pesos de confianza: {'consenso_meritocratico_v2': 0.6931471805599453, 'forense_biometrico_v1': 0.6931471805599453, 'oraculo_neural_v3': 0.8919980393051105, 'oraculo_neural_v4': 0.7929925155296614}
2026-01-18 20:55:02 | INFO     | Objetivo Crononauta: #11571 | Fecha: 18/01/2026 21:00
2026-01-18 20:55:02 | INFO     |   forense_biometrico: [5, 15, 18, 19] [Score ADN: 3.25]
2026-01-18 20:55:47 | INFO     |   oraculo_neural_v3 (Pool: 90): [5, 9, 10, 17] [OK] [Confianza: 2.22x]
2026-01-18 20:55:55 | INFO     |   oraculo_neural_v4 (Pool: 100): [4, 6, 17, 18] [OK] [Confianza: 2.38x]
2026-01-18 20:55:55 | INFO     | Consenso Determinista validado (Score ADN: 7.85)
2026-01-18 20:55:55 | INFO     | TICKET FINAL: [4, 9, 17, 18] | 🔥 ALTA CONFIANZA (55.77%)
2026-01-18 20:55:55 | INFO     | ----------------------------------------
2026-01-18 20:55:55 | INFO     | UNIVERSO: RACHA
2026-01-18 20:55:55 | DEBUG    | Pesos de confianza: {'consenso_meritocratico_v2': 2.900871992530031, 'forense_biometrico_v1': 2.8148097376737438, 'oraculo_neural_v3': 2.853015971352396, 'oraculo_neural_v4': 2.7806808921371178}
2026-01-18 20:55:55 | INFO     | Objetivo Crononauta: #10304 | Fecha: 18/01/2026 22:00
2026-01-18 20:55:55 | INFO     |   forense_biometrico: [2, 4, 7, 8, 9, 11, 16, 17, 18, 19] [Score ADN: 5.9]
2026-01-18 20:56:33 | INFO     |   oraculo_neural_v3 (Pool: 86): [3, 4, 5, 7, 8, 12, 13, 15, 16, 20] [OK] [Confianza: 2.22x]
2026-01-18 20:57:10 | INFO     |   oraculo_neural_v4 (Pool: 100): [1, 2, 3, 6, 7, 8, 9, 11, 13, 15] [OK] [Confianza: 1.89x]
2026-01-18 20:57:10 | INFO     | Consenso Determinista validado (Score ADN: 9.9)
2026-01-18 20:57:10 | INFO     | TICKET FINAL: [3, 4, 7, 8, 9, 12, 13, 15, 16, 20] | 🔥 ALTA CONFIANZA (70.79%)
2026-01-18 20:57:10 | INFO     | Forzando sincronización del laboratorio...
2026-01-18 20:57:10 | INFO     | Dashboard sincronizado correctamente.
2026-01-18 20:57:10 | INFO     | ============================================================
2026-01-18 20:57:10 | INFO     | PROCESO DEL SOÑADOR TERMINADO
2026-01-18 20:57:10 | INFO     | Total predicciones generadas: 20
2026-01-18 20:57:10 | INFO     | Log guardado en: /home/runner/work/lotus-2026/lotus-2026/engine/models/../../logs/bot_dreamer_20260118_205331.log
2026-01-18 20:57:10 | INFO     | ============================================================
