2026-01-20 08:57:34 | INFO     | === LOG INICIADO: /home/runner/work/lotus-2026/lotus-2026/engine/models/../../logs/bot_dreamer_20260120_085734.log ===
2026-01-20 08:57:35 | DEBUG    | OraculoNeural importado correctamente
2026-01-20 08:57:35 | DEBUG    | LotoForense importado correctamente
2026-01-20 08:57:35 | DEBUG    | MetaLearner importado correctamente
2026-01-20 08:57:35 | DEBUG    | Loto3Ultra importado correctamente
2026-01-20 08:57:35 | INFO     | ============================================================
2026-01-20 08:57:35 | INFO     | INICIANDO BOT SOÑADOR: LÓBULOS ESPECIALIZADOS v12.4
2026-01-20 08:57:35 | INFO     | ============================================================
2026-01-20 08:57:35 | DEBUG    | MetaLearner activo: True
2026-01-20 08:57:35 | INFO     | Hora Chile: 2026-01-20 05:57:35 | Día: 1 | Hora: 5
2026-01-20 08:57:35 | INFO     | Cortex cargado: Rankings y Morfología segmentados por juego.
2026-01-20 08:57:35 | DEBUG    | Juegos en genoma: ['LOTO', 'LOTO3', 'LOTO4', 'RACHA']
2026-01-20 08:57:35 | INFO     | ----------------------------------------
2026-01-20 08:57:35 | INFO     | UNIVERSO: LOTO
2026-01-20 08:57:35 | DEBUG    | Pesos de confianza: {'consenso_meritocratico_v2': 0.6931471805599453, 'consenso_v1': 0.7929925155296614, 'delta_tactico_v1': 0.6931471805599453, 'forense_biometrico_v1': 0.6931471805599453, 'gaussiano_tactico_v1': 0.6931471805599453, 'markov_chain_v1': 0.6931471805599453, 'oraculo_neural_v3': 0.8064758658669485, 'oraculo_neural_v4': 0.6931471805599453}
2026-01-20 08:57:35 | INFO     | Objetivo Crononauta: #5376 | Fecha: 20/01/2026 21:00
2026-01-20 08:57:35 | INFO     |   forense_biometrico: [3, 13, 29, 30, 32, 38] [Score ADN: 5.95]
2026-01-20 08:57:35 | INFO     |   gaussiano_inteligente: [2, 13, 26, 32, 33, 35] [Score ADN: 6.35]
2026-01-20 08:57:35 | INFO     |   delta_dna: [3, 18, 21, 24, 36, 37] [Score ADN: 6.35]
2026-01-20 08:57:35 | INFO     |   markov_chain: [7, 18, 21, 29, 31, 37] [Score ADN: 18.65]
2026-01-20 08:58:28 | INFO     |   oraculo_neural_v3 (Pool: 81): [5, 20, 23, 32, 37, 38] [OK] [Confianza: 1.83x]
2026-01-20 08:58:29 | WARNING  | v4 SILENCIADO. Motivos: {}
2026-01-20 08:58:29 | INFO     | Consenso Determinista validado (Score ADN: 11.95)
2026-01-20 08:58:29 | INFO     | TICKET FINAL: [20, 21, 23, 31, 37, 38] | 🔥 ALTA CONFIANZA (39.26%)
2026-01-20 08:58:29 | INFO     | ----------------------------------------
2026-01-20 08:58:29 | INFO     | UNIVERSO: LOTO3
2026-01-20 08:58:29 | INFO     | Activando LOTO3 ULTRA (Ensemble Avanzado)...
2026-01-20 08:58:30 | INFO     | LOTO3 ULTRA: 10 predicciones generadas
2026-01-20 08:58:30 | INFO     | ----------------------------------------
2026-01-20 08:58:30 | INFO     | UNIVERSO: LOTO4
2026-01-20 08:58:30 | DEBUG    | Pesos de confianza: {'consenso_meritocratico_v2': 0.6931471805599453, 'forense_biometrico_v1': 0.6931471805599453, 'oraculo_neural_v3': 0.8919980393051105, 'oraculo_neural_v4': 0.7929925155296614}
2026-01-20 08:58:30 | INFO     | Objetivo Crononauta: #11574 | Fecha: 20/01/2026 14:00
2026-01-20 08:58:30 | INFO     |   forense_biometrico: [9, 13, 14, 23] [Score ADN: 3.25]
2026-01-20 08:58:31 | WARNING  | v3 SILENCIADO. Motivos: {}
2026-01-20 08:58:32 | WARNING  | v4 SILENCIADO. Motivos: {}
2026-01-20 08:58:32 | INFO     | Consenso Determinista validado (Score ADN: 7.15)
2026-01-20 08:58:32 | INFO     | TICKET FINAL: [5, 8, 15, 23] | 🔥 ALTA CONFIANZA (50.0%)
2026-01-20 08:58:32 | INFO     | ----------------------------------------
2026-01-20 08:58:32 | INFO     | UNIVERSO: RACHA
2026-01-20 08:58:32 | DEBUG    | Pesos de confianza: {'consenso_meritocratico_v2': 2.900871992530031, 'forense_biometrico_v1': 2.8148097376737438, 'oraculo_neural_v3': 2.853015971352396, 'oraculo_neural_v4': 2.7806808921371178}
2026-01-20 08:58:32 | INFO     | Objetivo Crononauta: #10307 | Fecha: 20/01/2026 15:00
2026-01-20 08:58:32 | INFO     |   forense_biometrico: [3, 4, 5, 9, 10, 11, 14, 16, 18, 19] [Score ADN: 4.9]
2026-01-20 08:58:35 | WARNING  | v3 SILENCIADO. Motivos: {}
2026-01-20 08:58:37 | WARNING  | v4 SILENCIADO. Motivos: {}
2026-01-20 08:58:37 | INFO     | Consenso Determinista validado (Score ADN: 12.7)
2026-01-20 08:58:37 | INFO     | TICKET FINAL: [2, 4, 5, 6, 11, 12, 14, 15, 17, 20] | 🔥 ALTA CONFIANZA (62.0%)
2026-01-20 08:58:37 | INFO     | Forzando sincronización del laboratorio...
2026-01-20 08:58:37 | INFO     | Dashboard sincronizado correctamente.
2026-01-20 08:58:37 | INFO     | ============================================================
2026-01-20 08:58:37 | INFO     | PROCESO DEL SOÑADOR TERMINADO
2026-01-20 08:58:37 | INFO     | Total predicciones generadas: 15
2026-01-20 08:58:37 | INFO     | Log guardado en: /home/runner/work/lotus-2026/lotus-2026/engine/models/../../logs/bot_dreamer_20260120_085734.log
2026-01-20 08:58:37 | INFO     | ============================================================
