2026-01-20 03:17:33 | INFO     | === LOG INICIADO: /home/runner/work/lotus-2026/lotus-2026/engine/models/../../logs/bot_dreamer_20260120_031733.log ===
2026-01-20 03:17:34 | DEBUG    | OraculoNeural importado correctamente
2026-01-20 03:17:34 | DEBUG    | LotoForense importado correctamente
2026-01-20 03:17:34 | DEBUG    | MetaLearner importado correctamente
2026-01-20 03:17:34 | DEBUG    | Loto3Ultra importado correctamente
2026-01-20 03:17:34 | INFO     | ============================================================
2026-01-20 03:17:34 | INFO     | INICIANDO BOT SOÑADOR: LÓBULOS ESPECIALIZADOS v12.4
2026-01-20 03:17:34 | INFO     | ============================================================
2026-01-20 03:17:34 | DEBUG    | MetaLearner activo: True
2026-01-20 03:17:34 | INFO     | Hora Chile: 2026-01-20 00:17:34 | Día: 1 | Hora: 0
2026-01-20 03:17:34 | INFO     | Cortex cargado: Rankings y Morfología segmentados por juego.
2026-01-20 03:17:34 | DEBUG    | Juegos en genoma: ['LOTO', 'LOTO3', 'LOTO4', 'RACHA']
2026-01-20 03:17:34 | INFO     | ----------------------------------------
2026-01-20 03:17:34 | INFO     | UNIVERSO: LOTO
2026-01-20 03:17:34 | DEBUG    | Pesos de confianza: {'consenso_meritocratico_v2': 0.6931471805599453, 'consenso_v1': 0.7929925155296614, 'delta_tactico_v1': 0.6931471805599453, 'forense_biometrico_v1': 0.6931471805599453, 'gaussiano_tactico_v1': 0.6931471805599453, 'markov_chain_v1': 0.6931471805599453, 'oraculo_neural_v3': 0.8064758658669485, 'oraculo_neural_v4': 0.6931471805599453}
2026-01-20 03:17:34 | INFO     | Objetivo Crononauta: #5376 | Fecha: 20/01/2026 21:00
2026-01-20 03:17:34 | INFO     |   forense_biometrico: [7, 14, 24, 29, 40, 41] [Score ADN: 5.95]
2026-01-20 03:17:34 | INFO     |   gaussiano_inteligente: [5, 10, 14, 15, 20, 37] [Score ADN: 6.35]
2026-01-20 03:17:34 | INFO     |   delta_dna: [2, 11, 27, 28, 31, 33] [Score ADN: 6.95]
2026-01-20 03:17:34 | INFO     |   markov_chain: [7, 18, 21, 29, 31, 37] [Score ADN: 18.65]
2026-01-20 03:18:27 | INFO     |   oraculo_neural_v3 (Pool: 81): [5, 7, 22, 32, 36, 37] [OK] [Confianza: 1.83x]
2026-01-20 03:18:28 | WARNING  | v4 SILENCIADO. Motivos: {}
2026-01-20 03:18:28 | INFO     | Consenso Determinista validado (Score ADN: 5.95)
2026-01-20 03:18:28 | INFO     | TICKET FINAL: [5, 7, 22, 32, 36, 37] | 🔥 ALTA CONFIANZA (38.18%)
2026-01-20 03:18:28 | INFO     | ----------------------------------------
2026-01-20 03:18:28 | INFO     | UNIVERSO: LOTO3
2026-01-20 03:18:28 | INFO     | Activando LOTO3 ULTRA (Ensemble Avanzado)...
2026-01-20 03:18:29 | INFO     | LOTO3 ULTRA: 10 predicciones generadas
2026-01-20 03:18:29 | INFO     | ----------------------------------------
2026-01-20 03:18:29 | INFO     | UNIVERSO: LOTO4
2026-01-20 03:18:29 | DEBUG    | Pesos de confianza: {'consenso_meritocratico_v2': 0.6931471805599453, 'forense_biometrico_v1': 0.6931471805599453, 'oraculo_neural_v3': 0.8919980393051105, 'oraculo_neural_v4': 0.7929925155296614}
2026-01-20 03:18:29 | INFO     | Objetivo Crononauta: #11574 | Fecha: 20/01/2026 14:00
2026-01-20 03:18:29 | INFO     |   forense_biometrico: [7, 11, 21, 22] [Score ADN: 3.25]
2026-01-20 03:18:30 | WARNING  | v3 SILENCIADO. Motivos: {}
2026-01-20 03:18:31 | WARNING  | v4 SILENCIADO. Motivos: {}
2026-01-20 03:18:31 | INFO     | Consenso Determinista validado (Score ADN: 7.15)
2026-01-20 03:18:31 | INFO     | TICKET FINAL: [11, 13, 15, 20] | 🔥 ALTA CONFIANZA (40.0%)
2026-01-20 03:18:31 | INFO     | ----------------------------------------
2026-01-20 03:18:31 | INFO     | UNIVERSO: RACHA
2026-01-20 03:18:31 | DEBUG    | Pesos de confianza: {'consenso_meritocratico_v2': 2.900871992530031, 'forense_biometrico_v1': 2.8148097376737438, 'oraculo_neural_v3': 2.853015971352396, 'oraculo_neural_v4': 2.7806808921371178}
2026-01-20 03:18:31 | INFO     | Objetivo Crononauta: #10307 | Fecha: 20/01/2026 15:00
2026-01-20 03:18:32 | INFO     |   forense_biometrico: [3, 4, 7, 9, 10, 11, 12, 13, 18, 20] [Score ADN: 4.9]
2026-01-20 03:18:34 | WARNING  | v3 SILENCIADO. Motivos: {}
2026-01-20 03:18:36 | WARNING  | v4 SILENCIADO. Motivos: {}
2026-01-20 03:18:36 | INFO     | Consenso Determinista validado (Score ADN: 18.9)
2026-01-20 03:18:36 | INFO     | TICKET FINAL: [2, 3, 8, 9, 11, 12, 16, 18, 19, 20] | 🔥 ALTA CONFIANZA (66.0%)
2026-01-20 03:18:36 | INFO     | Forzando sincronización del laboratorio...
2026-01-20 03:18:36 | INFO     | Dashboard sincronizado correctamente.
2026-01-20 03:18:36 | INFO     | ============================================================
2026-01-20 03:18:36 | INFO     | PROCESO DEL SOÑADOR TERMINADO
2026-01-20 03:18:36 | INFO     | Total predicciones generadas: 15
2026-01-20 03:18:36 | INFO     | Log guardado en: /home/runner/work/lotus-2026/lotus-2026/engine/models/../../logs/bot_dreamer_20260120_031733.log
2026-01-20 03:18:36 | INFO     | ============================================================
