2026-01-18 07:39:42 | INFO     | === LOG INICIADO: /home/runner/work/lotus-2026/lotus-2026/engine/models/../../logs/bot_dreamer_20260118_073942.log ===
2026-01-18 07:39:43 | DEBUG    | OraculoNeural importado correctamente
2026-01-18 07:39:43 | DEBUG    | LotoForense importado correctamente
2026-01-18 07:39:43 | DEBUG    | MetaLearner importado correctamente
2026-01-18 07:39:43 | DEBUG    | Loto3Ultra importado correctamente
2026-01-18 07:39:43 | INFO     | ============================================================
2026-01-18 07:39:43 | INFO     | INICIANDO BOT SOÑADOR: LÓBULOS ESPECIALIZADOS v12.4
2026-01-18 07:39:43 | INFO     | ============================================================
2026-01-18 07:39:43 | DEBUG    | MetaLearner activo: True
2026-01-18 07:39:43 | INFO     | Hora Chile: 2026-01-18 04:39:43 | Día: 6 | Hora: 4
2026-01-18 07:39:43 | INFO     | Cortex cargado: Rankings y Morfología segmentados por juego.
2026-01-18 07:39:43 | DEBUG    | Juegos en genoma: ['LOTO', 'LOTO3', 'LOTO4', 'RACHA']
2026-01-18 07:39:43 | INFO     | ----------------------------------------
2026-01-18 07:39:43 | INFO     | UNIVERSO: LOTO
2026-01-18 07:39:43 | DEBUG    | Pesos de confianza: {'consenso_meritocratico_v2': 0.6931471805599453, 'consenso_v1': 0.7929925155296614, 'delta_tactico_v1': 0.6931471805599453, 'forense_biometrico_v1': 0.6931471805599453, 'gaussiano_tactico_v1': 0.6931471805599453, 'markov_chain_v1': 0.6931471805599453, 'oraculo_neural_v3': 0.6931471805599453, 'oraculo_neural_v4': 0.6931471805599453}
2026-01-18 07:39:43 | INFO     | Objetivo Crononauta: #5375 | Fecha: 18/01/2026 21:00
2026-01-18 07:39:43 | INFO     |   forense_biometrico: [12, 13, 18, 23, 31, 34] [Score ADN: 5.95]
2026-01-18 07:39:43 | INFO     |   gaussiano_inteligente: [2, 23, 26, 30, 31, 33] [Score ADN: 5.95]
2026-01-18 07:39:43 | INFO     |   delta_dna: [7, 13, 14, 19, 34, 40] [Score ADN: 5.95]
2026-01-18 07:39:43 | INFO     |   markov_chain: [12, 14, 18, 22, 28, 32] [Score ADN: 33.05]
2026-01-18 07:40:35 | INFO     |   oraculo_neural_v3 (Pool: 91): [5, 11, 14, 20, 36, 37] [OK] [Confianza: 1.83x]
2026-01-18 07:40:49 | INFO     |   oraculo_neural_v4 (Pool: 100): [1, 13, 15, 29, 33, 35] [OK] [Confianza: 2.11x]
2026-01-18 07:40:49 | INFO     | Consenso Determinista validado (Score ADN: 12.35)
2026-01-18 07:40:49 | INFO     | TICKET FINAL: [5, 13, 14, 15, 20, 33] | 🔥 ALTA CONFIANZA (31.12%)
2026-01-18 07:40:49 | INFO     | ----------------------------------------
2026-01-18 07:40:49 | INFO     | UNIVERSO: LOTO3
2026-01-18 07:40:49 | INFO     | Activando LOTO3 ULTRA (Ensemble Avanzado)...
2026-01-18 07:40:50 | INFO     | LOTO3 ULTRA: 10 predicciones generadas
2026-01-18 07:40:50 | INFO     | ----------------------------------------
2026-01-18 07:40:50 | INFO     | UNIVERSO: LOTO4
2026-01-18 07:40:50 | DEBUG    | Pesos de confianza: {'consenso_meritocratico_v2': 0.6931471805599453, 'forense_biometrico_v1': 0.6931471805599453, 'oraculo_neural_v3': 0.8919980393051105, 'oraculo_neural_v4': 0.7929925155296614}
2026-01-18 07:40:50 | INFO     | Objetivo Crononauta: #11570 | Fecha: 18/01/2026 14:00
2026-01-18 07:40:50 | INFO     |   forense_biometrico: [5, 8, 9, 23] [Score ADN: 3.25]
2026-01-18 07:41:22 | INFO     |   oraculo_neural_v3 (Pool: 89): [4, 5, 15, 17] [OK] [Confianza: 2.22x]
2026-01-18 07:41:33 | INFO     |   oraculo_neural_v4 (Pool: 100): [1, 6, 14, 15] [OK] [Confianza: 2.38x]
2026-01-18 07:41:33 | INFO     | Consenso Determinista validado (Score ADN: 3.25)
2026-01-18 07:41:33 | INFO     | TICKET FINAL: [5, 6, 15, 17] | 🔥 ALTA CONFIANZA (57.27%)
2026-01-18 07:41:33 | INFO     | ----------------------------------------
2026-01-18 07:41:33 | INFO     | UNIVERSO: RACHA
2026-01-18 07:41:33 | DEBUG    | Pesos de confianza: {'consenso_meritocratico_v2': 2.900871992530031, 'forense_biometrico_v1': 2.8148097376737438, 'oraculo_neural_v3': 2.853015971352396, 'oraculo_neural_v4': 2.7806808921371178}
2026-01-18 07:41:33 | INFO     | Objetivo Crononauta: #10303 | Fecha: 18/01/2026 15:00
2026-01-18 07:41:33 | INFO     |   forense_biometrico: [1, 2, 3, 6, 7, 8, 12, 15, 18, 19] [Score ADN: 4.9]
2026-01-18 07:42:00 | INFO     |   oraculo_neural_v3 (Pool: 75): [1, 2, 3, 6, 12, 14, 15, 17, 18, 19] [OK] [Confianza: 2.21x]
2026-01-18 07:42:26 | INFO     |   oraculo_neural_v4 (Pool: 100): [1, 2, 3, 6, 7, 8, 9, 11, 13, 15] [OK] [Confianza: 1.75x]
2026-01-18 07:42:26 | INFO     | Consenso Determinista validado (Score ADN: 12.3)
2026-01-18 07:42:26 | INFO     | TICKET FINAL: [1, 2, 3, 6, 7, 14, 15, 17, 18, 19] | 🔥 ALTA CONFIANZA (71.0%)
2026-01-18 07:42:27 | INFO     | Forzando sincronización del laboratorio...
2026-01-18 07:42:27 | INFO     | Dashboard sincronizado correctamente.
2026-01-18 07:42:27 | INFO     | ============================================================
2026-01-18 07:42:27 | INFO     | PROCESO DEL SOÑADOR TERMINADO
2026-01-18 07:42:27 | INFO     | Total predicciones generadas: 20
2026-01-18 07:42:27 | INFO     | Log guardado en: /home/runner/work/lotus-2026/lotus-2026/engine/models/../../logs/bot_dreamer_20260118_073942.log
2026-01-18 07:42:27 | INFO     | ============================================================
