2026-01-19 09:23:20 | INFO     | === LOG INICIADO: /home/runner/work/lotus-2026/lotus-2026/engine/models/../../logs/bot_dreamer_20260119_092320.log ===
2026-01-19 09:23:21 | DEBUG    | OraculoNeural importado correctamente
2026-01-19 09:23:21 | DEBUG    | LotoForense importado correctamente
2026-01-19 09:23:21 | DEBUG    | MetaLearner importado correctamente
2026-01-19 09:23:21 | DEBUG    | Loto3Ultra importado correctamente
2026-01-19 09:23:21 | INFO     | ============================================================
2026-01-19 09:23:21 | INFO     | INICIANDO BOT SOÑADOR: LÓBULOS ESPECIALIZADOS v12.4
2026-01-19 09:23:21 | INFO     | ============================================================
2026-01-19 09:23:21 | DEBUG    | MetaLearner activo: True
2026-01-19 09:23:21 | INFO     | Hora Chile: 2026-01-19 06:23:21 | Día: 0 | Hora: 6
2026-01-19 09:23:21 | INFO     | Cortex cargado: Rankings y Morfología segmentados por juego.
2026-01-19 09:23:21 | DEBUG    | Juegos en genoma: ['LOTO', 'LOTO3', 'LOTO4', 'RACHA']
2026-01-19 09:23:21 | INFO     | ----------------------------------------
2026-01-19 09:23:21 | INFO     | UNIVERSO: LOTO
2026-01-19 09:23:21 | DEBUG    | Pesos de confianza: {'consenso_meritocratico_v2': 0.6931471805599453, 'consenso_v1': 0.7929925155296614, 'delta_tactico_v1': 0.6931471805599453, 'forense_biometrico_v1': 0.6931471805599453, 'gaussiano_tactico_v1': 0.6931471805599453, 'markov_chain_v1': 0.6931471805599453, 'oraculo_neural_v3': 0.6931471805599453, 'oraculo_neural_v4': 0.6931471805599453}
2026-01-19 09:23:21 | INFO     | Objetivo Crononauta: #5376 | Fecha: 20/01/2026 21:00
2026-01-19 09:23:21 | INFO     |   forense_biometrico: [4, 17, 18, 26, 29, 41] [Score ADN: 5.95]
2026-01-19 09:23:21 | INFO     |   gaussiano_inteligente: [5, 6, 13, 18, 31, 34] [Score ADN: 5.95]
2026-01-19 09:23:21 | INFO     |   delta_dna: [3, 7, 13, 16, 33, 34] [Score ADN: 6.95]
2026-01-19 09:23:21 | INFO     |   markov_chain: [1, 16, 21, 24, 30, 34] [Score ADN: 23.05]
2026-01-19 09:24:36 | INFO     |   oraculo_neural_v3 (Pool: 88): [4, 16, 17, 19, 23, 34] [OK] [Confianza: 1.83x]
2026-01-19 09:24:52 | INFO     |   oraculo_neural_v4 (Pool: 100): [4, 18, 20, 27, 29, 35] [OK] [Confianza: 2.22x]
2026-01-19 09:24:52 | INFO     | Consenso Determinista validado (Score ADN: 18.05)
2026-01-19 09:24:52 | INFO     | TICKET FINAL: [4, 16, 18, 27, 29, 34] | 🔥 ALTA CONFIANZA (37.88%)
2026-01-19 09:24:52 | INFO     | ----------------------------------------
2026-01-19 09:24:52 | INFO     | UNIVERSO: LOTO3
2026-01-19 09:24:52 | INFO     | Activando LOTO3 ULTRA (Ensemble Avanzado)...
2026-01-19 09:24:53 | INFO     | LOTO3 ULTRA: 10 predicciones generadas
2026-01-19 09:24:53 | INFO     | ----------------------------------------
2026-01-19 09:24:53 | INFO     | UNIVERSO: LOTO4
2026-01-19 09:24:53 | DEBUG    | Pesos de confianza: {'consenso_meritocratico_v2': 0.6931471805599453, 'forense_biometrico_v1': 0.6931471805599453, 'oraculo_neural_v3': 0.8919980393051105, 'oraculo_neural_v4': 0.7929925155296614}
2026-01-19 09:24:53 | INFO     | Objetivo Crononauta: #11572 | Fecha: 19/01/2026 14:00
2026-01-19 09:24:53 | INFO     |   forense_biometrico: [2, 9, 10, 23] [Score ADN: 4.55]
2026-01-19 09:25:41 | INFO     |   oraculo_neural_v3 (Pool: 84): [4, 5, 13, 21] [OK] [Confianza: 2.22x]
2026-01-19 09:25:49 | INFO     |   oraculo_neural_v4 (Pool: 100): [5, 9, 10, 19] [OK] [Confianza: 2.22x]
2026-01-19 09:25:49 | INFO     | Consenso Determinista validado (Score ADN: 6.55)
2026-01-19 09:25:49 | INFO     | TICKET FINAL: [4, 5, 9, 21] | 🔥 ALTA CONFIANZA (55.41%)
2026-01-19 09:25:49 | INFO     | ----------------------------------------
2026-01-19 09:25:49 | INFO     | UNIVERSO: RACHA
2026-01-19 09:25:49 | DEBUG    | Pesos de confianza: {'consenso_meritocratico_v2': 2.900871992530031, 'forense_biometrico_v1': 2.8148097376737438, 'oraculo_neural_v3': 2.853015971352396, 'oraculo_neural_v4': 2.7806808921371178}
2026-01-19 09:25:49 | INFO     | Objetivo Crononauta: #10305 | Fecha: 19/01/2026 15:00
2026-01-19 09:25:49 | INFO     |   forense_biometrico: [2, 3, 4, 8, 10, 11, 15, 17, 18, 19] [Score ADN: 5.9]
2026-01-19 09:26:29 | INFO     |   oraculo_neural_v3 (Pool: 74): [2, 4, 5, 9, 11, 14, 15, 16, 17, 18] [OK] [Confianza: 2.21x]
2026-01-19 09:27:06 | INFO     |   oraculo_neural_v4 (Pool: 100): [1, 2, 3, 4, 8, 9, 14, 16, 17, 19] [OK] [Confianza: 2.14x]
2026-01-19 09:27:06 | INFO     | Consenso Determinista validado (Score ADN: 4.9)
2026-01-19 09:27:06 | INFO     | TICKET FINAL: [1, 2, 4, 5, 9, 14, 16, 17, 18, 19] | 🔥 ALTA CONFIANZA (73.69%)
2026-01-19 09:27:06 | INFO     | Forzando sincronización del laboratorio...
2026-01-19 09:27:06 | INFO     | Dashboard sincronizado correctamente.
2026-01-19 09:27:06 | INFO     | ============================================================
2026-01-19 09:27:06 | INFO     | PROCESO DEL SOÑADOR TERMINADO
2026-01-19 09:27:06 | INFO     | Total predicciones generadas: 20
2026-01-19 09:27:06 | INFO     | Log guardado en: /home/runner/work/lotus-2026/lotus-2026/engine/models/../../logs/bot_dreamer_20260119_092320.log
2026-01-19 09:27:06 | INFO     | ============================================================
