2026-01-17 15:28:01 | INFO     | === LOG INICIADO: /home/runner/work/lotus-2026/lotus-2026/engine/models/../../logs/bot_dreamer_20260117_152801.log ===
2026-01-17 15:28:03 | DEBUG    | OraculoNeural importado correctamente
2026-01-17 15:28:03 | DEBUG    | LotoForense importado correctamente
2026-01-17 15:28:03 | DEBUG    | MetaLearner importado correctamente
2026-01-17 15:28:03 | INFO     | ============================================================
2026-01-17 15:28:03 | INFO     | INICIANDO BOT SOÑADOR: LÓBULOS ESPECIALIZADOS v12.4
2026-01-17 15:28:03 | INFO     | ============================================================
2026-01-17 15:28:03 | DEBUG    | MetaLearner activo: True
2026-01-17 15:28:03 | INFO     | Hora Chile: 2026-01-17 12:28:03 | Día: 5 | Hora: 12
2026-01-17 15:28:03 | INFO     | Cortex cargado: Rankings y Morfología segmentados por juego.
2026-01-17 15:28:03 | DEBUG    | Juegos en genoma: ['LOTO', 'LOTO3', 'LOTO4', 'RACHA']
2026-01-17 15:28:03 | INFO     | ----------------------------------------
2026-01-17 15:28:03 | INFO     | UNIVERSO: LOTO
2026-01-17 15:28:03 | DEBUG    | Pesos de confianza: {'consenso_meritocratico_v2': 0.6931471805599453, 'consenso_v1': 0.7929925155296614, 'delta_tactico_v1': 0.6931471805599453, 'forense_biometrico_v1': 0.6931471805599453, 'gaussiano_tactico_v1': 0.6931471805599453, 'markov_chain_v1': 0.6931471805599453, 'oraculo_neural_v3': 0.6931471805599453, 'oraculo_neural_v4': 0.6931471805599453}
2026-01-17 15:28:03 | INFO     | Objetivo Crononauta: #5375 | Fecha: 18/01/2026 21:00
2026-01-17 15:28:03 | INFO     |   forense_biometrico: [3, 16, 19, 28, 37, 38] [Score ADN: 5.95]
2026-01-17 15:28:03 | INFO     |   gaussiano_inteligente: [11, 12, 14, 16, 19, 37] [Score ADN: 5.95]
2026-01-17 15:28:03 | INFO     |   delta_dna: [3, 11, 15, 20, 35, 36] [Score ADN: 7.35]
2026-01-17 15:28:03 | INFO     |   markov_chain: [8, 21, 27, 29, 37, 39] [Score ADN: 14.05]
2026-01-17 15:29:29 | INFO     |   oraculo_neural_v3 (Pool: 86): [5, 10, 11, 19, 22, 36] [OK] [Confianza: 1.83x]
2026-01-17 15:29:44 | INFO     |   oraculo_neural_v4 (Pool: 100): [1, 13, 15, 29, 33, 35] [OK] [Confianza: 2.11x]
2026-01-17 15:29:44 | INFO     | Consenso Determinista validado (Score ADN: 12.35)
2026-01-17 15:29:44 | INFO     | TICKET FINAL: [10, 15, 21, 22, 29, 35] | 🔥 ALTA CONFIANZA (30.46%)
2026-01-17 15:29:44 | INFO     | ----------------------------------------
2026-01-17 15:29:44 | INFO     | UNIVERSO: LOTO3
2026-01-17 15:29:44 | DEBUG    | Pesos de confianza: {'consenso_meritocratico_v2': 3.150596984114906, 'forense_biometrico_v1': 2.990719731730447, 'oraculo_neural_v3': 2.9349201341572337, 'oraculo_neural_v4': 3.2280337626529665}
2026-01-17 15:29:44 | INFO     | Objetivo Crononauta: #23998 | Fecha: 17/01/2026 14:00
2026-01-17 15:29:44 | INFO     |   forense_biometrico: [1, 4, 5] [Score ADN: 5.0]
2026-01-17 15:29:52 | WARNING  | v3 SILENCIADO. Motivos: {'OK': 100}
2026-01-17 15:30:00 | INFO     |   oraculo_neural_v4 (Pool: 100): [0, 7, 9] [OK] [Confianza: 1.84x]
2026-01-17 15:30:00 | INFO     | Consenso Determinista validado (Score ADN: 6.1)
2026-01-17 15:30:00 | INFO     | TICKET FINAL: [0, 7, 9] | 🔥 ALTA CONFIANZA (75.55%)
2026-01-17 15:30:00 | INFO     | ----------------------------------------
2026-01-17 15:30:00 | INFO     | UNIVERSO: LOTO4
2026-01-17 15:30:00 | DEBUG    | Pesos de confianza: {'consenso_meritocratico_v2': 0.6931471805599453, 'forense_biometrico_v1': 0.6931471805599453, 'oraculo_neural_v3': 0.8919980393051105, 'oraculo_neural_v4': 0.6931471805599453}
2026-01-17 15:30:00 | INFO     | Objetivo Crononauta: #11568 | Fecha: 17/01/2026 14:00
2026-01-17 15:30:00 | INFO     |   forense_biometrico: [5, 7, 15, 16] [Score ADN: 3.25]
2026-01-17 15:30:52 | INFO     |   oraculo_neural_v3 (Pool: 90): [3, 7, 15, 16] [OK] [Confianza: 2.22x]
2026-01-17 15:31:01 | INFO     |   oraculo_neural_v4 (Pool: 100): [1, 5, 9, 16] [OK] [Confianza: 2.38x]
2026-01-17 15:31:01 | INFO     | Consenso Determinista validado (Score ADN: 15.15)
2026-01-17 15:31:01 | INFO     | TICKET FINAL: [3, 5, 7, 16] | 🔥 ALTA CONFIANZA (56.6%)
2026-01-17 15:31:01 | INFO     | ----------------------------------------
2026-01-17 15:31:01 | INFO     | UNIVERSO: RACHA
2026-01-17 15:31:01 | DEBUG    | Pesos de confianza: {'consenso_meritocratico_v2': 2.900871992530031, 'forense_biometrico_v1': 2.8148097376737438, 'oraculo_neural_v3': 2.853015971352396, 'oraculo_neural_v4': 2.7806808921371178}
2026-01-17 15:31:01 | INFO     | Objetivo Crononauta: #10301 | Fecha: 17/01/2026 15:00
2026-01-17 15:31:02 | INFO     |   forense_biometrico: [1, 4, 6, 7, 12, 13, 14, 17, 18, 19] [Score ADN: 4.9]
2026-01-17 15:31:45 | INFO     |   oraculo_neural_v3 (Pool: 86): [3, 4, 5, 8, 9, 11, 14, 18, 19, 20] [OK] [Confianza: 2.21x]
2026-01-17 15:32:28 | INFO     |   oraculo_neural_v4 (Pool: 100): [1, 2, 3, 4, 8, 13, 15, 17, 18, 19] [OK] [Confianza: 2.14x]
2026-01-17 15:32:28 | INFO     | Consenso Determinista validado (Score ADN: 7.7)
2026-01-17 15:32:28 | INFO     | TICKET FINAL: [1, 3, 4, 8, 11, 14, 17, 18, 19, 20] | 🔥 ALTA CONFIANZA (70.51%)
2026-01-17 15:32:28 | INFO     | Forzando sincronización del laboratorio...
2026-01-17 15:32:28 | INFO     | Dashboard sincronizado correctamente.
2026-01-17 15:32:28 | INFO     | ============================================================
2026-01-17 15:32:28 | INFO     | PROCESO DEL SOÑADOR TERMINADO
2026-01-17 15:32:28 | INFO     | Total predicciones generadas: 18
2026-01-17 15:32:28 | INFO     | Log guardado en: /home/runner/work/lotus-2026/lotus-2026/engine/models/../../logs/bot_dreamer_20260117_152801.log
2026-01-17 15:32:28 | INFO     | ============================================================
