2026-01-21 11:24:41 | INFO     | === LOG INICIADO: /home/runner/work/lotus-2026/lotus-2026/engine/models/../../logs/bot_dreamer_20260121_112441.log ===
2026-01-21 11:24:42 | DEBUG    | OraculoNeural importado correctamente
2026-01-21 11:24:42 | DEBUG    | LotoForense importado correctamente
2026-01-21 11:24:42 | DEBUG    | MetaLearner importado correctamente
2026-01-21 11:24:42 | DEBUG    | Loto3Ultra importado correctamente
2026-01-21 11:24:42 | INFO     | ============================================================
2026-01-21 11:24:42 | INFO     | INICIANDO BOT SOÑADOR: LÓBULOS ESPECIALIZADOS v12.4
2026-01-21 11:24:42 | INFO     | ============================================================
2026-01-21 11:24:42 | DEBUG    | MetaLearner activo: True
2026-01-21 11:24:42 | INFO     | Hora Chile: 2026-01-21 08:24:42 | Día: 2 | Hora: 8
2026-01-21 11:24:42 | INFO     | Cortex cargado: Rankings y Morfología segmentados por juego.
2026-01-21 11:24:42 | DEBUG    | Juegos en genoma: ['LOTO', 'LOTO3', 'LOTO4', 'RACHA']
2026-01-21 11:24:42 | INFO     | ----------------------------------------
2026-01-21 11:24:42 | INFO     | UNIVERSO: LOTO
2026-01-21 11:24:42 | DEBUG    | Pesos de confianza: {'consenso_meritocratico_v2': 0.6931471805599453, 'consenso_v1': 0.7929925155296614, 'delta_tactico_v1': 0.6931471805599453, 'forense_biometrico_v1': 0.6931471805599453, 'gaussiano_tactico_v1': 0.6931471805599453, 'markov_chain_v1': 0.6931471805599453, 'oraculo_neural_v3': 1.0612565021243408, 'oraculo_neural_v4': 0.6931471805599453}
2026-01-21 11:24:42 | INFO     | Objetivo Crononauta: #5377 | Fecha: 22/01/2026 21:00
2026-01-21 11:24:42 | INFO     |   forense_biometrico: [2, 3, 21, 27, 38, 40] [Score ADN: 6.35]
2026-01-21 11:24:42 | INFO     |   gaussiano_inteligente: [3, 4, 19, 28, 32, 41] [Score ADN: 5.95]
2026-01-21 11:24:42 | INFO     |   delta_dna: [7, 8, 13, 22, 29, 36] [Score ADN: 5.95]
2026-01-21 11:24:42 | INFO     |   markov_chain: [11, 12, 20, 28, 34, 41] [Score ADN: 11.35]
2026-01-21 11:25:35 | INFO     |   oraculo_neural_v3 (Pool: 89): [5, 12, 18, 19, 29, 36] [OK] [Confianza: 1.83x]
2026-01-21 11:25:44 | INFO     |   oraculo_neural_v4 (Pool: 100): [2, 5, 15, 29, 30, 41] [OK] [Confianza: 1.84x]
2026-01-21 11:25:44 | INFO     | Consenso Determinista validado (Score ADN: 5.95)
2026-01-21 11:25:44 | INFO     | TICKET FINAL: [5, 12, 18, 19, 29, 36] | 🔥 ALTA CONFIANZA (44.04%)
2026-01-21 11:25:44 | INFO     | ----------------------------------------
2026-01-21 11:25:44 | INFO     | UNIVERSO: LOTO3
2026-01-21 11:25:44 | INFO     | Activando LOTO3 ULTRA (Ensemble Avanzado)...
2026-01-21 11:25:45 | INFO     | LOTO3 ULTRA: 10 predicciones generadas
2026-01-21 11:25:45 | INFO     | ----------------------------------------
2026-01-21 11:25:45 | INFO     | UNIVERSO: LOTO4
2026-01-21 11:25:45 | DEBUG    | Pesos de confianza: {'consenso_meritocratico_v2': 0.6931471805599453, 'forense_biometrico_v1': 0.6931471805599453, 'oraculo_neural_v3': 0.8919980393051105, 'oraculo_neural_v4': 0.7929925155296614}
2026-01-21 11:25:45 | INFO     | Objetivo Crononauta: #11576 | Fecha: 21/01/2026 14:00
2026-01-21 11:25:45 | INFO     |   forense_biometrico: [3, 11, 21, 22] [Score ADN: 3.25]
2026-01-21 11:26:42 | INFO     |   oraculo_neural_v3 (Pool: 83): [3, 4, 9, 17] [OK] [Confianza: 2.22x]
2026-01-21 11:26:47 | INFO     |   oraculo_neural_v4 (Pool: 100): [5, 9, 15, 20] [OK] [Confianza: 2.23x]
2026-01-21 11:26:47 | INFO     | Consenso Determinista validado (Score ADN: 3.25)
2026-01-21 11:26:47 | INFO     | TICKET FINAL: [3, 4, 9, 17] | 🔥 ALTA CONFIANZA (55.52%)
2026-01-21 11:26:47 | INFO     | ----------------------------------------
2026-01-21 11:26:47 | INFO     | UNIVERSO: RACHA
2026-01-21 11:26:47 | DEBUG    | Pesos de confianza: {'consenso_meritocratico_v2': 2.900871992530031, 'forense_biometrico_v1': 2.8148097376737438, 'oraculo_neural_v3': 2.853015971352396, 'oraculo_neural_v4': 2.7806808921371178}
2026-01-21 11:26:47 | INFO     | Objetivo Crononauta: #10309 | Fecha: 21/01/2026 15:00
2026-01-21 11:26:47 | INFO     |   forense_biometrico: [2, 3, 4, 8, 9, 10, 11, 15, 17, 20] [Score ADN: 4.9]
2026-01-21 11:27:15 | INFO     |   oraculo_neural_v3 (Pool: 81): [2, 4, 5, 6, 7, 9, 10, 11, 15, 20] [OK] [Confianza: 2.21x]
2026-01-21 11:27:41 | INFO     |   oraculo_neural_v4 (Pool: 100): [1, 2, 3, 4, 8, 11, 12, 16, 19, 20] [OK] [Confianza: 2.13x]
2026-01-21 11:27:41 | INFO     | Consenso Determinista validado (Score ADN: 17.7)
2026-01-21 11:27:41 | INFO     | TICKET FINAL: [2, 4, 5, 6, 8, 9, 11, 12, 15, 20] | 🔥 ALTA CONFIANZA (67.32%)
2026-01-21 11:27:41 | INFO     | Forzando sincronización del laboratorio...
2026-01-21 11:27:41 | INFO     | Dashboard sincronizado correctamente.
2026-01-21 11:27:41 | INFO     | ============================================================
2026-01-21 11:27:41 | INFO     | PROCESO DEL SOÑADOR TERMINADO
2026-01-21 11:27:41 | INFO     | Total predicciones generadas: 20
2026-01-21 11:27:41 | INFO     | Log guardado en: /home/runner/work/lotus-2026/lotus-2026/engine/models/../../logs/bot_dreamer_20260121_112441.log
2026-01-21 11:27:41 | INFO     | ============================================================
