2026-01-19 19:40:38 | INFO     | === LOG INICIADO: /home/runner/work/lotus-2026/lotus-2026/engine/models/../../logs/bot_dreamer_20260119_194038.log ===
2026-01-19 19:40:39 | DEBUG    | OraculoNeural importado correctamente
2026-01-19 19:40:39 | DEBUG    | LotoForense importado correctamente
2026-01-19 19:40:39 | DEBUG    | MetaLearner importado correctamente
2026-01-19 19:40:39 | DEBUG    | Loto3Ultra importado correctamente
2026-01-19 19:40:39 | INFO     | ============================================================
2026-01-19 19:40:39 | INFO     | INICIANDO BOT SOÑADOR: LÓBULOS ESPECIALIZADOS v12.4
2026-01-19 19:40:39 | INFO     | ============================================================
2026-01-19 19:40:39 | DEBUG    | MetaLearner activo: True
2026-01-19 19:40:39 | INFO     | Hora Chile: 2026-01-19 16:40:39 | Día: 0 | Hora: 16
2026-01-19 19:40:39 | INFO     | Cortex cargado: Rankings y Morfología segmentados por juego.
2026-01-19 19:40:39 | DEBUG    | Juegos en genoma: ['LOTO', 'LOTO3', 'LOTO4', 'RACHA']
2026-01-19 19:40:39 | INFO     | ----------------------------------------
2026-01-19 19:40:39 | INFO     | UNIVERSO: LOTO
2026-01-19 19:40:39 | DEBUG    | Pesos de confianza: {'consenso_meritocratico_v2': 0.6931471805599453, 'consenso_v1': 0.7929925155296614, 'delta_tactico_v1': 0.6931471805599453, 'forense_biometrico_v1': 0.6931471805599453, 'gaussiano_tactico_v1': 0.6931471805599453, 'markov_chain_v1': 0.6931471805599453, 'oraculo_neural_v3': 0.6931471805599453, 'oraculo_neural_v4': 0.6931471805599453}
2026-01-19 19:40:39 | INFO     | Objetivo Crononauta: #5376 | Fecha: 20/01/2026 21:00
2026-01-19 19:40:39 | INFO     |   forense_biometrico: [3, 4, 14, 19, 29, 38] [Score ADN: 5.95]
2026-01-19 19:40:39 | INFO     |   gaussiano_inteligente: [4, 11, 12, 14, 37, 41] [Score ADN: 5.95]
2026-01-19 19:40:39 | INFO     |   delta_dna: [5, 12, 17, 18, 24, 29] [Score ADN: 5.95]
2026-01-19 19:40:39 | INFO     |   markov_chain: [1, 16, 21, 24, 30, 34] [Score ADN: 23.05]
2026-01-19 19:42:03 | INFO     |   oraculo_neural_v3 (Pool: 86): [12, 13, 17, 20, 30, 37] [OK] [Confianza: 1.83x]
2026-01-19 19:42:18 | INFO     |   oraculo_neural_v4 (Pool: 100): [4, 18, 20, 27, 29, 35] [OK] [Confianza: 2.22x]
2026-01-19 19:42:18 | INFO     | Consenso Determinista validado (Score ADN: 13.05)
2026-01-19 19:42:18 | INFO     | TICKET FINAL: [4, 20, 27, 30, 35, 37] | 🔥 ALTA CONFIANZA (33.98%)
2026-01-19 19:42:18 | INFO     | ----------------------------------------
2026-01-19 19:42:18 | INFO     | UNIVERSO: LOTO3
2026-01-19 19:42:18 | INFO     | Activando LOTO3 ULTRA (Ensemble Avanzado)...
2026-01-19 19:42:19 | INFO     | LOTO3 ULTRA: 10 predicciones generadas
2026-01-19 19:42:19 | INFO     | ----------------------------------------
2026-01-19 19:42:19 | INFO     | UNIVERSO: LOTO4
2026-01-19 19:42:19 | DEBUG    | Pesos de confianza: {'consenso_meritocratico_v2': 0.6931471805599453, 'forense_biometrico_v1': 0.6931471805599453, 'oraculo_neural_v3': 0.8919980393051105, 'oraculo_neural_v4': 0.7929925155296614}
2026-01-19 19:42:19 | INFO     | Objetivo Crononauta: #11573 | Fecha: 19/01/2026 21:00
2026-01-19 19:42:19 | INFO     |   forense_biometrico: [1, 7, 8, 19] [Score ADN: 3.25]
2026-01-19 19:43:12 | INFO     |   oraculo_neural_v3 (Pool: 89): [11, 15, 16, 19] [OK] [Confianza: 2.22x]
2026-01-19 19:43:21 | INFO     |   oraculo_neural_v4 (Pool: 100): [4, 6, 9, 23] [OK] [Confianza: 2.23x]
2026-01-19 19:43:21 | INFO     | Consenso Determinista validado (Score ADN: 3.25)
2026-01-19 19:43:21 | INFO     | TICKET FINAL: [11, 15, 16, 19] | 🔥 ALTA CONFIANZA (46.15%)
2026-01-19 19:43:21 | INFO     | ----------------------------------------
2026-01-19 19:43:21 | INFO     | UNIVERSO: RACHA
2026-01-19 19:43:21 | DEBUG    | Pesos de confianza: {'consenso_meritocratico_v2': 2.900871992530031, 'forense_biometrico_v1': 2.8148097376737438, 'oraculo_neural_v3': 2.853015971352396, 'oraculo_neural_v4': 2.7806808921371178}
2026-01-19 19:43:21 | INFO     | Objetivo Crononauta: #10306 | Fecha: 19/01/2026 22:00
2026-01-19 19:43:21 | INFO     |   forense_biometrico: [3, 6, 7, 8, 9, 13, 14, 16, 18, 19] [Score ADN: 4.9]
2026-01-19 19:44:05 | INFO     |   oraculo_neural_v3 (Pool: 81): [1, 2, 4, 5, 6, 9, 13, 16, 17, 18] [OK] [Confianza: 2.23x]
2026-01-19 19:44:48 | INFO     |   oraculo_neural_v4 (Pool: 100): [1, 2, 3, 4, 8, 9, 14, 16, 17, 19] [OK] [Confianza: 2.22x]
2026-01-19 19:44:48 | INFO     | Consenso Determinista validado (Score ADN: 17.7)
2026-01-19 19:44:48 | INFO     | TICKET FINAL: [1, 2, 4, 6, 9, 13, 14, 16, 17, 18] | 🔥 ALTA CONFIANZA (74.89%)
2026-01-19 19:44:48 | INFO     | Forzando sincronización del laboratorio...
2026-01-19 19:44:48 | INFO     | Dashboard sincronizado correctamente.
2026-01-19 19:44:48 | INFO     | ============================================================
2026-01-19 19:44:48 | INFO     | PROCESO DEL SOÑADOR TERMINADO
2026-01-19 19:44:48 | INFO     | Total predicciones generadas: 20
2026-01-19 19:44:48 | INFO     | Log guardado en: /home/runner/work/lotus-2026/lotus-2026/engine/models/../../logs/bot_dreamer_20260119_194038.log
2026-01-19 19:44:48 | INFO     | ============================================================
