2026-01-18 11:14:54 | INFO     | === LOG INICIADO: /home/runner/work/lotus-2026/lotus-2026/engine/models/../../logs/bot_dreamer_20260118_111454.log ===
2026-01-18 11:14:55 | DEBUG    | OraculoNeural importado correctamente
2026-01-18 11:14:55 | DEBUG    | LotoForense importado correctamente
2026-01-18 11:14:55 | DEBUG    | MetaLearner importado correctamente
2026-01-18 11:14:55 | DEBUG    | Loto3Ultra importado correctamente
2026-01-18 11:14:55 | INFO     | ============================================================
2026-01-18 11:14:55 | INFO     | INICIANDO BOT SOÑADOR: LÓBULOS ESPECIALIZADOS v12.4
2026-01-18 11:14:55 | INFO     | ============================================================
2026-01-18 11:14:55 | DEBUG    | MetaLearner activo: True
2026-01-18 11:14:55 | INFO     | Hora Chile: 2026-01-18 08:14:55 | Día: 6 | Hora: 8
2026-01-18 11:14:55 | INFO     | Cortex cargado: Rankings y Morfología segmentados por juego.
2026-01-18 11:14:55 | DEBUG    | Juegos en genoma: ['LOTO', 'LOTO3', 'LOTO4', 'RACHA']
2026-01-18 11:14:55 | INFO     | ----------------------------------------
2026-01-18 11:14:55 | INFO     | UNIVERSO: LOTO
2026-01-18 11:14:55 | DEBUG    | Pesos de confianza: {'consenso_meritocratico_v2': 0.6931471805599453, 'consenso_v1': 0.7929925155296614, 'delta_tactico_v1': 0.6931471805599453, 'forense_biometrico_v1': 0.6931471805599453, 'gaussiano_tactico_v1': 0.6931471805599453, 'markov_chain_v1': 0.6931471805599453, 'oraculo_neural_v3': 0.6931471805599453, 'oraculo_neural_v4': 0.6931471805599453}
2026-01-18 11:14:55 | INFO     | Objetivo Crononauta: #5375 | Fecha: 18/01/2026 21:00
2026-01-18 11:14:55 | INFO     |   forense_biometrico: [4, 12, 13, 24, 33, 41] [Score ADN: 6.35]
2026-01-18 11:14:55 | INFO     |   gaussiano_inteligente: [8, 17, 22, 23, 38, 41] [Score ADN: 5.95]
2026-01-18 11:14:55 | INFO     |   delta_dna: [13, 19, 22, 24, 30, 31] [Score ADN: 5.95]
2026-01-18 11:14:55 | INFO     |   markov_chain: [12, 14, 18, 22, 28, 32] [Score ADN: 33.05]
2026-01-18 11:16:12 | INFO     |   oraculo_neural_v3 (Pool: 87): [3, 10, 13, 37, 38, 40] [OK] [Confianza: 1.83x]
2026-01-18 11:16:28 | INFO     |   oraculo_neural_v4 (Pool: 100): [1, 13, 15, 29, 33, 35] [OK] [Confianza: 2.11x]
2026-01-18 11:16:28 | INFO     | Consenso Determinista validado (Score ADN: 13.65)
2026-01-18 11:16:28 | INFO     | TICKET FINAL: [3, 10, 13, 15, 29, 33] | 🔥 ALTA CONFIANZA (35.26%)
2026-01-18 11:16:28 | INFO     | ----------------------------------------
2026-01-18 11:16:28 | INFO     | UNIVERSO: LOTO3
2026-01-18 11:16:28 | INFO     | Activando LOTO3 ULTRA (Ensemble Avanzado)...
2026-01-18 11:16:29 | INFO     | LOTO3 ULTRA: 10 predicciones generadas
2026-01-18 11:16:29 | INFO     | ----------------------------------------
2026-01-18 11:16:29 | INFO     | UNIVERSO: LOTO4
2026-01-18 11:16:29 | DEBUG    | Pesos de confianza: {'consenso_meritocratico_v2': 0.6931471805599453, 'forense_biometrico_v1': 0.6931471805599453, 'oraculo_neural_v3': 0.8919980393051105, 'oraculo_neural_v4': 0.7929925155296614}
2026-01-18 11:16:29 | INFO     | Objetivo Crononauta: #11570 | Fecha: 18/01/2026 14:00
2026-01-18 11:16:29 | INFO     |   forense_biometrico: [8, 9, 17, 23] [Score ADN: 3.25]
2026-01-18 11:17:16 | INFO     |   oraculo_neural_v3 (Pool: 86): [12, 13, 15, 23] [OK] [Confianza: 2.22x]
2026-01-18 11:17:32 | INFO     |   oraculo_neural_v4 (Pool: 100): [1, 6, 14, 15] [OK] [Confianza: 2.38x]
2026-01-18 11:17:32 | INFO     | Consenso Determinista validado (Score ADN: 8.25)
2026-01-18 11:17:32 | INFO     | TICKET FINAL: [13, 14, 15, 23] | 🔥 ALTA CONFIANZA (55.28%)
2026-01-18 11:17:32 | INFO     | ----------------------------------------
2026-01-18 11:17:32 | INFO     | UNIVERSO: RACHA
2026-01-18 11:17:32 | DEBUG    | Pesos de confianza: {'consenso_meritocratico_v2': 2.900871992530031, 'forense_biometrico_v1': 2.8148097376737438, 'oraculo_neural_v3': 2.853015971352396, 'oraculo_neural_v4': 2.7806808921371178}
2026-01-18 11:17:32 | INFO     | Objetivo Crononauta: #10303 | Fecha: 18/01/2026 15:00
2026-01-18 11:17:32 | INFO     |   forense_biometrico: [3, 4, 5, 6, 8, 9, 11, 16, 18, 19] [Score ADN: 4.9]
2026-01-18 11:18:11 | INFO     |   oraculo_neural_v3 (Pool: 78): [2, 3, 5, 9, 10, 11, 12, 14, 19, 20] [OK] [Confianza: 2.21x]
2026-01-18 11:18:50 | INFO     |   oraculo_neural_v4 (Pool: 100): [1, 2, 3, 6, 7, 8, 9, 11, 13, 15] [OK] [Confianza: 2.07x]
2026-01-18 11:18:50 | INFO     | Consenso Determinista validado (Score ADN: 20.1)
2026-01-18 11:18:50 | INFO     | TICKET FINAL: [2, 3, 5, 7, 9, 10, 11, 15, 19, 20] | 🔥 ALTA CONFIANZA (67.4%)
2026-01-18 11:18:50 | INFO     | Forzando sincronización del laboratorio...
2026-01-18 11:18:50 | INFO     | Dashboard sincronizado correctamente.
2026-01-18 11:18:50 | INFO     | ============================================================
2026-01-18 11:18:50 | INFO     | PROCESO DEL SOÑADOR TERMINADO
2026-01-18 11:18:50 | INFO     | Total predicciones generadas: 20
2026-01-18 11:18:50 | INFO     | Log guardado en: /home/runner/work/lotus-2026/lotus-2026/engine/models/../../logs/bot_dreamer_20260118_111454.log
2026-01-18 11:18:50 | INFO     | ============================================================
