2026-01-18 09:41:40 | INFO     | === LOG INICIADO: /home/runner/work/lotus-2026/lotus-2026/engine/models/../../logs/bot_dreamer_20260118_094140.log ===
2026-01-18 09:41:42 | DEBUG    | OraculoNeural importado correctamente
2026-01-18 09:41:42 | DEBUG    | LotoForense importado correctamente
2026-01-18 09:41:42 | DEBUG    | MetaLearner importado correctamente
2026-01-18 09:41:42 | DEBUG    | Loto3Ultra importado correctamente
2026-01-18 09:41:42 | INFO     | ============================================================
2026-01-18 09:41:42 | INFO     | INICIANDO BOT SOÑADOR: LÓBULOS ESPECIALIZADOS v12.4
2026-01-18 09:41:42 | INFO     | ============================================================
2026-01-18 09:41:42 | DEBUG    | MetaLearner activo: True
2026-01-18 09:41:42 | INFO     | Hora Chile: 2026-01-18 06:41:42 | Día: 6 | Hora: 6
2026-01-18 09:41:42 | INFO     | Cortex cargado: Rankings y Morfología segmentados por juego.
2026-01-18 09:41:42 | DEBUG    | Juegos en genoma: ['LOTO', 'LOTO3', 'LOTO4', 'RACHA']
2026-01-18 09:41:42 | INFO     | ----------------------------------------
2026-01-18 09:41:42 | INFO     | UNIVERSO: LOTO
2026-01-18 09:41:42 | DEBUG    | Pesos de confianza: {'consenso_meritocratico_v2': 0.6931471805599453, 'consenso_v1': 0.7929925155296614, 'delta_tactico_v1': 0.6931471805599453, 'forense_biometrico_v1': 0.6931471805599453, 'gaussiano_tactico_v1': 0.6931471805599453, 'markov_chain_v1': 0.6931471805599453, 'oraculo_neural_v3': 0.6931471805599453, 'oraculo_neural_v4': 0.6931471805599453}
2026-01-18 09:41:42 | INFO     | Objetivo Crononauta: #5375 | Fecha: 18/01/2026 21:00
2026-01-18 09:41:42 | INFO     |   forense_biometrico: [2, 4, 5, 20, 33, 41] [Score ADN: 5.95]
2026-01-18 09:41:42 | INFO     |   gaussiano_inteligente: [6, 7, 10, 13, 26, 41] [Score ADN: 5.95]
2026-01-18 09:41:42 | INFO     |   delta_dna: [10, 11, 13, 15, 21, 30] [Score ADN: 7.35]
2026-01-18 09:41:42 | INFO     |   markov_chain: [12, 14, 18, 22, 28, 32] [Score ADN: 33.05]
2026-01-18 09:43:13 | INFO     |   oraculo_neural_v3 (Pool: 91): [8, 10, 11, 19, 22, 31] [OK] [Confianza: 1.83x]
2026-01-18 09:43:29 | INFO     |   oraculo_neural_v4 (Pool: 100): [1, 13, 15, 29, 33, 35] [OK] [Confianza: 2.11x]
2026-01-18 09:43:29 | INFO     | Consenso Determinista validado (Score ADN: 14.05)
2026-01-18 09:43:29 | INFO     | TICKET FINAL: [8, 15, 19, 22, 33, 35] | 🔥 ALTA CONFIANZA (36.7%)
2026-01-18 09:43:29 | INFO     | ----------------------------------------
2026-01-18 09:43:29 | INFO     | UNIVERSO: LOTO3
2026-01-18 09:43:29 | INFO     | Activando LOTO3 ULTRA (Ensemble Avanzado)...
2026-01-18 09:43:30 | INFO     | LOTO3 ULTRA: 10 predicciones generadas
2026-01-18 09:43:30 | INFO     | ----------------------------------------
2026-01-18 09:43:30 | INFO     | UNIVERSO: LOTO4
2026-01-18 09:43:30 | DEBUG    | Pesos de confianza: {'consenso_meritocratico_v2': 0.6931471805599453, 'forense_biometrico_v1': 0.6931471805599453, 'oraculo_neural_v3': 0.8919980393051105, 'oraculo_neural_v4': 0.7929925155296614}
2026-01-18 09:43:30 | INFO     | Objetivo Crononauta: #11570 | Fecha: 18/01/2026 14:00
2026-01-18 09:43:30 | INFO     |   forense_biometrico: [7, 13, 21, 22] [Score ADN: 3.25]
2026-01-18 09:44:25 | INFO     |   oraculo_neural_v3 (Pool: 82): [3, 11, 14, 15] [OK] [Confianza: 2.22x]
2026-01-18 09:44:44 | INFO     |   oraculo_neural_v4 (Pool: 100): [1, 6, 14, 15] [OK] [Confianza: 2.38x]
2026-01-18 09:44:44 | INFO     | Consenso Determinista validado (Score ADN: 6.55)
2026-01-18 09:44:44 | INFO     | TICKET FINAL: [1, 3, 14, 15] | 🔥 ALTA CONFIANZA (63.04%)
2026-01-18 09:44:44 | INFO     | ----------------------------------------
2026-01-18 09:44:44 | INFO     | UNIVERSO: RACHA
2026-01-18 09:44:44 | DEBUG    | Pesos de confianza: {'consenso_meritocratico_v2': 2.900871992530031, 'forense_biometrico_v1': 2.8148097376737438, 'oraculo_neural_v3': 2.853015971352396, 'oraculo_neural_v4': 2.7806808921371178}
2026-01-18 09:44:44 | INFO     | Objetivo Crononauta: #10303 | Fecha: 18/01/2026 15:00
2026-01-18 09:44:44 | INFO     |   forense_biometrico: [2, 3, 4, 9, 10, 14, 15, 17, 19, 20] [Score ADN: 4.9]
2026-01-18 09:45:30 | INFO     |   oraculo_neural_v3 (Pool: 79): [1, 2, 3, 6, 7, 10, 13, 14, 15, 20] [OK] [Confianza: 2.21x]
2026-01-18 09:46:14 | INFO     |   oraculo_neural_v4 (Pool: 100): [1, 2, 3, 6, 7, 8, 9, 11, 13, 15] [OK] [Confianza: 2.09x]
2026-01-18 09:46:14 | DEBUG    | Consenso Top-N rechazado por morfología. Iniciando Muestreo Estocástico...
2026-01-18 09:46:14 | INFO     | Muestreo exitoso tras 0 intentos (Score ADN: 4.9)
2026-01-18 09:46:14 | INFO     | TICKET FINAL: [1, 2, 3, 6, 11, 13, 14, 15, 16, 20] | 🔥 ALTA CONFIANZA (78.55%)
2026-01-18 09:46:14 | INFO     | Forzando sincronización del laboratorio...
2026-01-18 09:46:14 | INFO     | Dashboard sincronizado correctamente.
2026-01-18 09:46:14 | INFO     | ============================================================
2026-01-18 09:46:14 | INFO     | PROCESO DEL SOÑADOR TERMINADO
2026-01-18 09:46:14 | INFO     | Total predicciones generadas: 20
2026-01-18 09:46:14 | INFO     | Log guardado en: /home/runner/work/lotus-2026/lotus-2026/engine/models/../../logs/bot_dreamer_20260118_094140.log
2026-01-18 09:46:14 | INFO     | ============================================================
