2026-01-21 23:57:13 | INFO     | === LOG INICIADO: /home/runner/work/lotus-2026/lotus-2026/engine/models/../../logs/bot_dreamer_20260121_235713.log ===
2026-01-21 23:57:14 | DEBUG    | OraculoNeural importado correctamente
2026-01-21 23:57:14 | DEBUG    | LotoForense importado correctamente
2026-01-21 23:57:14 | DEBUG    | MetaLearner importado correctamente
2026-01-21 23:57:14 | DEBUG    | Loto3Ultra importado correctamente
2026-01-21 23:57:14 | INFO     | ============================================================
2026-01-21 23:57:14 | INFO     | INICIANDO BOT SOÑADOR: LÓBULOS ESPECIALIZADOS v12.4
2026-01-21 23:57:14 | INFO     | ============================================================
2026-01-21 23:57:14 | DEBUG    | MetaLearner activo: True
2026-01-21 23:57:14 | INFO     | Hora Chile: 2026-01-21 20:57:14 | Día: 2 | Hora: 20
2026-01-21 23:57:14 | INFO     | Cortex cargado: Rankings y Morfología segmentados por juego.
2026-01-21 23:57:14 | DEBUG    | Juegos en genoma: ['LOTO', 'LOTO3', 'LOTO4', 'RACHA']
2026-01-21 23:57:14 | INFO     | ----------------------------------------
2026-01-21 23:57:14 | INFO     | UNIVERSO: LOTO
2026-01-21 23:57:14 | DEBUG    | Pesos de confianza: {'consenso_meritocratico_v2': 0.6931471805599453, 'consenso_v1': 0.7929925155296614, 'delta_tactico_v1': 0.6931471805599453, 'forense_biometrico_v1': 0.6931471805599453, 'gaussiano_tactico_v1': 0.6931471805599453, 'markov_chain_v1': 0.6931471805599453, 'oraculo_neural_v3': 1.1537315878891892, 'oraculo_neural_v4': 0.6931471805599453}
2026-01-21 23:57:14 | INFO     | Objetivo Crononauta: #5377 | Fecha: 22/01/2026 21:00
2026-01-21 23:57:14 | INFO     |   forense_biometrico: [2, 7, 14, 29, 30, 35] [Score ADN: 5.95]
2026-01-21 23:57:14 | INFO     |   gaussiano_inteligente: [11, 13, 16, 17, 26, 36] [Score ADN: 5.95]
2026-01-21 23:57:14 | INFO     |   delta_dna: [10, 16, 17, 19, 31, 36] [Score ADN: 5.95]
2026-01-21 23:57:14 | INFO     |   markov_chain: [11, 12, 20, 28, 34, 41] [Score ADN: 11.35]
2026-01-21 23:58:06 | INFO     |   oraculo_neural_v3 (Pool: 86): [2, 11, 17, 18, 25, 36] [OK] [Confianza: 1.83x]
2026-01-21 23:58:15 | INFO     |   oraculo_neural_v4 (Pool: 100): [2, 5, 15, 29, 30, 41] [OK] [Confianza: 1.84x]
2026-01-21 23:58:15 | INFO     | Consenso Determinista validado (Score ADN: 13.65)
2026-01-21 23:58:15 | INFO     | TICKET FINAL: [2, 11, 17, 25, 36, 41] | 🔥 ALTA CONFIANZA (42.37%)
2026-01-21 23:58:15 | INFO     | ----------------------------------------
2026-01-21 23:58:15 | INFO     | UNIVERSO: LOTO3
2026-01-21 23:58:15 | INFO     | Activando LOTO3 ULTRA (Ensemble Avanzado)...
2026-01-21 23:58:16 | INFO     | LOTO3 ULTRA: 10 predicciones generadas
2026-01-21 23:58:16 | INFO     | ----------------------------------------
2026-01-21 23:58:16 | INFO     | UNIVERSO: LOTO4
2026-01-21 23:58:16 | DEBUG    | Pesos de confianza: {'oraculo_neural_v3': 1.0818051703517284}
2026-01-21 23:58:16 | INFO     | Objetivo Crononauta: #11577 | Fecha: 21/01/2026 21:00
2026-01-21 23:58:16 | INFO     |   forense_biometrico: [5, 6, 21, 23] [Score ADN: 3.25]
2026-01-21 23:59:13 | INFO     |   oraculo_neural_v3 (Pool: 91): [8, 9, 13, 23] [OK] [Confianza: 2.22x]
2026-01-21 23:59:19 | INFO     |   oraculo_neural_v4 (Pool: 100): [1, 9, 15, 23] [OK] [Confianza: 2.4x]
2026-01-21 23:59:19 | INFO     | Consenso Determinista validado (Score ADN: 12.15)
2026-01-21 23:59:19 | INFO     | TICKET FINAL: [9, 13, 15, 23] | 🔥 ALTA CONFIANZA (64.9%)
2026-01-21 23:59:19 | INFO     | ----------------------------------------
2026-01-21 23:59:19 | INFO     | UNIVERSO: RACHA
2026-01-21 23:59:19 | DEBUG    | Pesos de confianza: {'consenso_meritocratico_v2': 2.900871992530031, 'forense_biometrico_v1': 2.8148097376737438, 'oraculo_neural_v3': 2.853015971352396, 'oraculo_neural_v4': 2.7806808921371178}
2026-01-21 23:59:19 | INFO     | Objetivo Crononauta: #10310 | Fecha: 21/01/2026 22:00
2026-01-21 23:59:19 | INFO     |   forense_biometrico: [2, 3, 4, 8, 9, 13, 15, 16, 19, 20] [Score ADN: 4.9]
2026-01-21 23:59:46 | INFO     |   oraculo_neural_v3 (Pool: 78): [1, 4, 5, 6, 11, 13, 14, 18, 19, 20] [OK] [Confianza: 2.22x]
2026-01-22 00:00:13 | INFO     |   oraculo_neural_v4 (Pool: 100): [1, 2, 3, 6, 9, 10, 13, 14, 18, 20] [OK] [Confianza: 2.27x]
2026-01-22 00:00:13 | INFO     | Consenso Determinista validado (Score ADN: 27.7)
2026-01-22 00:00:13 | INFO     | TICKET FINAL: [1, 4, 6, 9, 10, 11, 13, 14, 18, 20] | 🔥 ALTA CONFIANZA (75.26%)
2026-01-22 00:00:13 | INFO     | Forzando sincronización del laboratorio...
2026-01-22 00:00:13 | INFO     | Dashboard sincronizado correctamente.
2026-01-22 00:00:13 | INFO     | ============================================================
2026-01-22 00:00:13 | INFO     | PROCESO DEL SOÑADOR TERMINADO
2026-01-22 00:00:13 | INFO     | Total predicciones generadas: 20
2026-01-22 00:00:13 | INFO     | Log guardado en: /home/runner/work/lotus-2026/lotus-2026/engine/models/../../logs/bot_dreamer_20260121_235713.log
2026-01-22 00:00:13 | INFO     | ============================================================
