2026-01-20 04:30:21 | INFO     | === LOG INICIADO: /home/runner/work/lotus-2026/lotus-2026/engine/models/../../logs/bot_dreamer_20260120_043021.log ===
2026-01-20 04:30:22 | DEBUG    | OraculoNeural importado correctamente
2026-01-20 04:30:22 | DEBUG    | LotoForense importado correctamente
2026-01-20 04:30:22 | DEBUG    | MetaLearner importado correctamente
2026-01-20 04:30:22 | DEBUG    | Loto3Ultra importado correctamente
2026-01-20 04:30:22 | INFO     | ============================================================
2026-01-20 04:30:22 | INFO     | INICIANDO BOT SOÑADOR: LÓBULOS ESPECIALIZADOS v12.4
2026-01-20 04:30:22 | INFO     | ============================================================
2026-01-20 04:30:22 | DEBUG    | MetaLearner activo: True
2026-01-20 04:30:22 | INFO     | Hora Chile: 2026-01-20 01:30:22 | Día: 1 | Hora: 1
2026-01-20 04:30:22 | INFO     | Cortex cargado: Rankings y Morfología segmentados por juego.
2026-01-20 04:30:22 | DEBUG    | Juegos en genoma: ['LOTO', 'LOTO3', 'LOTO4', 'RACHA']
2026-01-20 04:30:22 | INFO     | ----------------------------------------
2026-01-20 04:30:22 | INFO     | UNIVERSO: LOTO
2026-01-20 04:30:22 | DEBUG    | Pesos de confianza: {'consenso_meritocratico_v2': 0.6931471805599453, 'consenso_v1': 0.7929925155296614, 'delta_tactico_v1': 0.6931471805599453, 'forense_biometrico_v1': 0.6931471805599453, 'gaussiano_tactico_v1': 0.6931471805599453, 'markov_chain_v1': 0.6931471805599453, 'oraculo_neural_v3': 0.8064758658669485, 'oraculo_neural_v4': 0.6931471805599453}
2026-01-20 04:30:22 | INFO     | Objetivo Crononauta: #5376 | Fecha: 20/01/2026 21:00
2026-01-20 04:30:22 | INFO     |   forense_biometrico: [2, 17, 18, 24, 27, 37] [Score ADN: 5.95]
2026-01-20 04:30:22 | INFO     |   gaussiano_inteligente: [4, 6, 7, 19, 36, 41] [Score ADN: 5.95]
2026-01-20 04:30:22 | INFO     |   delta_dna: [3, 10, 18, 26, 27, 29] [Score ADN: 6.35]
2026-01-20 04:30:22 | INFO     |   markov_chain: [7, 18, 21, 29, 31, 37] [Score ADN: 18.65]
2026-01-20 04:31:17 | INFO     |   oraculo_neural_v3 (Pool: 82): [7, 8, 17, 24, 34, 41] [OK] [Confianza: 1.83x]
2026-01-20 04:31:18 | WARNING  | v4 SILENCIADO. Motivos: {}
2026-01-20 04:31:18 | INFO     | Consenso Determinista validado (Score ADN: 5.95)
2026-01-20 04:31:18 | INFO     | TICKET FINAL: [7, 8, 17, 24, 34, 41] | 🔥 ALTA CONFIANZA (43.4%)
2026-01-20 04:31:18 | INFO     | ----------------------------------------
2026-01-20 04:31:18 | INFO     | UNIVERSO: LOTO3
2026-01-20 04:31:18 | INFO     | Activando LOTO3 ULTRA (Ensemble Avanzado)...
2026-01-20 04:31:19 | INFO     | LOTO3 ULTRA: 10 predicciones generadas
2026-01-20 04:31:19 | INFO     | ----------------------------------------
2026-01-20 04:31:19 | INFO     | UNIVERSO: LOTO4
2026-01-20 04:31:19 | DEBUG    | Pesos de confianza: {'consenso_meritocratico_v2': 0.6931471805599453, 'forense_biometrico_v1': 0.6931471805599453, 'oraculo_neural_v3': 0.8919980393051105, 'oraculo_neural_v4': 0.7929925155296614}
2026-01-20 04:31:19 | INFO     | Objetivo Crononauta: #11574 | Fecha: 20/01/2026 14:00
2026-01-20 04:31:19 | INFO     |   forense_biometrico: [1, 7, 17, 18] [Score ADN: 3.25]
2026-01-20 04:31:20 | WARNING  | v3 SILENCIADO. Motivos: {}
2026-01-20 04:31:21 | WARNING  | v4 SILENCIADO. Motivos: {}
2026-01-20 04:31:21 | INFO     | Consenso Determinista validado (Score ADN: 10.45)
2026-01-20 04:31:21 | INFO     | TICKET FINAL: [5, 9, 16, 21] | 🔥 ALTA CONFIANZA (40.0%)
2026-01-20 04:31:21 | INFO     | ----------------------------------------
2026-01-20 04:31:21 | INFO     | UNIVERSO: RACHA
2026-01-20 04:31:21 | DEBUG    | Pesos de confianza: {'consenso_meritocratico_v2': 2.900871992530031, 'forense_biometrico_v1': 2.8148097376737438, 'oraculo_neural_v3': 2.853015971352396, 'oraculo_neural_v4': 2.7806808921371178}
2026-01-20 04:31:21 | INFO     | Objetivo Crononauta: #10307 | Fecha: 20/01/2026 15:00
2026-01-20 04:31:21 | INFO     |   forense_biometrico: [3, 4, 8, 9, 10, 13, 14, 16, 17, 19] [Score ADN: 4.9]
2026-01-20 04:31:24 | WARNING  | v3 SILENCIADO. Motivos: {}
2026-01-20 04:31:26 | WARNING  | v4 SILENCIADO. Motivos: {}
2026-01-20 04:31:26 | INFO     | Consenso Determinista validado (Score ADN: 20.1)
2026-01-20 04:31:26 | INFO     | TICKET FINAL: [1, 3, 5, 6, 8, 11, 13, 16, 19, 20] | 🔥 ALTA CONFIANZA (66.0%)
2026-01-20 04:31:26 | INFO     | Forzando sincronización del laboratorio...
2026-01-20 04:31:26 | INFO     | Dashboard sincronizado correctamente.
2026-01-20 04:31:26 | INFO     | ============================================================
2026-01-20 04:31:26 | INFO     | PROCESO DEL SOÑADOR TERMINADO
2026-01-20 04:31:26 | INFO     | Total predicciones generadas: 15
2026-01-20 04:31:26 | INFO     | Log guardado en: /home/runner/work/lotus-2026/lotus-2026/engine/models/../../logs/bot_dreamer_20260120_043021.log
2026-01-20 04:31:26 | INFO     | ============================================================
