2026-01-21 21:58:43 | INFO     | === LOG INICIADO: /home/runner/work/lotus-2026/lotus-2026/engine/models/../../logs/bot_dreamer_20260121_215843.log ===
2026-01-21 21:58:45 | DEBUG    | OraculoNeural importado correctamente
2026-01-21 21:58:45 | DEBUG    | LotoForense importado correctamente
2026-01-21 21:58:45 | DEBUG    | MetaLearner importado correctamente
2026-01-21 21:58:45 | DEBUG    | Loto3Ultra importado correctamente
2026-01-21 21:58:45 | INFO     | ============================================================
2026-01-21 21:58:45 | INFO     | INICIANDO BOT SOÑADOR: LÓBULOS ESPECIALIZADOS v12.4
2026-01-21 21:58:45 | INFO     | ============================================================
2026-01-21 21:58:45 | DEBUG    | MetaLearner activo: True
2026-01-21 21:58:45 | INFO     | Hora Chile: 2026-01-21 18:58:45 | Día: 2 | Hora: 18
2026-01-21 21:58:45 | INFO     | Cortex cargado: Rankings y Morfología segmentados por juego.
2026-01-21 21:58:45 | DEBUG    | Juegos en genoma: ['LOTO', 'LOTO3', 'LOTO4', 'RACHA']
2026-01-21 21:58:45 | INFO     | ----------------------------------------
2026-01-21 21:58:45 | INFO     | UNIVERSO: LOTO
2026-01-21 21:58:45 | DEBUG    | Pesos de confianza: {'consenso_meritocratico_v2': 0.6931471805599453, 'consenso_v1': 0.7929925155296614, 'delta_tactico_v1': 0.6931471805599453, 'forense_biometrico_v1': 0.6931471805599453, 'gaussiano_tactico_v1': 0.6931471805599453, 'markov_chain_v1': 0.6931471805599453, 'oraculo_neural_v3': 1.1537315878891892, 'oraculo_neural_v4': 0.6931471805599453}
2026-01-21 21:58:45 | INFO     | Objetivo Crononauta: #5377 | Fecha: 22/01/2026 21:00
2026-01-21 21:58:45 | INFO     |   forense_biometrico: [1, 11, 12, 14, 38, 41] [Score ADN: 6.35]
2026-01-21 21:58:45 | INFO     |   gaussiano_inteligente: [5, 19, 20, 23, 26, 40] [Score ADN: 5.95]
2026-01-21 21:58:45 | INFO     |   delta_dna: [5, 8, 19, 21, 22, 32] [Score ADN: 6.35]
2026-01-21 21:58:45 | INFO     |   markov_chain: [11, 12, 20, 28, 34, 41] [Score ADN: 11.35]
2026-01-21 21:59:38 | INFO     |   oraculo_neural_v3 (Pool: 89): [2, 6, 17, 18, 29, 39] [OK] [Confianza: 1.83x]
2026-01-21 21:59:47 | INFO     |   oraculo_neural_v4 (Pool: 100): [2, 5, 15, 29, 30, 41] [OK] [Confianza: 1.84x]
2026-01-21 21:59:47 | INFO     | Consenso Determinista validado (Score ADN: 5.95)
2026-01-21 21:59:47 | INFO     | TICKET FINAL: [2, 6, 17, 18, 29, 39] | 🔥 ALTA CONFIANZA (42.71%)
2026-01-21 21:59:47 | INFO     | ----------------------------------------
2026-01-21 21:59:47 | INFO     | UNIVERSO: LOTO3
2026-01-21 21:59:47 | INFO     | Activando LOTO3 ULTRA (Ensemble Avanzado)...
2026-01-21 21:59:48 | INFO     | LOTO3 ULTRA: 10 predicciones generadas
2026-01-21 21:59:48 | INFO     | ----------------------------------------
2026-01-21 21:59:48 | INFO     | UNIVERSO: LOTO4
2026-01-21 21:59:48 | DEBUG    | Pesos de confianza: {'consenso_meritocratico_v2': 0.6931471805599453, 'forense_biometrico_v1': 0.6931471805599453, 'oraculo_neural_v3': 0.8919980393051105, 'oraculo_neural_v4': 0.7929925155296614}
2026-01-21 21:59:48 | INFO     | Objetivo Crononauta: #11577 | Fecha: 21/01/2026 21:00
2026-01-21 21:59:48 | INFO     |   forense_biometrico: [1, 10, 11, 19] [Score ADN: 3.25]
2026-01-21 22:00:50 | INFO     |   oraculo_neural_v3 (Pool: 86): [9, 10, 17, 19] [OK] [Confianza: 2.22x]
2026-01-21 22:00:56 | INFO     |   oraculo_neural_v4 (Pool: 100): [1, 9, 15, 23] [OK] [Confianza: 2.38x]
2026-01-21 22:00:56 | INFO     | Consenso Determinista validado (Score ADN: 12.15)
2026-01-21 22:00:56 | INFO     | TICKET FINAL: [9, 15, 17, 23] | 🔥 ALTA CONFIANZA (54.78%)
2026-01-21 22:00:56 | INFO     | ----------------------------------------
2026-01-21 22:00:56 | INFO     | UNIVERSO: RACHA
2026-01-21 22:00:56 | DEBUG    | Pesos de confianza: {'consenso_meritocratico_v2': 2.900871992530031, 'forense_biometrico_v1': 2.8148097376737438, 'oraculo_neural_v3': 2.853015971352396, 'oraculo_neural_v4': 2.7806808921371178}
2026-01-21 22:00:56 | INFO     | Objetivo Crononauta: #10310 | Fecha: 21/01/2026 22:00
2026-01-21 22:00:56 | INFO     |   forense_biometrico: [1, 2, 7, 9, 10, 11, 14, 16, 17, 18] [Score ADN: 4.9]
2026-01-21 22:01:24 | INFO     |   oraculo_neural_v3 (Pool: 71): [2, 3, 4, 7, 9, 10, 13, 14, 17, 18] [OK] [Confianza: 2.23x]
2026-01-21 22:01:50 | INFO     |   oraculo_neural_v4 (Pool: 100): [1, 2, 3, 6, 9, 10, 13, 14, 18, 20] [OK] [Confianza: 2.25x]
2026-01-21 22:01:50 | INFO     | Consenso Determinista validado (Score ADN: 8.7)
2026-01-21 22:01:50 | INFO     | TICKET FINAL: [2, 3, 7, 9, 10, 13, 14, 17, 18, 20] | 🔥 ALTA CONFIANZA (78.65%)
2026-01-21 22:01:50 | INFO     | Forzando sincronización del laboratorio...
2026-01-21 22:01:50 | INFO     | Dashboard sincronizado correctamente.
2026-01-21 22:01:50 | INFO     | ============================================================
2026-01-21 22:01:50 | INFO     | PROCESO DEL SOÑADOR TERMINADO
2026-01-21 22:01:50 | INFO     | Total predicciones generadas: 20
2026-01-21 22:01:50 | INFO     | Log guardado en: /home/runner/work/lotus-2026/lotus-2026/engine/models/../../logs/bot_dreamer_20260121_215843.log
2026-01-21 22:01:50 | INFO     | ============================================================
