2026-01-19 11:50:52 | INFO     | === LOG INICIADO: /home/runner/work/lotus-2026/lotus-2026/engine/models/../../logs/bot_dreamer_20260119_115052.log ===
2026-01-19 11:50:54 | DEBUG    | OraculoNeural importado correctamente
2026-01-19 11:50:54 | DEBUG    | LotoForense importado correctamente
2026-01-19 11:50:54 | DEBUG    | MetaLearner importado correctamente
2026-01-19 11:50:54 | DEBUG    | Loto3Ultra importado correctamente
2026-01-19 11:50:54 | INFO     | ============================================================
2026-01-19 11:50:54 | INFO     | INICIANDO BOT SOÑADOR: LÓBULOS ESPECIALIZADOS v12.4
2026-01-19 11:50:54 | INFO     | ============================================================
2026-01-19 11:50:54 | DEBUG    | MetaLearner activo: True
2026-01-19 11:50:54 | INFO     | Hora Chile: 2026-01-19 08:50:54 | Día: 0 | Hora: 8
2026-01-19 11:50:54 | INFO     | Cortex cargado: Rankings y Morfología segmentados por juego.
2026-01-19 11:50:54 | DEBUG    | Juegos en genoma: ['LOTO', 'LOTO3', 'LOTO4', 'RACHA']
2026-01-19 11:50:54 | INFO     | ----------------------------------------
2026-01-19 11:50:54 | INFO     | UNIVERSO: LOTO
2026-01-19 11:50:54 | DEBUG    | Pesos de confianza: {'consenso_meritocratico_v2': 0.6931471805599453, 'consenso_v1': 0.7929925155296614, 'delta_tactico_v1': 0.6931471805599453, 'forense_biometrico_v1': 0.6931471805599453, 'gaussiano_tactico_v1': 0.6931471805599453, 'markov_chain_v1': 0.6931471805599453, 'oraculo_neural_v3': 0.6931471805599453, 'oraculo_neural_v4': 0.6931471805599453}
2026-01-19 11:50:54 | INFO     | Objetivo Crononauta: #5376 | Fecha: 20/01/2026 21:00
2026-01-19 11:50:54 | INFO     |   forense_biometrico: [5, 9, 10, 26, 30, 41] [Score ADN: 6.35]
2026-01-19 11:50:54 | INFO     |   gaussiano_inteligente: [5, 19, 26, 28, 30, 31] [Score ADN: 5.95]
2026-01-19 11:50:54 | INFO     |   delta_dna: [5, 11, 17, 18, 26, 32] [Score ADN: 5.95]
2026-01-19 11:50:54 | INFO     |   markov_chain: [1, 16, 21, 24, 30, 34] [Score ADN: 23.05]
2026-01-19 11:52:12 | INFO     |   oraculo_neural_v3 (Pool: 90): [5, 14, 22, 23, 30, 41] [OK] [Confianza: 1.83x]
2026-01-19 11:52:27 | INFO     |   oraculo_neural_v4 (Pool: 100): [4, 18, 20, 27, 29, 35] [OK] [Confianza: 2.22x]
2026-01-19 11:52:27 | INFO     | Consenso Determinista validado (Score ADN: 18.05)
2026-01-19 11:52:27 | INFO     | TICKET FINAL: [4, 14, 18, 23, 27, 30] | 🔥 ALTA CONFIANZA (31.77%)
2026-01-19 11:52:27 | INFO     | ----------------------------------------
2026-01-19 11:52:27 | INFO     | UNIVERSO: LOTO3
2026-01-19 11:52:27 | INFO     | Activando LOTO3 ULTRA (Ensemble Avanzado)...
2026-01-19 11:52:28 | INFO     | LOTO3 ULTRA: 10 predicciones generadas
2026-01-19 11:52:28 | INFO     | ----------------------------------------
2026-01-19 11:52:28 | INFO     | UNIVERSO: LOTO4
2026-01-19 11:52:28 | DEBUG    | Pesos de confianza: {'consenso_meritocratico_v2': 0.6931471805599453, 'forense_biometrico_v1': 0.6931471805599453, 'oraculo_neural_v3': 0.8919980393051105, 'oraculo_neural_v4': 0.7929925155296614}
2026-01-19 11:52:28 | INFO     | Objetivo Crononauta: #11572 | Fecha: 19/01/2026 14:00
2026-01-19 11:52:28 | INFO     |   forense_biometrico: [7, 8, 19, 21] [Score ADN: 3.25]
2026-01-19 11:53:16 | INFO     |   oraculo_neural_v3 (Pool: 89): [3, 20, 21, 23] [OK] [Confianza: 2.22x]
2026-01-19 11:53:25 | INFO     |   oraculo_neural_v4 (Pool: 100): [5, 9, 10, 19] [OK] [Confianza: 2.22x]
2026-01-19 11:53:25 | INFO     | Consenso Determinista validado (Score ADN: 3.25)
2026-01-19 11:53:25 | INFO     | TICKET FINAL: [3, 20, 21, 23] | 🔥 ALTA CONFIANZA (46.2%)
2026-01-19 11:53:25 | INFO     | ----------------------------------------
2026-01-19 11:53:25 | INFO     | UNIVERSO: RACHA
2026-01-19 11:53:25 | DEBUG    | Pesos de confianza: {'consenso_meritocratico_v2': 2.900871992530031, 'forense_biometrico_v1': 2.8148097376737438, 'oraculo_neural_v3': 2.853015971352396, 'oraculo_neural_v4': 2.7806808921371178}
2026-01-19 11:53:25 | INFO     | Objetivo Crononauta: #10305 | Fecha: 19/01/2026 15:00
2026-01-19 11:53:25 | INFO     |   forense_biometrico: [1, 2, 4, 8, 9, 12, 13, 17, 18, 19] [Score ADN: 4.9]
2026-01-19 11:54:05 | INFO     |   oraculo_neural_v3 (Pool: 83): [1, 3, 6, 7, 8, 12, 13, 14, 16, 17] [OK] [Confianza: 2.21x]
2026-01-19 11:54:44 | INFO     |   oraculo_neural_v4 (Pool: 100): [1, 2, 3, 4, 8, 9, 14, 16, 17, 19] [OK] [Confianza: 2.13x]
2026-01-19 11:54:44 | INFO     | Consenso Determinista validado (Score ADN: 14.9)
2026-01-19 11:54:44 | INFO     | TICKET FINAL: [1, 2, 3, 4, 8, 12, 13, 14, 16, 17] | 🔥 ALTA CONFIANZA (71.75%)
2026-01-19 11:54:44 | INFO     | Forzando sincronización del laboratorio...
2026-01-19 11:54:44 | INFO     | Dashboard sincronizado correctamente.
2026-01-19 11:54:44 | INFO     | ============================================================
2026-01-19 11:54:44 | INFO     | PROCESO DEL SOÑADOR TERMINADO
2026-01-19 11:54:44 | INFO     | Total predicciones generadas: 20
2026-01-19 11:54:44 | INFO     | Log guardado en: /home/runner/work/lotus-2026/lotus-2026/engine/models/../../logs/bot_dreamer_20260119_115052.log
2026-01-19 11:54:44 | INFO     | ============================================================
