2026-01-17 22:41:41 | INFO     | === LOG INICIADO: /home/runner/work/lotus-2026/lotus-2026/engine/models/../../logs/bot_dreamer_20260117_224141.log ===
2026-01-17 22:41:42 | DEBUG    | OraculoNeural importado correctamente
2026-01-17 22:41:42 | DEBUG    | LotoForense importado correctamente
2026-01-17 22:41:42 | DEBUG    | MetaLearner importado correctamente
2026-01-17 22:41:42 | DEBUG    | Loto3Ultra importado correctamente
2026-01-17 22:41:42 | INFO     | ============================================================
2026-01-17 22:41:42 | INFO     | INICIANDO BOT SOÑADOR: LÓBULOS ESPECIALIZADOS v12.4
2026-01-17 22:41:42 | INFO     | ============================================================
2026-01-17 22:41:42 | DEBUG    | MetaLearner activo: True
2026-01-17 22:41:42 | INFO     | Hora Chile: 2026-01-17 19:41:42 | Día: 5 | Hora: 19
2026-01-17 22:41:42 | INFO     | Cortex cargado: Rankings y Morfología segmentados por juego.
2026-01-17 22:41:42 | DEBUG    | Juegos en genoma: ['LOTO', 'LOTO3', 'LOTO4', 'RACHA']
2026-01-17 22:41:42 | INFO     | ----------------------------------------
2026-01-17 22:41:42 | INFO     | UNIVERSO: LOTO
2026-01-17 22:41:42 | DEBUG    | Pesos de confianza: {'consenso_meritocratico_v2': 0.6931471805599453, 'consenso_v1': 0.7929925155296614, 'delta_tactico_v1': 0.6931471805599453, 'forense_biometrico_v1': 0.6931471805599453, 'gaussiano_tactico_v1': 0.6931471805599453, 'markov_chain_v1': 0.6931471805599453, 'oraculo_neural_v3': 0.6931471805599453, 'oraculo_neural_v4': 0.6931471805599453}
2026-01-17 22:41:43 | INFO     | Objetivo Crononauta: #5375 | Fecha: 18/01/2026 21:00
2026-01-17 22:41:43 | INFO     |   forense_biometrico: [2, 17, 18, 21, 23, 40] [Score ADN: 5.95]
2026-01-17 22:41:43 | INFO     |   gaussiano_inteligente: [2, 5, 18, 31, 33, 34] [Score ADN: 5.95]
2026-01-17 22:41:43 | INFO     |   delta_dna: [3, 11, 16, 17, 32, 36] [Score ADN: 5.95]
2026-01-17 22:41:43 | INFO     |   markov_chain: [8, 21, 27, 29, 37, 39] [Score ADN: 14.05]
2026-01-17 22:42:57 | INFO     |   oraculo_neural_v3 (Pool: 95): [2, 17, 19, 21, 22, 38] [OK] [Confianza: 1.83x]
2026-01-17 22:43:12 | INFO     |   oraculo_neural_v4 (Pool: 100): [1, 13, 15, 29, 33, 35] [OK] [Confianza: 2.11x]
2026-01-17 22:43:12 | INFO     | Consenso Determinista validado (Score ADN: 11.95)
2026-01-17 22:43:12 | INFO     | TICKET FINAL: [13, 19, 21, 22, 29, 35] | 🔥 ALTA CONFIANZA (33.55%)
2026-01-17 22:43:12 | INFO     | ----------------------------------------
2026-01-17 22:43:12 | INFO     | UNIVERSO: LOTO3
2026-01-17 22:43:12 | INFO     | Activando LOTO3 ULTRA (Ensemble Avanzado)...
2026-01-17 22:43:13 | INFO     | LOTO3 ULTRA: 10 predicciones generadas
2026-01-17 22:43:13 | INFO     | ----------------------------------------
2026-01-17 22:43:13 | INFO     | UNIVERSO: LOTO4
2026-01-17 22:43:13 | DEBUG    | Pesos de confianza: {'consenso_meritocratico_v2': 0.6931471805599453, 'forense_biometrico_v1': 0.6931471805599453, 'oraculo_neural_v3': 0.8919980393051105, 'oraculo_neural_v4': 0.7178397931503168}
2026-01-17 22:43:13 | INFO     | Objetivo Crononauta: #11569 | Fecha: 17/01/2026 21:00
2026-01-17 22:43:13 | INFO     |   forense_biometrico: [6, 7, 15, 19] [Score ADN: 3.25]
2026-01-17 22:43:58 | INFO     |   oraculo_neural_v3 (Pool: 84): [14, 15, 19, 23] [OK] [Confianza: 2.22x]
2026-01-17 22:44:07 | INFO     |   oraculo_neural_v4 (Pool: 100): [6, 7, 15, 18] [OK] [Confianza: 2.22x]
2026-01-17 22:44:07 | INFO     | Consenso Determinista validado (Score ADN: 3.25)
2026-01-17 22:44:07 | INFO     | TICKET FINAL: [14, 15, 19, 23] | 🔥 ALTA CONFIANZA (54.56%)
2026-01-17 22:44:07 | INFO     | ----------------------------------------
2026-01-17 22:44:07 | INFO     | UNIVERSO: RACHA
2026-01-17 22:44:07 | DEBUG    | Pesos de confianza: {'consenso_meritocratico_v2': 2.900871992530031, 'forense_biometrico_v1': 2.8148097376737438, 'oraculo_neural_v3': 2.853015971352396, 'oraculo_neural_v4': 2.7806808921371178}
2026-01-17 22:44:07 | INFO     | Objetivo Crononauta: #10302 | Fecha: 17/01/2026 22:00
2026-01-17 22:44:07 | INFO     |   forense_biometrico: [4, 5, 6, 8, 11, 13, 14, 15, 18, 19] [Score ADN: 4.9]
2026-01-17 22:44:45 | INFO     |   oraculo_neural_v3 (Pool: 84): [1, 2, 5, 9, 10, 11, 12, 13, 16, 18] [OK] [Confianza: 2.23x]
2026-01-17 22:45:22 | INFO     |   oraculo_neural_v4 (Pool: 100): [1, 2, 3, 4, 8, 9, 10, 15, 18, 19] [OK] [Confianza: 2.26x]
2026-01-17 22:45:22 | INFO     | Consenso Determinista validado (Score ADN: 12.7)
2026-01-17 22:45:22 | INFO     | TICKET FINAL: [1, 2, 4, 9, 10, 13, 15, 16, 18, 19] | 🔥 ALTA CONFIANZA (69.99%)
2026-01-17 22:45:22 | INFO     | Forzando sincronización del laboratorio...
2026-01-17 22:45:22 | INFO     | Dashboard sincronizado correctamente.
2026-01-17 22:45:22 | INFO     | ============================================================
2026-01-17 22:45:22 | INFO     | PROCESO DEL SOÑADOR TERMINADO
2026-01-17 22:45:22 | INFO     | Total predicciones generadas: 20
2026-01-17 22:45:22 | INFO     | Log guardado en: /home/runner/work/lotus-2026/lotus-2026/engine/models/../../logs/bot_dreamer_20260117_224141.log
2026-01-17 22:45:22 | INFO     | ============================================================
