2026-01-19 05:18:15 | INFO     | === LOG INICIADO: /home/runner/work/lotus-2026/lotus-2026/engine/models/../../logs/bot_dreamer_20260119_051815.log ===
2026-01-19 05:18:16 | DEBUG    | OraculoNeural importado correctamente
2026-01-19 05:18:16 | DEBUG    | LotoForense importado correctamente
2026-01-19 05:18:16 | DEBUG    | MetaLearner importado correctamente
2026-01-19 05:18:16 | DEBUG    | Loto3Ultra importado correctamente
2026-01-19 05:18:16 | INFO     | ============================================================
2026-01-19 05:18:16 | INFO     | INICIANDO BOT SOÑADOR: LÓBULOS ESPECIALIZADOS v12.4
2026-01-19 05:18:16 | INFO     | ============================================================
2026-01-19 05:18:16 | DEBUG    | MetaLearner activo: True
2026-01-19 05:18:16 | INFO     | Hora Chile: 2026-01-19 02:18:16 | Día: 0 | Hora: 2
2026-01-19 05:18:16 | INFO     | Cortex cargado: Rankings y Morfología segmentados por juego.
2026-01-19 05:18:16 | DEBUG    | Juegos en genoma: ['LOTO', 'LOTO3', 'LOTO4', 'RACHA']
2026-01-19 05:18:16 | INFO     | ----------------------------------------
2026-01-19 05:18:16 | INFO     | UNIVERSO: LOTO
2026-01-19 05:18:16 | DEBUG    | Pesos de confianza: {'consenso_meritocratico_v2': 0.6931471805599453, 'consenso_v1': 0.7929925155296614, 'delta_tactico_v1': 0.6931471805599453, 'forense_biometrico_v1': 0.6931471805599453, 'gaussiano_tactico_v1': 0.6931471805599453, 'markov_chain_v1': 0.6931471805599453, 'oraculo_neural_v3': 0.6931471805599453, 'oraculo_neural_v4': 0.6931471805599453}
2026-01-19 05:18:16 | INFO     | Objetivo Crononauta: #5376 | Fecha: 20/01/2026 21:00
2026-01-19 05:18:16 | INFO     |   forense_biometrico: [11, 16, 20, 23, 24, 37] [Score ADN: 5.95]
2026-01-19 05:18:16 | INFO     |   gaussiano_inteligente: [4, 11, 17, 18, 31, 38] [Score ADN: 5.95]
2026-01-19 05:18:16 | INFO     |   delta_dna: [7, 19, 20, 30, 34, 37] [Score ADN: 5.95]
2026-01-19 05:18:16 | INFO     |   markov_chain: [1, 16, 21, 24, 30, 34] [Score ADN: 23.05]
2026-01-19 05:19:31 | INFO     |   oraculo_neural_v3 (Pool: 92): [11, 18, 19, 26, 34, 41] [OK] [Confianza: 1.83x]
2026-01-19 05:19:46 | INFO     |   oraculo_neural_v4 (Pool: 100): [4, 18, 20, 27, 29, 35] [OK] [Confianza: 2.22x]
2026-01-19 05:19:46 | INFO     | Consenso Determinista validado (Score ADN: 26.35)
2026-01-19 05:19:46 | INFO     | TICKET FINAL: [16, 18, 20, 26, 34, 35] | 🔥 ALTA CONFIANZA (35.84%)
2026-01-19 05:19:46 | INFO     | ----------------------------------------
2026-01-19 05:19:46 | INFO     | UNIVERSO: LOTO3
2026-01-19 05:19:46 | INFO     | Activando LOTO3 ULTRA (Ensemble Avanzado)...
2026-01-19 05:19:47 | INFO     | LOTO3 ULTRA: 10 predicciones generadas
2026-01-19 05:19:47 | INFO     | ----------------------------------------
2026-01-19 05:19:47 | INFO     | UNIVERSO: LOTO4
2026-01-19 05:19:47 | DEBUG    | Pesos de confianza: {'consenso_meritocratico_v2': 0.6931471805599453, 'forense_biometrico_v1': 0.6931471805599453, 'oraculo_neural_v3': 0.8919980393051105, 'oraculo_neural_v4': 0.7929925155296614}
2026-01-19 05:19:47 | INFO     | Objetivo Crononauta: #11572 | Fecha: 19/01/2026 14:00
2026-01-19 05:19:47 | INFO     |   forense_biometrico: [7, 8, 21, 23] [Score ADN: 3.25]
2026-01-19 05:20:32 | INFO     |   oraculo_neural_v3 (Pool: 84): [7, 10, 11, 21] [OK] [Confianza: 2.22x]
2026-01-19 05:20:39 | INFO     |   oraculo_neural_v4 (Pool: 100): [5, 9, 10, 19] [OK] [Confianza: 2.22x]
2026-01-19 05:20:39 | INFO     | Consenso Determinista validado (Score ADN: 8.25)
2026-01-19 05:20:39 | INFO     | TICKET FINAL: [7, 9, 10, 11] | 🔥 ALTA CONFIANZA (56.43%)
2026-01-19 05:20:39 | INFO     | ----------------------------------------
2026-01-19 05:20:39 | INFO     | UNIVERSO: RACHA
2026-01-19 05:20:39 | DEBUG    | Pesos de confianza: {'consenso_meritocratico_v2': 2.900871992530031, 'forense_biometrico_v1': 2.8148097376737438, 'oraculo_neural_v3': 2.853015971352396, 'oraculo_neural_v4': 2.7806808921371178}
2026-01-19 05:20:39 | INFO     | Objetivo Crononauta: #10305 | Fecha: 19/01/2026 15:00
2026-01-19 05:20:39 | INFO     |   forense_biometrico: [2, 6, 7, 8, 9, 12, 15, 17, 18, 19] [Score ADN: 4.9]
2026-01-19 05:21:18 | INFO     |   oraculo_neural_v3 (Pool: 80): [3, 4, 5, 8, 12, 13, 14, 15, 17, 20] [OK] [Confianza: 2.21x]
2026-01-19 05:21:54 | INFO     |   oraculo_neural_v4 (Pool: 100): [1, 2, 3, 4, 8, 9, 14, 16, 17, 19] [OK] [Confianza: 2.15x]
2026-01-19 05:21:54 | INFO     | Consenso Determinista validado (Score ADN: 9.1)
2026-01-19 05:21:54 | INFO     | TICKET FINAL: [1, 3, 4, 5, 8, 14, 15, 17, 19, 20] | 🔥 ALTA CONFIANZA (70.98%)
2026-01-19 05:21:54 | INFO     | Forzando sincronización del laboratorio...
2026-01-19 05:21:54 | INFO     | Dashboard sincronizado correctamente.
2026-01-19 05:21:54 | INFO     | ============================================================
2026-01-19 05:21:54 | INFO     | PROCESO DEL SOÑADOR TERMINADO
2026-01-19 05:21:54 | INFO     | Total predicciones generadas: 20
2026-01-19 05:21:54 | INFO     | Log guardado en: /home/runner/work/lotus-2026/lotus-2026/engine/models/../../logs/bot_dreamer_20260119_051815.log
2026-01-19 05:21:54 | INFO     | ============================================================
