2026-01-18 13:45:48 | INFO     | === LOG INICIADO: /home/runner/work/lotus-2026/lotus-2026/engine/models/../../logs/bot_dreamer_20260118_134548.log ===
2026-01-18 13:45:49 | DEBUG    | OraculoNeural importado correctamente
2026-01-18 13:45:49 | DEBUG    | LotoForense importado correctamente
2026-01-18 13:45:49 | DEBUG    | MetaLearner importado correctamente
2026-01-18 13:45:49 | DEBUG    | Loto3Ultra importado correctamente
2026-01-18 13:45:49 | INFO     | ============================================================
2026-01-18 13:45:49 | INFO     | INICIANDO BOT SOÑADOR: LÓBULOS ESPECIALIZADOS v12.4
2026-01-18 13:45:49 | INFO     | ============================================================
2026-01-18 13:45:49 | DEBUG    | MetaLearner activo: True
2026-01-18 13:45:49 | INFO     | Hora Chile: 2026-01-18 10:45:49 | Día: 6 | Hora: 10
2026-01-18 13:45:49 | INFO     | Cortex cargado: Rankings y Morfología segmentados por juego.
2026-01-18 13:45:49 | DEBUG    | Juegos en genoma: ['LOTO', 'LOTO3', 'LOTO4', 'RACHA']
2026-01-18 13:45:49 | INFO     | ----------------------------------------
2026-01-18 13:45:49 | INFO     | UNIVERSO: LOTO
2026-01-18 13:45:49 | DEBUG    | Pesos de confianza: {'consenso_meritocratico_v2': 0.6931471805599453, 'consenso_v1': 0.7929925155296614, 'delta_tactico_v1': 0.6931471805599453, 'forense_biometrico_v1': 0.6931471805599453, 'gaussiano_tactico_v1': 0.6931471805599453, 'markov_chain_v1': 0.6931471805599453, 'oraculo_neural_v3': 0.6931471805599453, 'oraculo_neural_v4': 0.6931471805599453}
2026-01-18 13:45:49 | INFO     | Objetivo Crononauta: #5375 | Fecha: 18/01/2026 21:00
2026-01-18 13:45:49 | INFO     |   forense_biometrico: [3, 12, 13, 16, 26, 37] [Score ADN: 5.95]
2026-01-18 13:45:49 | INFO     |   gaussiano_inteligente: [2, 11, 24, 25, 29, 34] [Score ADN: 5.95]
2026-01-18 13:45:49 | INFO     |   delta_dna: [4, 5, 17, 24, 32, 35] [Score ADN: 6.35]
2026-01-18 13:45:49 | INFO     |   markov_chain: [12, 14, 18, 22, 28, 32] [Score ADN: 33.05]
2026-01-18 13:46:41 | INFO     |   oraculo_neural_v3 (Pool: 88): [7, 10, 11, 18, 30, 37] [OK] [Confianza: 1.83x]
2026-01-18 13:46:55 | INFO     |   oraculo_neural_v4 (Pool: 100): [1, 13, 15, 29, 33, 35] [OK] [Confianza: 2.11x]
2026-01-18 13:46:55 | INFO     | Consenso Determinista validado (Score ADN: 8.65)
2026-01-18 13:46:55 | INFO     | TICKET FINAL: [7, 11, 14, 18, 33, 37] | 🔥 ALTA CONFIANZA (32.78%)
2026-01-18 13:46:55 | INFO     | ----------------------------------------
2026-01-18 13:46:55 | INFO     | UNIVERSO: LOTO3
2026-01-18 13:46:55 | INFO     | Activando LOTO3 ULTRA (Ensemble Avanzado)...
2026-01-18 13:46:55 | INFO     | LOTO3 ULTRA: 10 predicciones generadas
2026-01-18 13:46:55 | INFO     | ----------------------------------------
2026-01-18 13:46:55 | INFO     | UNIVERSO: LOTO4
2026-01-18 13:46:55 | DEBUG    | Pesos de confianza: {'consenso_meritocratico_v2': 0.6931471805599453, 'forense_biometrico_v1': 0.6931471805599453, 'oraculo_neural_v3': 0.8919980393051105, 'oraculo_neural_v4': 0.7929925155296614}
2026-01-18 13:46:55 | INFO     | Objetivo Crononauta: #11570 | Fecha: 18/01/2026 14:00
2026-01-18 13:46:56 | INFO     |   forense_biometrico: [5, 14, 15, 17] [Score ADN: 3.25]
2026-01-18 13:47:28 | INFO     |   oraculo_neural_v3 (Pool: 84): [11, 13, 14, 21] [OK] [Confianza: 2.22x]
2026-01-18 13:47:39 | INFO     |   oraculo_neural_v4 (Pool: 100): [1, 6, 14, 15] [OK] [Confianza: 2.38x]
2026-01-18 13:47:39 | INFO     | Consenso Determinista validado (Score ADN: 6.55)
2026-01-18 13:47:39 | INFO     | TICKET FINAL: [1, 11, 14, 15] | 🔥 ALTA CONFIANZA (56.76%)
2026-01-18 13:47:39 | INFO     | ----------------------------------------
2026-01-18 13:47:39 | INFO     | UNIVERSO: RACHA
2026-01-18 13:47:39 | DEBUG    | Pesos de confianza: {'consenso_meritocratico_v2': 2.900871992530031, 'forense_biometrico_v1': 2.8148097376737438, 'oraculo_neural_v3': 2.853015971352396, 'oraculo_neural_v4': 2.7806808921371178}
2026-01-18 13:47:39 | INFO     | Objetivo Crononauta: #10303 | Fecha: 18/01/2026 15:00
2026-01-18 13:47:39 | INFO     |   forense_biometrico: [2, 6, 7, 8, 9, 11, 13, 14, 15, 18] [Score ADN: 4.9]
2026-01-18 13:48:06 | INFO     |   oraculo_neural_v3 (Pool: 79): [1, 2, 5, 8, 12, 13, 14, 15, 16, 19] [OK] [Confianza: 2.21x]
2026-01-18 13:48:32 | INFO     |   oraculo_neural_v4 (Pool: 100): [1, 2, 3, 6, 7, 8, 9, 11, 13, 15] [OK] [Confianza: 1.92x]
2026-01-18 13:48:32 | INFO     | Consenso Determinista validado (Score ADN: 4.9)
2026-01-18 13:48:32 | INFO     | TICKET FINAL: [1, 2, 5, 8, 12, 13, 14, 15, 16, 19] | 🔥 ALTA CONFIANZA (70.74%)
2026-01-18 13:48:32 | INFO     | Forzando sincronización del laboratorio...
2026-01-18 13:48:32 | INFO     | Dashboard sincronizado correctamente.
2026-01-18 13:48:32 | INFO     | ============================================================
2026-01-18 13:48:32 | INFO     | PROCESO DEL SOÑADOR TERMINADO
2026-01-18 13:48:32 | INFO     | Total predicciones generadas: 20
2026-01-18 13:48:32 | INFO     | Log guardado en: /home/runner/work/lotus-2026/lotus-2026/engine/models/../../logs/bot_dreamer_20260118_134548.log
2026-01-18 13:48:32 | INFO     | ============================================================
