2026-01-21 04:42:08 | INFO     | === LOG INICIADO: /home/runner/work/lotus-2026/lotus-2026/engine/models/../../logs/bot_dreamer_20260121_044208.log ===
2026-01-21 04:42:09 | DEBUG    | OraculoNeural importado correctamente
2026-01-21 04:42:09 | DEBUG    | LotoForense importado correctamente
2026-01-21 04:42:09 | DEBUG    | MetaLearner importado correctamente
2026-01-21 04:42:09 | DEBUG    | Loto3Ultra importado correctamente
2026-01-21 04:42:09 | INFO     | ============================================================
2026-01-21 04:42:09 | INFO     | INICIANDO BOT SOÑADOR: LÓBULOS ESPECIALIZADOS v12.4
2026-01-21 04:42:09 | INFO     | ============================================================
2026-01-21 04:42:10 | DEBUG    | MetaLearner activo: True
2026-01-21 04:42:10 | INFO     | Hora Chile: 2026-01-21 01:42:10 | Día: 2 | Hora: 1
2026-01-21 04:42:10 | INFO     | Cortex cargado: Rankings y Morfología segmentados por juego.
2026-01-21 04:42:10 | DEBUG    | Juegos en genoma: ['LOTO', 'LOTO3', 'LOTO4', 'RACHA']
2026-01-21 04:42:10 | INFO     | ----------------------------------------
2026-01-21 04:42:10 | INFO     | UNIVERSO: LOTO
2026-01-21 04:42:10 | DEBUG    | Pesos de confianza: {'consenso_meritocratico_v2': 0.6931471805599453, 'consenso_v1': 0.7929925155296614, 'delta_tactico_v1': 0.6931471805599453, 'forense_biometrico_v1': 0.6931471805599453, 'gaussiano_tactico_v1': 0.6931471805599453, 'markov_chain_v1': 0.6931471805599453, 'oraculo_neural_v3': 1.0612565021243408, 'oraculo_neural_v4': 0.6931471805599453}
2026-01-21 04:42:10 | INFO     | Objetivo Crononauta: #5377 | Fecha: 22/01/2026 21:00
2026-01-21 04:42:10 | INFO     |   forense_biometrico: [7, 8, 11, 30, 38, 41] [Score ADN: 5.95]
2026-01-21 04:42:10 | INFO     |   gaussiano_inteligente: [11, 13, 17, 18, 28, 40] [Score ADN: 5.95]
2026-01-21 04:42:10 | INFO     |   delta_dna: [5, 8, 16, 17, 29, 36] [Score ADN: 5.95]
2026-01-21 04:42:10 | INFO     |   markov_chain: [11, 12, 20, 28, 34, 41] [Score ADN: 11.35]
2026-01-21 04:43:02 | INFO     |   oraculo_neural_v3 (Pool: 90): [3, 19, 22, 38, 40, 41] [OK] [Confianza: 1.83x]
2026-01-21 04:43:11 | INFO     |   oraculo_neural_v4 (Pool: 100): [2, 5, 15, 29, 30, 41] [OK] [Confianza: 1.85x]
2026-01-21 04:43:11 | INFO     | Consenso Determinista validado (Score ADN: 5.95)
2026-01-21 04:43:11 | INFO     | TICKET FINAL: [3, 19, 22, 38, 40, 41] | 🔥 ALTA CONFIANZA (37.32%)
2026-01-21 04:43:11 | INFO     | ----------------------------------------
2026-01-21 04:43:11 | INFO     | UNIVERSO: LOTO3
2026-01-21 04:43:11 | INFO     | Activando LOTO3 ULTRA (Ensemble Avanzado)...
2026-01-21 04:43:12 | INFO     | LOTO3 ULTRA: 10 predicciones generadas
2026-01-21 04:43:12 | INFO     | ----------------------------------------
2026-01-21 04:43:12 | INFO     | UNIVERSO: LOTO4
2026-01-21 04:43:12 | DEBUG    | Pesos de confianza: {'consenso_meritocratico_v2': 0.6931471805599453, 'forense_biometrico_v1': 0.6931471805599453, 'oraculo_neural_v3': 0.8919980393051105, 'oraculo_neural_v4': 0.7929925155296614}
2026-01-21 04:43:12 | INFO     | Objetivo Crononauta: #11576 | Fecha: 21/01/2026 14:00
2026-01-21 04:43:12 | INFO     |   forense_biometrico: [5, 11, 14, 15] [Score ADN: 3.25]
2026-01-21 04:44:09 | INFO     |   oraculo_neural_v3 (Pool: 87): [1, 11, 12, 23] [OK] [Confianza: 2.22x]
2026-01-21 04:44:15 | INFO     |   oraculo_neural_v4 (Pool: 100): [5, 9, 15, 20] [OK] [Confianza: 2.24x]
2026-01-21 04:44:15 | INFO     | Consenso Determinista validado (Score ADN: 3.25)
2026-01-21 04:44:15 | INFO     | TICKET FINAL: [1, 11, 12, 23] | 🔥 ALTA CONFIANZA (45.1%)
2026-01-21 04:44:15 | INFO     | ----------------------------------------
2026-01-21 04:44:15 | INFO     | UNIVERSO: RACHA
2026-01-21 04:44:15 | DEBUG    | Pesos de confianza: {'consenso_meritocratico_v2': 2.900871992530031, 'forense_biometrico_v1': 2.8148097376737438, 'oraculo_neural_v3': 2.853015971352396, 'oraculo_neural_v4': 2.7806808921371178}
2026-01-21 04:44:15 | INFO     | Objetivo Crononauta: #10309 | Fecha: 21/01/2026 15:00
2026-01-21 04:44:15 | INFO     |   forense_biometrico: [1, 2, 5, 9, 10, 12, 13, 14, 19, 20] [Score ADN: 4.9]
2026-01-21 04:44:42 | INFO     |   oraculo_neural_v3 (Pool: 78): [1, 2, 3, 9, 10, 13, 14, 16, 19, 20] [OK] [Confianza: 2.21x]
2026-01-21 04:45:08 | INFO     |   oraculo_neural_v4 (Pool: 100): [1, 2, 3, 4, 8, 11, 12, 16, 19, 20] [OK] [Confianza: 2.15x]
2026-01-21 04:45:08 | INFO     | Consenso Determinista validado (Score ADN: 4.9)
2026-01-21 04:45:08 | INFO     | TICKET FINAL: [1, 2, 3, 8, 9, 12, 13, 16, 19, 20] | 🔥 ALTA CONFIANZA (72.22%)
2026-01-21 04:45:08 | INFO     | Forzando sincronización del laboratorio...
2026-01-21 04:45:08 | INFO     | Dashboard sincronizado correctamente.
2026-01-21 04:45:08 | INFO     | ============================================================
2026-01-21 04:45:08 | INFO     | PROCESO DEL SOÑADOR TERMINADO
2026-01-21 04:45:08 | INFO     | Total predicciones generadas: 20
2026-01-21 04:45:08 | INFO     | Log guardado en: /home/runner/work/lotus-2026/lotus-2026/engine/models/../../logs/bot_dreamer_20260121_044208.log
2026-01-21 04:45:08 | INFO     | ============================================================
