2026-01-20 15:54:52 | INFO     | === LOG INICIADO: /home/runner/work/lotus-2026/lotus-2026/engine/models/../../logs/bot_dreamer_20260120_155452.log ===
2026-01-20 15:54:53 | DEBUG    | OraculoNeural importado correctamente
2026-01-20 15:54:53 | DEBUG    | LotoForense importado correctamente
2026-01-20 15:54:53 | DEBUG    | MetaLearner importado correctamente
2026-01-20 15:54:53 | DEBUG    | Loto3Ultra importado correctamente
2026-01-20 15:54:53 | INFO     | ============================================================
2026-01-20 15:54:53 | INFO     | INICIANDO BOT SOÑADOR: LÓBULOS ESPECIALIZADOS v12.4
2026-01-20 15:54:53 | INFO     | ============================================================
2026-01-20 15:54:53 | DEBUG    | MetaLearner activo: True
2026-01-20 15:54:53 | INFO     | Hora Chile: 2026-01-20 12:54:53 | Día: 1 | Hora: 12
2026-01-20 15:54:53 | INFO     | Cortex cargado: Rankings y Morfología segmentados por juego.
2026-01-20 15:54:53 | DEBUG    | Juegos en genoma: ['LOTO', 'LOTO3', 'LOTO4', 'RACHA']
2026-01-20 15:54:53 | INFO     | ----------------------------------------
2026-01-20 15:54:53 | INFO     | UNIVERSO: LOTO
2026-01-20 15:54:53 | DEBUG    | Pesos de confianza: {'consenso_meritocratico_v2': 0.6931471805599453, 'consenso_v1': 0.7929925155296614, 'delta_tactico_v1': 0.6931471805599453, 'forense_biometrico_v1': 0.6931471805599453, 'gaussiano_tactico_v1': 0.6931471805599453, 'markov_chain_v1': 0.6931471805599453, 'oraculo_neural_v3': 0.8064758658669485, 'oraculo_neural_v4': 0.6931471805599453}
2026-01-20 15:54:53 | INFO     | Objetivo Crononauta: #5376 | Fecha: 20/01/2026 21:00
2026-01-20 15:54:53 | INFO     |   forense_biometrico: [5, 8, 17, 24, 36, 37] [Score ADN: 5.95]
2026-01-20 15:54:53 | INFO     |   gaussiano_inteligente: [12, 16, 17, 23, 28, 31] [Score ADN: 5.95]
2026-01-20 15:54:53 | INFO     |   delta_dna: [3, 12, 19, 23, 24, 30] [Score ADN: 5.95]
2026-01-20 15:54:54 | INFO     |   markov_chain: [7, 18, 21, 29, 31, 37] [Score ADN: 18.65]
2026-01-20 15:55:47 | INFO     |   oraculo_neural_v3 (Pool: 87): [2, 3, 16, 21, 23, 38] [OK] [Confianza: 1.83x]
2026-01-20 15:56:03 | INFO     |   oraculo_neural_v4 (Pool: 100): [4, 18, 20, 27, 29, 35] [OK] [Confianza: 2.22x]
2026-01-20 15:56:03 | INFO     | Consenso Determinista validado (Score ADN: 11.35)
2026-01-20 15:56:03 | INFO     | TICKET FINAL: [18, 20, 21, 27, 29, 38] | 🔥 ALTA CONFIANZA (38.54%)
2026-01-20 15:56:03 | INFO     | ----------------------------------------
2026-01-20 15:56:03 | INFO     | UNIVERSO: LOTO3
2026-01-20 15:56:03 | INFO     | Activando LOTO3 ULTRA (Ensemble Avanzado)...
2026-01-20 15:56:03 | INFO     | LOTO3 ULTRA: 10 predicciones generadas
2026-01-20 15:56:03 | INFO     | ----------------------------------------
2026-01-20 15:56:03 | INFO     | UNIVERSO: LOTO4
2026-01-20 15:56:03 | DEBUG    | Pesos de confianza: {'consenso_meritocratico_v2': 0.6931471805599453, 'forense_biometrico_v1': 0.6931471805599453, 'oraculo_neural_v3': 0.8919980393051105, 'oraculo_neural_v4': 0.7929925155296614}
2026-01-20 15:56:03 | INFO     | Objetivo Crononauta: #11574 | Fecha: 20/01/2026 14:00
2026-01-20 15:56:03 | INFO     |   forense_biometrico: [7, 9, 16, 17] [Score ADN: 3.25]
2026-01-20 15:56:54 | INFO     |   oraculo_neural_v3 (Pool: 85): [3, 9, 10, 23] [OK] [Confianza: 2.22x]
2026-01-20 15:57:11 | INFO     |   oraculo_neural_v4 (Pool: 100): [1, 5, 6, 14] [OK] [Confianza: 2.32x]
2026-01-20 15:57:11 | INFO     | Consenso Determinista validado (Score ADN: 8.45)
2026-01-20 15:57:11 | INFO     | TICKET FINAL: [3, 10, 14, 23] | 🔥 ALTA CONFIANZA (46.74%)
2026-01-20 15:57:11 | INFO     | ----------------------------------------
2026-01-20 15:57:11 | INFO     | UNIVERSO: RACHA
2026-01-20 15:57:11 | DEBUG    | Pesos de confianza: {'consenso_meritocratico_v2': 2.900871992530031, 'forense_biometrico_v1': 2.8148097376737438, 'oraculo_neural_v3': 2.853015971352396, 'oraculo_neural_v4': 2.7806808921371178}
2026-01-20 15:57:11 | INFO     | Objetivo Crononauta: #10307 | Fecha: 20/01/2026 15:00
2026-01-20 15:57:11 | INFO     |   forense_biometrico: [1, 3, 8, 9, 10, 12, 13, 17, 18, 19] [Score ADN: 6.3]
2026-01-20 15:57:38 | INFO     |   oraculo_neural_v3 (Pool: 70): [1, 2, 3, 7, 10, 12, 13, 14, 15, 18] [OK] [Confianza: 2.21x]
2026-01-20 15:57:53 | INFO     |   oraculo_neural_v4 (Pool: 100): [1, 2, 9, 10, 13, 14, 16, 18, 19, 20] [OK] [Confianza: 2.03x]
2026-01-20 15:57:53 | INFO     | Consenso Determinista validado (Score ADN: 14.9)
2026-01-20 15:57:53 | INFO     | TICKET FINAL: [1, 2, 3, 10, 12, 13, 14, 18, 19, 20] | 🔥 ALTA CONFIANZA (75.06%)
2026-01-20 15:57:53 | INFO     | Forzando sincronización del laboratorio...
2026-01-20 15:57:53 | INFO     | Dashboard sincronizado correctamente.
2026-01-20 15:57:53 | INFO     | ============================================================
2026-01-20 15:57:53 | INFO     | PROCESO DEL SOÑADOR TERMINADO
2026-01-20 15:57:53 | INFO     | Total predicciones generadas: 20
2026-01-20 15:57:53 | INFO     | Log guardado en: /home/runner/work/lotus-2026/lotus-2026/engine/models/../../logs/bot_dreamer_20260120_155452.log
2026-01-20 15:57:53 | INFO     | ============================================================
