2026-01-21 13:43:31 | INFO     | === LOG INICIADO: /home/runner/work/lotus-2026/lotus-2026/engine/models/../../logs/bot_dreamer_20260121_134331.log ===
2026-01-21 13:43:32 | DEBUG    | OraculoNeural importado correctamente
2026-01-21 13:43:32 | DEBUG    | LotoForense importado correctamente
2026-01-21 13:43:32 | DEBUG    | MetaLearner importado correctamente
2026-01-21 13:43:32 | DEBUG    | Loto3Ultra importado correctamente
2026-01-21 13:43:32 | INFO     | ============================================================
2026-01-21 13:43:32 | INFO     | INICIANDO BOT SOÑADOR: LÓBULOS ESPECIALIZADOS v12.4
2026-01-21 13:43:32 | INFO     | ============================================================
2026-01-21 13:43:32 | DEBUG    | MetaLearner activo: True
2026-01-21 13:43:32 | INFO     | Hora Chile: 2026-01-21 10:43:32 | Día: 2 | Hora: 10
2026-01-21 13:43:32 | INFO     | Cortex cargado: Rankings y Morfología segmentados por juego.
2026-01-21 13:43:32 | DEBUG    | Juegos en genoma: ['LOTO', 'LOTO3', 'LOTO4', 'RACHA']
2026-01-21 13:43:32 | INFO     | ----------------------------------------
2026-01-21 13:43:32 | INFO     | UNIVERSO: LOTO
2026-01-21 13:43:32 | DEBUG    | Pesos de confianza: {'consenso_meritocratico_v2': 0.6931471805599453, 'consenso_v1': 0.7929925155296614, 'delta_tactico_v1': 0.6931471805599453, 'forense_biometrico_v1': 0.6931471805599453, 'gaussiano_tactico_v1': 0.6931471805599453, 'markov_chain_v1': 0.6931471805599453, 'oraculo_neural_v3': 1.0612565021243408, 'oraculo_neural_v4': 0.6931471805599453}
2026-01-21 13:43:32 | INFO     | Objetivo Crononauta: #5377 | Fecha: 22/01/2026 21:00
2026-01-21 13:43:32 | INFO     |   forense_biometrico: [2, 5, 19, 25, 26, 32] [Score ADN: 5.95]
2026-01-21 13:43:32 | INFO     |   gaussiano_inteligente: [5, 7, 24, 34, 38, 39] [Score ADN: 6.35]
2026-01-21 13:43:32 | INFO     |   delta_dna: [11, 19, 22, 23, 30, 32] [Score ADN: 5.95]
2026-01-21 13:43:32 | INFO     |   markov_chain: [11, 12, 20, 28, 34, 41] [Score ADN: 11.35]
2026-01-21 13:44:26 | INFO     |   oraculo_neural_v3 (Pool: 90): [1, 2, 7, 32, 34, 41] [OK] [Confianza: 1.83x]
2026-01-21 13:44:35 | INFO     |   oraculo_neural_v4 (Pool: 100): [2, 5, 15, 29, 30, 41] [OK] [Confianza: 1.84x]
2026-01-21 13:44:35 | INFO     | Consenso Determinista validado (Score ADN: 12.65)
2026-01-21 13:44:35 | INFO     | TICKET FINAL: [2, 7, 29, 32, 34, 41] | 🔥 ALTA CONFIANZA (42.08%)
2026-01-21 13:44:35 | INFO     | ----------------------------------------
2026-01-21 13:44:35 | INFO     | UNIVERSO: LOTO3
2026-01-21 13:44:35 | INFO     | Activando LOTO3 ULTRA (Ensemble Avanzado)...
2026-01-21 13:44:36 | INFO     | LOTO3 ULTRA: 10 predicciones generadas
2026-01-21 13:44:36 | INFO     | ----------------------------------------
2026-01-21 13:44:36 | INFO     | UNIVERSO: LOTO4
2026-01-21 13:44:36 | DEBUG    | Pesos de confianza: {'consenso_meritocratico_v2': 0.6931471805599453, 'forense_biometrico_v1': 0.6931471805599453, 'oraculo_neural_v3': 0.8919980393051105, 'oraculo_neural_v4': 0.7929925155296614}
2026-01-21 13:44:36 | INFO     | Objetivo Crononauta: #11576 | Fecha: 21/01/2026 14:00
2026-01-21 13:44:36 | INFO     |   forense_biometrico: [3, 7, 20, 21] [Score ADN: 3.25]
2026-01-21 13:45:39 | INFO     |   oraculo_neural_v3 (Pool: 85): [1, 5, 16, 17] [OK] [Confianza: 2.22x]
2026-01-21 13:45:45 | INFO     |   oraculo_neural_v4 (Pool: 100): [5, 9, 15, 20] [OK] [Confianza: 2.23x]
2026-01-21 13:45:45 | INFO     | Consenso Determinista validado (Score ADN: 6.55)
2026-01-21 13:45:45 | INFO     | TICKET FINAL: [1, 5, 15, 16] | 🔥 ALTA CONFIANZA (55.41%)
2026-01-21 13:45:45 | INFO     | ----------------------------------------
2026-01-21 13:45:45 | INFO     | UNIVERSO: RACHA
2026-01-21 13:45:45 | DEBUG    | Pesos de confianza: {'consenso_meritocratico_v2': 2.900871992530031, 'forense_biometrico_v1': 2.8148097376737438, 'oraculo_neural_v3': 2.853015971352396, 'oraculo_neural_v4': 2.7806808921371178}
2026-01-21 13:45:45 | INFO     | Objetivo Crononauta: #10309 | Fecha: 21/01/2026 15:00
2026-01-21 13:45:45 | INFO     |   forense_biometrico: [1, 2, 5, 6, 10, 11, 12, 15, 18, 19] [Score ADN: 4.9]
2026-01-21 13:46:13 | INFO     |   oraculo_neural_v3 (Pool: 81): [4, 5, 6, 8, 11, 13, 15, 16, 17, 18] [OK] [Confianza: 2.21x]
2026-01-21 13:46:39 | INFO     |   oraculo_neural_v4 (Pool: 100): [1, 2, 3, 4, 8, 11, 12, 16, 19, 20] [OK] [Confianza: 2.13x]
2026-01-21 13:46:39 | INFO     | Consenso Determinista validado (Score ADN: 18.7)
2026-01-21 13:46:39 | INFO     | TICKET FINAL: [2, 3, 4, 6, 8, 11, 13, 16, 17, 19] | 🔥 ALTA CONFIANZA (68.54%)
2026-01-21 13:46:39 | INFO     | Forzando sincronización del laboratorio...
2026-01-21 13:46:39 | INFO     | Dashboard sincronizado correctamente.
2026-01-21 13:46:39 | INFO     | ============================================================
2026-01-21 13:46:39 | INFO     | PROCESO DEL SOÑADOR TERMINADO
2026-01-21 13:46:39 | INFO     | Total predicciones generadas: 20
2026-01-21 13:46:39 | INFO     | Log guardado en: /home/runner/work/lotus-2026/lotus-2026/engine/models/../../logs/bot_dreamer_20260121_134331.log
2026-01-21 13:46:39 | INFO     | ============================================================
