2026-01-18 23:40:21 | INFO     | === LOG INICIADO: /home/runner/work/lotus-2026/lotus-2026/engine/models/../../logs/bot_dreamer_20260118_234021.log ===
2026-01-18 23:40:23 | DEBUG    | OraculoNeural importado correctamente
2026-01-18 23:40:23 | DEBUG    | LotoForense importado correctamente
2026-01-18 23:40:23 | DEBUG    | MetaLearner importado correctamente
2026-01-18 23:40:23 | DEBUG    | Loto3Ultra importado correctamente
2026-01-18 23:40:23 | INFO     | ============================================================
2026-01-18 23:40:23 | INFO     | INICIANDO BOT SOÑADOR: LÓBULOS ESPECIALIZADOS v12.4
2026-01-18 23:40:23 | INFO     | ============================================================
2026-01-18 23:40:23 | DEBUG    | MetaLearner activo: True
2026-01-18 23:40:23 | INFO     | Hora Chile: 2026-01-18 20:40:23 | Día: 6 | Hora: 20
2026-01-18 23:40:23 | INFO     | Cortex cargado: Rankings y Morfología segmentados por juego.
2026-01-18 23:40:23 | DEBUG    | Juegos en genoma: ['LOTO', 'LOTO3', 'LOTO4', 'RACHA']
2026-01-18 23:40:23 | INFO     | ----------------------------------------
2026-01-18 23:40:23 | INFO     | UNIVERSO: LOTO
2026-01-18 23:40:23 | DEBUG    | Pesos de confianza: {'consenso_meritocratico_v2': 0.6931471805599453, 'consenso_v1': 0.7929925155296614, 'delta_tactico_v1': 0.6931471805599453, 'forense_biometrico_v1': 0.6931471805599453, 'gaussiano_tactico_v1': 0.6931471805599453, 'markov_chain_v1': 0.6931471805599453, 'oraculo_neural_v3': 0.6931471805599453, 'oraculo_neural_v4': 0.6931471805599453}
2026-01-18 23:40:23 | INFO     | Objetivo Crononauta: #5375 | Fecha: 18/01/2026 21:00
2026-01-18 23:40:23 | INFO     |   forense_biometrico: [2, 7, 24, 27, 37, 38] [Score ADN: 5.95]
2026-01-18 23:40:23 | INFO     |   gaussiano_inteligente: [2, 14, 19, 30, 31, 35] [Score ADN: 5.95]
2026-01-18 23:40:23 | INFO     |   delta_dna: [10, 13, 17, 24, 30, 31] [Score ADN: 5.95]
2026-01-18 23:40:23 | INFO     |   markov_chain: [12, 14, 18, 22, 28, 32] [Score ADN: 33.05]
2026-01-18 23:41:43 | INFO     |   oraculo_neural_v3 (Pool: 88): [2, 10, 21, 23, 24, 31] [OK] [Confianza: 1.83x]
2026-01-18 23:41:59 | INFO     |   oraculo_neural_v4 (Pool: 100): [1, 13, 15, 29, 33, 35] [OK] [Confianza: 2.11x]
2026-01-18 23:41:59 | INFO     | Consenso Determinista validado (Score ADN: 23.65)
2026-01-18 23:41:59 | INFO     | TICKET FINAL: [13, 15, 23, 29, 31, 33] | 🔥 ALTA CONFIANZA (31.39%)
2026-01-18 23:41:59 | INFO     | ----------------------------------------
2026-01-18 23:41:59 | INFO     | UNIVERSO: LOTO3
2026-01-18 23:41:59 | INFO     | Activando LOTO3 ULTRA (Ensemble Avanzado)...
2026-01-18 23:42:00 | INFO     | LOTO3 ULTRA: 10 predicciones generadas
2026-01-18 23:42:00 | INFO     | ----------------------------------------
2026-01-18 23:42:00 | INFO     | UNIVERSO: LOTO4
2026-01-18 23:42:00 | DEBUG    | Pesos de confianza: {'oraculo_neural_v3': 1.0818051703517284}
2026-01-18 23:42:00 | INFO     | Objetivo Crononauta: #11571 | Fecha: 18/01/2026 21:00
2026-01-18 23:42:00 | INFO     |   forense_biometrico: [3, 15, 17, 18] [Score ADN: 3.25]
2026-01-18 23:42:49 | INFO     |   oraculo_neural_v3 (Pool: 88): [5, 6, 13, 21] [OK] [Confianza: 2.22x]
2026-01-18 23:42:58 | INFO     |   oraculo_neural_v4 (Pool: 100): [4, 6, 17, 18] [OK] [Confianza: 2.4x]
2026-01-18 23:42:58 | INFO     | Consenso Determinista validado (Score ADN: 11.75)
2026-01-18 23:42:58 | INFO     | TICKET FINAL: [4, 6, 17, 21] | 🔥 ALTA CONFIANZA (55.2%)
2026-01-18 23:42:58 | INFO     | ----------------------------------------
2026-01-18 23:42:58 | INFO     | UNIVERSO: RACHA
2026-01-18 23:42:58 | DEBUG    | Pesos de confianza: {'consenso_meritocratico_v2': 2.900871992530031, 'forense_biometrico_v1': 2.8148097376737438, 'oraculo_neural_v3': 2.853015971352396, 'oraculo_neural_v4': 2.7806808921371178}
2026-01-18 23:42:58 | INFO     | Objetivo Crononauta: #10304 | Fecha: 18/01/2026 22:00
2026-01-18 23:42:58 | INFO     |   forense_biometrico: [1, 2, 6, 7, 9, 10, 11, 16, 19, 20] [Score ADN: 4.9]
2026-01-18 23:43:40 | INFO     |   oraculo_neural_v3 (Pool: 82): [1, 4, 6, 7, 10, 11, 12, 13, 14, 17] [OK] [Confianza: 2.22x]
2026-01-18 23:44:21 | INFO     |   oraculo_neural_v4 (Pool: 100): [1, 2, 3, 6, 7, 8, 9, 11, 13, 15] [OK] [Confianza: 2.05x]
2026-01-18 23:44:21 | INFO     | Consenso Determinista validado (Score ADN: 7.3)
2026-01-18 23:44:21 | INFO     | TICKET FINAL: [1, 3, 6, 7, 8, 11, 12, 13, 14, 17] | 🔥 ALTA CONFIANZA (72.01%)
2026-01-18 23:44:21 | INFO     | Forzando sincronización del laboratorio...
2026-01-18 23:44:21 | INFO     | Dashboard sincronizado correctamente.
2026-01-18 23:44:21 | INFO     | ============================================================
2026-01-18 23:44:21 | INFO     | PROCESO DEL SOÑADOR TERMINADO
2026-01-18 23:44:21 | INFO     | Total predicciones generadas: 20
2026-01-18 23:44:21 | INFO     | Log guardado en: /home/runner/work/lotus-2026/lotus-2026/engine/models/../../logs/bot_dreamer_20260118_234021.log
2026-01-18 23:44:21 | INFO     | ============================================================
