2026-01-18 15:40:21 | INFO     | === LOG INICIADO: /home/runner/work/lotus-2026/lotus-2026/engine/models/../../logs/bot_dreamer_20260118_154021.log ===
2026-01-18 15:40:22 | DEBUG    | OraculoNeural importado correctamente
2026-01-18 15:40:22 | DEBUG    | LotoForense importado correctamente
2026-01-18 15:40:22 | DEBUG    | MetaLearner importado correctamente
2026-01-18 15:40:22 | DEBUG    | Loto3Ultra importado correctamente
2026-01-18 15:40:22 | INFO     | ============================================================
2026-01-18 15:40:22 | INFO     | INICIANDO BOT SOÑADOR: LÓBULOS ESPECIALIZADOS v12.4
2026-01-18 15:40:22 | INFO     | ============================================================
2026-01-18 15:40:22 | DEBUG    | MetaLearner activo: True
2026-01-18 15:40:22 | INFO     | Hora Chile: 2026-01-18 12:40:22 | Día: 6 | Hora: 12
2026-01-18 15:40:22 | INFO     | Cortex cargado: Rankings y Morfología segmentados por juego.
2026-01-18 15:40:22 | DEBUG    | Juegos en genoma: ['LOTO', 'LOTO3', 'LOTO4', 'RACHA']
2026-01-18 15:40:22 | INFO     | ----------------------------------------
2026-01-18 15:40:22 | INFO     | UNIVERSO: LOTO
2026-01-18 15:40:22 | DEBUG    | Pesos de confianza: {'consenso_meritocratico_v2': 0.6931471805599453, 'consenso_v1': 0.7929925155296614, 'delta_tactico_v1': 0.6931471805599453, 'forense_biometrico_v1': 0.6931471805599453, 'gaussiano_tactico_v1': 0.6931471805599453, 'markov_chain_v1': 0.6931471805599453, 'oraculo_neural_v3': 0.6931471805599453, 'oraculo_neural_v4': 0.6931471805599453}
2026-01-18 15:40:22 | INFO     | Objetivo Crononauta: #5375 | Fecha: 18/01/2026 21:00
2026-01-18 15:40:22 | INFO     |   forense_biometrico: [2, 21, 23, 30, 36, 37] [Score ADN: 5.95]
2026-01-18 15:40:22 | INFO     |   gaussiano_inteligente: [1, 2, 8, 29, 32, 37] [Score ADN: 5.95]
2026-01-18 15:40:22 | INFO     |   delta_dna: [13, 19, 30, 31, 34, 38] [Score ADN: 5.95]
2026-01-18 15:40:22 | INFO     |   markov_chain: [12, 14, 18, 22, 28, 32] [Score ADN: 33.05]
2026-01-18 15:41:38 | INFO     |   oraculo_neural_v3 (Pool: 89): [6, 13, 23, 34, 40, 41] [OK] [Confianza: 1.83x]
2026-01-18 15:41:54 | INFO     |   oraculo_neural_v4 (Pool: 100): [1, 13, 15, 29, 33, 35] [OK] [Confianza: 2.11x]
2026-01-18 15:41:54 | INFO     | Consenso Determinista validado (Score ADN: 13.65)
2026-01-18 15:41:54 | INFO     | TICKET FINAL: [13, 15, 23, 29, 35, 40] | 🔥 ALTA CONFIANZA (32.38%)
2026-01-18 15:41:54 | INFO     | ----------------------------------------
2026-01-18 15:41:54 | INFO     | UNIVERSO: LOTO3
2026-01-18 15:41:54 | INFO     | Activando LOTO3 ULTRA (Ensemble Avanzado)...
2026-01-18 15:41:55 | INFO     | LOTO3 ULTRA: 10 predicciones generadas
2026-01-18 15:41:55 | INFO     | ----------------------------------------
2026-01-18 15:41:55 | INFO     | UNIVERSO: LOTO4
2026-01-18 15:41:55 | DEBUG    | Pesos de confianza: {'consenso_meritocratico_v2': 0.6931471805599453, 'forense_biometrico_v1': 0.6931471805599453, 'oraculo_neural_v3': 0.8919980393051105, 'oraculo_neural_v4': 0.7929925155296614}
2026-01-18 15:41:55 | INFO     | Objetivo Crononauta: #11570 | Fecha: 18/01/2026 14:00
2026-01-18 15:41:55 | INFO     |   forense_biometrico: [9, 13, 16, 17] [Score ADN: 3.25]
2026-01-18 15:42:42 | INFO     |   oraculo_neural_v3 (Pool: 89): [7, 9, 22, 23] [OK] [Confianza: 2.22x]
2026-01-18 15:42:58 | INFO     |   oraculo_neural_v4 (Pool: 100): [1, 6, 14, 15] [OK] [Confianza: 2.38x]
2026-01-18 15:42:58 | INFO     | Consenso Determinista validado (Score ADN: 7.85)
2026-01-18 15:42:58 | INFO     | TICKET FINAL: [6, 7, 9, 14] | 🔥 ALTA CONFIANZA (46.01%)
2026-01-18 15:42:58 | INFO     | ----------------------------------------
2026-01-18 15:42:58 | INFO     | UNIVERSO: RACHA
2026-01-18 15:42:58 | DEBUG    | Pesos de confianza: {'consenso_meritocratico_v2': 2.900871992530031, 'forense_biometrico_v1': 2.8148097376737438, 'oraculo_neural_v3': 2.853015971352396, 'oraculo_neural_v4': 2.7806808921371178}
2026-01-18 15:42:58 | INFO     | Objetivo Crononauta: #10303 | Fecha: 18/01/2026 15:00
2026-01-18 15:42:58 | INFO     |   forense_biometrico: [3, 5, 7, 8, 9, 10, 12, 18, 19, 20] [Score ADN: 4.9]
2026-01-18 15:43:38 | INFO     |   oraculo_neural_v3 (Pool: 79): [1, 2, 4, 5, 6, 9, 12, 13, 18, 19] [OK] [Confianza: 2.21x]
2026-01-18 15:44:16 | INFO     |   oraculo_neural_v4 (Pool: 100): [1, 2, 3, 6, 7, 8, 9, 11, 13, 15] [OK] [Confianza: 1.87x]
2026-01-18 15:44:16 | INFO     | Consenso Determinista validado (Score ADN: 4.9)
2026-01-18 15:44:16 | INFO     | TICKET FINAL: [1, 2, 4, 5, 6, 9, 12, 13, 18, 19] | 🔥 ALTA CONFIANZA (70.44%)
2026-01-18 15:44:16 | INFO     | Forzando sincronización del laboratorio...
2026-01-18 15:44:16 | INFO     | Dashboard sincronizado correctamente.
2026-01-18 15:44:16 | INFO     | ============================================================
2026-01-18 15:44:16 | INFO     | PROCESO DEL SOÑADOR TERMINADO
2026-01-18 15:44:16 | INFO     | Total predicciones generadas: 20
2026-01-18 15:44:16 | INFO     | Log guardado en: /home/runner/work/lotus-2026/lotus-2026/engine/models/../../logs/bot_dreamer_20260118_154021.log
2026-01-18 15:44:16 | INFO     | ============================================================
