2026-01-21 23:35:18 | INFO     | === LOG INICIADO: /home/runner/work/lotus-2026/lotus-2026/engine/models/../../logs/bot_dreamer_20260121_233518.log ===
2026-01-21 23:35:19 | DEBUG    | OraculoNeural importado correctamente
2026-01-21 23:35:19 | DEBUG    | LotoForense importado correctamente
2026-01-21 23:35:19 | DEBUG    | MetaLearner importado correctamente
2026-01-21 23:35:19 | DEBUG    | Loto3Ultra importado correctamente
2026-01-21 23:35:19 | INFO     | ============================================================
2026-01-21 23:35:19 | INFO     | INICIANDO BOT SOÑADOR: LÓBULOS ESPECIALIZADOS v12.4
2026-01-21 23:35:19 | INFO     | ============================================================
2026-01-21 23:35:19 | DEBUG    | MetaLearner activo: True
2026-01-21 23:35:19 | INFO     | Hora Chile: 2026-01-21 20:35:19 | Día: 2 | Hora: 20
2026-01-21 23:35:19 | INFO     | Cortex cargado: Rankings y Morfología segmentados por juego.
2026-01-21 23:35:19 | DEBUG    | Juegos en genoma: ['LOTO', 'LOTO3', 'LOTO4', 'RACHA']
2026-01-21 23:35:19 | INFO     | ----------------------------------------
2026-01-21 23:35:19 | INFO     | UNIVERSO: LOTO
2026-01-21 23:35:19 | DEBUG    | Pesos de confianza: {'consenso_meritocratico_v2': 0.6931471805599453, 'consenso_v1': 0.7929925155296614, 'delta_tactico_v1': 0.6931471805599453, 'forense_biometrico_v1': 0.6931471805599453, 'gaussiano_tactico_v1': 0.6931471805599453, 'markov_chain_v1': 0.6931471805599453, 'oraculo_neural_v3': 1.1537315878891892, 'oraculo_neural_v4': 0.6931471805599453}
2026-01-21 23:35:19 | INFO     | Objetivo Crononauta: #5377 | Fecha: 22/01/2026 21:00
2026-01-21 23:35:19 | INFO     |   forense_biometrico: [2, 7, 23, 33, 34, 40] [Score ADN: 5.95]
2026-01-21 23:35:19 | INFO     |   gaussiano_inteligente: [3, 10, 17, 24, 29, 30] [Score ADN: 5.95]
2026-01-21 23:35:19 | INFO     |   delta_dna: [3, 14, 18, 29, 38, 39] [Score ADN: 6.35]
2026-01-21 23:35:19 | INFO     |   markov_chain: [11, 12, 20, 28, 34, 41] [Score ADN: 11.35]
2026-01-21 23:36:12 | INFO     |   oraculo_neural_v3 (Pool: 85): [10, 13, 14, 29, 31, 38] [OK] [Confianza: 1.83x]
2026-01-21 23:36:21 | INFO     |   oraculo_neural_v4 (Pool: 100): [2, 5, 15, 29, 30, 41] [OK] [Confianza: 1.84x]
2026-01-21 23:36:21 | INFO     | Consenso Determinista validado (Score ADN: 7.65)
2026-01-21 23:36:21 | INFO     | TICKET FINAL: [10, 14, 29, 31, 38, 41] | 🔥 ALTA CONFIANZA (38.44%)
2026-01-21 23:36:21 | INFO     | ----------------------------------------
2026-01-21 23:36:21 | INFO     | UNIVERSO: LOTO3
2026-01-21 23:36:21 | INFO     | Activando LOTO3 ULTRA (Ensemble Avanzado)...
2026-01-21 23:36:21 | INFO     | LOTO3 ULTRA: 10 predicciones generadas
2026-01-21 23:36:21 | INFO     | ----------------------------------------
2026-01-21 23:36:21 | INFO     | UNIVERSO: LOTO4
2026-01-21 23:36:21 | DEBUG    | Pesos de confianza: {'oraculo_neural_v3': 1.0818051703517284}
2026-01-21 23:36:21 | INFO     | Objetivo Crononauta: #11577 | Fecha: 21/01/2026 21:00
2026-01-21 23:36:21 | INFO     |   forense_biometrico: [5, 16, 17, 21] [Score ADN: 3.25]
2026-01-21 23:37:19 | INFO     |   oraculo_neural_v3 (Pool: 82): [8, 9, 11, 13] [OK] [Confianza: 2.22x]
2026-01-21 23:37:25 | INFO     |   oraculo_neural_v4 (Pool: 100): [1, 9, 15, 23] [OK] [Confianza: 2.4x]
2026-01-21 23:37:25 | INFO     | Consenso Determinista validado (Score ADN: 3.25)
2026-01-21 23:37:25 | INFO     | TICKET FINAL: [8, 9, 11, 13] | 🔥 ALTA CONFIANZA (51.88%)
2026-01-21 23:37:25 | INFO     | ----------------------------------------
2026-01-21 23:37:25 | INFO     | UNIVERSO: RACHA
2026-01-21 23:37:25 | DEBUG    | Pesos de confianza: {'consenso_meritocratico_v2': 2.900871992530031, 'forense_biometrico_v1': 2.8148097376737438, 'oraculo_neural_v3': 2.853015971352396, 'oraculo_neural_v4': 2.7806808921371178}
2026-01-21 23:37:25 | INFO     | Objetivo Crononauta: #10310 | Fecha: 21/01/2026 22:00
2026-01-21 23:37:25 | INFO     |   forense_biometrico: [2, 5, 7, 10, 11, 12, 15, 16, 17, 18] [Score ADN: 5.9]
2026-01-21 23:37:53 | INFO     |   oraculo_neural_v3 (Pool: 80): [1, 2, 3, 9, 12, 13, 16, 17, 18, 20] [OK] [Confianza: 2.22x]
2026-01-21 23:38:19 | INFO     |   oraculo_neural_v4 (Pool: 100): [1, 2, 3, 6, 9, 10, 13, 14, 18, 20] [OK] [Confianza: 2.27x]
2026-01-21 23:38:19 | INFO     | Consenso Determinista validado (Score ADN: 4.9)
2026-01-21 23:38:19 | INFO     | TICKET FINAL: [1, 2, 3, 9, 12, 13, 14, 17, 18, 20] | 🔥 ALTA CONFIANZA (79.56%)
2026-01-21 23:38:19 | INFO     | Forzando sincronización del laboratorio...
2026-01-21 23:38:19 | INFO     | Dashboard sincronizado correctamente.
2026-01-21 23:38:19 | INFO     | ============================================================
2026-01-21 23:38:19 | INFO     | PROCESO DEL SOÑADOR TERMINADO
2026-01-21 23:38:19 | INFO     | Total predicciones generadas: 20
2026-01-21 23:38:19 | INFO     | Log guardado en: /home/runner/work/lotus-2026/lotus-2026/engine/models/../../logs/bot_dreamer_20260121_233518.log
2026-01-21 23:38:19 | INFO     | ============================================================
