2026-01-19 18:16:19 | INFO     | === LOG INICIADO: /home/runner/work/lotus-2026/lotus-2026/engine/models/../../logs/bot_dreamer_20260119_181619.log ===
2026-01-19 18:16:20 | DEBUG    | OraculoNeural importado correctamente
2026-01-19 18:16:20 | DEBUG    | LotoForense importado correctamente
2026-01-19 18:16:20 | DEBUG    | MetaLearner importado correctamente
2026-01-19 18:16:20 | DEBUG    | Loto3Ultra importado correctamente
2026-01-19 18:16:20 | INFO     | ============================================================
2026-01-19 18:16:20 | INFO     | INICIANDO BOT SOÑADOR: LÓBULOS ESPECIALIZADOS v12.4
2026-01-19 18:16:20 | INFO     | ============================================================
2026-01-19 18:16:20 | DEBUG    | MetaLearner activo: True
2026-01-19 18:16:20 | INFO     | Hora Chile: 2026-01-19 15:16:20 | Día: 0 | Hora: 15
2026-01-19 18:16:20 | INFO     | Cortex cargado: Rankings y Morfología segmentados por juego.
2026-01-19 18:16:20 | DEBUG    | Juegos en genoma: ['LOTO', 'LOTO3', 'LOTO4', 'RACHA']
2026-01-19 18:16:20 | INFO     | ----------------------------------------
2026-01-19 18:16:20 | INFO     | UNIVERSO: LOTO
2026-01-19 18:16:20 | DEBUG    | Pesos de confianza: {'consenso_meritocratico_v2': 0.6931471805599453, 'consenso_v1': 0.7929925155296614, 'delta_tactico_v1': 0.6931471805599453, 'forense_biometrico_v1': 0.6931471805599453, 'gaussiano_tactico_v1': 0.6931471805599453, 'markov_chain_v1': 0.6931471805599453, 'oraculo_neural_v3': 0.6931471805599453, 'oraculo_neural_v4': 0.6931471805599453}
2026-01-19 18:16:20 | INFO     | Objetivo Crononauta: #5376 | Fecha: 20/01/2026 21:00
2026-01-19 18:16:20 | INFO     |   forense_biometrico: [14, 17, 24, 29, 36, 37] [Score ADN: 5.95]
2026-01-19 18:16:20 | INFO     |   gaussiano_inteligente: [5, 10, 11, 16, 32, 41] [Score ADN: 5.95]
2026-01-19 18:16:20 | INFO     |   delta_dna: [5, 16, 18, 25, 31, 32] [Score ADN: 6.35]
2026-01-19 18:16:20 | INFO     |   markov_chain: [1, 16, 21, 24, 30, 34] [Score ADN: 23.05]
2026-01-19 18:17:50 | INFO     |   oraculo_neural_v3 (Pool: 92): [5, 8, 19, 29, 30, 40] [OK] [Confianza: 1.83x]
2026-01-19 18:18:06 | INFO     |   oraculo_neural_v4 (Pool: 100): [4, 18, 20, 27, 29, 35] [OK] [Confianza: 2.22x]
2026-01-19 18:18:06 | INFO     | Consenso Determinista validado (Score ADN: 21.35)
2026-01-19 18:18:06 | INFO     | TICKET FINAL: [8, 18, 19, 20, 29, 30] | 🔥 ALTA CONFIANZA (36.51%)
2026-01-19 18:18:06 | INFO     | ----------------------------------------
2026-01-19 18:18:06 | INFO     | UNIVERSO: LOTO3
2026-01-19 18:18:06 | INFO     | Activando LOTO3 ULTRA (Ensemble Avanzado)...
2026-01-19 18:18:07 | INFO     | LOTO3 ULTRA: 10 predicciones generadas
2026-01-19 18:18:07 | INFO     | ----------------------------------------
2026-01-19 18:18:07 | INFO     | UNIVERSO: LOTO4
2026-01-19 18:18:07 | DEBUG    | Pesos de confianza: {'consenso_meritocratico_v2': 0.6931471805599453, 'forense_biometrico_v1': 0.6931471805599453, 'oraculo_neural_v3': 0.8919980393051105, 'oraculo_neural_v4': 0.7929925155296614}
2026-01-19 18:18:07 | INFO     | Objetivo Crononauta: #11573 | Fecha: 19/01/2026 21:00
2026-01-19 18:18:07 | INFO     |   forense_biometrico: [3, 9, 19, 20] [Score ADN: 3.25]
2026-01-19 18:18:59 | INFO     |   oraculo_neural_v3 (Pool: 85): [3, 4, 19, 21] [OK] [Confianza: 2.22x]
2026-01-19 18:19:09 | INFO     |   oraculo_neural_v4 (Pool: 100): [4, 6, 9, 23] [OK] [Confianza: 2.23x]
2026-01-19 18:19:09 | INFO     | Consenso Determinista validado (Score ADN: 4.55)
2026-01-19 18:19:09 | INFO     | TICKET FINAL: [3, 4, 6, 19] | 🔥 ALTA CONFIANZA (53.37%)
2026-01-19 18:19:09 | INFO     | ----------------------------------------
2026-01-19 18:19:09 | INFO     | UNIVERSO: RACHA
2026-01-19 18:19:09 | DEBUG    | Pesos de confianza: {'consenso_meritocratico_v2': 2.900871992530031, 'forense_biometrico_v1': 2.8148097376737438, 'oraculo_neural_v3': 2.853015971352396, 'oraculo_neural_v4': 2.7806808921371178}
2026-01-19 18:19:09 | INFO     | Objetivo Crononauta: #10306 | Fecha: 19/01/2026 22:00
2026-01-19 18:19:09 | INFO     |   forense_biometrico: [2, 3, 7, 8, 9, 11, 12, 13, 18, 20] [Score ADN: 5.9]
2026-01-19 18:19:58 | INFO     |   oraculo_neural_v3 (Pool: 77): [5, 6, 8, 9, 11, 12, 13, 14, 17, 20] [OK] [Confianza: 2.25x]
2026-01-19 18:20:46 | INFO     |   oraculo_neural_v4 (Pool: 100): [1, 2, 3, 4, 8, 9, 14, 16, 17, 19] [OK] [Confianza: 2.22x]
2026-01-19 18:20:46 | INFO     | Consenso Determinista validado (Score ADN: 17.7)
2026-01-19 18:20:46 | INFO     | TICKET FINAL: [3, 4, 8, 9, 11, 12, 14, 16, 17, 20] | 🔥 ALTA CONFIANZA (69.52%)
2026-01-19 18:20:46 | INFO     | Forzando sincronización del laboratorio...
2026-01-19 18:20:46 | INFO     | Dashboard sincronizado correctamente.
2026-01-19 18:20:46 | INFO     | ============================================================
2026-01-19 18:20:46 | INFO     | PROCESO DEL SOÑADOR TERMINADO
2026-01-19 18:20:46 | INFO     | Total predicciones generadas: 20
2026-01-19 18:20:46 | INFO     | Log guardado en: /home/runner/work/lotus-2026/lotus-2026/engine/models/../../logs/bot_dreamer_20260119_181619.log
2026-01-19 18:20:46 | INFO     | ============================================================
