2026-01-19 17:53:49 | INFO     | === LOG INICIADO: /home/runner/work/lotus-2026/lotus-2026/engine/models/../../logs/bot_dreamer_20260119_175349.log ===
2026-01-19 17:53:50 | DEBUG    | OraculoNeural importado correctamente
2026-01-19 17:53:50 | DEBUG    | LotoForense importado correctamente
2026-01-19 17:53:50 | DEBUG    | MetaLearner importado correctamente
2026-01-19 17:53:50 | DEBUG    | Loto3Ultra importado correctamente
2026-01-19 17:53:50 | INFO     | ============================================================
2026-01-19 17:53:50 | INFO     | INICIANDO BOT SOÑADOR: LÓBULOS ESPECIALIZADOS v12.4
2026-01-19 17:53:50 | INFO     | ============================================================
2026-01-19 17:53:50 | DEBUG    | MetaLearner activo: True
2026-01-19 17:53:50 | INFO     | Hora Chile: 2026-01-19 14:53:50 | Día: 0 | Hora: 14
2026-01-19 17:53:50 | INFO     | Cortex cargado: Rankings y Morfología segmentados por juego.
2026-01-19 17:53:50 | DEBUG    | Juegos en genoma: ['LOTO', 'LOTO3', 'LOTO4', 'RACHA']
2026-01-19 17:53:50 | INFO     | ----------------------------------------
2026-01-19 17:53:50 | INFO     | UNIVERSO: LOTO
2026-01-19 17:53:50 | DEBUG    | Pesos de confianza: {'consenso_meritocratico_v2': 0.6931471805599453, 'consenso_v1': 0.7929925155296614, 'delta_tactico_v1': 0.6931471805599453, 'forense_biometrico_v1': 0.6931471805599453, 'gaussiano_tactico_v1': 0.6931471805599453, 'markov_chain_v1': 0.6931471805599453, 'oraculo_neural_v3': 0.6931471805599453, 'oraculo_neural_v4': 0.6931471805599453}
2026-01-19 17:53:50 | INFO     | Objetivo Crononauta: #5376 | Fecha: 20/01/2026 21:00
2026-01-19 17:53:50 | INFO     |   forense_biometrico: [5, 7, 16, 28, 29, 40] [Score ADN: 5.95]
2026-01-19 17:53:50 | INFO     |   gaussiano_inteligente: [3, 6, 30, 31, 36, 41] [Score ADN: 5.95]
2026-01-19 17:53:50 | INFO     |   delta_dna: [5, 20, 29, 30, 37, 40] [Score ADN: 5.95]
2026-01-19 17:53:50 | INFO     |   markov_chain: [1, 16, 21, 24, 30, 34] [Score ADN: 23.05]
2026-01-19 17:55:14 | INFO     |   oraculo_neural_v3 (Pool: 90): [2, 16, 17, 28, 31, 39] [OK] [Confianza: 1.83x]
2026-01-19 17:55:30 | INFO     |   oraculo_neural_v4 (Pool: 100): [4, 18, 20, 27, 29, 35] [OK] [Confianza: 2.22x]
2026-01-19 17:55:30 | INFO     | Consenso Determinista validado (Score ADN: 18.05)
2026-01-19 17:55:30 | INFO     | TICKET FINAL: [16, 18, 20, 28, 31, 35] | 🔥 ALTA CONFIANZA (33.57%)
2026-01-19 17:55:30 | INFO     | ----------------------------------------
2026-01-19 17:55:30 | INFO     | UNIVERSO: LOTO3
2026-01-19 17:55:30 | INFO     | Activando LOTO3 ULTRA (Ensemble Avanzado)...
2026-01-19 17:55:31 | INFO     | LOTO3 ULTRA: 10 predicciones generadas
2026-01-19 17:55:31 | INFO     | ----------------------------------------
2026-01-19 17:55:31 | INFO     | UNIVERSO: LOTO4
2026-01-19 17:55:31 | DEBUG    | Pesos de confianza: {'consenso_meritocratico_v2': 0.6931471805599453, 'forense_biometrico_v1': 0.6931471805599453, 'oraculo_neural_v3': 0.8919980393051105, 'oraculo_neural_v4': 0.7929925155296614}
2026-01-19 17:55:31 | INFO     | Objetivo Crononauta: #11573 | Fecha: 19/01/2026 21:00
2026-01-19 17:55:31 | INFO     |   forense_biometrico: [3, 9, 10, 17] [Score ADN: 3.25]
2026-01-19 17:56:23 | INFO     |   oraculo_neural_v3 (Pool: 93): [10, 11, 19, 21] [OK] [Confianza: 2.22x]
2026-01-19 17:56:31 | INFO     |   oraculo_neural_v4 (Pool: 100): [4, 6, 9, 23] [OK] [Confianza: 2.23x]
2026-01-19 17:56:31 | INFO     | Consenso Determinista validado (Score ADN: 3.25)
2026-01-19 17:56:31 | INFO     | TICKET FINAL: [10, 11, 19, 21] | 🔥 ALTA CONFIANZA (45.12%)
2026-01-19 17:56:31 | INFO     | ----------------------------------------
2026-01-19 17:56:31 | INFO     | UNIVERSO: RACHA
2026-01-19 17:56:31 | DEBUG    | Pesos de confianza: {'oraculo_neural_v3': 1.3862943611198906, 'oraculo_neural_v4': 1.308332819650179}
2026-01-19 17:56:31 | INFO     | Objetivo Crononauta: #10305 | Fecha: 19/01/2026 15:00
2026-01-19 17:56:31 | INFO     |   forense_biometrico: [2, 3, 4, 8, 9, 10, 14, 15, 17, 19] [Score ADN: 4.9]
2026-01-19 17:57:15 | INFO     |   oraculo_neural_v3 (Pool: 85): [3, 4, 5, 6, 7, 9, 14, 16, 19, 20] [OK] [Confianza: 2.24x]
2026-01-19 17:57:57 | INFO     |   oraculo_neural_v4 (Pool: 100): [1, 2, 3, 4, 8, 9, 14, 16, 17, 19] [OK] [Confianza: 2.21x]
2026-01-19 17:57:57 | INFO     | Consenso Determinista validado (Score ADN: 8.7)
2026-01-19 17:57:57 | INFO     | TICKET FINAL: [2, 3, 4, 5, 7, 9, 14, 16, 19, 20] | 🔥 ALTA CONFIANZA (73.83%)
2026-01-19 17:57:57 | INFO     | Forzando sincronización del laboratorio...
2026-01-19 17:57:57 | INFO     | Dashboard sincronizado correctamente.
2026-01-19 17:57:57 | INFO     | ============================================================
2026-01-19 17:57:57 | INFO     | PROCESO DEL SOÑADOR TERMINADO
2026-01-19 17:57:57 | INFO     | Total predicciones generadas: 20
2026-01-19 17:57:57 | INFO     | Log guardado en: /home/runner/work/lotus-2026/lotus-2026/engine/models/../../logs/bot_dreamer_20260119_175349.log
2026-01-19 17:57:57 | INFO     | ============================================================
