2026-01-20 17:00:58 | INFO     | === LOG INICIADO: /home/runner/work/lotus-2026/lotus-2026/engine/models/../../logs/bot_dreamer_20260120_170058.log ===
2026-01-20 17:00:59 | DEBUG    | OraculoNeural importado correctamente
2026-01-20 17:00:59 | DEBUG    | LotoForense importado correctamente
2026-01-20 17:00:59 | DEBUG    | MetaLearner importado correctamente
2026-01-20 17:00:59 | DEBUG    | Loto3Ultra importado correctamente
2026-01-20 17:00:59 | INFO     | ============================================================
2026-01-20 17:00:59 | INFO     | INICIANDO BOT SOÑADOR: LÓBULOS ESPECIALIZADOS v12.4
2026-01-20 17:00:59 | INFO     | ============================================================
2026-01-20 17:00:59 | DEBUG    | MetaLearner activo: True
2026-01-20 17:00:59 | INFO     | Hora Chile: 2026-01-20 14:00:59 | Día: 1 | Hora: 14
2026-01-20 17:00:59 | INFO     | Cortex cargado: Rankings y Morfología segmentados por juego.
2026-01-20 17:00:59 | DEBUG    | Juegos en genoma: ['LOTO', 'LOTO3', 'LOTO4', 'RACHA']
2026-01-20 17:00:59 | INFO     | ----------------------------------------
2026-01-20 17:00:59 | INFO     | UNIVERSO: LOTO
2026-01-20 17:00:59 | DEBUG    | Pesos de confianza: {'consenso_meritocratico_v2': 0.6931471805599453, 'consenso_v1': 0.7929925155296614, 'delta_tactico_v1': 0.6931471805599453, 'forense_biometrico_v1': 0.6931471805599453, 'gaussiano_tactico_v1': 0.6931471805599453, 'markov_chain_v1': 0.6931471805599453, 'oraculo_neural_v3': 0.8064758658669485, 'oraculo_neural_v4': 0.6931471805599453}
2026-01-20 17:00:59 | INFO     | Objetivo Crononauta: #5376 | Fecha: 20/01/2026 21:00
2026-01-20 17:00:59 | INFO     |   forense_biometrico: [3, 4, 17, 22, 25, 36] [Score ADN: 6.35]
2026-01-20 17:00:59 | INFO     |   gaussiano_inteligente: [2, 17, 26, 37, 39, 40] [Score ADN: 5.95]
2026-01-20 17:00:59 | INFO     |   delta_dna: [11, 12, 14, 16, 23, 37] [Score ADN: 5.95]
2026-01-20 17:00:59 | INFO     |   markov_chain: [7, 18, 21, 29, 31, 37] [Score ADN: 18.65]
2026-01-20 17:01:52 | INFO     |   oraculo_neural_v3 (Pool: 93): [10, 11, 14, 19, 22, 29] [OK] [Confianza: 1.83x]
2026-01-20 17:02:08 | INFO     |   oraculo_neural_v4 (Pool: 100): [4, 18, 20, 27, 29, 35] [OK] [Confianza: 2.22x]
2026-01-20 17:02:08 | INFO     | Consenso Determinista validado (Score ADN: 23.05)
2026-01-20 17:02:08 | INFO     | TICKET FINAL: [4, 10, 18, 20, 22, 29] | 🔥 ALTA CONFIANZA (39.72%)
2026-01-20 17:02:08 | INFO     | ----------------------------------------
2026-01-20 17:02:08 | INFO     | UNIVERSO: LOTO3
2026-01-20 17:02:08 | INFO     | Activando LOTO3 ULTRA (Ensemble Avanzado)...
2026-01-20 17:02:09 | INFO     | LOTO3 ULTRA: 10 predicciones generadas
2026-01-20 17:02:09 | INFO     | ----------------------------------------
2026-01-20 17:02:09 | INFO     | UNIVERSO: LOTO4
2026-01-20 17:02:09 | DEBUG    | Pesos de confianza: {'consenso_meritocratico_v2': 0.6931471805599453, 'forense_biometrico_v1': 0.6931471805599453, 'oraculo_neural_v3': 0.8919980393051105, 'oraculo_neural_v4': 0.7929925155296614}
2026-01-20 17:02:09 | INFO     | Objetivo Crononauta: #11575 | Fecha: 20/01/2026 21:00
2026-01-20 17:02:09 | INFO     |   forense_biometrico: [1, 18, 19, 23] [Score ADN: 3.25]
2026-01-20 17:02:58 | INFO     |   oraculo_neural_v3 (Pool: 89): [1, 11, 19, 20] [OK] [Confianza: 2.22x]
2026-01-20 17:03:13 | INFO     |   oraculo_neural_v4 (Pool: 100): [1, 5, 6, 14] [OK] [Confianza: 2.32x]
2026-01-20 17:03:13 | INFO     | Consenso Determinista validado (Score ADN: 11.75)
2026-01-20 17:03:13 | INFO     | TICKET FINAL: [1, 6, 11, 20] | 🔥 ALTA CONFIANZA (54.32%)
2026-01-20 17:03:13 | INFO     | ----------------------------------------
2026-01-20 17:03:13 | INFO     | UNIVERSO: RACHA
2026-01-20 17:03:13 | DEBUG    | Pesos de confianza: {'oraculo_neural_v3': 1.3862943611198906, 'oraculo_neural_v4': 1.308332819650179}
2026-01-20 17:03:13 | INFO     | Objetivo Crononauta: #10307 | Fecha: 20/01/2026 15:00
2026-01-20 17:03:13 | INFO     |   forense_biometrico: [2, 4, 5, 7, 12, 13, 14, 15, 16, 19] [Score ADN: 5.9]
2026-01-20 17:03:41 | INFO     |   oraculo_neural_v3 (Pool: 87): [3, 4, 6, 9, 10, 11, 14, 17, 18, 19] [OK] [Confianza: 2.24x]
2026-01-20 17:03:54 | INFO     |   oraculo_neural_v4 (Pool: 100): [1, 2, 9, 10, 13, 14, 16, 18, 19, 20] [OK] [Confianza: 2.02x]
2026-01-20 17:03:54 | INFO     | Consenso Determinista validado (Score ADN: 6.3)
2026-01-20 17:03:54 | INFO     | TICKET FINAL: [1, 3, 4, 9, 10, 13, 14, 17, 18, 19] | 🔥 ALTA CONFIANZA (71.98%)
2026-01-20 17:03:54 | INFO     | Forzando sincronización del laboratorio...
2026-01-20 17:03:55 | INFO     | Dashboard sincronizado correctamente.
2026-01-20 17:03:55 | INFO     | ============================================================
2026-01-20 17:03:55 | INFO     | PROCESO DEL SOÑADOR TERMINADO
2026-01-20 17:03:55 | INFO     | Total predicciones generadas: 20
2026-01-20 17:03:55 | INFO     | Log guardado en: /home/runner/work/lotus-2026/lotus-2026/engine/models/../../logs/bot_dreamer_20260120_170058.log
2026-01-20 17:03:55 | INFO     | ============================================================
