2026-01-17 21:08:52 | INFO     | === LOG INICIADO: /home/runner/work/lotus-2026/lotus-2026/engine/models/../../logs/bot_dreamer_20260117_210852.log ===
2026-01-17 21:08:53 | DEBUG    | OraculoNeural importado correctamente
2026-01-17 21:08:53 | DEBUG    | LotoForense importado correctamente
2026-01-17 21:08:53 | DEBUG    | MetaLearner importado correctamente
2026-01-17 21:08:53 | DEBUG    | Loto3Ultra importado correctamente
2026-01-17 21:08:53 | INFO     | ============================================================
2026-01-17 21:08:53 | INFO     | INICIANDO BOT SOÑADOR: LÓBULOS ESPECIALIZADOS v12.4
2026-01-17 21:08:53 | INFO     | ============================================================
2026-01-17 21:08:53 | DEBUG    | MetaLearner activo: True
2026-01-17 21:08:53 | INFO     | Hora Chile: 2026-01-17 18:08:53 | Día: 5 | Hora: 18
2026-01-17 21:08:53 | INFO     | Cortex cargado: Rankings y Morfología segmentados por juego.
2026-01-17 21:08:53 | DEBUG    | Juegos en genoma: ['LOTO', 'LOTO3', 'LOTO4', 'RACHA']
2026-01-17 21:08:53 | INFO     | ----------------------------------------
2026-01-17 21:08:53 | INFO     | UNIVERSO: LOTO
2026-01-17 21:08:53 | DEBUG    | Pesos de confianza: {'consenso_meritocratico_v2': 0.6931471805599453, 'consenso_v1': 0.7929925155296614, 'delta_tactico_v1': 0.6931471805599453, 'forense_biometrico_v1': 0.6931471805599453, 'gaussiano_tactico_v1': 0.6931471805599453, 'markov_chain_v1': 0.6931471805599453, 'oraculo_neural_v3': 0.6931471805599453, 'oraculo_neural_v4': 0.6931471805599453}
2026-01-17 21:08:53 | INFO     | Objetivo Crononauta: #5375 | Fecha: 18/01/2026 21:00
2026-01-17 21:08:53 | INFO     |   forense_biometrico: [2, 20, 23, 25, 26, 41] [Score ADN: 5.95]
2026-01-17 21:08:53 | INFO     |   gaussiano_inteligente: [7, 13, 16, 17, 26, 34] [Score ADN: 5.95]
2026-01-17 21:08:53 | INFO     |   delta_dna: [16, 19, 25, 26, 29, 36] [Score ADN: 6.35]
2026-01-17 21:08:53 | INFO     |   markov_chain: [8, 21, 27, 29, 37, 39] [Score ADN: 14.05]
2026-01-17 21:10:06 | INFO     |   oraculo_neural_v3 (Pool: 84): [8, 10, 20, 21, 23, 37] [OK] [Confianza: 1.83x]
2026-01-17 21:10:22 | INFO     |   oraculo_neural_v4 (Pool: 100): [1, 13, 15, 29, 33, 35] [OK] [Confianza: 2.11x]
2026-01-17 21:10:22 | INFO     | Consenso Determinista validado (Score ADN: 13.65)
2026-01-17 21:10:22 | INFO     | TICKET FINAL: [8, 13, 15, 21, 29, 37] | 🔥 ALTA CONFIANZA (39.36%)
2026-01-17 21:10:22 | INFO     | ----------------------------------------
2026-01-17 21:10:22 | INFO     | UNIVERSO: LOTO3
2026-01-17 21:10:22 | INFO     | Activando LOTO3 ULTRA (Ensemble Avanzado)...
2026-01-17 21:10:22 | INFO     | LOTO3 ULTRA: 10 predicciones generadas
2026-01-17 21:10:22 | INFO     | ----------------------------------------
2026-01-17 21:10:22 | INFO     | UNIVERSO: LOTO4
2026-01-17 21:10:22 | DEBUG    | Pesos de confianza: {'consenso_meritocratico_v2': 0.6931471805599453, 'forense_biometrico_v1': 0.6931471805599453, 'oraculo_neural_v3': 0.8919980393051105, 'oraculo_neural_v4': 0.6931471805599453}
2026-01-17 21:10:22 | INFO     | Objetivo Crononauta: #11569 | Fecha: 17/01/2026 21:00
2026-01-17 21:10:22 | INFO     |   forense_biometrico: [1, 17, 19, 20] [Score ADN: 3.25]
2026-01-17 21:11:08 | INFO     |   oraculo_neural_v3 (Pool: 82): [13, 17, 18, 21] [OK] [Confianza: 2.22x]
2026-01-17 21:11:16 | INFO     |   oraculo_neural_v4 (Pool: 100): [6, 7, 15, 18] [OK] [Confianza: 2.22x]
2026-01-17 21:11:16 | INFO     | Consenso Determinista validado (Score ADN: 3.25)
2026-01-17 21:11:16 | INFO     | TICKET FINAL: [13, 17, 18, 21] | 🔥 ALTA CONFIANZA (53.85%)
2026-01-17 21:11:16 | INFO     | ----------------------------------------
2026-01-17 21:11:16 | INFO     | UNIVERSO: RACHA
2026-01-17 21:11:16 | DEBUG    | Pesos de confianza: {'consenso_meritocratico_v2': 2.900871992530031, 'forense_biometrico_v1': 2.8148097376737438, 'oraculo_neural_v3': 2.853015971352396, 'oraculo_neural_v4': 2.7806808921371178}
2026-01-17 21:11:16 | INFO     | Objetivo Crononauta: #10302 | Fecha: 17/01/2026 22:00
2026-01-17 21:11:16 | INFO     |   forense_biometrico: [1, 2, 4, 5, 11, 12, 15, 16, 19, 20] [Score ADN: 4.9]
2026-01-17 21:11:53 | INFO     |   oraculo_neural_v3 (Pool: 77): [3, 4, 6, 7, 8, 10, 13, 17, 18, 19] [OK] [Confianza: 2.23x]
2026-01-17 21:12:30 | INFO     |   oraculo_neural_v4 (Pool: 100): [1, 2, 3, 4, 8, 9, 10, 15, 18, 19] [OK] [Confianza: 2.25x]
2026-01-17 21:12:30 | INFO     | Consenso Determinista validado (Score ADN: 14.1)
2026-01-17 21:12:30 | INFO     | TICKET FINAL: [1, 3, 4, 7, 8, 10, 13, 15, 18, 19] | 🔥 ALTA CONFIANZA (75.74%)
2026-01-17 21:12:30 | INFO     | Forzando sincronización del laboratorio...
2026-01-17 21:12:30 | INFO     | Dashboard sincronizado correctamente.
2026-01-17 21:12:30 | INFO     | ============================================================
2026-01-17 21:12:30 | INFO     | PROCESO DEL SOÑADOR TERMINADO
2026-01-17 21:12:30 | INFO     | Total predicciones generadas: 20
2026-01-17 21:12:30 | INFO     | Log guardado en: /home/runner/work/lotus-2026/lotus-2026/engine/models/../../logs/bot_dreamer_20260117_210852.log
2026-01-17 21:12:30 | INFO     | ============================================================
