2026-01-18 15:17:15 | INFO     | === LOG INICIADO: /home/runner/work/lotus-2026/lotus-2026/engine/models/../../logs/bot_dreamer_20260118_151715.log ===
2026-01-18 15:17:16 | DEBUG    | OraculoNeural importado correctamente
2026-01-18 15:17:16 | DEBUG    | LotoForense importado correctamente
2026-01-18 15:17:16 | DEBUG    | MetaLearner importado correctamente
2026-01-18 15:17:16 | DEBUG    | Loto3Ultra importado correctamente
2026-01-18 15:17:16 | INFO     | ============================================================
2026-01-18 15:17:16 | INFO     | INICIANDO BOT SOÑADOR: LÓBULOS ESPECIALIZADOS v12.4
2026-01-18 15:17:16 | INFO     | ============================================================
2026-01-18 15:17:16 | DEBUG    | MetaLearner activo: True
2026-01-18 15:17:16 | INFO     | Hora Chile: 2026-01-18 12:17:16 | Día: 6 | Hora: 12
2026-01-18 15:17:16 | INFO     | Cortex cargado: Rankings y Morfología segmentados por juego.
2026-01-18 15:17:16 | DEBUG    | Juegos en genoma: ['LOTO', 'LOTO3', 'LOTO4', 'RACHA']
2026-01-18 15:17:16 | INFO     | ----------------------------------------
2026-01-18 15:17:16 | INFO     | UNIVERSO: LOTO
2026-01-18 15:17:16 | DEBUG    | Pesos de confianza: {'consenso_meritocratico_v2': 0.6931471805599453, 'consenso_v1': 0.7929925155296614, 'delta_tactico_v1': 0.6931471805599453, 'forense_biometrico_v1': 0.6931471805599453, 'gaussiano_tactico_v1': 0.6931471805599453, 'markov_chain_v1': 0.6931471805599453, 'oraculo_neural_v3': 0.6931471805599453, 'oraculo_neural_v4': 0.6931471805599453}
2026-01-18 15:17:16 | INFO     | Objetivo Crononauta: #5375 | Fecha: 18/01/2026 21:00
2026-01-18 15:17:17 | INFO     |   forense_biometrico: [2, 21, 28, 29, 31, 36] [Score ADN: 5.95]
2026-01-18 15:17:17 | INFO     |   gaussiano_inteligente: [4, 5, 13, 17, 28, 38] [Score ADN: 5.95]
2026-01-18 15:17:17 | INFO     |   delta_dna: [3, 11, 14, 29, 30, 34] [Score ADN: 5.95]
2026-01-18 15:17:17 | INFO     |   markov_chain: [12, 14, 18, 22, 28, 32] [Score ADN: 33.05]
2026-01-18 15:18:41 | INFO     |   oraculo_neural_v3 (Pool: 89): [16, 23, 24, 28, 31, 41] [OK] [Confianza: 1.83x]
2026-01-18 15:18:57 | INFO     |   oraculo_neural_v4 (Pool: 100): [1, 13, 15, 29, 33, 35] [OK] [Confianza: 2.11x]
2026-01-18 15:18:57 | INFO     | Consenso Determinista validado (Score ADN: 12.35)
2026-01-18 15:18:57 | INFO     | TICKET FINAL: [13, 14, 15, 23, 28, 33] | 🔥 ALTA CONFIANZA (31.76%)
2026-01-18 15:18:57 | INFO     | ----------------------------------------
2026-01-18 15:18:57 | INFO     | UNIVERSO: LOTO3
2026-01-18 15:18:57 | INFO     | Activando LOTO3 ULTRA (Ensemble Avanzado)...
2026-01-18 15:18:57 | INFO     | LOTO3 ULTRA: 10 predicciones generadas
2026-01-18 15:18:57 | INFO     | ----------------------------------------
2026-01-18 15:18:57 | INFO     | UNIVERSO: LOTO4
2026-01-18 15:18:57 | DEBUG    | Pesos de confianza: {'consenso_meritocratico_v2': 0.6931471805599453, 'forense_biometrico_v1': 0.6931471805599453, 'oraculo_neural_v3': 0.8919980393051105, 'oraculo_neural_v4': 0.7929925155296614}
2026-01-18 15:18:57 | INFO     | Objetivo Crononauta: #11570 | Fecha: 18/01/2026 14:00
2026-01-18 15:18:58 | INFO     |   forense_biometrico: [9, 11, 12, 23] [Score ADN: 3.25]
2026-01-18 15:19:51 | INFO     |   oraculo_neural_v3 (Pool: 87): [5, 9, 17, 18] [OK] [Confianza: 2.22x]
2026-01-18 15:20:08 | INFO     |   oraculo_neural_v4 (Pool: 100): [1, 6, 14, 15] [OK] [Confianza: 2.38x]
2026-01-18 15:20:08 | INFO     | Consenso Determinista validado (Score ADN: 15.45)
2026-01-18 15:20:08 | INFO     | TICKET FINAL: [1, 9, 15, 17] | 🔥 ALTA CONFIANZA (46.01%)
2026-01-18 15:20:08 | INFO     | ----------------------------------------
2026-01-18 15:20:08 | INFO     | UNIVERSO: RACHA
2026-01-18 15:20:08 | DEBUG    | Pesos de confianza: {'consenso_meritocratico_v2': 2.900871992530031, 'forense_biometrico_v1': 2.8148097376737438, 'oraculo_neural_v3': 2.853015971352396, 'oraculo_neural_v4': 2.7806808921371178}
2026-01-18 15:20:08 | INFO     | Objetivo Crononauta: #10303 | Fecha: 18/01/2026 15:00
2026-01-18 15:20:08 | INFO     |   forense_biometrico: [1, 2, 5, 8, 9, 12, 16, 17, 18, 19] [Score ADN: 4.9]
2026-01-18 15:20:52 | INFO     |   oraculo_neural_v3 (Pool: 78): [4, 5, 7, 10, 11, 13, 14, 15, 16, 20] [OK] [Confianza: 2.21x]
2026-01-18 15:21:34 | INFO     |   oraculo_neural_v4 (Pool: 100): [1, 2, 3, 6, 7, 8, 9, 11, 13, 15] [OK] [Confianza: 1.87x]
2026-01-18 15:21:34 | INFO     | Consenso Determinista validado (Score ADN: 4.9)
2026-01-18 15:21:34 | INFO     | TICKET FINAL: [3, 4, 6, 7, 11, 13, 14, 15, 16, 20] | 🔥 ALTA CONFIANZA (68.68%)
2026-01-18 15:21:34 | INFO     | Forzando sincronización del laboratorio...
2026-01-18 15:21:34 | INFO     | Dashboard sincronizado correctamente.
2026-01-18 15:21:34 | INFO     | ============================================================
2026-01-18 15:21:34 | INFO     | PROCESO DEL SOÑADOR TERMINADO
2026-01-18 15:21:34 | INFO     | Total predicciones generadas: 20
2026-01-18 15:21:34 | INFO     | Log guardado en: /home/runner/work/lotus-2026/lotus-2026/engine/models/../../logs/bot_dreamer_20260118_151715.log
2026-01-18 15:21:34 | INFO     | ============================================================
