2026-01-19 07:54:14 | INFO     | === LOG INICIADO: /home/runner/work/lotus-2026/lotus-2026/engine/models/../../logs/bot_dreamer_20260119_075414.log ===
2026-01-19 07:54:15 | DEBUG    | OraculoNeural importado correctamente
2026-01-19 07:54:15 | DEBUG    | LotoForense importado correctamente
2026-01-19 07:54:15 | DEBUG    | MetaLearner importado correctamente
2026-01-19 07:54:15 | DEBUG    | Loto3Ultra importado correctamente
2026-01-19 07:54:15 | INFO     | ============================================================
2026-01-19 07:54:15 | INFO     | INICIANDO BOT SOÑADOR: LÓBULOS ESPECIALIZADOS v12.4
2026-01-19 07:54:15 | INFO     | ============================================================
2026-01-19 07:54:15 | DEBUG    | MetaLearner activo: True
2026-01-19 07:54:15 | INFO     | Hora Chile: 2026-01-19 04:54:15 | Día: 0 | Hora: 4
2026-01-19 07:54:15 | INFO     | Cortex cargado: Rankings y Morfología segmentados por juego.
2026-01-19 07:54:15 | DEBUG    | Juegos en genoma: ['LOTO', 'LOTO3', 'LOTO4', 'RACHA']
2026-01-19 07:54:15 | INFO     | ----------------------------------------
2026-01-19 07:54:15 | INFO     | UNIVERSO: LOTO
2026-01-19 07:54:15 | DEBUG    | Pesos de confianza: {'consenso_meritocratico_v2': 0.6931471805599453, 'consenso_v1': 0.7929925155296614, 'delta_tactico_v1': 0.6931471805599453, 'forense_biometrico_v1': 0.6931471805599453, 'gaussiano_tactico_v1': 0.6931471805599453, 'markov_chain_v1': 0.6931471805599453, 'oraculo_neural_v3': 0.6931471805599453, 'oraculo_neural_v4': 0.6931471805599453}
2026-01-19 07:54:15 | INFO     | Objetivo Crononauta: #5376 | Fecha: 20/01/2026 21:00
2026-01-19 07:54:15 | INFO     |   forense_biometrico: [2, 7, 13, 28, 34, 35] [Score ADN: 5.95]
2026-01-19 07:54:15 | INFO     |   gaussiano_inteligente: [5, 13, 14, 17, 24, 28] [Score ADN: 5.95]
2026-01-19 07:54:15 | INFO     |   delta_dna: [8, 11, 16, 18, 19, 31] [Score ADN: 5.95]
2026-01-19 07:54:15 | INFO     |   markov_chain: [1, 16, 21, 24, 30, 34] [Score ADN: 23.05]
2026-01-19 07:55:35 | INFO     |   oraculo_neural_v3 (Pool: 83): [6, 8, 13, 23, 36, 37] [OK] [Confianza: 1.83x]
2026-01-19 07:55:50 | INFO     |   oraculo_neural_v4 (Pool: 100): [4, 18, 20, 27, 29, 35] [OK] [Confianza: 2.22x]
2026-01-19 07:55:50 | INFO     | Consenso Determinista validado (Score ADN: 7.65)
2026-01-19 07:55:50 | INFO     | TICKET FINAL: [8, 13, 18, 20, 23, 29] | 🔥 ALTA CONFIANZA (34.1%)
2026-01-19 07:55:50 | INFO     | ----------------------------------------
2026-01-19 07:55:50 | INFO     | UNIVERSO: LOTO3
2026-01-19 07:55:50 | INFO     | Activando LOTO3 ULTRA (Ensemble Avanzado)...
2026-01-19 07:55:51 | INFO     | LOTO3 ULTRA: 10 predicciones generadas
2026-01-19 07:55:51 | INFO     | ----------------------------------------
2026-01-19 07:55:51 | INFO     | UNIVERSO: LOTO4
2026-01-19 07:55:51 | DEBUG    | Pesos de confianza: {'consenso_meritocratico_v2': 0.6931471805599453, 'forense_biometrico_v1': 0.6931471805599453, 'oraculo_neural_v3': 0.8919980393051105, 'oraculo_neural_v4': 0.7929925155296614}
2026-01-19 07:55:51 | INFO     | Objetivo Crononauta: #11572 | Fecha: 19/01/2026 14:00
2026-01-19 07:55:51 | INFO     |   forense_biometrico: [5, 9, 16, 17] [Score ADN: 3.25]
2026-01-19 07:56:40 | INFO     |   oraculo_neural_v3 (Pool: 83): [3, 4, 8, 23] [OK] [Confianza: 2.22x]
2026-01-19 07:56:49 | INFO     |   oraculo_neural_v4 (Pool: 100): [5, 9, 10, 19] [OK] [Confianza: 2.22x]
2026-01-19 07:56:49 | INFO     | Consenso Determinista validado (Score ADN: 4.55)
2026-01-19 07:56:49 | INFO     | TICKET FINAL: [3, 4, 8, 23] | 🔥 ALTA CONFIANZA (47.22%)
2026-01-19 07:56:49 | INFO     | ----------------------------------------
2026-01-19 07:56:49 | INFO     | UNIVERSO: RACHA
2026-01-19 07:56:49 | DEBUG    | Pesos de confianza: {'consenso_meritocratico_v2': 2.900871992530031, 'forense_biometrico_v1': 2.8148097376737438, 'oraculo_neural_v3': 2.853015971352396, 'oraculo_neural_v4': 2.7806808921371178}
2026-01-19 07:56:49 | INFO     | Objetivo Crononauta: #10305 | Fecha: 19/01/2026 15:00
2026-01-19 07:56:49 | INFO     |   forense_biometrico: [2, 4, 7, 8, 9, 13, 16, 17, 18, 19] [Score ADN: 5.9]
2026-01-19 07:57:30 | INFO     |   oraculo_neural_v3 (Pool: 86): [3, 4, 5, 10, 12, 13, 14, 15, 17, 20] [OK] [Confianza: 2.21x]
2026-01-19 07:58:10 | INFO     |   oraculo_neural_v4 (Pool: 100): [1, 2, 3, 4, 8, 9, 14, 16, 17, 19] [OK] [Confianza: 2.15x]
2026-01-19 07:58:10 | INFO     | Consenso Determinista validado (Score ADN: 10.9)
2026-01-19 07:58:10 | INFO     | TICKET FINAL: [2, 3, 4, 5, 12, 13, 14, 15, 17, 20] | 🔥 ALTA CONFIANZA (67.52%)
2026-01-19 07:58:10 | INFO     | Forzando sincronización del laboratorio...
2026-01-19 07:58:10 | INFO     | Dashboard sincronizado correctamente.
2026-01-19 07:58:10 | INFO     | ============================================================
2026-01-19 07:58:10 | INFO     | PROCESO DEL SOÑADOR TERMINADO
2026-01-19 07:58:10 | INFO     | Total predicciones generadas: 20
2026-01-19 07:58:10 | INFO     | Log guardado en: /home/runner/work/lotus-2026/lotus-2026/engine/models/../../logs/bot_dreamer_20260119_075414.log
2026-01-19 07:58:10 | INFO     | ============================================================
