2026-01-18 23:51:03 | INFO     | === LOG INICIADO: /home/runner/work/lotus-2026/lotus-2026/engine/models/../../logs/bot_dreamer_20260118_235103.log ===
2026-01-18 23:51:04 | DEBUG    | OraculoNeural importado correctamente
2026-01-18 23:51:04 | DEBUG    | LotoForense importado correctamente
2026-01-18 23:51:04 | DEBUG    | MetaLearner importado correctamente
2026-01-18 23:51:05 | DEBUG    | Loto3Ultra importado correctamente
2026-01-18 23:51:05 | INFO     | ============================================================
2026-01-18 23:51:05 | INFO     | INICIANDO BOT SOÑADOR: LÓBULOS ESPECIALIZADOS v12.4
2026-01-18 23:51:05 | INFO     | ============================================================
2026-01-18 23:51:05 | DEBUG    | MetaLearner activo: True
2026-01-18 23:51:05 | INFO     | Hora Chile: 2026-01-18 20:51:05 | Día: 6 | Hora: 20
2026-01-18 23:51:05 | INFO     | Cortex cargado: Rankings y Morfología segmentados por juego.
2026-01-18 23:51:05 | DEBUG    | Juegos en genoma: ['LOTO', 'LOTO3', 'LOTO4', 'RACHA']
2026-01-18 23:51:05 | INFO     | ----------------------------------------
2026-01-18 23:51:05 | INFO     | UNIVERSO: LOTO
2026-01-18 23:51:05 | DEBUG    | Pesos de confianza: {'consenso_meritocratico_v2': 0.6931471805599453, 'consenso_v1': 0.7929925155296614, 'delta_tactico_v1': 0.6931471805599453, 'forense_biometrico_v1': 0.6931471805599453, 'gaussiano_tactico_v1': 0.6931471805599453, 'markov_chain_v1': 0.6931471805599453, 'oraculo_neural_v3': 0.6931471805599453, 'oraculo_neural_v4': 0.6931471805599453}
2026-01-18 23:51:05 | INFO     | Objetivo Crononauta: #5375 | Fecha: 18/01/2026 21:00
2026-01-18 23:51:05 | INFO     |   forense_biometrico: [3, 13, 18, 26, 27, 32] [Score ADN: 6.35]
2026-01-18 23:51:05 | INFO     |   gaussiano_inteligente: [4, 6, 7, 17, 34, 41] [Score ADN: 5.95]
2026-01-18 23:51:05 | INFO     |   delta_dna: [3, 7, 17, 18, 24, 34] [Score ADN: 5.95]
2026-01-18 23:51:05 | INFO     |   markov_chain: [12, 14, 18, 22, 28, 32] [Score ADN: 33.05]
2026-01-18 23:52:22 | INFO     |   oraculo_neural_v3 (Pool: 84): [2, 12, 14, 15, 31, 39] [OK] [Confianza: 1.83x]
2026-01-18 23:52:37 | INFO     |   oraculo_neural_v4 (Pool: 100): [1, 13, 15, 29, 33, 35] [OK] [Confianza: 2.11x]
2026-01-18 23:52:37 | INFO     | Consenso Determinista validado (Score ADN: 11.35)
2026-01-18 23:52:37 | INFO     | TICKET FINAL: [2, 12, 14, 15, 33, 35] | 🔥 ALTA CONFIANZA (35.6%)
2026-01-18 23:52:37 | INFO     | ----------------------------------------
2026-01-18 23:52:37 | INFO     | UNIVERSO: LOTO3
2026-01-18 23:52:37 | INFO     | Activando LOTO3 ULTRA (Ensemble Avanzado)...
2026-01-18 23:52:38 | INFO     | LOTO3 ULTRA: 10 predicciones generadas
2026-01-18 23:52:38 | INFO     | ----------------------------------------
2026-01-18 23:52:38 | INFO     | UNIVERSO: LOTO4
2026-01-18 23:52:38 | DEBUG    | Pesos de confianza: {'oraculo_neural_v3': 1.0818051703517284}
2026-01-18 23:52:38 | INFO     | Objetivo Crononauta: #11571 | Fecha: 18/01/2026 21:00
2026-01-18 23:52:38 | INFO     |   forense_biometrico: [7, 8, 15, 23] [Score ADN: 3.25]
2026-01-18 23:53:25 | INFO     |   oraculo_neural_v3 (Pool: 87): [9, 17, 18, 23] [OK] [Confianza: 2.22x]
2026-01-18 23:53:33 | INFO     |   oraculo_neural_v4 (Pool: 100): [4, 6, 17, 18] [OK] [Confianza: 2.4x]
2026-01-18 23:53:33 | INFO     | Consenso Determinista validado (Score ADN: 4.55)
2026-01-18 23:53:33 | INFO     | TICKET FINAL: [6, 17, 18, 23] | 🔥 ALTA CONFIANZA (62.66%)
2026-01-18 23:53:33 | INFO     | ----------------------------------------
2026-01-18 23:53:33 | INFO     | UNIVERSO: RACHA
2026-01-18 23:53:33 | DEBUG    | Pesos de confianza: {'consenso_meritocratico_v2': 2.900871992530031, 'forense_biometrico_v1': 2.8148097376737438, 'oraculo_neural_v3': 2.853015971352396, 'oraculo_neural_v4': 2.7806808921371178}
2026-01-18 23:53:33 | INFO     | Objetivo Crononauta: #10304 | Fecha: 18/01/2026 22:00
2026-01-18 23:53:33 | INFO     |   forense_biometrico: [3, 4, 6, 9, 10, 12, 13, 17, 18, 19] [Score ADN: 4.9]
2026-01-18 23:54:13 | INFO     |   oraculo_neural_v3 (Pool: 75): [1, 2, 3, 9, 10, 11, 14, 16, 19, 20] [OK] [Confianza: 2.22x]
2026-01-18 23:54:51 | INFO     |   oraculo_neural_v4 (Pool: 100): [1, 2, 3, 6, 7, 8, 9, 11, 13, 15] [OK] [Confianza: 2.05x]
2026-01-18 23:54:51 | INFO     | Consenso Determinista validado (Score ADN: 12.7)
2026-01-18 23:54:51 | INFO     | TICKET FINAL: [1, 2, 3, 6, 9, 11, 14, 16, 19, 20] | 🔥 ALTA CONFIANZA (71.43%)
2026-01-18 23:54:51 | INFO     | Forzando sincronización del laboratorio...
2026-01-18 23:54:51 | INFO     | Dashboard sincronizado correctamente.
2026-01-18 23:54:51 | INFO     | ============================================================
2026-01-18 23:54:51 | INFO     | PROCESO DEL SOÑADOR TERMINADO
2026-01-18 23:54:51 | INFO     | Total predicciones generadas: 20
2026-01-18 23:54:51 | INFO     | Log guardado en: /home/runner/work/lotus-2026/lotus-2026/engine/models/../../logs/bot_dreamer_20260118_235103.log
2026-01-18 23:54:51 | INFO     | ============================================================
