2026-01-19 11:13:15 | INFO     | === LOG INICIADO: /home/runner/work/lotus-2026/lotus-2026/engine/models/../../logs/bot_dreamer_20260119_111315.log ===
2026-01-19 11:13:17 | DEBUG    | OraculoNeural importado correctamente
2026-01-19 11:13:17 | DEBUG    | LotoForense importado correctamente
2026-01-19 11:13:17 | DEBUG    | MetaLearner importado correctamente
2026-01-19 11:13:17 | DEBUG    | Loto3Ultra importado correctamente
2026-01-19 11:13:17 | INFO     | ============================================================
2026-01-19 11:13:17 | INFO     | INICIANDO BOT SOÑADOR: LÓBULOS ESPECIALIZADOS v12.4
2026-01-19 11:13:17 | INFO     | ============================================================
2026-01-19 11:13:17 | DEBUG    | MetaLearner activo: True
2026-01-19 11:13:17 | INFO     | Hora Chile: 2026-01-19 08:13:17 | Día: 0 | Hora: 8
2026-01-19 11:13:17 | INFO     | Cortex cargado: Rankings y Morfología segmentados por juego.
2026-01-19 11:13:17 | DEBUG    | Juegos en genoma: ['LOTO', 'LOTO3', 'LOTO4', 'RACHA']
2026-01-19 11:13:17 | INFO     | ----------------------------------------
2026-01-19 11:13:17 | INFO     | UNIVERSO: LOTO
2026-01-19 11:13:17 | DEBUG    | Pesos de confianza: {'consenso_meritocratico_v2': 0.6931471805599453, 'consenso_v1': 0.7929925155296614, 'delta_tactico_v1': 0.6931471805599453, 'forense_biometrico_v1': 0.6931471805599453, 'gaussiano_tactico_v1': 0.6931471805599453, 'markov_chain_v1': 0.6931471805599453, 'oraculo_neural_v3': 0.6931471805599453, 'oraculo_neural_v4': 0.6931471805599453}
2026-01-19 11:13:17 | INFO     | Objetivo Crononauta: #5376 | Fecha: 20/01/2026 21:00
2026-01-19 11:13:17 | INFO     |   forense_biometrico: [5, 8, 13, 18, 33, 34] [Score ADN: 6.35]
2026-01-19 11:13:17 | INFO     |   gaussiano_inteligente: [3, 15, 16, 20, 26, 37] [Score ADN: 6.35]
2026-01-19 11:13:17 | INFO     |   delta_dna: [2, 9, 18, 19, 29, 32] [Score ADN: 5.95]
2026-01-19 11:13:17 | INFO     |   markov_chain: [1, 16, 21, 24, 30, 34] [Score ADN: 23.05]
2026-01-19 11:14:29 | INFO     |   oraculo_neural_v3 (Pool: 82): [2, 8, 9, 31, 36, 41] [OK] [Confianza: 1.83x]
2026-01-19 11:14:45 | INFO     |   oraculo_neural_v4 (Pool: 100): [4, 18, 20, 27, 29, 35] [OK] [Confianza: 2.22x]
2026-01-19 11:14:45 | INFO     | Consenso Determinista validado (Score ADN: 16.35)
2026-01-19 11:14:45 | INFO     | TICKET FINAL: [4, 18, 21, 27, 35, 36] | 🔥 ALTA CONFIANZA (31.34%)
2026-01-19 11:14:45 | INFO     | ----------------------------------------
2026-01-19 11:14:45 | INFO     | UNIVERSO: LOTO3
2026-01-19 11:14:45 | INFO     | Activando LOTO3 ULTRA (Ensemble Avanzado)...
2026-01-19 11:14:46 | INFO     | LOTO3 ULTRA: 10 predicciones generadas
2026-01-19 11:14:46 | INFO     | ----------------------------------------
2026-01-19 11:14:46 | INFO     | UNIVERSO: LOTO4
2026-01-19 11:14:46 | DEBUG    | Pesos de confianza: {'consenso_meritocratico_v2': 0.6931471805599453, 'forense_biometrico_v1': 0.6931471805599453, 'oraculo_neural_v3': 0.8919980393051105, 'oraculo_neural_v4': 0.7929925155296614}
2026-01-19 11:14:46 | INFO     | Objetivo Crononauta: #11572 | Fecha: 19/01/2026 14:00
2026-01-19 11:14:46 | INFO     |   forense_biometrico: [7, 12, 13, 15] [Score ADN: 3.25]
2026-01-19 11:15:29 | INFO     |   oraculo_neural_v3 (Pool: 90): [5, 6, 13, 21] [OK] [Confianza: 2.22x]
2026-01-19 11:15:36 | INFO     |   oraculo_neural_v4 (Pool: 100): [5, 9, 10, 19] [OK] [Confianza: 2.22x]
2026-01-19 11:15:36 | INFO     | Consenso Determinista validado (Score ADN: 3.25)
2026-01-19 11:15:36 | INFO     | TICKET FINAL: [5, 6, 13, 21] | 🔥 ALTA CONFIANZA (55.56%)
2026-01-19 11:15:36 | INFO     | ----------------------------------------
2026-01-19 11:15:36 | INFO     | UNIVERSO: RACHA
2026-01-19 11:15:36 | DEBUG    | Pesos de confianza: {'consenso_meritocratico_v2': 2.900871992530031, 'forense_biometrico_v1': 2.8148097376737438, 'oraculo_neural_v3': 2.853015971352396, 'oraculo_neural_v4': 2.7806808921371178}
2026-01-19 11:15:36 | INFO     | Objetivo Crononauta: #10305 | Fecha: 19/01/2026 15:00
2026-01-19 11:15:36 | INFO     |   forense_biometrico: [2, 5, 6, 7, 9, 13, 14, 15, 16, 20] [Score ADN: 4.9]
2026-01-19 11:16:14 | INFO     |   oraculo_neural_v3 (Pool: 75): [3, 4, 5, 6, 8, 12, 13, 15, 17, 18] [OK] [Confianza: 2.21x]
2026-01-19 11:16:50 | INFO     |   oraculo_neural_v4 (Pool: 100): [1, 2, 3, 4, 8, 9, 14, 16, 17, 19] [OK] [Confianza: 2.13x]
2026-01-19 11:16:50 | INFO     | Consenso Determinista validado (Score ADN: 14.1)
2026-01-19 11:16:50 | INFO     | TICKET FINAL: [1, 3, 4, 5, 8, 12, 14, 15, 17, 19] | 🔥 ALTA CONFIANZA (67.57%)
2026-01-19 11:16:50 | INFO     | Forzando sincronización del laboratorio...
2026-01-19 11:16:50 | INFO     | Dashboard sincronizado correctamente.
2026-01-19 11:16:50 | INFO     | ============================================================
2026-01-19 11:16:50 | INFO     | PROCESO DEL SOÑADOR TERMINADO
2026-01-19 11:16:50 | INFO     | Total predicciones generadas: 20
2026-01-19 11:16:50 | INFO     | Log guardado en: /home/runner/work/lotus-2026/lotus-2026/engine/models/../../logs/bot_dreamer_20260119_111315.log
2026-01-19 11:16:50 | INFO     | ============================================================
