2026-01-19 18:52:36 | INFO     | === LOG INICIADO: /home/runner/work/lotus-2026/lotus-2026/engine/models/../../logs/bot_dreamer_20260119_185236.log ===
2026-01-19 18:52:37 | DEBUG    | OraculoNeural importado correctamente
2026-01-19 18:52:37 | DEBUG    | LotoForense importado correctamente
2026-01-19 18:52:37 | DEBUG    | MetaLearner importado correctamente
2026-01-19 18:52:37 | DEBUG    | Loto3Ultra importado correctamente
2026-01-19 18:52:37 | INFO     | ============================================================
2026-01-19 18:52:37 | INFO     | INICIANDO BOT SOÑADOR: LÓBULOS ESPECIALIZADOS v12.4
2026-01-19 18:52:37 | INFO     | ============================================================
2026-01-19 18:52:37 | DEBUG    | MetaLearner activo: True
2026-01-19 18:52:37 | INFO     | Hora Chile: 2026-01-19 15:52:37 | Día: 0 | Hora: 15
2026-01-19 18:52:37 | INFO     | Cortex cargado: Rankings y Morfología segmentados por juego.
2026-01-19 18:52:37 | DEBUG    | Juegos en genoma: ['LOTO', 'LOTO3', 'LOTO4', 'RACHA']
2026-01-19 18:52:37 | INFO     | ----------------------------------------
2026-01-19 18:52:37 | INFO     | UNIVERSO: LOTO
2026-01-19 18:52:37 | DEBUG    | Pesos de confianza: {'consenso_meritocratico_v2': 0.6931471805599453, 'consenso_v1': 0.7929925155296614, 'delta_tactico_v1': 0.6931471805599453, 'forense_biometrico_v1': 0.6931471805599453, 'gaussiano_tactico_v1': 0.6931471805599453, 'markov_chain_v1': 0.6931471805599453, 'oraculo_neural_v3': 0.6931471805599453, 'oraculo_neural_v4': 0.6931471805599453}
2026-01-19 18:52:37 | INFO     | Objetivo Crononauta: #5376 | Fecha: 20/01/2026 21:00
2026-01-19 18:52:37 | INFO     |   forense_biometrico: [6, 10, 11, 20, 35, 37] [Score ADN: 6.35]
2026-01-19 18:52:37 | INFO     |   gaussiano_inteligente: [5, 8, 19, 20, 23, 40] [Score ADN: 5.95]
2026-01-19 18:52:37 | INFO     |   delta_dna: [5, 13, 16, 28, 36, 37] [Score ADN: 5.95]
2026-01-19 18:52:37 | INFO     |   markov_chain: [1, 16, 21, 24, 30, 34] [Score ADN: 23.05]
2026-01-19 18:53:57 | INFO     |   oraculo_neural_v3 (Pool: 86): [2, 8, 12, 13, 37, 39] [OK] [Confianza: 1.83x]
2026-01-19 18:54:12 | INFO     |   oraculo_neural_v4 (Pool: 100): [4, 18, 20, 27, 29, 35] [OK] [Confianza: 2.22x]
2026-01-19 18:54:12 | INFO     | Consenso Determinista validado (Score ADN: 13.05)
2026-01-19 18:54:12 | INFO     | TICKET FINAL: [4, 18, 20, 27, 29, 35] | 🔥 ALTA CONFIANZA (32.93%)
2026-01-19 18:54:12 | INFO     | ----------------------------------------
2026-01-19 18:54:12 | INFO     | UNIVERSO: LOTO3
2026-01-19 18:54:12 | INFO     | Activando LOTO3 ULTRA (Ensemble Avanzado)...
2026-01-19 18:54:13 | INFO     | LOTO3 ULTRA: 10 predicciones generadas
2026-01-19 18:54:13 | INFO     | ----------------------------------------
2026-01-19 18:54:13 | INFO     | UNIVERSO: LOTO4
2026-01-19 18:54:13 | DEBUG    | Pesos de confianza: {'consenso_meritocratico_v2': 0.6931471805599453, 'forense_biometrico_v1': 0.6931471805599453, 'oraculo_neural_v3': 0.8919980393051105, 'oraculo_neural_v4': 0.7929925155296614}
2026-01-19 18:54:13 | INFO     | Objetivo Crononauta: #11573 | Fecha: 19/01/2026 21:00
2026-01-19 18:54:13 | INFO     |   forense_biometrico: [1, 13, 22, 23] [Score ADN: 3.25]
2026-01-19 18:55:02 | INFO     |   oraculo_neural_v3 (Pool: 88): [1, 7, 8, 19] [OK] [Confianza: 2.22x]
2026-01-19 18:55:11 | INFO     |   oraculo_neural_v4 (Pool: 100): [4, 6, 9, 23] [OK] [Confianza: 2.23x]
2026-01-19 18:55:11 | DEBUG    | Consenso Top-N rechazado por morfología. Iniciando Muestreo Estocástico...
2026-01-19 18:55:11 | INFO     | Muestreo exitoso tras 1 intentos (Score ADN: 7.85)
2026-01-19 18:55:11 | INFO     | TICKET FINAL: [6, 8, 9, 23] | 🔥 ALTA CONFIANZA (45.01%)
2026-01-19 18:55:11 | INFO     | ----------------------------------------
2026-01-19 18:55:11 | INFO     | UNIVERSO: RACHA
2026-01-19 18:55:11 | DEBUG    | Pesos de confianza: {'consenso_meritocratico_v2': 2.900871992530031, 'forense_biometrico_v1': 2.8148097376737438, 'oraculo_neural_v3': 2.853015971352396, 'oraculo_neural_v4': 2.7806808921371178}
2026-01-19 18:55:11 | INFO     | Objetivo Crononauta: #10306 | Fecha: 19/01/2026 22:00
2026-01-19 18:55:11 | INFO     |   forense_biometrico: [2, 4, 5, 8, 9, 12, 13, 14, 15, 17] [Score ADN: 4.9]
2026-01-19 18:55:52 | INFO     |   oraculo_neural_v3 (Pool: 79): [1, 2, 6, 7, 10, 13, 15, 16, 17, 18] [OK] [Confianza: 2.25x]
2026-01-19 18:56:30 | INFO     |   oraculo_neural_v4 (Pool: 100): [1, 2, 3, 4, 8, 9, 14, 16, 17, 19] [OK] [Confianza: 2.22x]
2026-01-19 18:56:30 | INFO     | Consenso Determinista validado (Score ADN: 5.9)
2026-01-19 18:56:30 | INFO     | TICKET FINAL: [1, 2, 3, 7, 8, 10, 13, 14, 16, 17] | 🔥 ALTA CONFIANZA (68.09%)
2026-01-19 18:56:30 | INFO     | Forzando sincronización del laboratorio...
2026-01-19 18:56:30 | INFO     | Dashboard sincronizado correctamente.
2026-01-19 18:56:30 | INFO     | ============================================================
2026-01-19 18:56:30 | INFO     | PROCESO DEL SOÑADOR TERMINADO
2026-01-19 18:56:30 | INFO     | Total predicciones generadas: 20
2026-01-19 18:56:30 | INFO     | Log guardado en: /home/runner/work/lotus-2026/lotus-2026/engine/models/../../logs/bot_dreamer_20260119_185236.log
2026-01-19 18:56:30 | INFO     | ============================================================
