2026-01-19 05:51:38 | INFO     | === LOG INICIADO: /home/runner/work/lotus-2026/lotus-2026/engine/models/../../logs/bot_dreamer_20260119_055138.log ===
2026-01-19 05:51:39 | DEBUG    | OraculoNeural importado correctamente
2026-01-19 05:51:39 | DEBUG    | LotoForense importado correctamente
2026-01-19 05:51:39 | DEBUG    | MetaLearner importado correctamente
2026-01-19 05:51:39 | DEBUG    | Loto3Ultra importado correctamente
2026-01-19 05:51:39 | INFO     | ============================================================
2026-01-19 05:51:39 | INFO     | INICIANDO BOT SOÑADOR: LÓBULOS ESPECIALIZADOS v12.4
2026-01-19 05:51:39 | INFO     | ============================================================
2026-01-19 05:51:39 | DEBUG    | MetaLearner activo: True
2026-01-19 05:51:39 | INFO     | Hora Chile: 2026-01-19 02:51:39 | Día: 0 | Hora: 2
2026-01-19 05:51:39 | INFO     | Cortex cargado: Rankings y Morfología segmentados por juego.
2026-01-19 05:51:39 | DEBUG    | Juegos en genoma: ['LOTO', 'LOTO3', 'LOTO4', 'RACHA']
2026-01-19 05:51:39 | INFO     | ----------------------------------------
2026-01-19 05:51:39 | INFO     | UNIVERSO: LOTO
2026-01-19 05:51:39 | DEBUG    | Pesos de confianza: {'consenso_meritocratico_v2': 0.6931471805599453, 'consenso_v1': 0.7929925155296614, 'delta_tactico_v1': 0.6931471805599453, 'forense_biometrico_v1': 0.6931471805599453, 'gaussiano_tactico_v1': 0.6931471805599453, 'markov_chain_v1': 0.6931471805599453, 'oraculo_neural_v3': 0.6931471805599453, 'oraculo_neural_v4': 0.6931471805599453}
2026-01-19 05:51:39 | INFO     | Objetivo Crononauta: #5376 | Fecha: 20/01/2026 21:00
2026-01-19 05:51:39 | INFO     |   forense_biometrico: [2, 3, 19, 22, 35, 38] [Score ADN: 5.95]
2026-01-19 05:51:39 | INFO     |   gaussiano_inteligente: [7, 10, 11, 13, 30, 38] [Score ADN: 5.95]
2026-01-19 05:51:39 | INFO     |   delta_dna: [2, 13, 20, 21, 24, 35] [Score ADN: 6.35]
2026-01-19 05:51:40 | INFO     |   markov_chain: [1, 16, 21, 24, 30, 34] [Score ADN: 23.05]
2026-01-19 05:53:04 | INFO     |   oraculo_neural_v3 (Pool: 90): [3, 5, 16, 19, 20, 38] [OK] [Confianza: 1.83x]
2026-01-19 05:53:20 | INFO     |   oraculo_neural_v4 (Pool: 100): [4, 18, 20, 27, 29, 35] [OK] [Confianza: 2.22x]
2026-01-19 05:53:20 | DEBUG    | Consenso Top-N rechazado por morfología. Iniciando Muestreo Estocástico...
2026-01-19 05:53:20 | INFO     | Muestreo exitoso tras 0 intentos (Score ADN: 6.95)
2026-01-19 05:53:20 | INFO     | TICKET FINAL: [5, 16, 17, 21, 31, 34] | 🔥 ALTA CONFIANZA (34.36%)
2026-01-19 05:53:20 | INFO     | ----------------------------------------
2026-01-19 05:53:20 | INFO     | UNIVERSO: LOTO3
2026-01-19 05:53:20 | INFO     | Activando LOTO3 ULTRA (Ensemble Avanzado)...
2026-01-19 05:53:21 | INFO     | LOTO3 ULTRA: 10 predicciones generadas
2026-01-19 05:53:21 | INFO     | ----------------------------------------
2026-01-19 05:53:21 | INFO     | UNIVERSO: LOTO4
2026-01-19 05:53:21 | DEBUG    | Pesos de confianza: {'consenso_meritocratico_v2': 0.6931471805599453, 'forense_biometrico_v1': 0.6931471805599453, 'oraculo_neural_v3': 0.8919980393051105, 'oraculo_neural_v4': 0.7929925155296614}
2026-01-19 05:53:21 | INFO     | Objetivo Crononauta: #11572 | Fecha: 19/01/2026 14:00
2026-01-19 05:53:21 | INFO     |   forense_biometrico: [9, 13, 18, 19] [Score ADN: 3.25]
2026-01-19 05:54:13 | INFO     |   oraculo_neural_v3 (Pool: 90): [1, 3, 16, 17] [OK] [Confianza: 2.22x]
2026-01-19 05:54:23 | INFO     |   oraculo_neural_v4 (Pool: 100): [5, 9, 10, 19] [OK] [Confianza: 2.22x]
2026-01-19 05:54:23 | INFO     | Consenso Determinista validado (Score ADN: 3.25)
2026-01-19 05:54:23 | INFO     | TICKET FINAL: [1, 3, 16, 17] | 🔥 ALTA CONFIANZA (46.2%)
2026-01-19 05:54:23 | INFO     | ----------------------------------------
2026-01-19 05:54:23 | INFO     | UNIVERSO: RACHA
2026-01-19 05:54:23 | DEBUG    | Pesos de confianza: {'consenso_meritocratico_v2': 2.900871992530031, 'forense_biometrico_v1': 2.8148097376737438, 'oraculo_neural_v3': 2.853015971352396, 'oraculo_neural_v4': 2.7806808921371178}
2026-01-19 05:54:23 | INFO     | Objetivo Crononauta: #10305 | Fecha: 19/01/2026 15:00
2026-01-19 05:54:23 | INFO     |   forense_biometrico: [4, 5, 6, 8, 9, 12, 13, 17, 19, 20] [Score ADN: 4.9]
2026-01-19 05:55:05 | INFO     |   oraculo_neural_v3 (Pool: 81): [3, 4, 5, 6, 7, 8, 10, 13, 16, 19] [OK] [Confianza: 2.21x]
2026-01-19 05:55:47 | INFO     |   oraculo_neural_v4 (Pool: 100): [1, 2, 3, 4, 8, 9, 14, 16, 17, 19] [OK] [Confianza: 2.15x]
2026-01-19 05:55:47 | INFO     | Consenso Determinista validado (Score ADN: 10.9)
2026-01-19 05:55:47 | INFO     | TICKET FINAL: [2, 3, 4, 5, 6, 8, 14, 16, 17, 19] | 🔥 ALTA CONFIANZA (70.79%)
2026-01-19 05:55:47 | INFO     | Forzando sincronización del laboratorio...
2026-01-19 05:55:47 | INFO     | Dashboard sincronizado correctamente.
2026-01-19 05:55:47 | INFO     | ============================================================
2026-01-19 05:55:47 | INFO     | PROCESO DEL SOÑADOR TERMINADO
2026-01-19 05:55:47 | INFO     | Total predicciones generadas: 20
2026-01-19 05:55:47 | INFO     | Log guardado en: /home/runner/work/lotus-2026/lotus-2026/engine/models/../../logs/bot_dreamer_20260119_055138.log
2026-01-19 05:55:47 | INFO     | ============================================================
