2026-01-17 14:44:18 | INFO     | === LOG INICIADO: /home/runner/work/lotus-2026/lotus-2026/engine/models/../../logs/bot_dreamer_20260117_144418.log ===
2026-01-17 14:44:20 | DEBUG    | OraculoNeural importado correctamente
2026-01-17 14:44:20 | DEBUG    | LotoForense importado correctamente
2026-01-17 14:44:20 | DEBUG    | MetaLearner importado correctamente
2026-01-17 14:44:20 | INFO     | ============================================================
2026-01-17 14:44:20 | INFO     | INICIANDO BOT SOÑADOR: LÓBULOS ESPECIALIZADOS v12.4
2026-01-17 14:44:20 | INFO     | ============================================================
2026-01-17 14:44:20 | DEBUG    | MetaLearner activo: True
2026-01-17 14:44:20 | INFO     | Hora Chile: 2026-01-17 11:44:20 | Día: 5 | Hora: 11
2026-01-17 14:44:20 | INFO     | Cortex cargado: Rankings y Morfología segmentados por juego.
2026-01-17 14:44:20 | DEBUG    | Juegos en genoma: ['LOTO', 'LOTO3', 'LOTO4', 'RACHA']
2026-01-17 14:44:20 | INFO     | ----------------------------------------
2026-01-17 14:44:20 | INFO     | UNIVERSO: LOTO
2026-01-17 14:44:20 | DEBUG    | Pesos de confianza: {'consenso_meritocratico_v2': 0.6931471805599453, 'consenso_v1': 0.7929925155296614, 'delta_tactico_v1': 0.6931471805599453, 'forense_biometrico_v1': 0.6931471805599453, 'gaussiano_tactico_v1': 0.6931471805599453, 'markov_chain_v1': 0.6931471805599453, 'oraculo_neural_v3': 0.6931471805599453, 'oraculo_neural_v4': 0.6931471805599453}
2026-01-17 14:44:20 | INFO     | Objetivo Crononauta: #5375 | Fecha: 18/01/2026 21:00
2026-01-17 14:44:20 | INFO     |   forense_biometrico: [2, 5, 22, 31, 35, 36] [Score ADN: 5.95]
2026-01-17 14:44:20 | INFO     |   gaussiano_inteligente: [8, 13, 14, 26, 29, 41] [Score ADN: 5.95]
2026-01-17 14:44:20 | INFO     |   delta_dna: [7, 13, 19, 20, 22, 26] [Score ADN: 5.95]
2026-01-17 14:44:20 | INFO     |   markov_chain: [8, 21, 27, 29, 37, 39] [Score ADN: 14.05]
2026-01-17 14:45:12 | INFO     |   oraculo_neural_v3 (Pool: 92): [5, 10, 13, 14, 29, 34] [OK] [Confianza: 1.83x]
2026-01-17 14:45:24 | INFO     |   oraculo_neural_v4 (Pool: 100): [1, 13, 15, 29, 33, 35] [OK] [Confianza: 2.11x]
2026-01-17 14:45:24 | INFO     | Consenso Determinista validado (Score ADN: 7.35)
2026-01-17 14:45:24 | INFO     | TICKET FINAL: [8, 13, 15, 29, 33, 34] | 🔥 ALTA CONFIANZA (39.09%)
2026-01-17 14:45:24 | INFO     | ----------------------------------------
2026-01-17 14:45:24 | INFO     | UNIVERSO: LOTO3
2026-01-17 14:45:24 | DEBUG    | Pesos de confianza: {'consenso_meritocratico_v2': 3.150596984114906, 'forense_biometrico_v1': 2.990719731730447, 'oraculo_neural_v3': 2.9349201341572337, 'oraculo_neural_v4': 3.2280337626529665}
2026-01-17 14:45:24 | INFO     | Objetivo Crononauta: #23998 | Fecha: 17/01/2026 14:00
2026-01-17 14:45:24 | INFO     |   forense_biometrico: [4, 4, 5] [Score ADN: 6.0]
2026-01-17 14:45:29 | WARNING  | v3 SILENCIADO. Motivos: {'OK': 100}
2026-01-17 14:45:34 | INFO     |   oraculo_neural_v4 (Pool: 100): [0, 7, 9] [OK] [Confianza: 1.84x]
2026-01-17 14:45:34 | INFO     | Consenso Determinista validado (Score ADN: 6.1)
2026-01-17 14:45:34 | INFO     | TICKET FINAL: [0, 7, 9] | 🔥 ALTA CONFIANZA (75.55%)
2026-01-17 14:45:34 | INFO     | ----------------------------------------
2026-01-17 14:45:34 | INFO     | UNIVERSO: LOTO4
2026-01-17 14:45:34 | DEBUG    | Pesos de confianza: {'consenso_meritocratico_v2': 0.6931471805599453, 'forense_biometrico_v1': 0.6931471805599453, 'oraculo_neural_v3': 0.8919980393051105, 'oraculo_neural_v4': 0.6931471805599453}
2026-01-17 14:45:34 | INFO     | Objetivo Crononauta: #11568 | Fecha: 17/01/2026 14:00
2026-01-17 14:45:34 | INFO     |   forense_biometrico: [4, 5, 17, 21] [Score ADN: 3.25]
2026-01-17 14:46:06 | INFO     |   oraculo_neural_v3 (Pool: 86): [5, 18, 19, 21] [OK] [Confianza: 2.22x]
2026-01-17 14:46:12 | INFO     |   oraculo_neural_v4 (Pool: 100): [1, 5, 9, 16] [OK] [Confianza: 2.38x]
2026-01-17 14:46:12 | INFO     | Consenso Determinista validado (Score ADN: 3.25)
2026-01-17 14:46:12 | INFO     | TICKET FINAL: [5, 18, 19, 21] | 🔥 ALTA CONFIANZA (55.28%)
2026-01-17 14:46:12 | INFO     | ----------------------------------------
2026-01-17 14:46:12 | INFO     | UNIVERSO: RACHA
2026-01-17 14:46:12 | DEBUG    | Pesos de confianza: {'consenso_meritocratico_v2': 2.900871992530031, 'forense_biometrico_v1': 2.8148097376737438, 'oraculo_neural_v3': 2.853015971352396, 'oraculo_neural_v4': 2.7806808921371178}
2026-01-17 14:46:12 | INFO     | Objetivo Crononauta: #10301 | Fecha: 17/01/2026 15:00
2026-01-17 14:46:12 | INFO     |   forense_biometrico: [1, 2, 3, 4, 9, 10, 13, 16, 19, 20] [Score ADN: 4.9]
2026-01-17 14:46:39 | INFO     |   oraculo_neural_v3 (Pool: 73): [1, 2, 6, 7, 8, 11, 14, 17, 18, 19] [OK] [Confianza: 2.22x]
2026-01-17 14:47:05 | INFO     |   oraculo_neural_v4 (Pool: 100): [1, 2, 3, 4, 8, 13, 15, 17, 18, 19] [OK] [Confianza: 2.14x]
2026-01-17 14:47:05 | INFO     | Consenso Determinista validado (Score ADN: 12.3)
2026-01-17 14:47:05 | INFO     | TICKET FINAL: [1, 2, 3, 8, 11, 13, 14, 17, 18, 19] | 🔥 ALTA CONFIANZA (75.16%)
2026-01-17 14:47:05 | INFO     | Forzando sincronización del laboratorio...
2026-01-17 14:47:05 | INFO     | Dashboard sincronizado correctamente.
2026-01-17 14:47:05 | INFO     | ============================================================
2026-01-17 14:47:05 | INFO     | PROCESO DEL SOÑADOR TERMINADO
2026-01-17 14:47:05 | INFO     | Total predicciones generadas: 18
2026-01-17 14:47:05 | INFO     | Log guardado en: /home/runner/work/lotus-2026/lotus-2026/engine/models/../../logs/bot_dreamer_20260117_144418.log
2026-01-17 14:47:05 | INFO     | ============================================================
