2026-01-17 13:53:28 | INFO     | === LOG INICIADO: /home/runner/work/lotus-2026/lotus-2026/engine/models/../../logs/bot_dreamer_20260117_135328.log ===
2026-01-17 13:53:29 | DEBUG    | OraculoNeural importado correctamente
2026-01-17 13:53:29 | DEBUG    | LotoForense importado correctamente
2026-01-17 13:53:29 | DEBUG    | MetaLearner importado correctamente
2026-01-17 13:53:29 | INFO     | ============================================================
2026-01-17 13:53:29 | INFO     | INICIANDO BOT SOÑADOR: LÓBULOS ESPECIALIZADOS v12.4
2026-01-17 13:53:29 | INFO     | ============================================================
2026-01-17 13:53:29 | DEBUG    | MetaLearner activo: True
2026-01-17 13:53:29 | INFO     | Hora Chile: 2026-01-17 10:53:29 | Día: 5 | Hora: 10
2026-01-17 13:53:29 | INFO     | Cortex cargado: Rankings y Morfología segmentados por juego.
2026-01-17 13:53:29 | DEBUG    | Juegos en genoma: ['LOTO', 'LOTO3', 'LOTO4', 'RACHA']
2026-01-17 13:53:29 | INFO     | ----------------------------------------
2026-01-17 13:53:29 | INFO     | UNIVERSO: LOTO
2026-01-17 13:53:29 | DEBUG    | Pesos de confianza: {'consenso_meritocratico_v2': 0.6931471805599453, 'consenso_v1': 0.7929925155296614, 'delta_tactico_v1': 0.6931471805599453, 'forense_biometrico_v1': 0.6931471805599453, 'gaussiano_tactico_v1': 0.6931471805599453, 'markov_chain_v1': 0.6931471805599453, 'oraculo_neural_v3': 0.6931471805599453, 'oraculo_neural_v4': 0.6931471805599453}
2026-01-17 13:53:29 | INFO     | Objetivo Crononauta: #5375 | Fecha: 18/01/2026 21:00
2026-01-17 13:53:29 | INFO     |   forense_biometrico: [2, 12, 13, 30, 35, 37] [Score ADN: 5.95]
2026-01-17 13:53:29 | INFO     |   gaussiano_inteligente: [2, 11, 21, 22, 30, 39] [Score ADN: 6.35]
2026-01-17 13:53:29 | INFO     |   delta_dna: [2, 5, 23, 24, 27, 30] [Score ADN: 5.95]
2026-01-17 13:53:29 | INFO     |   markov_chain: [8, 21, 27, 29, 37, 39] [Score ADN: 14.05]
2026-01-17 13:54:45 | INFO     |   oraculo_neural_v3 (Pool: 87): [3, 17, 20, 30, 31, 38] [OK] [Confianza: 1.83x]
2026-01-17 13:55:01 | INFO     |   oraculo_neural_v4 (Pool: 100): [1, 13, 15, 29, 33, 35] [OK] [Confianza: 2.11x]
2026-01-17 13:55:01 | INFO     | Consenso Determinista validado (Score ADN: 11.95)
2026-01-17 13:55:01 | INFO     | TICKET FINAL: [3, 15, 21, 29, 37, 38] | 🔥 ALTA CONFIANZA (32.1%)
2026-01-17 13:55:01 | INFO     | ----------------------------------------
2026-01-17 13:55:01 | INFO     | UNIVERSO: LOTO3
2026-01-17 13:55:01 | DEBUG    | Pesos de confianza: {'consenso_meritocratico_v2': 3.150596984114906, 'forense_biometrico_v1': 2.990719731730447, 'oraculo_neural_v3': 2.9349201341572337, 'oraculo_neural_v4': 3.2280337626529665}
2026-01-17 13:55:01 | INFO     | Objetivo Crononauta: #23998 | Fecha: 17/01/2026 14:00
2026-01-17 13:55:01 | INFO     |   forense_biometrico: [3, 4, 8] [Score ADN: 6.0]
2026-01-17 13:55:08 | WARNING  | v3 SILENCIADO. Motivos: {'OK': 100}
2026-01-17 13:55:15 | INFO     |   oraculo_neural_v4 (Pool: 100): [0, 7, 9] [OK] [Confianza: 1.84x]
2026-01-17 13:55:15 | INFO     | Consenso Determinista validado (Score ADN: 6.1)
2026-01-17 13:55:15 | INFO     | TICKET FINAL: [0, 7, 9] | 🔥 ALTA CONFIANZA (78.0%)
2026-01-17 13:55:15 | INFO     | ----------------------------------------
2026-01-17 13:55:15 | INFO     | UNIVERSO: LOTO4
2026-01-17 13:55:15 | DEBUG    | Pesos de confianza: {'consenso_meritocratico_v2': 0.6931471805599453, 'forense_biometrico_v1': 0.6931471805599453, 'oraculo_neural_v3': 0.8919980393051105, 'oraculo_neural_v4': 0.6931471805599453}
2026-01-17 13:55:15 | INFO     | Objetivo Crononauta: #11568 | Fecha: 17/01/2026 14:00
2026-01-17 13:55:15 | INFO     |   forense_biometrico: [5, 20, 21, 41] [Score ADN: 3.25]
2026-01-17 13:56:01 | INFO     |   oraculo_neural_v3 (Pool: 91): [9, 11, 19, 20] [OK] [Confianza: 2.22x]
2026-01-17 13:56:10 | INFO     |   oraculo_neural_v4 (Pool: 100): [1, 5, 9, 16] [OK] [Confianza: 2.38x]
2026-01-17 13:56:10 | INFO     | Consenso Determinista validado (Score ADN: 3.25)
2026-01-17 13:56:10 | INFO     | TICKET FINAL: [9, 11, 19, 20] | 🔥 ALTA CONFIANZA (58.42%)
2026-01-17 13:56:10 | INFO     | ----------------------------------------
2026-01-17 13:56:10 | INFO     | UNIVERSO: RACHA
2026-01-17 13:56:10 | DEBUG    | Pesos de confianza: {'consenso_meritocratico_v2': 2.900871992530031, 'forense_biometrico_v1': 2.8148097376737438, 'oraculo_neural_v3': 2.853015971352396, 'oraculo_neural_v4': 2.7806808921371178}
2026-01-17 13:56:10 | INFO     | Objetivo Crononauta: #10301 | Fecha: 17/01/2026 15:00
2026-01-17 13:56:10 | INFO     |   forense_biometrico: [1, 4, 5, 6, 12, 13, 14, 17, 19, 20] [Score ADN: 4.9]
2026-01-17 13:56:49 | INFO     |   oraculo_neural_v3 (Pool: 81): [3, 4, 7, 8, 10, 11, 14, 15, 16, 19] [OK] [Confianza: 2.21x]
2026-01-17 13:57:27 | INFO     |   oraculo_neural_v4 (Pool: 100): [1, 2, 3, 4, 8, 13, 15, 17, 18, 19] [OK] [Confianza: 2.13x]
2026-01-17 13:57:27 | INFO     | Consenso Determinista validado (Score ADN: 15.1)
2026-01-17 13:57:27 | INFO     | TICKET FINAL: [2, 3, 4, 7, 8, 11, 13, 15, 18, 19] | 🔥 ALTA CONFIANZA (71.73%)
2026-01-17 13:57:27 | INFO     | Forzando sincronización del laboratorio...
2026-01-17 13:57:27 | INFO     | Dashboard sincronizado correctamente.
2026-01-17 13:57:27 | INFO     | ============================================================
2026-01-17 13:57:27 | INFO     | PROCESO DEL SOÑADOR TERMINADO
2026-01-17 13:57:27 | INFO     | Total predicciones generadas: 18
2026-01-17 13:57:27 | INFO     | Log guardado en: /home/runner/work/lotus-2026/lotus-2026/engine/models/../../logs/bot_dreamer_20260117_135328.log
2026-01-17 13:57:27 | INFO     | ============================================================
