2026-01-19 15:46:14 | INFO     | === LOG INICIADO: /home/runner/work/lotus-2026/lotus-2026/engine/models/../../logs/bot_dreamer_20260119_154614.log ===
2026-01-19 15:46:15 | DEBUG    | OraculoNeural importado correctamente
2026-01-19 15:46:15 | DEBUG    | LotoForense importado correctamente
2026-01-19 15:46:15 | DEBUG    | MetaLearner importado correctamente
2026-01-19 15:46:15 | DEBUG    | Loto3Ultra importado correctamente
2026-01-19 15:46:15 | INFO     | ============================================================
2026-01-19 15:46:15 | INFO     | INICIANDO BOT SOÑADOR: LÓBULOS ESPECIALIZADOS v12.4
2026-01-19 15:46:15 | INFO     | ============================================================
2026-01-19 15:46:16 | DEBUG    | MetaLearner activo: True
2026-01-19 15:46:16 | INFO     | Hora Chile: 2026-01-19 12:46:16 | Día: 0 | Hora: 12
2026-01-19 15:46:16 | INFO     | Cortex cargado: Rankings y Morfología segmentados por juego.
2026-01-19 15:46:16 | DEBUG    | Juegos en genoma: ['LOTO', 'LOTO3', 'LOTO4', 'RACHA']
2026-01-19 15:46:16 | INFO     | ----------------------------------------
2026-01-19 15:46:16 | INFO     | UNIVERSO: LOTO
2026-01-19 15:46:16 | DEBUG    | Pesos de confianza: {'consenso_meritocratico_v2': 0.6931471805599453, 'consenso_v1': 0.7929925155296614, 'delta_tactico_v1': 0.6931471805599453, 'forense_biometrico_v1': 0.6931471805599453, 'gaussiano_tactico_v1': 0.6931471805599453, 'markov_chain_v1': 0.6931471805599453, 'oraculo_neural_v3': 0.6931471805599453, 'oraculo_neural_v4': 0.6931471805599453}
2026-01-19 15:46:16 | INFO     | Objetivo Crononauta: #5376 | Fecha: 20/01/2026 21:00
2026-01-19 15:46:16 | INFO     |   forense_biometrico: [7, 10, 11, 24, 35, 40] [Score ADN: 6.35]
2026-01-19 15:46:16 | INFO     |   gaussiano_inteligente: [19, 20, 23, 26, 29, 34] [Score ADN: 5.95]
2026-01-19 15:46:16 | INFO     |   delta_dna: [4, 10, 17, 22, 23, 31] [Score ADN: 5.95]
2026-01-19 15:46:16 | INFO     |   markov_chain: [1, 16, 21, 24, 30, 34] [Score ADN: 23.05]
2026-01-19 15:47:51 | INFO     |   oraculo_neural_v3 (Pool: 87): [6, 11, 31, 32, 38, 41] [OK] [Confianza: 1.83x]
2026-01-19 15:48:07 | INFO     |   oraculo_neural_v4 (Pool: 100): [4, 18, 20, 27, 29, 35] [OK] [Confianza: 2.22x]
2026-01-19 15:48:07 | INFO     | Consenso Determinista validado (Score ADN: 35.05)
2026-01-19 15:48:07 | INFO     | TICKET FINAL: [18, 24, 29, 32, 35, 41] | 🔥 ALTA CONFIANZA (31.85%)
2026-01-19 15:48:07 | INFO     | ----------------------------------------
2026-01-19 15:48:07 | INFO     | UNIVERSO: LOTO3
2026-01-19 15:48:07 | INFO     | Activando LOTO3 ULTRA (Ensemble Avanzado)...
2026-01-19 15:48:08 | INFO     | LOTO3 ULTRA: 10 predicciones generadas
2026-01-19 15:48:08 | INFO     | ----------------------------------------
2026-01-19 15:48:08 | INFO     | UNIVERSO: LOTO4
2026-01-19 15:48:08 | DEBUG    | Pesos de confianza: {'consenso_meritocratico_v2': 0.6931471805599453, 'forense_biometrico_v1': 0.6931471805599453, 'oraculo_neural_v3': 0.8919980393051105, 'oraculo_neural_v4': 0.7929925155296614}
2026-01-19 15:48:08 | INFO     | Objetivo Crononauta: #11572 | Fecha: 19/01/2026 14:00
2026-01-19 15:48:08 | INFO     |   forense_biometrico: [3, 15, 22, 23] [Score ADN: 3.25]
2026-01-19 15:49:07 | INFO     |   oraculo_neural_v3 (Pool: 86): [4, 5, 9, 17] [OK] [Confianza: 2.22x]
2026-01-19 15:49:17 | INFO     |   oraculo_neural_v4 (Pool: 100): [5, 9, 10, 19] [OK] [Confianza: 2.22x]
2026-01-19 15:49:17 | INFO     | Consenso Determinista validado (Score ADN: 3.25)
2026-01-19 15:49:17 | INFO     | TICKET FINAL: [4, 5, 9, 17] | 🔥 ALTA CONFIANZA (62.87%)
2026-01-19 15:49:17 | INFO     | ----------------------------------------
2026-01-19 15:49:17 | INFO     | UNIVERSO: RACHA
2026-01-19 15:49:17 | DEBUG    | Pesos de confianza: {'consenso_meritocratico_v2': 2.900871992530031, 'forense_biometrico_v1': 2.8148097376737438, 'oraculo_neural_v3': 2.853015971352396, 'oraculo_neural_v4': 2.7806808921371178}
2026-01-19 15:49:17 | INFO     | Objetivo Crononauta: #10305 | Fecha: 19/01/2026 15:00
2026-01-19 15:49:17 | INFO     |   forense_biometrico: [3, 4, 5, 8, 11, 12, 14, 15, 19, 20] [Score ADN: 4.9]
2026-01-19 15:50:05 | INFO     |   oraculo_neural_v3 (Pool: 75): [1, 5, 6, 7, 11, 12, 14, 16, 17, 18] [OK] [Confianza: 2.21x]
2026-01-19 15:50:52 | INFO     |   oraculo_neural_v4 (Pool: 100): [1, 2, 3, 4, 8, 9, 14, 16, 17, 19] [OK] [Confianza: 2.14x]
2026-01-19 15:50:52 | INFO     | Consenso Determinista validado (Score ADN: 9.9)
2026-01-19 15:50:52 | INFO     | TICKET FINAL: [1, 2, 6, 7, 11, 12, 14, 16, 17, 18] | 🔥 ALTA CONFIANZA (68.51%)
2026-01-19 15:50:52 | INFO     | Forzando sincronización del laboratorio...
2026-01-19 15:50:52 | INFO     | Dashboard sincronizado correctamente.
2026-01-19 15:50:52 | INFO     | ============================================================
2026-01-19 15:50:52 | INFO     | PROCESO DEL SOÑADOR TERMINADO
2026-01-19 15:50:52 | INFO     | Total predicciones generadas: 20
2026-01-19 15:50:52 | INFO     | Log guardado en: /home/runner/work/lotus-2026/lotus-2026/engine/models/../../logs/bot_dreamer_20260119_154614.log
2026-01-19 15:50:52 | INFO     | ============================================================
