2026-01-19 04:36:49 | INFO     | === LOG INICIADO: /home/runner/work/lotus-2026/lotus-2026/engine/models/../../logs/bot_dreamer_20260119_043649.log ===
2026-01-19 04:36:50 | DEBUG    | OraculoNeural importado correctamente
2026-01-19 04:36:50 | DEBUG    | LotoForense importado correctamente
2026-01-19 04:36:50 | DEBUG    | MetaLearner importado correctamente
2026-01-19 04:36:50 | DEBUG    | Loto3Ultra importado correctamente
2026-01-19 04:36:50 | INFO     | ============================================================
2026-01-19 04:36:50 | INFO     | INICIANDO BOT SOÑADOR: LÓBULOS ESPECIALIZADOS v12.4
2026-01-19 04:36:50 | INFO     | ============================================================
2026-01-19 04:36:50 | DEBUG    | MetaLearner activo: True
2026-01-19 04:36:50 | INFO     | Hora Chile: 2026-01-19 01:36:50 | Día: 0 | Hora: 1
2026-01-19 04:36:50 | INFO     | Cortex cargado: Rankings y Morfología segmentados por juego.
2026-01-19 04:36:50 | DEBUG    | Juegos en genoma: ['LOTO', 'LOTO3', 'LOTO4', 'RACHA']
2026-01-19 04:36:50 | INFO     | ----------------------------------------
2026-01-19 04:36:50 | INFO     | UNIVERSO: LOTO
2026-01-19 04:36:50 | DEBUG    | Pesos de confianza: {'consenso_meritocratico_v2': 0.6931471805599453, 'consenso_v1': 0.7929925155296614, 'delta_tactico_v1': 0.6931471805599453, 'forense_biometrico_v1': 0.6931471805599453, 'gaussiano_tactico_v1': 0.6931471805599453, 'markov_chain_v1': 0.6931471805599453, 'oraculo_neural_v3': 0.6931471805599453, 'oraculo_neural_v4': 0.6931471805599453}
2026-01-19 04:36:50 | INFO     | Objetivo Crononauta: #5376 | Fecha: 20/01/2026 21:00
2026-01-19 04:36:50 | INFO     |   forense_biometrico: [7, 20, 25, 26, 29, 40] [Score ADN: 6.35]
2026-01-19 04:36:50 | INFO     |   gaussiano_inteligente: [11, 18, 23, 24, 36, 41] [Score ADN: 5.95]
2026-01-19 04:36:50 | INFO     |   delta_dna: [4, 6, 7, 20, 29, 35] [Score ADN: 6.35]
2026-01-19 04:36:50 | INFO     |   markov_chain: [1, 16, 21, 24, 30, 34] [Score ADN: 23.05]
2026-01-19 04:37:42 | INFO     |   oraculo_neural_v3 (Pool: 87): [5, 10, 16, 17, 31, 38] [OK] [Confianza: 1.83x]
2026-01-19 04:37:56 | INFO     |   oraculo_neural_v4 (Pool: 100): [4, 18, 20, 27, 29, 35] [OK] [Confianza: 2.22x]
2026-01-19 04:37:56 | INFO     | Consenso Determinista validado (Score ADN: 11.35)
2026-01-19 04:37:56 | INFO     | TICKET FINAL: [16, 17, 18, 20, 29, 35] | 🔥 ALTA CONFIANZA (34.19%)
2026-01-19 04:37:56 | INFO     | ----------------------------------------
2026-01-19 04:37:56 | INFO     | UNIVERSO: LOTO3
2026-01-19 04:37:56 | INFO     | Activando LOTO3 ULTRA (Ensemble Avanzado)...
2026-01-19 04:37:56 | INFO     | LOTO3 ULTRA: 10 predicciones generadas
2026-01-19 04:37:56 | INFO     | ----------------------------------------
2026-01-19 04:37:56 | INFO     | UNIVERSO: LOTO4
2026-01-19 04:37:56 | DEBUG    | Pesos de confianza: {'consenso_meritocratico_v2': 0.6931471805599453, 'forense_biometrico_v1': 0.6931471805599453, 'oraculo_neural_v3': 0.8919980393051105, 'oraculo_neural_v4': 0.7929925155296614}
2026-01-19 04:37:57 | INFO     | Objetivo Crononauta: #11572 | Fecha: 19/01/2026 14:00
2026-01-19 04:37:57 | INFO     |   forense_biometrico: [9, 11, 12, 23] [Score ADN: 3.25]
2026-01-19 04:38:28 | INFO     |   oraculo_neural_v3 (Pool: 81): [1, 6, 7, 23] [OK] [Confianza: 2.22x]
2026-01-19 04:38:34 | INFO     |   oraculo_neural_v4 (Pool: 100): [5, 9, 10, 19] [OK] [Confianza: 2.22x]
2026-01-19 04:38:34 | INFO     | Consenso Determinista validado (Score ADN: 17.15)
2026-01-19 04:38:34 | INFO     | TICKET FINAL: [1, 5, 19, 23] | 🔥 ALTA CONFIANZA (48.98%)
2026-01-19 04:38:34 | INFO     | ----------------------------------------
2026-01-19 04:38:34 | INFO     | UNIVERSO: RACHA
2026-01-19 04:38:34 | DEBUG    | Pesos de confianza: {'consenso_meritocratico_v2': 2.900871992530031, 'forense_biometrico_v1': 2.8148097376737438, 'oraculo_neural_v3': 2.853015971352396, 'oraculo_neural_v4': 2.7806808921371178}
2026-01-19 04:38:34 | INFO     | Objetivo Crononauta: #10305 | Fecha: 19/01/2026 15:00
2026-01-19 04:38:34 | INFO     |   forense_biometrico: [4, 5, 7, 8, 9, 10, 14, 17, 19, 20] [Score ADN: 4.9]
2026-01-19 04:39:02 | INFO     |   oraculo_neural_v3 (Pool: 87): [3, 5, 6, 9, 10, 11, 12, 14, 16, 17] [OK] [Confianza: 2.21x]
2026-01-19 04:39:28 | INFO     |   oraculo_neural_v4 (Pool: 100): [1, 2, 3, 4, 8, 9, 14, 16, 17, 19] [OK] [Confianza: 2.15x]
2026-01-19 04:39:28 | INFO     | Consenso Determinista validado (Score ADN: 13.1)
2026-01-19 04:39:28 | INFO     | TICKET FINAL: [3, 5, 9, 10, 11, 12, 14, 16, 17, 19] | 🔥 ALTA CONFIANZA (70.2%)
2026-01-19 04:39:28 | INFO     | Forzando sincronización del laboratorio...
2026-01-19 04:39:28 | INFO     | Dashboard sincronizado correctamente.
2026-01-19 04:39:28 | INFO     | ============================================================
2026-01-19 04:39:28 | INFO     | PROCESO DEL SOÑADOR TERMINADO
2026-01-19 04:39:28 | INFO     | Total predicciones generadas: 20
2026-01-19 04:39:28 | INFO     | Log guardado en: /home/runner/work/lotus-2026/lotus-2026/engine/models/../../logs/bot_dreamer_20260119_043649.log
2026-01-19 04:39:28 | INFO     | ============================================================
