2026-01-18 05:37:43 | INFO     | === LOG INICIADO: /home/runner/work/lotus-2026/lotus-2026/engine/models/../../logs/bot_dreamer_20260118_053743.log ===
2026-01-18 05:37:44 | DEBUG    | OraculoNeural importado correctamente
2026-01-18 05:37:44 | DEBUG    | LotoForense importado correctamente
2026-01-18 05:37:44 | DEBUG    | MetaLearner importado correctamente
2026-01-18 05:37:44 | DEBUG    | Loto3Ultra importado correctamente
2026-01-18 05:37:44 | INFO     | ============================================================
2026-01-18 05:37:44 | INFO     | INICIANDO BOT SOÑADOR: LÓBULOS ESPECIALIZADOS v12.4
2026-01-18 05:37:44 | INFO     | ============================================================
2026-01-18 05:37:44 | DEBUG    | MetaLearner activo: True
2026-01-18 05:37:44 | INFO     | Hora Chile: 2026-01-18 02:37:44 | Día: 6 | Hora: 2
2026-01-18 05:37:44 | INFO     | Cortex cargado: Rankings y Morfología segmentados por juego.
2026-01-18 05:37:44 | DEBUG    | Juegos en genoma: ['LOTO', 'LOTO3', 'LOTO4', 'RACHA']
2026-01-18 05:37:44 | INFO     | ----------------------------------------
2026-01-18 05:37:44 | INFO     | UNIVERSO: LOTO
2026-01-18 05:37:44 | DEBUG    | Pesos de confianza: {'consenso_meritocratico_v2': 0.6931471805599453, 'consenso_v1': 0.7929925155296614, 'delta_tactico_v1': 0.6931471805599453, 'forense_biometrico_v1': 0.6931471805599453, 'gaussiano_tactico_v1': 0.6931471805599453, 'markov_chain_v1': 0.6931471805599453, 'oraculo_neural_v3': 0.6931471805599453, 'oraculo_neural_v4': 0.6931471805599453}
2026-01-18 05:37:44 | INFO     | Objetivo Crononauta: #5375 | Fecha: 18/01/2026 21:00
2026-01-18 05:37:44 | INFO     |   forense_biometrico: [10, 17, 19, 24, 27, 28] [Score ADN: 6.35]
2026-01-18 05:37:44 | INFO     |   gaussiano_inteligente: [4, 5, 15, 23, 30, 40] [Score ADN: 6.35]
2026-01-18 05:37:44 | INFO     |   delta_dna: [15, 19, 20, 29, 32, 40] [Score ADN: 6.35]
2026-01-18 05:37:44 | INFO     |   markov_chain: [12, 14, 18, 22, 28, 32] [Score ADN: 33.05]
2026-01-18 05:38:37 | INFO     |   oraculo_neural_v3 (Pool: 86): [7, 10, 17, 22, 33, 34] [OK] [Confianza: 1.83x]
2026-01-18 05:38:50 | INFO     |   oraculo_neural_v4 (Pool: 100): [1, 13, 15, 29, 33, 35] [OK] [Confianza: 2.11x]
2026-01-18 05:38:50 | INFO     | Consenso Determinista validado (Score ADN: 6.35)
2026-01-18 05:38:50 | INFO     | TICKET FINAL: [10, 17, 18, 22, 29, 33] | 🔥 ALTA CONFIANZA (35.38%)
2026-01-18 05:38:50 | INFO     | ----------------------------------------
2026-01-18 05:38:50 | INFO     | UNIVERSO: LOTO3
2026-01-18 05:38:50 | INFO     | Activando LOTO3 ULTRA (Ensemble Avanzado)...
2026-01-18 05:38:50 | INFO     | LOTO3 ULTRA: 10 predicciones generadas
2026-01-18 05:38:50 | INFO     | ----------------------------------------
2026-01-18 05:38:50 | INFO     | UNIVERSO: LOTO4
2026-01-18 05:38:50 | DEBUG    | Pesos de confianza: {'consenso_meritocratico_v2': 0.6931471805599453, 'forense_biometrico_v1': 0.6931471805599453, 'oraculo_neural_v3': 0.8919980393051105, 'oraculo_neural_v4': 0.7929925155296614}
2026-01-18 05:38:50 | INFO     | Objetivo Crononauta: #11570 | Fecha: 18/01/2026 14:00
2026-01-18 05:38:51 | INFO     |   forense_biometrico: [7, 8, 21, 23] [Score ADN: 3.25]
2026-01-18 05:39:23 | INFO     |   oraculo_neural_v3 (Pool: 87): [1, 7, 17, 18] [OK] [Confianza: 2.22x]
2026-01-18 05:39:34 | INFO     |   oraculo_neural_v4 (Pool: 100): [1, 6, 14, 15] [OK] [Confianza: 2.38x]
2026-01-18 05:39:34 | INFO     | Consenso Determinista validado (Score ADN: 19.85)
2026-01-18 05:39:34 | INFO     | TICKET FINAL: [1, 6, 7, 14] | 🔥 ALTA CONFIANZA (54.77%)
2026-01-18 05:39:34 | INFO     | ----------------------------------------
2026-01-18 05:39:34 | INFO     | UNIVERSO: RACHA
2026-01-18 05:39:34 | DEBUG    | Pesos de confianza: {'consenso_meritocratico_v2': 2.900871992530031, 'forense_biometrico_v1': 2.8148097376737438, 'oraculo_neural_v3': 2.853015971352396, 'oraculo_neural_v4': 2.7806808921371178}
2026-01-18 05:39:34 | INFO     | Objetivo Crononauta: #10303 | Fecha: 18/01/2026 15:00
2026-01-18 05:39:34 | INFO     |   forense_biometrico: [3, 4, 5, 7, 8, 13, 14, 16, 18, 19] [Score ADN: 5.9]
2026-01-18 05:40:01 | INFO     |   oraculo_neural_v3 (Pool: 72): [1, 2, 4, 7, 8, 9, 16, 17, 19, 20] [OK] [Confianza: 2.21x]
2026-01-18 05:40:27 | INFO     |   oraculo_neural_v4 (Pool: 100): [1, 2, 3, 6, 7, 8, 9, 11, 13, 15] [OK] [Confianza: 1.85x]
2026-01-18 05:40:27 | INFO     | Consenso Determinista validado (Score ADN: 12.3)
2026-01-18 05:40:27 | INFO     | TICKET FINAL: [1, 2, 3, 7, 8, 9, 16, 17, 19, 20] | 🔥 ALTA CONFIANZA (70.25%)
2026-01-18 05:40:27 | INFO     | Forzando sincronización del laboratorio...
2026-01-18 05:40:27 | INFO     | Dashboard sincronizado correctamente.
2026-01-18 05:40:27 | INFO     | ============================================================
2026-01-18 05:40:27 | INFO     | PROCESO DEL SOÑADOR TERMINADO
2026-01-18 05:40:27 | INFO     | Total predicciones generadas: 20
2026-01-18 05:40:27 | INFO     | Log guardado en: /home/runner/work/lotus-2026/lotus-2026/engine/models/../../logs/bot_dreamer_20260118_053743.log
2026-01-18 05:40:27 | INFO     | ============================================================
