2026-01-17 12:50:55 | INFO     | === LOG INICIADO: /home/runner/work/lotus-2026/lotus-2026/engine/models/../../logs/bot_dreamer_20260117_125055.log ===
2026-01-17 12:50:57 | DEBUG    | OraculoNeural importado correctamente
2026-01-17 12:50:57 | DEBUG    | LotoForense importado correctamente
2026-01-17 12:50:57 | DEBUG    | MetaLearner importado correctamente
2026-01-17 12:50:57 | INFO     | ============================================================
2026-01-17 12:50:57 | INFO     | INICIANDO BOT SOÑADOR: LÓBULOS ESPECIALIZADOS v12.4
2026-01-17 12:50:57 | INFO     | ============================================================
2026-01-17 12:50:57 | DEBUG    | MetaLearner activo: True
2026-01-17 12:50:57 | INFO     | Hora Chile: 2026-01-17 09:50:57 | Día: 5 | Hora: 9
2026-01-17 12:50:57 | INFO     | Cortex cargado: Rankings y Morfología segmentados por juego.
2026-01-17 12:50:57 | DEBUG    | Juegos en genoma: ['LOTO', 'LOTO3', 'LOTO4', 'RACHA']
2026-01-17 12:50:57 | INFO     | ----------------------------------------
2026-01-17 12:50:57 | INFO     | UNIVERSO: LOTO
2026-01-17 12:50:57 | DEBUG    | Pesos de confianza: {'consenso_meritocratico_v2': 0.6931471805599453, 'consenso_v1': 0.7929925155296614, 'delta_tactico_v1': 0.6931471805599453, 'forense_biometrico_v1': 0.6931471805599453, 'gaussiano_tactico_v1': 0.6931471805599453, 'markov_chain_v1': 0.6931471805599453, 'oraculo_neural_v3': 0.6931471805599453, 'oraculo_neural_v4': 0.6931471805599453}
2026-01-17 12:50:57 | INFO     | Objetivo Crononauta: #5375 | Fecha: 18/01/2026 21:00
2026-01-17 12:50:57 | INFO     |   forense_biometrico: [3, 14, 22, 36, 37, 41] [Score ADN: 5.95]
2026-01-17 12:50:57 | INFO     |   gaussiano_inteligente: [3, 7, 12, 24, 31, 32] [Score ADN: 5.95]
2026-01-17 12:50:57 | INFO     |   delta_dna: [3, 15, 16, 18, 23, 26] [Score ADN: 6.35]
2026-01-17 12:50:57 | INFO     |   markov_chain: [8, 21, 27, 29, 37, 39] [Score ADN: 14.05]
2026-01-17 12:52:25 | INFO     |   oraculo_neural_v3 (Pool: 88): [5, 6, 19, 22, 24, 31] [OK] [Confianza: 1.83x]
2026-01-17 12:52:41 | INFO     |   oraculo_neural_v4 (Pool: 100): [1, 13, 15, 29, 33, 35] [OK] [Confianza: 2.11x]
2026-01-17 12:52:41 | INFO     | Consenso Determinista validado (Score ADN: 8.65)
2026-01-17 12:52:41 | INFO     | TICKET FINAL: [6, 13, 24, 29, 31, 33] | 🔥 ALTA CONFIANZA (32.13%)
2026-01-17 12:52:41 | INFO     | ----------------------------------------
2026-01-17 12:52:41 | INFO     | UNIVERSO: LOTO3
2026-01-17 12:52:41 | DEBUG    | Pesos de confianza: {'consenso_meritocratico_v2': 3.150596984114906, 'forense_biometrico_v1': 2.990719731730447, 'oraculo_neural_v3': 2.9349201341572337, 'oraculo_neural_v4': 3.2280337626529665}
2026-01-17 12:52:41 | INFO     | Objetivo Crononauta: #23998 | Fecha: 17/01/2026 14:00
2026-01-17 12:52:41 | INFO     |   forense_biometrico: [1, 6, 7] [Score ADN: 5.0]
2026-01-17 12:52:49 | WARNING  | v3 SILENCIADO. Motivos: {'OK': 100}
2026-01-17 12:52:58 | INFO     |   oraculo_neural_v4 (Pool: 100): [0, 7, 9] [OK] [Confianza: 1.84x]
2026-01-17 12:52:58 | INFO     | Consenso Determinista validado (Score ADN: 6.1)
2026-01-17 12:52:58 | INFO     | TICKET FINAL: [0, 7, 9] | 🔥 ALTA CONFIANZA (78.0%)
2026-01-17 12:52:58 | INFO     | ----------------------------------------
2026-01-17 12:52:58 | INFO     | UNIVERSO: LOTO4
2026-01-17 12:52:58 | DEBUG    | Pesos de confianza: {'consenso_meritocratico_v2': 0.6931471805599453, 'forense_biometrico_v1': 0.6931471805599453, 'oraculo_neural_v3': 0.8919980393051105, 'oraculo_neural_v4': 0.6931471805599453}
2026-01-17 12:52:58 | INFO     | Objetivo Crononauta: #11568 | Fecha: 17/01/2026 14:00
2026-01-17 12:52:58 | INFO     |   forense_biometrico: [4, 5, 19, 22] [Score ADN: 4.55]
2026-01-17 12:53:53 | INFO     |   oraculo_neural_v3 (Pool: 87): [1, 13, 16, 17] [OK] [Confianza: 2.22x]
2026-01-17 12:54:03 | INFO     |   oraculo_neural_v4 (Pool: 100): [1, 5, 9, 16] [OK] [Confianza: 2.38x]
2026-01-17 12:54:03 | INFO     | Consenso Determinista validado (Score ADN: 3.25)
2026-01-17 12:54:03 | INFO     | TICKET FINAL: [1, 13, 16, 17] | 🔥 ALTA CONFIANZA (62.15%)
2026-01-17 12:54:03 | INFO     | ----------------------------------------
2026-01-17 12:54:03 | INFO     | UNIVERSO: RACHA
2026-01-17 12:54:03 | DEBUG    | Pesos de confianza: {'consenso_meritocratico_v2': 2.900871992530031, 'forense_biometrico_v1': 2.8148097376737438, 'oraculo_neural_v3': 2.853015971352396, 'oraculo_neural_v4': 2.7806808921371178}
2026-01-17 12:54:03 | INFO     | Objetivo Crononauta: #10301 | Fecha: 17/01/2026 15:00
2026-01-17 12:54:03 | INFO     |   forense_biometrico: [1, 2, 4, 8, 9, 10, 13, 17, 18, 19] [Score ADN: 4.9]
2026-01-17 12:54:49 | INFO     |   oraculo_neural_v3 (Pool: 88): [2, 5, 6, 7, 9, 10, 15, 16, 18, 19] [OK] [Confianza: 2.21x]
2026-01-17 12:55:34 | INFO     |   oraculo_neural_v4 (Pool: 100): [1, 2, 3, 4, 8, 13, 15, 17, 18, 19] [OK] [Confianza: 2.13x]
2026-01-17 12:55:34 | DEBUG    | Consenso Top-N rechazado por morfología. Iniciando Muestreo Estocástico...
2026-01-17 12:55:34 | INFO     | Muestreo exitoso tras 0 intentos (Score ADN: 4.9)
2026-01-17 12:55:34 | INFO     | TICKET FINAL: [1, 2, 4, 5, 6, 13, 15, 16, 18, 19] | 🔥 ALTA CONFIANZA (67.57%)
2026-01-17 12:55:34 | INFO     | Forzando sincronización del laboratorio...
2026-01-17 12:55:34 | INFO     | Dashboard sincronizado correctamente.
2026-01-17 12:55:34 | INFO     | ============================================================
2026-01-17 12:55:34 | INFO     | PROCESO DEL SOÑADOR TERMINADO
2026-01-17 12:55:34 | INFO     | Total predicciones generadas: 18
2026-01-17 12:55:34 | INFO     | Log guardado en: /home/runner/work/lotus-2026/lotus-2026/engine/models/../../logs/bot_dreamer_20260117_125055.log
2026-01-17 12:55:34 | INFO     | ============================================================
