2026-01-18 19:41:09 | INFO     | === LOG INICIADO: /home/runner/work/lotus-2026/lotus-2026/engine/models/../../logs/bot_dreamer_20260118_194109.log ===
2026-01-18 19:41:10 | DEBUG    | OraculoNeural importado correctamente
2026-01-18 19:41:10 | DEBUG    | LotoForense importado correctamente
2026-01-18 19:41:10 | DEBUG    | MetaLearner importado correctamente
2026-01-18 19:41:10 | DEBUG    | Loto3Ultra importado correctamente
2026-01-18 19:41:10 | INFO     | ============================================================
2026-01-18 19:41:10 | INFO     | INICIANDO BOT SOÑADOR: LÓBULOS ESPECIALIZADOS v12.4
2026-01-18 19:41:10 | INFO     | ============================================================
2026-01-18 19:41:10 | DEBUG    | MetaLearner activo: True
2026-01-18 19:41:10 | INFO     | Hora Chile: 2026-01-18 16:41:10 | Día: 6 | Hora: 16
2026-01-18 19:41:10 | INFO     | Cortex cargado: Rankings y Morfología segmentados por juego.
2026-01-18 19:41:10 | DEBUG    | Juegos en genoma: ['LOTO', 'LOTO3', 'LOTO4', 'RACHA']
2026-01-18 19:41:10 | INFO     | ----------------------------------------
2026-01-18 19:41:10 | INFO     | UNIVERSO: LOTO
2026-01-18 19:41:10 | DEBUG    | Pesos de confianza: {'consenso_meritocratico_v2': 0.6931471805599453, 'consenso_v1': 0.7929925155296614, 'delta_tactico_v1': 0.6931471805599453, 'forense_biometrico_v1': 0.6931471805599453, 'gaussiano_tactico_v1': 0.6931471805599453, 'markov_chain_v1': 0.6931471805599453, 'oraculo_neural_v3': 0.6931471805599453, 'oraculo_neural_v4': 0.6931471805599453}
2026-01-18 19:41:10 | INFO     | Objetivo Crononauta: #5375 | Fecha: 18/01/2026 21:00
2026-01-18 19:41:10 | INFO     |   forense_biometrico: [11, 12, 19, 22, 34, 37] [Score ADN: 5.95]
2026-01-18 19:41:10 | INFO     |   gaussiano_inteligente: [4, 5, 17, 23, 32, 38] [Score ADN: 5.95]
2026-01-18 19:41:10 | INFO     |   delta_dna: [15, 17, 28, 29, 31, 34] [Score ADN: 6.95]
2026-01-18 19:41:10 | INFO     |   markov_chain: [12, 14, 18, 22, 28, 32] [Score ADN: 33.05]
2026-01-18 19:42:36 | INFO     |   oraculo_neural_v3 (Pool: 87): [2, 8, 11, 29, 30, 35] [OK] [Confianza: 1.83x]
2026-01-18 19:42:51 | INFO     |   oraculo_neural_v4 (Pool: 100): [1, 13, 15, 29, 33, 35] [OK] [Confianza: 2.11x]
2026-01-18 19:42:51 | INFO     | Consenso Determinista validado (Score ADN: 12.35)
2026-01-18 19:42:51 | INFO     | TICKET FINAL: [13, 14, 29, 30, 33, 35] | 🔥 ALTA CONFIANZA (34.51%)
2026-01-18 19:42:51 | INFO     | ----------------------------------------
2026-01-18 19:42:51 | INFO     | UNIVERSO: LOTO3
2026-01-18 19:42:51 | INFO     | Activando LOTO3 ULTRA (Ensemble Avanzado)...
2026-01-18 19:42:52 | INFO     | LOTO3 ULTRA: 10 predicciones generadas
2026-01-18 19:42:52 | INFO     | ----------------------------------------
2026-01-18 19:42:52 | INFO     | UNIVERSO: LOTO4
2026-01-18 19:42:52 | DEBUG    | Pesos de confianza: {'consenso_meritocratico_v2': 0.6931471805599453, 'forense_biometrico_v1': 0.6931471805599453, 'oraculo_neural_v3': 0.8919980393051105, 'oraculo_neural_v4': 0.7929925155296614}
2026-01-18 19:42:52 | INFO     | Objetivo Crononauta: #11571 | Fecha: 18/01/2026 21:00
2026-01-18 19:42:52 | INFO     |   forense_biometrico: [9, 12, 13, 19] [Score ADN: 3.25]
2026-01-18 19:43:46 | INFO     |   oraculo_neural_v3 (Pool: 85): [4, 5, 9, 23] [OK] [Confianza: 2.22x]
2026-01-18 19:43:56 | INFO     |   oraculo_neural_v4 (Pool: 100): [4, 6, 17, 18] [OK] [Confianza: 2.38x]
2026-01-18 19:43:56 | INFO     | Consenso Determinista validado (Score ADN: 3.25)
2026-01-18 19:43:56 | INFO     | TICKET FINAL: [4, 5, 9, 23] | 🔥 ALTA CONFIANZA (58.77%)
2026-01-18 19:43:56 | INFO     | ----------------------------------------
2026-01-18 19:43:56 | INFO     | UNIVERSO: RACHA
2026-01-18 19:43:56 | DEBUG    | Pesos de confianza: {'consenso_meritocratico_v2': 2.900871992530031, 'forense_biometrico_v1': 2.8148097376737438, 'oraculo_neural_v3': 2.853015971352396, 'oraculo_neural_v4': 2.7806808921371178}
2026-01-18 19:43:56 | INFO     | Objetivo Crononauta: #10304 | Fecha: 18/01/2026 22:00
2026-01-18 19:43:56 | INFO     |   forense_biometrico: [2, 3, 7, 9, 12, 14, 15, 16, 17, 18] [Score ADN: 4.9]
2026-01-18 19:44:40 | INFO     |   oraculo_neural_v3 (Pool: 76): [2, 4, 5, 9, 13, 14, 15, 16, 18, 19] [OK] [Confianza: 2.23x]
2026-01-18 19:45:23 | INFO     |   oraculo_neural_v4 (Pool: 100): [1, 2, 3, 6, 7, 8, 9, 11, 13, 15] [OK] [Confianza: 1.85x]
2026-01-18 19:45:23 | INFO     | Consenso Determinista validado (Score ADN: 9.1)
2026-01-18 19:45:23 | INFO     | TICKET FINAL: [1, 2, 4, 5, 8, 9, 13, 15, 18, 19] | 🔥 ALTA CONFIANZA (68.77%)
2026-01-18 19:45:23 | INFO     | Forzando sincronización del laboratorio...
2026-01-18 19:45:23 | INFO     | Dashboard sincronizado correctamente.
2026-01-18 19:45:23 | INFO     | ============================================================
2026-01-18 19:45:23 | INFO     | PROCESO DEL SOÑADOR TERMINADO
2026-01-18 19:45:23 | INFO     | Total predicciones generadas: 20
2026-01-18 19:45:23 | INFO     | Log guardado en: /home/runner/work/lotus-2026/lotus-2026/engine/models/../../logs/bot_dreamer_20260118_194109.log
2026-01-18 19:45:23 | INFO     | ============================================================
