2026-01-20 14:50:31 | INFO     | === LOG INICIADO: /home/runner/work/lotus-2026/lotus-2026/engine/models/../../logs/bot_dreamer_20260120_145031.log ===
2026-01-20 14:50:32 | DEBUG    | OraculoNeural importado correctamente
2026-01-20 14:50:32 | DEBUG    | LotoForense importado correctamente
2026-01-20 14:50:32 | DEBUG    | MetaLearner importado correctamente
2026-01-20 14:50:32 | DEBUG    | Loto3Ultra importado correctamente
2026-01-20 14:50:32 | INFO     | ============================================================
2026-01-20 14:50:32 | INFO     | INICIANDO BOT SOÑADOR: LÓBULOS ESPECIALIZADOS v12.4
2026-01-20 14:50:32 | INFO     | ============================================================
2026-01-20 14:50:32 | DEBUG    | MetaLearner activo: True
2026-01-20 14:50:32 | INFO     | Hora Chile: 2026-01-20 11:50:32 | Día: 1 | Hora: 11
2026-01-20 14:50:32 | INFO     | Cortex cargado: Rankings y Morfología segmentados por juego.
2026-01-20 14:50:32 | DEBUG    | Juegos en genoma: ['LOTO', 'LOTO3', 'LOTO4', 'RACHA']
2026-01-20 14:50:32 | INFO     | ----------------------------------------
2026-01-20 14:50:32 | INFO     | UNIVERSO: LOTO
2026-01-20 14:50:32 | DEBUG    | Pesos de confianza: {'consenso_meritocratico_v2': 0.6931471805599453, 'consenso_v1': 0.7929925155296614, 'delta_tactico_v1': 0.6931471805599453, 'forense_biometrico_v1': 0.6931471805599453, 'gaussiano_tactico_v1': 0.6931471805599453, 'markov_chain_v1': 0.6931471805599453, 'oraculo_neural_v3': 0.8064758658669485, 'oraculo_neural_v4': 0.6931471805599453}
2026-01-20 14:50:32 | INFO     | Objetivo Crononauta: #5376 | Fecha: 20/01/2026 21:00
2026-01-20 14:50:32 | INFO     |   forense_biometrico: [5, 14, 19, 38, 40, 41] [Score ADN: 5.95]
2026-01-20 14:50:32 | INFO     |   gaussiano_inteligente: [7, 12, 18, 28, 29, 31] [Score ADN: 5.95]
2026-01-20 14:50:32 | INFO     |   delta_dna: [7, 19, 29, 30, 32, 38] [Score ADN: 5.95]
2026-01-20 14:50:32 | INFO     |   markov_chain: [7, 18, 21, 29, 31, 37] [Score ADN: 18.65]
2026-01-20 14:51:25 | INFO     |   oraculo_neural_v3 (Pool: 84): [4, 11, 18, 23, 24, 37] [OK] [Confianza: 1.83x]
2026-01-20 14:51:27 | WARNING  | v4 SILENCIADO. Motivos: {}
2026-01-20 14:51:27 | INFO     | Consenso Determinista validado (Score ADN: 13.65)
2026-01-20 14:51:27 | INFO     | TICKET FINAL: [4, 11, 18, 29, 31, 37] | 🔥 ALTA CONFIANZA (40.37%)
2026-01-20 14:51:27 | INFO     | ----------------------------------------
2026-01-20 14:51:27 | INFO     | UNIVERSO: LOTO3
2026-01-20 14:51:27 | INFO     | Activando LOTO3 ULTRA (Ensemble Avanzado)...
2026-01-20 14:51:27 | INFO     | LOTO3 ULTRA: 10 predicciones generadas
2026-01-20 14:51:27 | INFO     | ----------------------------------------
2026-01-20 14:51:27 | INFO     | UNIVERSO: LOTO4
2026-01-20 14:51:27 | DEBUG    | Pesos de confianza: {'consenso_meritocratico_v2': 0.6931471805599453, 'forense_biometrico_v1': 0.6931471805599453, 'oraculo_neural_v3': 0.8919980393051105, 'oraculo_neural_v4': 0.7929925155296614}
2026-01-20 14:51:27 | INFO     | Objetivo Crononauta: #11574 | Fecha: 20/01/2026 14:00
2026-01-20 14:51:27 | INFO     |   forense_biometrico: [3, 8, 9, 23] [Score ADN: 3.25]
2026-01-20 14:51:29 | WARNING  | v3 SILENCIADO. Motivos: {}
2026-01-20 14:51:30 | WARNING  | v4 SILENCIADO. Motivos: {}
2026-01-20 14:51:30 | INFO     | Consenso Determinista validado (Score ADN: 15.85)
2026-01-20 14:51:30 | INFO     | TICKET FINAL: [4, 6, 7, 14] | 🔥 ALTA CONFIANZA (45.0%)
2026-01-20 14:51:30 | INFO     | ----------------------------------------
2026-01-20 14:51:30 | INFO     | UNIVERSO: RACHA
2026-01-20 14:51:30 | DEBUG    | Pesos de confianza: {'consenso_meritocratico_v2': 2.900871992530031, 'forense_biometrico_v1': 2.8148097376737438, 'oraculo_neural_v3': 2.853015971352396, 'oraculo_neural_v4': 2.7806808921371178}
2026-01-20 14:51:30 | INFO     | Objetivo Crononauta: #10307 | Fecha: 20/01/2026 15:00
2026-01-20 14:51:30 | INFO     |   forense_biometrico: [1, 3, 4, 6, 10, 11, 17, 18, 19, 20] [Score ADN: 4.9]
2026-01-20 14:51:32 | WARNING  | v3 SILENCIADO. Motivos: {}
2026-01-20 14:51:35 | WARNING  | v4 SILENCIADO. Motivos: {}
2026-01-20 14:51:35 | INFO     | Consenso Determinista validado (Score ADN: 10.9)
2026-01-20 14:51:35 | INFO     | TICKET FINAL: [1, 2, 3, 6, 10, 11, 12, 13, 19, 20] | 🔥 ALTA CONFIANZA (72.0%)
2026-01-20 14:51:35 | INFO     | Forzando sincronización del laboratorio...
2026-01-20 14:51:35 | INFO     | Dashboard sincronizado correctamente.
2026-01-20 14:51:35 | INFO     | ============================================================
2026-01-20 14:51:35 | INFO     | PROCESO DEL SOÑADOR TERMINADO
2026-01-20 14:51:35 | INFO     | Total predicciones generadas: 15
2026-01-20 14:51:35 | INFO     | Log guardado en: /home/runner/work/lotus-2026/lotus-2026/engine/models/../../logs/bot_dreamer_20260120_145031.log
2026-01-20 14:51:35 | INFO     | ============================================================
