2026-01-20 10:34:54 | INFO     | === LOG INICIADO: /home/runner/work/lotus-2026/lotus-2026/engine/models/../../logs/bot_dreamer_20260120_103454.log ===
2026-01-20 10:34:56 | DEBUG    | OraculoNeural importado correctamente
2026-01-20 10:34:56 | DEBUG    | LotoForense importado correctamente
2026-01-20 10:34:56 | DEBUG    | MetaLearner importado correctamente
2026-01-20 10:34:56 | DEBUG    | Loto3Ultra importado correctamente
2026-01-20 10:34:56 | INFO     | ============================================================
2026-01-20 10:34:56 | INFO     | INICIANDO BOT SOÑADOR: LÓBULOS ESPECIALIZADOS v12.4
2026-01-20 10:34:56 | INFO     | ============================================================
2026-01-20 10:34:56 | DEBUG    | MetaLearner activo: True
2026-01-20 10:34:56 | INFO     | Hora Chile: 2026-01-20 07:34:56 | Día: 1 | Hora: 7
2026-01-20 10:34:56 | INFO     | Cortex cargado: Rankings y Morfología segmentados por juego.
2026-01-20 10:34:56 | DEBUG    | Juegos en genoma: ['LOTO', 'LOTO3', 'LOTO4', 'RACHA']
2026-01-20 10:34:56 | INFO     | ----------------------------------------
2026-01-20 10:34:56 | INFO     | UNIVERSO: LOTO
2026-01-20 10:34:56 | DEBUG    | Pesos de confianza: {'consenso_meritocratico_v2': 0.6931471805599453, 'consenso_v1': 0.7929925155296614, 'delta_tactico_v1': 0.6931471805599453, 'forense_biometrico_v1': 0.6931471805599453, 'gaussiano_tactico_v1': 0.6931471805599453, 'markov_chain_v1': 0.6931471805599453, 'oraculo_neural_v3': 0.8064758658669485, 'oraculo_neural_v4': 0.6931471805599453}
2026-01-20 10:34:56 | INFO     | Objetivo Crononauta: #5376 | Fecha: 20/01/2026 21:00
2026-01-20 10:34:56 | INFO     |   forense_biometrico: [6, 7, 12, 18, 31, 41] [Score ADN: 5.95]
2026-01-20 10:34:56 | INFO     |   gaussiano_inteligente: [2, 9, 10, 23, 27, 40] [Score ADN: 6.35]
2026-01-20 10:34:56 | INFO     |   delta_dna: [12, 16, 17, 20, 29, 35] [Score ADN: 6.35]
2026-01-20 10:34:56 | INFO     |   markov_chain: [7, 18, 21, 29, 31, 37] [Score ADN: 18.65]
2026-01-20 10:35:49 | INFO     |   oraculo_neural_v3 (Pool: 87): [2, 11, 16, 27, 31, 32] [OK] [Confianza: 1.83x]
2026-01-20 10:35:51 | WARNING  | v4 SILENCIADO. Motivos: {}
2026-01-20 10:35:51 | INFO     | Consenso Determinista validado (Score ADN: 5.95)
2026-01-20 10:35:51 | INFO     | TICKET FINAL: [2, 11, 16, 21, 31, 32] | 🔥 ALTA CONFIANZA (36.53%)
2026-01-20 10:35:51 | INFO     | ----------------------------------------
2026-01-20 10:35:51 | INFO     | UNIVERSO: LOTO3
2026-01-20 10:35:51 | INFO     | Activando LOTO3 ULTRA (Ensemble Avanzado)...
2026-01-20 10:35:52 | INFO     | LOTO3 ULTRA: 10 predicciones generadas
2026-01-20 10:35:52 | INFO     | ----------------------------------------
2026-01-20 10:35:52 | INFO     | UNIVERSO: LOTO4
2026-01-20 10:35:52 | DEBUG    | Pesos de confianza: {'consenso_meritocratico_v2': 0.6931471805599453, 'forense_biometrico_v1': 0.6931471805599453, 'oraculo_neural_v3': 0.8919980393051105, 'oraculo_neural_v4': 0.7929925155296614}
2026-01-20 10:35:52 | INFO     | Objetivo Crononauta: #11574 | Fecha: 20/01/2026 14:00
2026-01-20 10:35:52 | INFO     |   forense_biometrico: [1, 11, 19, 20] [Score ADN: 3.25]
2026-01-20 10:35:53 | WARNING  | v3 SILENCIADO. Motivos: {}
2026-01-20 10:35:54 | WARNING  | v4 SILENCIADO. Motivos: {}
2026-01-20 10:35:54 | INFO     | Consenso Determinista validado (Score ADN: 17.15)
2026-01-20 10:35:54 | INFO     | TICKET FINAL: [1, 11, 13, 23] | 🔥 ALTA CONFIANZA (45.0%)
2026-01-20 10:35:54 | INFO     | ----------------------------------------
2026-01-20 10:35:54 | INFO     | UNIVERSO: RACHA
2026-01-20 10:35:54 | DEBUG    | Pesos de confianza: {'consenso_meritocratico_v2': 2.900871992530031, 'forense_biometrico_v1': 2.8148097376737438, 'oraculo_neural_v3': 2.853015971352396, 'oraculo_neural_v4': 2.7806808921371178}
2026-01-20 10:35:54 | INFO     | Objetivo Crononauta: #10307 | Fecha: 20/01/2026 15:00
2026-01-20 10:35:54 | INFO     |   forense_biometrico: [1, 3, 6, 11, 12, 13, 14, 16, 17, 18] [Score ADN: 4.9]
2026-01-20 10:35:56 | WARNING  | v3 SILENCIADO. Motivos: {}
2026-01-20 10:35:59 | WARNING  | v4 SILENCIADO. Motivos: {}
2026-01-20 10:35:59 | INFO     | Consenso Determinista validado (Score ADN: 14.9)
2026-01-20 10:35:59 | INFO     | TICKET FINAL: [3, 4, 5, 6, 10, 11, 12, 16, 18, 19] | 🔥 ALTA CONFIANZA (70.0%)
2026-01-20 10:35:59 | INFO     | Forzando sincronización del laboratorio...
2026-01-20 10:35:59 | INFO     | Dashboard sincronizado correctamente.
2026-01-20 10:35:59 | INFO     | ============================================================
2026-01-20 10:35:59 | INFO     | PROCESO DEL SOÑADOR TERMINADO
2026-01-20 10:35:59 | INFO     | Total predicciones generadas: 15
2026-01-20 10:35:59 | INFO     | Log guardado en: /home/runner/work/lotus-2026/lotus-2026/engine/models/../../logs/bot_dreamer_20260120_103454.log
2026-01-20 10:35:59 | INFO     | ============================================================
