2026-01-17 19:25:11 | INFO     | === LOG INICIADO: /home/runner/work/lotus-2026/lotus-2026/engine/models/../../logs/bot_dreamer_20260117_192511.log ===
2026-01-17 19:25:13 | DEBUG    | OraculoNeural importado correctamente
2026-01-17 19:25:13 | DEBUG    | LotoForense importado correctamente
2026-01-17 19:25:13 | DEBUG    | MetaLearner importado correctamente
2026-01-17 19:25:13 | DEBUG    | Loto3Ultra importado correctamente
2026-01-17 19:25:13 | INFO     | ============================================================
2026-01-17 19:25:13 | INFO     | INICIANDO BOT SOÑADOR: LÓBULOS ESPECIALIZADOS v12.4
2026-01-17 19:25:13 | INFO     | ============================================================
2026-01-17 19:25:13 | DEBUG    | MetaLearner activo: True
2026-01-17 19:25:13 | INFO     | Hora Chile: 2026-01-17 16:25:13 | Día: 5 | Hora: 16
2026-01-17 19:25:13 | INFO     | Cortex cargado: Rankings y Morfología segmentados por juego.
2026-01-17 19:25:13 | DEBUG    | Juegos en genoma: ['LOTO', 'LOTO3', 'LOTO4', 'RACHA']
2026-01-17 19:25:13 | INFO     | ----------------------------------------
2026-01-17 19:25:13 | INFO     | UNIVERSO: LOTO
2026-01-17 19:25:13 | DEBUG    | Pesos de confianza: {'consenso_meritocratico_v2': 0.6931471805599453, 'consenso_v1': 0.7929925155296614, 'delta_tactico_v1': 0.6931471805599453, 'forense_biometrico_v1': 0.6931471805599453, 'gaussiano_tactico_v1': 0.6931471805599453, 'markov_chain_v1': 0.6931471805599453, 'oraculo_neural_v3': 0.6931471805599453, 'oraculo_neural_v4': 0.6931471805599453}
2026-01-17 19:25:13 | INFO     | Objetivo Crononauta: #5375 | Fecha: 18/01/2026 21:00
2026-01-17 19:25:13 | INFO     |   forense_biometrico: [7, 8, 14, 20, 37, 41] [Score ADN: 5.95]
2026-01-17 19:25:13 | INFO     |   gaussiano_inteligente: [1, 2, 19, 28, 31, 40] [Score ADN: 5.95]
2026-01-17 19:25:13 | INFO     |   delta_dna: [2, 11, 18, 19, 28, 33] [Score ADN: 5.95]
2026-01-17 19:25:13 | INFO     |   markov_chain: [8, 21, 27, 29, 37, 39] [Score ADN: 14.05]
2026-01-17 19:26:41 | INFO     |   oraculo_neural_v3 (Pool: 84): [6, 11, 12, 17, 26, 31] [OK] [Confianza: 1.83x]
2026-01-17 19:26:57 | INFO     |   oraculo_neural_v4 (Pool: 100): [1, 13, 15, 29, 33, 35] [OK] [Confianza: 2.11x]
2026-01-17 19:26:57 | INFO     | Consenso Determinista validado (Score ADN: 14.05)
2026-01-17 19:26:57 | INFO     | TICKET FINAL: [6, 13, 15, 21, 29, 35] | 🔥 ALTA CONFIANZA (33.75%)
2026-01-17 19:26:57 | INFO     | ----------------------------------------
2026-01-17 19:26:57 | INFO     | UNIVERSO: LOTO3
2026-01-17 19:26:57 | INFO     | Activando LOTO3 ULTRA (Ensemble Avanzado)...
2026-01-17 19:26:58 | INFO     | LOTO3 ULTRA: 10 predicciones generadas
2026-01-17 19:26:58 | INFO     | ----------------------------------------
2026-01-17 19:26:58 | INFO     | UNIVERSO: LOTO4
2026-01-17 19:26:58 | DEBUG    | Pesos de confianza: {'consenso_meritocratico_v2': 0.6931471805599453, 'forense_biometrico_v1': 0.6931471805599453, 'oraculo_neural_v3': 0.8919980393051105, 'oraculo_neural_v4': 0.6931471805599453}
2026-01-17 19:26:58 | INFO     | Objetivo Crononauta: #11569 | Fecha: 17/01/2026 21:00
2026-01-17 19:26:58 | INFO     |   forense_biometrico: [7, 9, 19, 20] [Score ADN: 3.25]
2026-01-17 19:27:53 | INFO     |   oraculo_neural_v3 (Pool: 90): [3, 4, 11, 21] [OK] [Confianza: 2.22x]
2026-01-17 19:28:02 | INFO     |   oraculo_neural_v4 (Pool: 100): [6, 7, 15, 18] [OK] [Confianza: 2.22x]
2026-01-17 19:28:02 | INFO     | Consenso Determinista validado (Score ADN: 3.25)
2026-01-17 19:28:02 | INFO     | TICKET FINAL: [3, 4, 11, 21] | 🔥 ALTA CONFIANZA (46.34%)
2026-01-17 19:28:02 | INFO     | ----------------------------------------
2026-01-17 19:28:02 | INFO     | UNIVERSO: RACHA
2026-01-17 19:28:02 | DEBUG    | Pesos de confianza: {'consenso_meritocratico_v2': 2.900871992530031, 'forense_biometrico_v1': 2.8148097376737438, 'oraculo_neural_v3': 2.853015971352396, 'oraculo_neural_v4': 2.7806808921371178}
2026-01-17 19:28:02 | INFO     | Objetivo Crononauta: #10302 | Fecha: 17/01/2026 22:00
2026-01-17 19:28:02 | INFO     |   forense_biometrico: [3, 4, 5, 6, 8, 9, 12, 13, 17, 20] [Score ADN: 4.9]
2026-01-17 19:28:48 | INFO     |   oraculo_neural_v3 (Pool: 79): [2, 3, 5, 6, 9, 10, 15, 16, 19, 20] [OK] [Confianza: 2.23x]
2026-01-17 19:29:33 | INFO     |   oraculo_neural_v4 (Pool: 100): [1, 2, 3, 4, 8, 9, 10, 15, 18, 19] [OK] [Confianza: 2.14x]
2026-01-17 19:29:33 | INFO     | Consenso Determinista validado (Score ADN: 11.3)
2026-01-17 19:29:33 | INFO     | TICKET FINAL: [1, 2, 3, 4, 5, 9, 10, 15, 19, 20] | 🔥 ALTA CONFIANZA (75.18%)
2026-01-17 19:29:33 | INFO     | Forzando sincronización del laboratorio...
2026-01-17 19:29:33 | INFO     | Dashboard sincronizado correctamente.
2026-01-17 19:29:33 | INFO     | ============================================================
2026-01-17 19:29:33 | INFO     | PROCESO DEL SOÑADOR TERMINADO
2026-01-17 19:29:33 | INFO     | Total predicciones generadas: 20
2026-01-17 19:29:33 | INFO     | Log guardado en: /home/runner/work/lotus-2026/lotus-2026/engine/models/../../logs/bot_dreamer_20260117_192511.log
2026-01-17 19:29:33 | INFO     | ============================================================
